         w __deregister_frame_info
         w __register_frame_info
         w userAppExit
         w userAppInit
00000000 00000802 B __ctru_dev_utf16_buf
00000000 a shift
00000000 a shift
00000000 b _TLS_MODULE_BASE_
00000804 00000401 B __ctru_dev_path_buf
00100000 A __start__
00100000 T _start
00100008 T __service_ptr
0010000c T __apt_appid
00100010 T __heap_size
00100014 T __linear_heap_size
00100018 T __system_arglist
0010001c T __system_runflags
00100020 t startup
00100058 t ClearMem
0010006c t ClrLoop
00100094 T _init
001000ac 0000008c t reduce_rational
00100138 000000d4 t scale_rational
0010020c 00000054 T mad_timer_compare
00100260 00000030 T mad_timer_negate
00100290 0000003c T mad_timer_abs
001002cc 00000214 T mad_timer_set
001004e0 00000070 T mad_timer_add
00100550 00000090 T mad_timer_multiply
001005e0 0000039c T mad_timer_count
0010097c 00000070 T mad_timer_fraction
001009ec 00000708 T mad_timer_string
001010f4 00000058 T mad_stream_init
0010114c 00000024 T mad_stream_finish
00101170 0000002c T mad_stream_buffer
0010119c 00000010 T mad_stream_skip
001011ac 00000084 T mad_stream_sync
00101230 0000029c T mad_stream_errorstr
001014cc 00000274 t decode_header
00101740 00000044 T mad_header_init
00101784 00000024 T mad_frame_finish
001017a8 000004c0 T mad_header_decode
00101c68 000000d4 T mad_frame_decode
00101d3c 00000094 T mad_frame_mute
00101dd0 00000028 T mad_frame_init
00101df8 00000c48 t dct32
00102a40 000004c4 t synth_full
00102f04 000004ec t synth_half
001033f0 00000080 T mad_synth_mute
00103470 00000028 T mad_synth_init
00103498 000000ac T mad_synth_frame
00103544 00000058 t I_sample
0010359c 000000d4 t II_samples
00103670 000003c8 T mad_layer_I
00103a38 00000844 T mad_layer_II
0010427c 00000090 t III_requantize
0010430c 000000a0 t III_aliasreduce
001043ac 000001a4 t III_imdct_s
00104550 0000003c t III_overlap
0010458c 0000008c t III_freqinver
00104618 00001da8 t III_decode
001063c0 00000828 T mad_layer_III
00106be8 T _III_imdct_l
00106be8 T III_imdct_l
00106e1c t loop
00106eb0 t imdct36_long_karray
00107120 t imdct_l_windowing
00107134 t normal_block_x0_to_x17
00107288 t normal_block_x18_to_x35
001073c4 t stop_block_x0_to_x17
00107470 t start_block_x18_to_x35
0010754c 00000018 T mad_bit_init
00107564 00000028 T mad_bit_length
0010758c 00000014 T mad_bit_nextbyte
001075a0 0000004c T mad_bit_skip
001075ec 000000c0 T mad_bit_read
001076ac 0000018c T mad_bit_crc
00107838 T __aeabi_uidiv
00107838 000001ec T __udivsi3
00107838 t .udivsi3_skip_div0_test
00107a24 00000020 T __aeabi_uidivmod
00107a44 T __aeabi_idiv
00107a44 00000220 T __divsi3
00107a4c t .divsi3_skip_div0_test
00107c64 00000020 T __aeabi_idivmod
00107c84 00000004 W __aeabi_idiv0
00107c84 00000004 W __aeabi_ldiv0
00107c88 T __aeabi_ldivmod
00107d5c T __aeabi_uldivmod
00107da8 00000390 T strcmp
00108130 t __do_global_dtors_aux
00108170 t frame_dummy
0010819c 00000364 T main
00108500 00000058 t _Mix_remove_all_effects
00108558 000000ac t Mix_DoEffects
00108604 000000d4 T Mix_Init
001086d8 0000005c T Mix_Quit
00108734 00000318 T Mix_LoadWAV_RW
00108a4c 00000090 T Mix_FreeChunk
00108adc 00000098 T Mix_Volume
00108b74 00000470 t mix_channels
00108fe4 000000f4 T Mix_HaltChannel
001090d8 0000014c T Mix_AllocateChannels
00109224 000000ac T Mix_Playing
001092d0 000001e4 T Mix_PlayChannelTimed
001094b4 0000012c T Mix_CloseAudio
001095e0 00000258 T Mix_OpenAudio
00109838 00000088 t music_internal_volume
001098c0 000000a0 t music_internal_halt
00109960 00000070 t music_internal_position
001099d0 000000d4 t music_internal_playing
00109aa4 000001c8 t detect_music_type
00109c70 00000164 t music_internal_play
00109dd8 0000007c t music_halt_or_loop.isra.0
00109e54 000001f0 T music_mixer
0010a048 00000280 T open_music
0010a2c8 0000008c T MIX_string_equals
0010a354 00000234 T Mix_LoadMUSType_RW
0010a588 000001bc T Mix_LoadMUS
0010a744 000000dc T Mix_FreeMusic
0010a820 00000050 T Mix_VolumeMusic
0010a870 00000060 T close_music
0010a8d0 00000028 T WAVStream_Init
0010a8f8 00000010 T WAVStream_SetVolume
0010a908 00000650 T WAVStream_LoadSong_RW
0010af58 0000002c T WAVStream_Start
0010af84 000001b4 T WAVStream_PlaySome
0010b138 00000014 T WAVStream_Stop
0010b14c 00000040 T WAVStream_FreeSong
0010b18c 00000044 T WAVStream_Active
0010b1d0 00000134 T Mix_InitMOD
0010b304 0000001c T Mix_QuitMOD
0010b320 00000034 T LMM_Seek
0010b354 00000028 T LMM_Tell
0010b37c 0000001c T LMM_Read
0010b398 00000034 T LMM_Get
0010b3cc 00000034 T LMM_Eof
0010b400 000001f4 T MOD_init
0010b5f4 00000018 T MOD_exit
0010b60c 00000014 T MOD_setvolume
0010b620 000000e8 T MikMod_LoadSongRW
0010b708 000000a0 T MOD_new_RW
0010b7a8 00000010 T MOD_play
0010b7b8 00000010 T MOD_playing
0010b7c8 000001fc T MOD_playAudio
0010b9c4 00000010 T MOD_stop
0010b9d4 00000010 T MOD_delete
0010b9e4 0000001c T MOD_jump_to_time
0010ba00 000001cc t recompute_freq
0010bbd0 000004f4 t recompute_amp
0010c0c4 00000090 t finish_note
0010c154 000000f0 t note_off
0010c244 00000078 t adjust_volume
0010c2bc 000000e4 t do_compute_data.part.0
0010c3a0 00000090 t select_sample.isra.0
0010c430 0000085c t start_note
0010cc90 000005c4 t skip_to
0010d258 000003c8 t compute_data
0010d620 00000ca4 T Timidity_PlaySome
0010e2c8 00000114 T Timidity_SetVolume
0010e3dc 000000a0 T Timidity_LoadSong_RW
0010e480 0000009c T Timidity_Start
0010e51c 00000010 T Timidity_Active
0010e52c 00000014 T Timidity_Stop
0010e540 00000038 T Timidity_FreeSong
0010e578 00000050 T Timidity_Close
0010e5c8 0000009c t compute_sample_increment
0010e664 00000944 t groom_list
0010efa8 00001378 t read_track
00110320 000004ec T read_midi_file
0011080c 00000004 T init_tables
00110810 00000a0c t read_config_file
0011121c 000002d4 T Timidity_Init
001114f0 0000000c T Timidity_Error
001114fc 00000064 T Mix_InitOgg
00111560 0000001c T Mix_QuitOgg
0011157c 0000002c t sdl_read_func
001115a8 00000010 t sdl_seek_func
001115b8 00000008 t sdl_close_func_freesrc
001115c0 00000010 t sdl_close_func_nofreesrc
001115d0 00000010 t sdl_tell_func
001115e0 00000228 T Mix_LoadOGG_RW
00111808 0000002c t sdl_read_func
00111834 00000010 t sdl_seek_func
00111844 00000010 t sdl_tell_func
00111854 00000148 t OGG_getsome
0011199c 00000028 T OGG_init
001119c4 00000008 T OGG_setvolume
001119cc 00000124 T OGG_new_RW
00111af0 0000000c T OGG_play
00111afc 00000008 T OGG_playing
00111b04 0000009c T OGG_playAudio
00111ba0 0000000c T OGG_stop
00111bac 00000054 T OGG_delete
00111c00 00000030 T OGG_jump_to_time
00111c30 0000013c t read_next_frame
00111d6c 000000a0 T mad_openFileRW
00111e0c 0000003c T mad_closeFile
00111e48 00000014 T mad_start
00111e5c 00000014 T mad_stop
00111e70 00000014 T mad_isPlaying
00111e84 00000284 T mad_getSamples
00112108 000000f0 T mad_seek
001121f8 0000000c T mad_setVolume
00112204 00000028 T _Mix_InitEffects
0011222c 00000004 T _Mix_DeinitEffects
00112230 000004e8 T Mix_LoadAIFF_RW
00112718 00000524 t voc_get_block
00112c3c 00000320 T Mix_LoadVOC_RW
00112f5c 00000028 T close_file
00112f84 000000a0 T skip
00113024 0000007c T safe_malloc
001130a0 00000048 T add_to_pathlist
001130e8 000002cc T open_file
001133b4 00000050 T free_pathlist
00113404 00000100 t free_layer
00113504 000000c8 t free_old_bank
001135cc 00000068 t free_bank
00113638 00001310 t load_instrument.constprop.0
00114948 000004d8 t fill_bank
00114e20 00000080 T load_missing_instruments
00114ea0 0000005c T free_instruments
00114efc 0000007c T set_default_instrument
00114f78 000000f8 T recompute_envelope
00115070 000001f4 T apply_envelope_to_amp
00115268 0000015c t update_signal
001153c4 00000e20 T mix_voice
001161e4 00000038 T s32tos8
0011621c 00000040 T s32tou8
0011625c 00000048 T s32tos16
001162a4 0000004c T s32tou16
001162f0 0000004c T s32tos16x
0011633c 0000005c T s32tou16x
00116398 000001d4 t update_vibrato
0011656c 00000a88 T resample_voice
00116ff8 000002d4 T pre_resample
001172cc 00000018 t ctl_open
001172e4 00000014 t ctl_close
001172f8 00000008 t ctl_read
00117300 00000004 t ctl_refresh
00117304 00000004 t ctl_total_time
00117308 00000004 t ctl_file_name
0011730c 00000004 t ctl_program
00117310 0000005c t cmsg
0011736c 00000004 t ctl_sustain
00117370 00000004 t ctl_note
00117374 00000004 t ctl_pitch_bend
00117378 00000004 t ctl_volume
0011737c 00000004 t ctl_expression
00117380 00000004 t ctl_panning
00117384 00000004 t ctl_master_volume
00117388 00000004 t ctl_current_time
0011738c 00000004 t ctl_reset
00117390 00000068 T _Eff_PositionDeinit
001173f8 00000568 T antialiasing
00117960 00000008 t NS_IsThere
00117968 0000001c t NS_Update
00117984 00000024 t NS_Exit
001179a8 00000020 t NS_Init
001179c8 00000014 T MikMod_realloc
001179dc 00000058 T MikMod_malloc
00117a34 00000050 T MikMod_calloc
00117a84 0000000c T MikMod_free
00117a90 00000088 T MikMod_strdup
00117b18 0000001c T MikMod_strerror
00117b34 00000074 t Voice_SetPanning_internal.part.0
00117ba8 00000064 t Voice_Play_internal.part.0
00117c0c 00000054 T MD_SampleSpace
00117c60 00000054 T MD_SampleLength
00117cb4 000000e0 T MikMod_InfoDriver
00117d94 0000004c T _mm_registerdriver
00117de0 00000024 T MikMod_RegisterDriver
00117e04 00000074 T MD_SampleLoad
00117e78 00000014 T MD_SampleUnload
00117e8c 000000b0 T Voice_SetVolume_internal
00117f3c 00000070 T Voice_SetFrequency_internal
00117fac 00000020 T Voice_SetPanning_internal
00117fcc 00000020 T Voice_Play_internal
00117fec 0000005c T Voice_Stop_internal
00118048 0000003c T Voice_Stopped_internal
00118084 000000b4 T MikMod_Exit_internal
00118138 000001a4 t _mm_init
001182dc 00000004 T MikMod_Init
001182e0 0000053c t MikMod_SetNumVoices_internal.part.0
0011881c 00000004 T MikMod_Exit
00118820 00000014 T MikMod_SetNumVoices_internal
00118834 00000060 T MikMod_EnableOutput
00118894 00000038 T MikMod_DisableOutput_internal
001188cc 00000010 T MikMod_Active
001188dc 00000070 t ML_TryUnpack
0011894c 00000170 t ML_FreeEx
00118abc 0000040c t Player_LoadGeneric_internal
00118ec8 000000c4 T MikMod_InfoLoader
00118f8c 0000002c T _mm_registerloader
00118fb8 000000b0 T ReadComment
00119068 00000160 T ReadLinedComment
001191c8 00000048 T AllocPositions
00119210 000000dc T AllocPatterns
001192ec 0000004c T AllocTracks
00119338 00000098 T AllocInstruments
001193d0 00000084 T AllocSamples
00119454 00000104 T DupStr
00119558 0000001c T Player_Free
00119574 00000004 T Player_LoadGeneric
00119578 000000f8 T MikMod_RegisterAllLoaders
00119670 000000c0 t StartEnvelope
00119730 000000c0 t DoToneSlide
001197f0 000000b4 t DoS3MVolSlide
001198a4 00000060 t DoS3MSlideDn
00119904 00000060 t DoS3MSlideUp
00119964 00000028 t DoKeyOff
0011998c 000000f8 t DoITToneSlide
00119a84 00000214 t DoNNAEffects
00119c98 000000cc t Player_Init_internal
00119d64 000000ac t DoITEffectW
00119e10 0000004c t DoITEffectT
00119e5c 000000a0 t DoITEffectP
00119efc 00000098 t DoITEffectN
00119f94 00000038 t DoITEffectM
00119fcc 00000068 t DoITEffectI
0011a034 00000030 t DoITEffectG
0011a064 00000068 t DoXMEffectX2
0011a0cc 00000068 t DoXMEffectX1
0011a134 0000006c t DoXMEffectP
0011a1a0 000000a0 t DoXMEffectL
0011a240 0000006c t DoXMEffectH
0011a2ac 00000028 t DoXMEffectG
0011a2d4 00000054 t DoXMEffectEB
0011a328 00000054 t DoXMEffectEA
0011a37c 00000074 t DoXMEffectA
0011a3f0 0000003c t DoS3MEffectT
0011a42c 0000007c t DoS3MEffectI
0011a4a8 0000003c t DoS3MEffectF
0011a4e4 0000003c t DoS3MEffectE
0011a520 00000038 t DoS3MEffectD
0011a558 0000005c t DoS3MEffectA
0011a5b4 00000090 t DoPTEffectF
0011a644 000000f0 t DoPTEffectD
0011a734 00000040 t DoPTEffectC
0011a774 000000f8 t DoPTEffectB
0011a86c 00000030 t DoPTEffect8
0011a89c 00000058 t DoPTEffect3
0011a8f4 00000010 t DoNothing
0011a904 00000100 t DoS3MEffectR
0011aa04 0000001c t DoMEDSpeed
0011aa20 00000050 t DoULTEffect9
0011aa70 00000040 t DoXMEffectE2
0011aab0 00000040 t DoXMEffectE1
0011aaf0 00000054 t DoKeyFade
0011ab44 00000168 t DoS3MEffectQ
0011acac 00000068 t DoPTEffect9
0011ad14 0000005c t DoPTEffect2
0011ad70 0000005c t DoPTEffect1
0011adcc 000000e0 t DoITEffectY
0011aeac 000000dc t DoITEffectU
0011af88 000000d0 t DoITVibrato
0011b058 00000030 t DoITEffectH
0011b088 00000134 t DoVolEffects
0011b1bc 000000ac t DoVibrato.part.0
0011b268 0000009c t DoPTEffect6
0011b304 00000054 t DoPTEffect4
0011b358 000000e8 t DoS3MEffectU
0011b440 0000010c t DoPTEffect7
0011b54c 0000011c t GetPeriod
0011b668 00000114 t DoArpeggio
0011b77c 00000078 t DoOktArp
0011b7f4 0000006c t DoPTEffect0
0011b860 000002dc t DoEEffects
0011bb3c 00000040 t DoMEDEffectF3
0011bb7c 00000034 t DoMEDEffectF2
0011bbb0 00000034 t DoMEDEffectF1
0011bbe4 000001b4 t DoITEffectS0
0011bd98 00000048 t DoPTEffectE
0011bde0 000001c0 t ProcessEnvelope
0011bfa0 00000070 t DoPTEffectA
0011c010 00000090 t DoXMEffect6
0011c0a0 00000094 t DoPTEffect5
0011c134 00000018 T getlinearperiod
0011c14c 00000070 T getfrequency
0011c1bc 000015c4 T Player_HandleTick
0011d780 00000084 T Player_Init
0011d804 00000080 T Player_Exit_internal
0011d884 0000002c T Player_SetVolume
0011d8b0 00000080 T Player_Start
0011d930 00000060 T Player_Stop
0011d990 00000030 T Player_Active
0011d9c0 00000108 T Player_SetPosition
0011dac8 00000038 T UniSetRow
0011db00 0000003c T UniGetByte
0011db3c 0000007c T UniGetWord
0011dbb8 0000008c T UniSkipOpcode
0011dc44 00000044 T UniFindRow
0011dc88 00000044 T UniReset
0011dccc 00000074 T UniWriteByte
0011dd40 00000084 T UniWriteWord
0011ddc4 00000124 T UniNewline
0011dee8 00000098 T UniDup
0011df80 00000030 T UniInit
0011dfb0 00000020 T UniCleanup
0011dfd0 0000020c t DitherSamples.part.0
0011e1dc 0000006c T SL_Init
0011e248 00000044 T SL_Exit
0011e28c 000008d0 T SL_Load
0011eb5c 0000009c T SL_RegisterSample
0011ebf8 00000090 T SL_LoadSamples
0011ec88 00000024 T SL_Sample8to16
0011ecac 00000024 T SL_SampleSigned
0011ecd0 00000010 T VC_Init
0011ece0 00000010 T VC_Exit
0011ecf0 00000010 T VC_SetNumVoices
0011ed00 00000010 T VC_SampleSpace
0011ed10 00000010 T VC_SampleLength
0011ed20 00000010 T VC_PlayStart
0011ed30 00000010 T VC_PlayStop
0011ed40 00000010 T VC_SampleLoad
0011ed50 00000010 T VC_SampleUnload
0011ed60 00000010 T VC_WriteBytes
0011ed70 00000010 T VC_VoiceSetVolume
0011ed80 00000010 T VC_VoiceGetVolume
0011ed90 00000010 T VC_VoiceSetFrequency
0011eda0 00000010 T VC_VoiceGetFrequency
0011edb0 00000010 T VC_VoiceSetPanning
0011edc0 00000010 T VC_VoiceGetPanning
0011edd0 00000024 T VC_VoicePlay
0011edf4 00000010 T VC_VoiceStop
0011ee04 00000010 T VC_VoiceStopped
0011ee14 00000010 T VC_VoiceGetPosition
0011ee24 00000010 T VC_VoiceRealVolume
0011ee34 00000330 T VC_SetupPointers
0011f164 00000058 t S69_LoadTitle
0011f1bc 00000034 t S69_Cleanup
0011f1f0 0000017c t S69_Test
0011f36c 000007bc t S69_Load
0011fb28 00000048 t S69_Init
0011fb70 00000058 t AMF_LoadTitle
0011fbc8 00000034 t AMF_Cleanup
0011fbfc 00000ebc t AMF_Load
00120ab8 0000007c t AMF_Test
00120b34 00000048 t AMF_Init
00120b7c 0000000c t ASY_LoadTitle
00120b88 00000034 t ASY_Cleanup
00120bbc 00000078 t ASY_Test
00120c34 00000028 t ASY_Init
00120c5c 00000690 t ASY_Load
001212ec 00000058 t DSM_LoadTitle
00121344 00000034 t DSM_Cleanup
00121378 00000060 t DSM_Test
001213d8 000000f4 t GetBlockHeader
001214cc 00000048 t DSM_Init
00121514 00000778 t DSM_Load
00121c8c 00000058 t FAR_LoadTitle
00121ce4 00000048 t FAR_Cleanup
00121d2c 00000878 t FAR_Load
001225a4 0000008c t FAR_Test
00122630 00000068 t FAR_Init
00122698 00000058 t GDM_LoadTitle
001226f0 00000034 t GDM_Cleanup
00122724 00000ca0 t GDM_Load
001233c4 000000b0 t GDM_Test
00123474 00000044 t GDM_Init
001234b8 00000058 t IMF_LoadTitle
00123510 00000038 t IMF_Cleanup
00123548 00000120 t IMF_Test
00123668 00000360 t IMF_ProcessCmd.part.0
001239c8 00001194 t IMF_Load
00124b5c 00000044 t IMF_Init
00124ba0 00000080 t LoadMidiString
00124c20 00000058 t IT_LoadTitle
00124c78 0000009c t IT_Cleanup
00124d14 000001dc t IT_LoadMidiConfiguration
00124ef0 00001ca4 t IT_Load
00126b94 00000048 t IT_Test
00126bdc 000000a0 t IT_Init
00126c7c 00000060 t M15_LoadTitle
00126cdc 00000034 t M15_Cleanup
00126d10 00000024 t M15_Init
00126d34 00000244 t LoadModuleHeader.part.0
00126f78 00000304 t M15_Test
0012727c 00000848 t M15_Load
00127ac4 000000c4 t MED_LoadTitle
00127b88 00000084 t MED_Cleanup
00127c0c 000001dc t EffectCvt
00127de8 000010b8 t MED_Load
00128ea0 0000005c t MED_Test
00128efc 00000068 t MED_Init
00128f64 00000060 t MOD_LoadTitle
00128fc4 00000034 t MOD_Cleanup
00128ff8 00000028 t MOD_Init
00129020 000002d8 t MOD_CheckType
001292f8 00000064 t MOD_Test
0012935c 00000288 t ConvertNote.isra.0
001295e4 0000089c t MOD_Load
00129e80 00000058 t MTM_LoadTitle
00129ed8 00000034 t MTM_Cleanup
00129f0c 000000c0 t MTM_Convert
00129fcc 00000584 t MTM_Load
0012a550 00000064 t MTM_Test
0012a5b4 00000048 t MTM_Init
0012a5fc 0000000c t OKT_LoadTitle
0012a608 0000006c t OKT_Test
0012a674 00000978 t OKT_Load
0012afec 00000058 t S3M_LoadTitle
0012b044 00000070 t S3M_Cleanup
0012b0b4 0000005c t S3M_Test
0012b110 00000c10 t S3M_Load
0012bd20 00000074 t S3M_Init
0012bd94 00000058 t STM_LoadTitle
0012bdec 00000034 t STM_Cleanup
0012be20 00000098 t STM_Test
0012beb8 00000838 t STM_Load
0012c6f0 0000004c t STM_Init
0012c73c 00000058 t STX_LoadTitle
0012c794 0000005c t STX_Cleanup
0012c7f0 00000b18 t STX_Load
0012d308 000000c8 t STX_Test
0012d3d0 00000074 t STX_Init
0012d444 00000008 t ULT_Init
0012d44c 00000004 t ULT_Cleanup
0012d450 00000058 t ULT_LoadTitle
0012d4a8 000000a4 t ULT_Test
0012d54c 000007c0 t ULT_Load
0012dd0c 00000094 t get_fci
0012dda0 00000038 t UMX_Init
0012ddd8 00000074 t UMX_Load
0012de4c 00000088 t UMX_LoadTitle
0012ded4 00000048 t UMX_Cleanup
0012df1c 000006d4 t UMX_Test
0012e5f0 00000008 t UNI_Init
0012e5f8 00000050 t readstring
0012e648 00000080 t UNI_LoadTitle
0012e6c8 0000002c t UNI_Cleanup
0012e6f4 000014dc t UNI_Load
0012fbd0 000000a8 t UNI_Test
0012fc78 00000068 t FixEnvelope
0012fce0 00000058 t XM_LoadTitle
0012fd38 00000020 t XM_Cleanup
0012fd58 000004f0 t XM_Convert
00130248 00000930 t LoadInstruments
00130b78 00000060 t XM_Test
00130bd8 00000024 t XM_Init
00130bfc 00000578 t LoadPatterns
00131174 0000067c t XM_Load
001317f0 00000028 t _mm_MemReader_Eof
00131818 00000078 t _mm_MemReader_Read
00131890 00000028 t _mm_MemReader_Get
001318b8 00000084 t _mm_MemReader_Seek
0013193c 00000014 t _mm_MemReader_Tell
00131950 00000020 T _mm_iobase_setcur
00131970 0000000c T _mm_iobase_revert
0013197c 00000004 T _mm_delete_mem_reader
00131980 0000006c T _mm_new_mem_reader
001319ec 00000018 T _mm_read_string
00131a04 00000034 T _mm_read_M_UWORD
00131a38 00000030 T _mm_read_I_UWORD
00131a68 0000006c T _mm_read_M_ULONG
00131ad4 0000005c T _mm_read_I_ULONG
00131b30 00000038 T _mm_read_M_SWORD
00131b68 00000030 T _mm_read_I_SWORD
00131b98 0000006c T _mm_read_M_SLONG
00131c04 0000005c T _mm_read_I_SLONG
00131c60 00000068 T _mm_read_M_SWORDS
00131cc8 00000068 T _mm_read_M_UWORDS
00131d30 00000060 T _mm_read_I_SWORDS
00131d90 00000060 T _mm_read_I_UWORDS
00131df0 000000a4 T _mm_read_M_ULONGS
00131e94 00000094 T _mm_read_I_ULONGS
00131f28 00000070 t MMCMP_GetBits.part.0
00131f98 00000874 T MMCMP_Unpack
0013280c 0000053c T PP20_Unpack
00132d48 00000068 t getb
00132db0 00000508 T S404_Unpack
001332b8 0000038c t copy_data
00133644 00000588 T XPK_Unpack
00133bcc 00000064 T _mm_strcasecmp
00133c30 00000044 T AllocLinear
00133c74 0000002c T FreeLinear
00133ca0 00000104 T speed_to_finetune
00133da4 00000108 T S3MIT_CreateOrders
00133eac 00000680 T S3MIT_ProcessCmd
0013452c 00000050 T UniEffect
0013457c 00000084 T UniPTEffect
00134600 00000034 T UniVolEffect
00134634 000003ac t MixReverb_Normal
001349e0 00000600 t MixReverb_Stereo
00134fe0 00000060 t MixLowPass_Stereo
00135040 0000003c t MixLowPass_Normal
0013507c 00000090 T VC1_SilenceBytes
0013510c 0000004c T VC1_Exit
00135158 0000001c T VC1_VoiceGetVolume
00135174 0000001c T VC1_VoiceGetPanning
00135190 0000001c T VC1_VoiceSetFrequency
001351ac 0000001c T VC1_VoiceGetFrequency
001351c8 00000044 T VC1_VoicePlay
0013520c 00000020 T VC1_VoiceStop
0013522c 00000024 T VC1_VoiceStopped
00135250 00000028 T VC1_VoiceGetPosition
00135278 00000038 T VC1_VoiceSetVolume
001352b0 00000038 T VC1_VoiceSetPanning
001352e8 00000038 T VC1_SampleUnload
00135320 00000200 T VC1_SampleLoad
00135520 00000008 T VC1_SampleSpace
00135528 00000024 T VC1_SampleLength
0013554c 000000b8 T VC1_VoiceRealVolume
00135608 00001984 T VC1_WriteSamples
00136f8c 00000080 T VC1_WriteBytes
0013700c 000000e4 T VC1_Init
001370f0 000003c0 T VC1_PlayStart
001374b0 00000158 T VC1_PlayStop
00137608 000000b0 T VC1_SetNumVoices
001376b8 000003ac t MixReverb_Normal
00137a64 00000600 t MixReverb_Stereo
00138064 00000060 t MixLowPass_Stereo
001380c4 0000003c t MixLowPass_Normal
00138100 000000cc t Mix32ToFP_Normal
001381cc 0000014c t Mix32ToFP_Stereo
00138318 000000ac t Mix32To16_Normal
001383c4 00000120 t Mix32To16_Stereo
001384e4 000000a4 t Mix32To8_Normal
00138588 00000118 t Mix32To8_Stereo
001386a0 00000090 T VC2_SilenceBytes
00138730 0000004c T VC2_Exit
0013877c 00000020 T VC2_VoiceGetVolume
0013879c 00000020 T VC2_VoiceGetPanning
001387bc 00000020 T VC2_VoiceSetFrequency
001387dc 00000020 T VC2_VoiceGetFrequency
001387fc 00000048 T VC2_VoicePlay
00138844 00000024 T VC2_VoiceStop
00138868 00000028 T VC2_VoiceStopped
00138890 0000002c T VC2_VoiceGetPosition
001388bc 0000003c T VC2_VoiceSetVolume
001388f8 0000003c T VC2_VoiceSetPanning
00138934 00000038 T VC2_SampleUnload
0013896c 00000200 T VC2_SampleLoad
00138b6c 00000008 T VC2_SampleSpace
00138b74 00000024 T VC2_SampleLength
00138b98 000000bc T VC2_VoiceRealVolume
00138c58 000012a4 T VC2_WriteSamples
00139efc 00000080 T VC2_WriteBytes
00139f7c 00000160 T VC2_Init
0013a0dc 000003d4 T VC2_PlayStart
0013a4b0 0000016c T VC2_PlayStop
0013a61c 000000c4 T VC2_SetNumVoices
0013a6e0 00000124 t _get_next_page
0013a804 00000104 t _initial_pcmoffset
0013a908 00000080 t _seek_helper
0013a988 00000098 t _make_decode_ready
0013aa20 00000208 t _get_prev_page_serial
0013ac28 00000354 t _fetch_headers
0013af7c 00000538 t _bisect_forward_serialno
0013b4b4 0000036c t _fetch_and_process_packet.constprop.10
0013b820 000000f4 T ov_clear
0013b914 00000214 t _ov_open1
0013bb28 0000004c T ov_pcm_total
0013bb74 00000058 t ov_pcm_total.part.3
0013bbcc 000000a0 T ov_time_total
0013bc6c 00000058 t ov_time_total.part.4
0013bcc4 0000049c T ov_raw_seek
0013c160 000001ac t _open_seekable2
0013c30c 000000a0 T ov_open_callbacks
0013c3ac 00000b08 T ov_pcm_seek_page
0013ceb4 00000390 T ov_pcm_seek
0013d244 0000014c T ov_time_seek
0013d390 00000058 T ov_info
0013d3e8 0000017c T ov_read
0013d564 00000024 T vorbis_block_init
0013d588 00000074 T _vorbis_block_alloc
0013d5fc 00000078 T _vorbis_block_ripcord
0013d674 00000034 T vorbis_block_clear
0013d6a8 00000078 T vorbis_synthesis_restart
0013d720 00000124 T vorbis_dsp_clear
0013d844 000002cc T vorbis_synthesis_init
0013db10 00000650 T vorbis_synthesis_blockin
0013e160 00000074 T vorbis_synthesis_pcmout
0013e1d4 00000030 T vorbis_synthesis_read
0013e204 000000b8 T _vorbis_window
0013e2bc 00000164 T _vorbis_apply_window
0013e420 000001c4 t _vorbis_synthesis1
0013e5e4 00000008 T vorbis_synthesis
0013e5ec 00000008 T vorbis_synthesis_trackonly
0013e5f4 00000088 T vorbis_packet_blocksize
0013e67c 00000018 T vorbis_comment_init
0013e694 0000008c T vorbis_comment_clear
0013e720 00000014 T vorbis_info_blocksize
0013e734 00000040 T vorbis_info_init
0013e774 000001a8 T vorbis_info_clear
0013e91c 000000b0 T vorbis_synthesis_idheader
0013e9cc 000006b0 T vorbis_synthesis_headerin
0013f07c 000003d0 T vorbis_staticbook_unpack
0013f44c 000001b0 T vorbis_book_decode
0013f5fc 00000550 T vorbis_book_decodevs_add
0013fb4c 00000448 T vorbis_book_decodev_add
0013ff94 00000460 T vorbis_book_decodev_set
001403f4 00000424 T vorbis_book_decodevv_add
00140818 0000005c t bitreverse
00140874 0000002c t sort32a
001408a0 00000024 T _ilog
001408c4 00000284 T _make_words
00140b48 000000ac T _book_maptype1_quantvals
00140bf4 00000728 t _book_unquantize.part.1
0014131c 00000034 T vorbis_staticbook_destroy
00141350 0000006c T vorbis_book_clear
001413bc 000004d0 T vorbis_book_init_decode
0014188c 00000018 t icomp
001418a4 00000240 t floor1_inverse2
00141ae4 00000324 t floor1_inverse1
00141e08 0000000c t floor1_free_look
00141e14 0000000c t floor1_free_info
00141e20 00000208 t floor1_look
00142028 0000031c t floor1_unpack
00142344 00000154 t floor0_inverse1
00142498 0000000c t floor0_free_info
001424a4 0000011c t floor0_unpack
001425c0 00000038 t floor0_free_look
001425f8 00000244 t floor0_look
0014283c 000003e0 T vorbis_lsp_to_curve
00142c1c 0000006c t floor0_inverse2
00142c88 0000000c T res0_free_info
00142c94 00000218 T res0_unpack
00142eac 000002a8 T res0_look
00143154 000002bc t _01inverse
00143410 00000068 T res0_inverse
00143478 00000068 T res1_inverse
001434e0 00000254 T res2_inverse
00143734 0000008c T res0_free_look
001437c0 000004a8 t mapping0_inverse
00143c68 0000000c t mapping0_free_info
00143c74 00000140 t mapping0_look
00143db4 00000260 t mapping0_unpack
00144014 00000090 t mapping0_free_look
001440a4 00001a00 T mdct_backward
00145aa4 00000100 t _os_update_crc
00145ba4 0000012c t _packetout
00145cd0 00000010 T ogg_page_continued
00145ce0 00000010 T ogg_page_bos
00145cf0 00000010 T ogg_page_eos
00145d00 00000044 T ogg_page_granulepos
00145d44 0000000c T ogg_page_serialno
00145d50 00000054 T ogg_stream_clear
00145da4 00000098 T ogg_stream_init
00145e3c 00000078 t _os_body_expand
00145eb4 0000008c t _os_lacing_expand
00145f40 00000078 T ogg_page_checksum_set
00145fb8 00000030 T ogg_sync_init
00145fe8 00000044 T ogg_sync_clear
0014602c 000000c8 T ogg_sync_buffer
001460f4 00000034 T ogg_sync_wrote
00146128 000001d8 T ogg_sync_pageseek
00146300 00000380 T ogg_stream_pagein
00146680 00000030 T ogg_sync_reset
001466b0 00000068 T ogg_stream_reset
00146718 00000068 T ogg_stream_reset_serialno
00146780 00000024 T ogg_stream_packetout
001467a4 00000024 T ogg_stream_packetpeek
001467c8 0000001c T oggpack_readinit
001467e4 000000c4 T oggpack_look
001468a8 00000064 T oggpack_adv
0014690c 000000fc T oggpack_read
00146a08 00000014 T oggpack_bytes
00146a1c 00000158 T SDL_InitSubSystem
00146b74 00000040 T SDL_Init
00146bb4 0000009c T SDL_QuitSubSystem
00146c50 00000018 T SDL_Quit
00146c68 000001d0 T SDL_SetError
00146e38 000001f8 T SDL_GetErrorMsg
00147030 00000010 T SDL_GetError
00147040 00000014 T SDL_ClearError
00147054 00000058 T SDL_Error
001470ac 00000020 t SDL_Parachute
001470cc 00000044 T SDL_InstallParachute
00147110 00000048 T SDL_UninstallParachute
00147158 00000030 t SDL_LockAudio_Default
00147188 00000030 t SDL_UnlockAudio_Default
001471b8 00000198 T SDL_RunAudio
00147350 000004b8 T SDL_OpenAudio
00147808 00000018 T SDL_PauseAudio
00147820 00000024 T SDL_LockAudio
00147844 00000024 T SDL_UnlockAudio
00147868 00000008 T SDL_CloseAudio
00147870 000000ac T SDL_AudioQuit
0014791c 000000e8 T SDL_AudioInit
00147a04 000000dc T SDL_FirstAudioFormat
00147ae0 00000054 T SDL_NextAudioFormat
00147b34 00000038 T SDL_CalculateAudioSpec
00147b6c 00000284 T SDL_ConvertMono
00147df0 000001f0 T SDL_ConvertStrip
00147fe0 000001f4 T SDL_ConvertStrip_2
001481d4 00000098 T SDL_ConvertStereo
0014826c 000003c0 T SDL_ConvertSurround
0014862c 0000034c T SDL_ConvertSurround_4
00148978 0000006c T SDL_Convert16LSB
001489e4 0000007c T SDL_Convert16MSB
00148a60 0000008c T SDL_Convert8
00148aec 000000a4 T SDL_ConvertSign
00148b90 00000064 T SDL_ConvertEndian
00148bf4 000000cc T SDL_RateMUL2
00148cc0 00000110 T SDL_RateMUL2_c2
00148dd0 00000178 T SDL_RateMUL2_c4
00148f48 000001e0 T SDL_RateMUL2_c6
00149128 000000e8 T SDL_RateDIV2
00149210 000000f4 T SDL_RateDIV2_c2
00149304 0000011c T SDL_RateDIV2_c4
00149420 00000158 T SDL_RateDIV2_c6
00149578 00000050 T SDL_ConvertAudio
001495c8 000005bc T SDL_BuildAudioCVT
00149b84 000001fc T SDL_MixAudio
00149d80 000000b4 t MS_ADPCM_nibble
00149e34 000000ec t IMA_ADPCM_nibble
00149f20 00000088 t ReadChunk
00149fa8 00000900 T SDL_LoadWAV_RW
0014a8a8 000000ec t SDL_GobbleEvents
0014a994 00000064 T SDL_Lock_EventThread
0014a9f8 00000044 T SDL_Unlock_EventThread
0014aa3c 0000007c T SDL_StopEventLoop
0014aab8 00000110 T SDL_StartEventLoop
0014abc8 0000021c T SDL_PeepEvents
0014ade4 00000068 T SDL_PumpEvents
0014ae4c 00000030 T SDL_PollEvent
0014ae7c 00000028 T SDL_PushEvent
0014aea8 00000ba4 T SDL_KeyboardInit
0014ba4c 00000004 T SDL_KeyboardQuit
0014ba50 000003e0 T SDL_PrivateKeyboard
0014be30 00000080 T SDL_ResetKeyboard
0014beb0 0000008c T SDL_CheckKeyRepeat
0014bf3c 00000078 t ClipOffset
0014bfb4 00000060 T SDL_MouseInit
0014c014 00000004 T SDL_MouseQuit
0014c018 00000038 T SDL_GetMouseState
0014c050 00000044 T SDL_GetRelativeMouseState
0014c094 0000001c T SDL_SetMouseRange
0014c0b0 000001c4 T SDL_PrivateMouseMotion
0014c274 00000208 T SDL_PrivateMouseButton
0014c47c 0000004c T SDL_ResetMouse
0014c4c8 00000070 t SDL_HandleSIG
0014c538 00000048 T SDL_QuitInit
0014c580 00000050 T SDL_QuitQuit
0014c5d0 0000004c t stdio_write
0014c61c 0000004c t stdio_read
0014c668 00000034 t stdio_seek
0014c69c 00000034 t stdio_close
0014c6d0 000000b0 T SDL_RWFromFile
0014c780 00000004 T SDL_FreeRW
0014c784 00000030 T SDL_ReadBE16
0014c7b4 00000028 T SDL_ReadLE32
0014c7dc 0000002c T SDL_ReadBE32
0014c808 000000c0 t SDL_DelThread.part.0
0014c8c8 0000009c T SDL_GetErrBuf
0014c964 0000003c T SDL_RunThread
0014c9a0 0000017c T SDL_CreateThread
0014cb1c 0000004c T SDL_WaitThread
0014cb68 00000004 t callback_wrapper
0014cb6c 0000008c t SDL_AddTimerInternal
0014cbf8 00000044 T SDL_SetTimerThreaded
0014cc3c 0000013c T SDL_ThreadedTimerCheck
0014cd78 00000150 T SDL_SetTimer
0014cec8 00000068 T SDL_TimerQuit
0014cf30 00000098 T SDL_TimerInit
0014cfc8 000000d0 T SDL_MouseRect
0014d098 00000704 T SDL_DrawCursorNoLock
0014d79c 000000c0 T SDL_DrawCursor
0014d85c 00000188 T SDL_EraseCursorNoLock
0014d9e4 000000c0 T SDL_EraseCursor
0014daa4 000001d0 T SDL_SetCursor
0014dc74 000000a0 T SDL_FreeCursor
0014dd14 00000098 T SDL_CursorQuit
0014ddac 000001d0 T SDL_CreateCursor
0014df7c 00000090 T SDL_CursorInit
0014e00c 000000c8 T SDL_ShowCursor
0014e0d4 000000b8 T SDL_MoveCursor
0014e18c 00000034 T SDL_ResetCursor
0014e1c0 0000005c t SDL_DitherColors.part.0
0014e21c 00000054 T SDL_FormatChanged
0014e270 00000040 T SDL_FreeFormat
0014e2b0 000004d8 T SDL_AllocFormat
0014e788 000000c8 T SDL_ReallocFormat
0014e850 0000000c T SDL_DitherColors
0014e85c 0000005c T SDL_CalculatePitch
0014e8b8 0000007c T SDL_FindColor
0014e934 000000a8 t Map1to1
0014e9dc 00000058 t MapNto1.isra.0
0014ea34 00000064 T SDL_MapRGB
0014ea98 0000005c T SDL_AllocBlitMap
0014eaf4 00000034 T SDL_InvalidateMap
0014eb28 0000031c T SDL_MapSurface
0014ee44 00000038 T SDL_FreeBlitMap
0014ee7c 000000a4 T SDL_SetClipRect
0014ef20 00000120 T SDL_LowerBlit
0014f040 00000094 T SDL_LockSurface
0014f0d4 00000064 T SDL_UnlockSurface
0014f138 00000454 T SDL_FillRect
0014f58c 00000148 T SDL_FreeSurface
0014f6d4 0000027c T SDL_CreateRGBSurface
0014f950 00000088 t SDL_WM_GrabInputRaw
0014f9d8 00000148 T SDL_VideoModeOK
0014fb20 0000029c T SDL_UpdateRects
0014fdbc 00000174 T SDL_Flip
0014ff30 00000118 T SDL_VideoQuit
00150048 00000208 T SDL_VideoInit
00150250 00000068 T SDL_WM_GrabInput
001502b8 00000804 T SDL_SetVideoMode
00150abc 000000c0 t SDL_JoystickClose.part.0
00150b7c 00000064 T SDL_JoystickInit
00150be0 000000a0 T SDL_JoystickQuit
00150c80 0000009c T SDL_PrivateJoystickAxis
00150d1c 0000008c T SDL_PrivateJoystickHat
00150da8 000000b0 T SDL_PrivateJoystickButton
00150e58 0000003c T SDL_JoystickUpdate
00150e94 00000018 T SDL_StartTicks
00150eac 00000068 T SDL_GetTicks
00150f14 00000010 T SDL_Delay
00150f24 00000008 T SDL_SYS_TimerInit
00150f2c 00000004 T SDL_SYS_TimerQuit
00150f30 00000018 T SDL_SYS_StartTimer
00150f48 00000004 T SDL_SYS_StopTimer
00150f4c 00000008 t N3DSAUD_Available
00150f54 0000000c t N3DSAUD_GetAudioBuf
00150f60 00000128 t N3DSAUD_CreateDevice
00151088 0000005c t N3DSAUD_DeleteDevice
001510e4 00000008 t N3DSAUD_UnlockAudio
001510ec 00000008 t N3DSAUD_LockAudio
001510f4 000000c4 t N3DSAUD_CloseAudio
001511b8 00000074 t audioFrameFinished
0015122c 000000a8 t N3DSAUD_PlayAudio
001512d4 00000068 t N3DSAUD_WaitAudio
0015133c 00000260 t N3DSAUD_OpenAudio
0015159c 0000005c t N3DSAUD_DspHook
001515f8 00000014 T SDL_SYS_JoystickInit
0015160c 00000498 T SDL_SYS_JoystickUpdate
00151aa4 00000004 T SDL_SYS_JoystickClose
00151aa8 00000004 T SDL_SYS_JoystickQuit
00151aac 00000028 T SDL_CreateMutex
00151ad4 0000000c T SDL_DestroyMutex
00151ae0 0000002c T SDL_mutexP
00151b0c 0000002c T SDL_mutexV
00151b38 00000034 T SDL_CreateSemaphore
00151b6c 0000000c T SDL_DestroySemaphore
00151b78 00000030 T SDL_SemWait
00151ba8 00000014 T SDL_SemPost
00151bbc 00000004 T ThreadEntry
00151bc0 000000a0 T SDL_SYS_CreateThread
00151c60 00000004 T SDL_SYS_SetupThread
00151c64 00000038 T SDL_ThreadID
00151c9c 00000010 T SDL_SYS_WaitThread
00151cac 00000008 t N3DS_Available
00151cb4 00000008 t N3DS_ListModes
00151cbc 00000008 t N3DS_AllocHWSurface
00151cc4 00000008 t N3DS_LockHWSurface
00151ccc 00000004 t N3DS_UnlockHWSurface
00151cd0 00000060 t N3DS_SetColors
00151d30 00000108 t N3DS_CreateDevice
00151e38 00000024 t N3DS_DeleteDevice
00151e5c 00000048 t N3DS_VideoInit
00151ea4 00000168 t N3DS_FlipHWSurface.part.0
00151ea4 00000168 t N3DS_UpdateRects.part.0
0015200c 00000024 t N3DS_FlipHWSurface
00152030 00000020 t N3DS_UpdateRects
00152050 00000004 t N3DS_FreeHWSurface
00152054 000000ec t N3DS_VideoQuit
00152140 000000ac T N3DS_SetScaling
001521ec 00000848 t N3DS_SetVideoMode
00152a34 0000003c T N3DS_ToggleFullScreen
00152a70 00000114 T drawTexture
00152b88 000002b8 t videoThread
00152e40 00000018 T SDL_AppActiveInit
00152e58 00000004 T SDL_AppActiveQuit
00152e5c 000000ec T SDL_PrivateResize
00152f48 0000002c T SDL_revcpy
00152f74 00000044 T SDL_memcmp
00152fb8 00000100 t copy_opaque_16
001530b8 0000011c t uncopy_opaque_16
001531d4 000000fc t copy_transl_565
001532d0 000000fc t copy_transl_555
001533cc 00000124 t uncopy_transl_16
001534f0 000000dc t copy_32
001535cc 00000110 t uncopy_32
001536dc 00000008 t getpix_8
001536e4 00000008 t getpix_16
001536ec 00000010 t getpix_24
001536fc 00000008 t getpix_32
00153704 00002438 T SDL_RLEBlit
00155b3c 00000a74 T SDL_RLEAlphaBlit
001565b0 00000250 T SDL_UnRLESurface
00156800 00000c80 T SDL_RLESurface
00157480 00000230 t SDL_SoftBlit
001576b0 000000a8 t SDL_BlitCopyOverlap
00157758 00000064 t SDL_BlitCopy
001577bc 00000340 T SDL_CalculateBlit
00157afc 00000104 t BlitBto1
00157c00 000000a8 t BlitBto2
00157ca8 000000b0 t BlitBto3
00157d58 000000b4 t BlitBto4
00157e0c 00000110 t BlitBto1Key
00157f1c 000000b8 t BlitBto2Key
00157fd4 000000bc t BlitBto4Key
00158090 00000258 t BlitBtoNAlpha
001582e8 0000026c t BlitBtoNAlphaKey
00158554 000000bc t BlitBto3Key
00158610 000000a4 T SDL_CalculateBlit0
001586b4 00000100 t Blit1to1
001587b4 00000128 t Blit1to2
001588dc 000001b4 t Blit1to3
00158a90 00000114 t Blit1to4
00158ba4 00000274 t Blit1to1Key
00158e18 00000188 t Blit1to2Key
00158fa0 0000021c t Blit1to3Key
001591bc 00000170 t Blit1to4Key
0015932c 000008bc t Blit1toNAlpha
00159be8 00000c00 t Blit1toNAlphaKey
0015a7e8 00000090 T SDL_CalculateBlit1
0015a878 000003a4 t Blit_RGB888_index8
0015ac1c 000001d0 t Blit_RGB888_RGB555
0015adec 000001d0 t Blit_RGB888_RGB565
0015afbc 000001ac t Blit_RGB565_32
0015b168 0000000c t Blit_RGB565_ARGB8888
0015b174 0000000c t Blit_RGB565_ABGR8888
0015b180 0000000c t Blit_RGB565_RGBA8888
0015b18c 0000000c t Blit_RGB565_BGRA8888
0015b198 00000208 t Blit_RGB888_index8_map
0015b3a0 00000ab8 t BlitNto1
0015be58 000001f4 t Blit4to4MaskAlpha
0015c04c 00000da8 t BlitNtoN
0015cdf4 00000218 t BlitNtoNCopyAlpha
0015d00c 00001034 t BlitNto1Key
0015e040 0000017c t Blit2to2Key
0015e1bc 00000c3c t BlitNtoNKey
0015edf8 00001100 t BlitNtoNKeyCopyAlpha
0015fef8 0000029c T SDL_CalculateBlitN
00160194 0000018c T N3DS_PumpEvents
00160320 00000004 T N3DS_InitOSKeymap
00160324 0000004c T SDL_HasMMX
00160370 000004c4 t BlitNto1SurfaceAlpha
00160834 0000051c t BlitNto1PixelAlpha
00160d50 00000c44 t BlitNto1SurfaceAlphaKey
00161994 000003a0 t BlitRGBtoRGBSurfaceAlpha
00161d34 00000260 t BlitRGBtoRGBPixelAlpha
00161f94 00000278 t Blit16to16SurfaceAlpha128
0016220c 000001b0 t Blit565to565SurfaceAlpha
001623bc 000001b0 t Blit555to555SurfaceAlpha
0016256c 000002b8 t BlitARGBto565PixelAlpha
00162824 000002a4 t BlitARGBto555PixelAlpha
00162ac8 00000c68 t BlitNtoNSurfaceAlpha
00163730 00000990 t BlitNtoNSurfaceAlphaKey
001640c0 00000bdc t BlitNtoNPixelAlpha
00164c9c 00000220 T SDL_CalculateAlphaBlit
00164ebc 00000028 T AttrInfo_Init
00164ee4 00000094 T AttrInfo_AddLoader
00164f78 00000020 T C3D_GetAttrInfo
00164f98 00000080 T C3Di_AttrInfoBind
00165018 00000004 W C3Di_LightEnvUpdate
0016501c 00000004 W C3Di_LightEnvDirty
00165020 00000004 W C3Di_ProcTexUpdate
00165024 00000004 W C3Di_ProcTexDirty
00165028 000000b4 t C3Di_AptEventHook
001650dc 00000004 W C3Di_GasUpdate
001650e0 000001d0 T C3D_Init
001652b0 00000098 T C3D_SetViewport
00165348 000004e8 T C3Di_UpdateContext
00165830 000000e0 T C3Di_SplitFrame
00165910 00000044 T C3D_Fini
00165954 00000194 T C3D_BindProgram
00165ae8 00000024 T BufInfo_Init
00165b0c 00000020 T C3D_GetBufInfo
00165b2c 00000048 T C3Di_BufInfoBind
00165b74 00000040 T C3D_DepthMap
00165bb4 0000001c T C3D_CullFace
00165bd0 00000040 T C3D_StencilTest
00165c10 00000024 T C3D_StencilOp
00165c34 0000001c T C3D_BlendingColor
00165c50 00000024 T C3D_EarlyDepthTest
00165c74 0000002c T C3D_DepthTest
00165ca0 0000002c T C3D_AlphaTest
00165ccc 00000050 T C3D_AlphaBlend
00165d1c 00000030 T C3D_FragOpMode
00165d4c 00000044 T C3D_FragOpShadow
00165d90 000001ac T C3Di_EffectBind
00165f3c 0000001c T C3D_CalcColorBufSize
00165f58 0000001c T C3D_CalcDepthBufSize
00165f74 00000044 T C3D_SetFrameBuf
00165fb8 0000016c T C3Di_FrameBufBind
00166124 000000c8 T C3D_FrameBufClear
001661ec 00000044 T C3D_FrameBufTransfer
00166230 000000b8 T C3D_ImmDrawBegin
001662e8 000000a8 T C3D_ImmSendAttrib
00166390 00000074 T C3D_ImmDrawEnd
00166404 0000004c t onVBlank0
00166450 0000004c t onVBlank1
0016649c 00000080 t C3Di_RenderTargetDestroy
0016651c 000000f4 t onQueueFinish
00166610 00000038 T C3Di_RenderQueueEnableVBlank
00166648 00000030 T C3Di_RenderQueueDisableVBlank
00166678 00000060 T C3Di_RenderQueueInit
001666d8 000000b4 T C3Di_RenderQueueExit
0016678c 00000034 T C3Di_RenderQueueWaitDone
001667c0 000000e8 T C3D_FrameBegin
001668a8 00000048 T C3D_FrameDrawOn
001668f0 000001d0 T C3D_FrameEnd
00166ac0 00000170 T C3D_RenderTargetCreate
00166c30 000000f0 T C3D_RenderTargetDelete
00166d20 000000a8 T C3D_RenderTargetSetOutput
00166dc8 000000f0 T C3D_SyncDisplayTransfer
00166eb8 00000034 T C3D_GetTexEnv
00166eec 00000024 T C3Di_TexEnvBind
00166f10 00000290 T C3D_TexInitWithParams
001671a0 00000044 T C3D_TexBind
001671e4 00000074 T C3D_TexDelete
00167258 0000014c T C3Di_SetTex
001673a4 00000290 T C3D_UpdateUniforms
00167634 000000c0 T C3Di_DirtyUniforms
001676f4 000000d8 T C3Di_LoadShaderUniforms
001677cc 00000028 T C3Di_ClearShaderUniforms
001677f4 000000cc T Mtx_OrthoTilt
001678c0 00000024 t addrMapNodeComparator(rbtree_node const*, rbtree_node const*)
001678e4 00000004 t addrMapNodeDestructor(rbtree_node*)
001678e8 00000120 T linearMemAlign
00167a08 00000008 T linearAlloc
00167a10 0000005c T linearFree
00167a6c 00000080 T MemPool::CoalesceRight(MemBlock*)
00167aec 0000016c T MemPool::Allocate(MemChunk&, unsigned long, int)
00167c58 000000fc T MemPool::Deallocate(MemChunk const&)
00167d54 00000030 T MemPool::GetFreeSpace()
00167d84 00000024 t addrMapNodeComparator(rbtree_node const*, rbtree_node const*)
00167da8 00000004 t addrMapNodeDestructor(rbtree_node*)
00167dac 0000024c T vramMemAlignAt
00167ff8 0000000c T vramAlloc
00168004 0000000c T vramAllocAt
00168010 00000090 T vramFree
001680a0 0000051c t consoleHandleColorEsc
001685bc 000000b8 t consoleColorStateShift
00168674 000001ac T consoleDrawChar
00168820 00000124 T consolePrintChar
00168944 000006f4 T con_write
00169038 000000fc t newRow
00169134 0000018c T consoleInit
001692c0 000000d0 t gfxPresentFramebuffer
00169390 00000010 T gfxSet3D
001693a0 0000001c T gfxIsWide
001693bc 000000ec T gfxSetScreenFormat
001694a8 00000010 T gfxSetDoubleBuffering
001694b8 000000e0 T gfxInit
00169598 00000010 T gfxInitDefault
001695a8 000000b4 T gfxExit
0016965c 000000a0 T gfxGetFramebuffer
001696fc 00000104 T gfxFlushBuffers
00169800 00000030 T gfxScreenSwapBuffers
00169830 00000050 T gfxSwapBuffersGpu
00169880 00000074 T osConvertVirtToPhys
001698f4 00000054 T osGetTimeRef
00169948 000000ec T osGetTime
00169a34 00000034 T __ctru_speedup_config
00169a68 00000008 t romfs_close
00169a70 000000c4 t romfs_seek
00169b34 00000024 t romfs_dirreset
00169b58 000000c8 t fill_dir
00169c20 000002a8 t romfs_dirnext
00169ec8 00000084 t romfs_free
00169f4c 000000d4 t searchForFile.constprop.0
0016a020 000000d8 t searchForDir.constprop.0
0016a0f8 000001c0 t navigateToDir.constprop.0
0016a2b8 0000010c t romfs_open
0016a3c4 0000004c t romfs_chdir
0016a410 00000070 t romfs_diropen
0016a480 00000174 t romfs_stat
0016a5f4 00000008 t romfs_dirclose
0016a600 00000084 t romfs_fstat
0016a684 000000d0 t romfs_read
0016a754 0000028c T romfsMountFromFile
0016a9e0 00000098 T romfsMountFromCurrentProcess
0016aa78 00000260 T romfsMountSelf
0016acd8 000000a0 T romfsUnmount
0016ad78 0000000c T __sync_init
0016ad84 00000018 T __sync_fini
0016ad9c 0000002c T syncArbitrateAddress
0016adc8 0000001c T LightLock_Init
0016ade4 000000ac T LightLock_Lock
0016ae90 00000040 T LightLock_Unlock
0016aed0 00000024 T RecursiveLock_Init
0016aef4 00000030 T RecursiveLock_Lock
0016af24 00000054 T RecursiveLock_Unlock
0016af78 0000000c T CondVar_Init
0016af84 00000084 T CondVar_Wait
0016b008 000000b0 T CondVar_WakeUp
0016b0b8 00000040 T LightEvent_Init
0016b0f8 000000a4 T LightEvent_Clear
0016b19c 000000c8 T LightEvent_Signal
0016b264 00000050 T LightEvent_TryWait
0016b2b4 000000a0 T LightEvent_Wait
0016b354 00000014 T LightSemaphore_Init
0016b368 00000094 T LightSemaphore_Acquire
0016b3fc 00000064 T LightSemaphore_Release
0016b460 000001d8 T threadCreate
0016b638 00000024 T threadGetHandle
0016b65c 0000002c T threadFree
0016b688 00000024 T threadJoin
0016b6ac 00000030 T threadGetCurrent
0016b6dc 00000040 T threadExit
0016b71c 00000020 t _thread_begin
0016b73c 0000013c T GPUCMD_Add
0016b878 000000b0 T GPUCMD_Split
0016b928 00000034 T f32tof16
0016b95c 00000034 T f32tof24
0016b990 00000038 T f32tof31
0016b9c8 00000010 T GX_BindQueue
0016b9d8 00000078 T GX_ProcessCommandList
0016ba50 00000074 T GX_MemoryFill
0016bac4 00000070 T GX_DisplayTransfer
0016bb34 00000068 t gxCmdQueueDoCommands.part.0
0016bb9c 000000c8 T gxCmdQueueInterrupt
0016bc64 0000004c T gxCmdQueueClear
0016bcb0 000000f8 T gxCmdQueueAdd
0016bda8 00000080 T gxCmdQueueRun
0016be28 00000060 T gxCmdQueueStop
0016be88 0000008c T gxCmdQueueWait
0016bf14 000001d0 T shaderInstanceInit
0016c0e4 00000018 T shaderInstanceGetUniformLocation
0016c0fc 0000001c T shaderProgramInit
0016c118 00000064 T shaderProgramFree
0016c17c 00000080 T shaderProgramSetVsh
0016c1fc 000008e0 T shaderProgramConfigure
0016cadc 000001cc t DVLE_GenerateOutmap.part.0
0016cca8 000001b4 T DVLB_ParseFile
0016ce5c 00000038 T DVLB_Free
0016ce94 00000074 T DVLE_GetUniformRegister
0016cf08 000000e4 T ndspChnReset
0016cfec 00000018 T ndspChnSetFormat
0016d004 00000048 T ndspChnSetInterp
0016d04c 0000005c T ndspChnSetRate
0016d0a8 00000088 T ndspChnSetMix
0016d130 000000bc T ndspChnWaveBufAdd
0016d1ec 00000040 T ndspiInitChn
0016d22c 0000002c T ndspiDirtyChn
0016d258 00000458 T ndspiUpdateChn
0016d6b0 00000180 T ndspiReadChnState
0016d830 00000158 t ndspUpdateMaster
0016d988 00000110 t ndspFinalize
0016da98 00000250 t ndspInitialize.part.0
0016dce8 000000fc t ndspHookCallback
0016dde8 00000318 t ndspThreadMain
0016e100 000003c4 T ndspInit
0016e4c4 000000cc T ndspExit
0016e590 00000010 T ndspSetCallback
0016e5a0 000001ac t aptConvertScreenForCapture
0016e74c 00000158 T aptSendCommand
0016e8a8 00000044 t aptExitProcess
0016e8ec 00000014 T aptIsActive
0016e900 0000038c T aptExit
0016ec8c 000000e0 T aptHandleSleep
0016ed6c 00000030 T aptHook
0016ed9c 00000030 T aptUnhook
0016edcc 00000084 T APT_SleepIfShellClosed
0016ee50 00000084 T aptSetSleepAllowed
0016eed4 00000084 T APT_UnlockTransition
0016ef58 000004a4 t aptEventHandler
0016f3fc 000000b0 T APT_ReceiveParameter
0016f4ac 000000ac t aptReceiveParameter.constprop.0
0016f558 000002ac t aptScreenTransfer
0016f804 00000320 t aptWaitForWakeUp.isra.0
0016fb24 000000f8 T aptJumpToHomeMenu
0016fc1c 00000048 T aptMainLoop
0016fc64 0000022c T aptInit
0016fe90 0000007c T APT_CheckNew3DS
0016ff0c 000000a4 T cfguInit
0016ffb0 0000003c T cfguExit
0016ffec 0000004c T CFGU_GetConfigInfoBlk2
00170038 000000a4 t DSP_LoadComponent.part.0
001700dc 000000dc T dspInit
001701b8 00000080 T dspExit
00170238 00000024 T dspHook
0017025c 00000030 T dspUnhook
0017028c 000000b0 T aptDspSleep
0017033c 000000b8 T aptDspWakeup
001703f4 00000044 T aptDspCancel
00170438 00000050 T DSP_FlushDataCache
00170488 00000034 T DSP_SetSemaphore
001704bc 00000034 T DSP_SetSemaphoreMask
001704f0 00000038 T DSP_GetSemaphoreHandle
00170528 0000003c T DSP_LoadComponent
00170564 00000044 T DSP_RegisterInterruptEvents
001705a8 00000074 T DSP_ReadPipeIfPossible
0017061c 0000004c T DSP_WriteProcessPipe
00170668 00000040 T DSP_ConvertProcessAddressFromDspDram
001706a8 00000040 T DSP_RecvData
001706e8 0000004c T DSP_RecvDataIsReady
00170734 000000cc T fsInit
00170800 0000003c T fsExit
0017083c 00000060 T fsExemptFromSession
0017089c 00000050 T fsUnexemptFromSession
001708ec 000000cc T FSUSER_OpenFile
001709b8 000000d4 T FSUSER_OpenFileDirectly
00170a8c 000000bc T FSUSER_DeleteFile
00170b48 000000f8 T FSUSER_RenameFile
00170c40 000000bc T FSUSER_DeleteDirectory
00170cfc 000000d4 T FSUSER_CreateFile
00170dd0 000000c4 T FSUSER_CreateDirectory
00170e94 000000f8 T FSUSER_RenameDirectory
00170f8c 000000b4 T FSUSER_OpenDirectory
00171040 00000094 T FSUSER_OpenArchive
001710d4 0000008c T FSUSER_CloseArchive
00171160 00000074 T FSUSER_GetSdmcArchiveResource
001711d4 00000064 T FSUSER_IsSdmcWritable
00171238 00000058 T FSFILE_Read
00171290 00000060 T FSFILE_Write
001712f0 00000038 T FSFILE_GetSize
00171328 00000028 T FSFILE_SetSize
00171350 0000003c T FSFILE_Close
0017138c 00000024 T FSFILE_Flush
001713b0 00000050 T FSDIR_Read
00171400 0000003c T FSDIR_Close
0017143c 00000c64 t gspHardwareInit
001720a0 00000248 T gspInit
001722e8 000000f0 T gspExit
001723d8 00000010 T gspHasGpuRight
001723e8 000000a0 T gspPresentBuffer
00172488 00000030 T gspSetEventCallback
001724b8 00000044 T gspWaitForEvent
001724fc 0000004c T gspWaitForAnyEvent
00172548 00000158 t gspEventThreadMain
001726a0 00000130 T gspSubmitGxCommand
001727d0 00000050 T GSPGPU_FlushDataCache
00172820 00000034 T GSPGPU_SetLcdForceBlack
00172854 00000068 T GSPGPU_AcquireRight
001728bc 00000048 T GSPGPU_ReleaseRight
00172904 0000007c T GSPGPU_ImportDisplayCaptureInfo
00172980 0000002c T GSPGPU_SaveVramSysArea
001729ac 0000002c T GSPGPU_RestoreVramSysArea
001729d8 00000024 W hidShouldUseIrrst
001729fc 0000018c T hidInit
00172b88 000000e8 T hidExit
00172c70 000002a4 T hidScanInput
00172f14 00000010 T hidKeysHeld
00172f24 00000010 T hidKeysDown
00172f34 00000010 T hidKeysUp
00172f44 00000018 T hidTouchRead
00172f5c 00000018 T hidCircleRead
00172f74 00000160 T irrstInit
001730d4 000000cc T irrstExit
001731a0 000000b4 T irrstScanInput
00173254 00000024 T irrstKeysHeld
00173278 00000018 T irrstCstickRead
00173290 00000074 T ptmSysmInit
00173304 0000003c T ptmSysmExit
00173340 00000034 T PTMSYSM_ConfigureNew3DSCPU
00173374 00000074 T rbtree_find
001733e8 00000010 T rbtree_init
001733f8 000001b0 t do_insert
001735a8 00000008 T rbtree_insert
001735b0 00000318 T rbtree_remove
001738c8 00000090 T rbtree_rotate
00173958 000000e8 T utf16_to_utf8
00173a40 000000c0 T utf8_to_utf16
00173b00 000001e0 W __system_allocateHeaps
00173ce0 00000038 W __libctru_init
00173d18 00000170 W __system_initArgv
00173e88 00000030 T __syscall_getreent
00173eb8 00000064 T __syscall_gettod_r
00173f1c 00000004 T __syscall_lock_acquire
00173f20 00000004 T __syscall_lock_release
00173f24 00000004 T __syscall_lock_acquire_recursive
00173f28 00000004 T __syscall_lock_release_recursive
00173f2c 00000004 T __syscall_exit
00173f30 00000050 T initThreadVars
00173f80 00000080 T __system_initSyscalls
00174000 T svcControlMemory
00174020 T svcQueryMemory
00174050 T svcExitProcess
00174058 T svcCreateThread
00174078 T svcExitThread
00174080 T svcSleepThread
00174088 T svcGetThreadPriority
0017409c T svcReleaseMutex
001740a4 T svcCreateEvent
001740b8 T svcSignalEvent
001740c0 T svcClearEvent
001740c8 T svcMapMemoryBlock
001740d0 T svcUnmapMemoryBlock
001740d8 T svcCreateAddressArbiter
001740ec T svcArbitrateAddressNoTimeout
001740f4 T svcCloseHandle
001740fc T svcWaitSynchronization
00174104 T svcWaitSynchronizationN
0017412c T svcDuplicateHandle
00174140 T svcGetSystemTick
00174148 T svcConnectToPort
0017415c T svcSendSyncRequest
00174164 T svcGetThreadId
00174178 T svcGetResourceLimit
0017418c T svcGetResourceLimitLimitValues
00174194 T svcGetResourceLimitCurrentValues
0017419c T svcBreak
001741a4 T __aeabi_read_tp
001741b0 W initSystem
00174200 W __ctru_exit
00174214 00000084 W envGetHandle
00174298 00000050 W envDestroyHandles
001742e8 0000012c T srvInit
00174414 00000058 T srvExit
0017446c 00000060 T srvEnableNotification
001744cc 000000a0 T srvGetServiceHandleDirect
0017456c 00000038 T srvGetServiceHandle
001745a4 00000034 T srvSubscribe
001745d8 00000060 T srvReceiveNotification
00174638 00000038 T srvPublishToSubscriber
00174670 000000b4 t mappableFindAddressWithin
00174724 00000028 T mappableInit
0017474c 00000080 T mappableAlloc
001747cc 00000004 T mappableFree
001747d0 0000000c T srvPmGetSessionHandle
001747dc 0000005c T rbtree_node_next
00174838 00000064 T decode_utf16
0017489c 0000013c T decode_utf8
001749d8 00000054 T encode_utf16
00174a2c 000000e0 T encode_utf8
00174b0c 00000030 W __appExit
00174b3c 00000030 W __appInit
00174b6c 00000090 W __libctru_exit
00174bfc 00000014 t archive_link
00174c10 00000014 t archive_dirreset
00174c24 00000014 t archive_chmod
00174c38 00000024 t error_cmp
00174c5c 00000050 t archive_translate_error
00174cac 000000c8 t archive_seek
00174d74 0000007c t _archiveInit.part.0
00174df0 000000c4 t archiveFindDevice.part.0
00174eb4 00000280 t archive_utf16path
00175134 0000009c t _archiveUnmountDeviceStruct.part.0
001751d0 00000014 t archive_fchmod
001751e4 00000014 t archive_statvfs
001751f8 00000164 t _archiveMountDevice
0017535c 000000e8 t archive_diropen
00175444 000000a4 t archive_fstat
001754e8 0000006c t archive_fsync
00175554 0000006c t archive_close
001755c0 00000070 t archive_dirclose
00175630 000000e8 t sdmc_statvfs
00175718 000000ec t archive_chdir
00175804 0000007c t archive_ftruncate
00175880 000000ac t archive_read
0017592c 000000a4 t archive_unlink
001759d0 000000bc t archive_rmdir
00175a8c 000000dc t archive_mkdir
00175b68 00000194 t archive_stat
00175cfc 00000160 t archive_dirnext
00175e5c 00000124 t archive_write
00175f80 0000020c t archive_open
0017618c 00000278 t archive_rename
00176404 0000019c T archiveMountSdmc
001765a0 00000054 T archiveUnmountAll
001765f8 000000c8 T sin
001766c0 00000308 T __ieee754_rem_pio2
001769c8 00000738 T pow
00177100 00000870 T __kernel_rem_pio2
00177970 00000140 T scalbn
00177ab0 00000058 T sqrt
00177b08 000000c0 T __kernel_sin
00177bc8 00000008 T __ieee754_sqrt
00177bd0 00000144 T floor
00177d18 00000158 T __kernel_cos
00177e70 00000014 T fabs
00177e84 00000024 t with_errno
00177ea8 00000028 t xflow
00177ed0 00000010 T __math_uflow
00177ee0 00000010 T __math_oflow
00177ef0 00000050 T __math_divzero
00177f40 0000001c T __math_invalid
00177f5c 00000014 T __math_check_uflow
00177f70 00000028 T __math_check_oflow
00177f98 00000038 T __aeabi_d2lz
00177f98 00000038 T __fixdfdi
00177fd0 00000040 T __aeabi_d2ulz
00177fd0 00000040 T __fixunsdfdi
00178010 00000120 T __udivmoddi4
00178130 000000e4 T strncmp
00178214 00000130 T strchr
00178344 0000001c T srand
00178360 00000044 T rand
001783a4 00000024 T getenv
001783c8 0000005c T strlen
00178424 00000150 T memmove
00178574 00000090 T _raise_r
00178604 00000018 T raise
0017861c 00000078 T signal
00178694 0000005c T __assert_func
001786f0 0000063c T _strerror_r
00178d2c 00000020 T strerror
00178d4c 000000f0 T _fwrite_r
00178e3c 00000038 T fwrite
00178e74 00000198 T _fgets_r
0017900c 00000028 T fgets
00179034 000004b4 T __sfvwrite_r
001794e8 00000008 T _user_strerror
001794f0 00000044 T random
00179534 00000068 T sprintf
0017959c 0000003c T fiprintf
001795d8 000000e0 T memchr
001796b8 00000070 T strcat
00179728 000000d8 T memcmp
00179800 000001d8 t _strtoul_l.isra.0
001799d8 00000034 T strtoul
00179a0c 000000e4 T strncat
00179af0 00000078 T bsearch
00179b68 00000344 T _fread_r
00179eac 00000038 T fread
00179ee4 00000020 T calloc
00179f04 000000ac T _vsnprintf_r
00179fb0 00000038 T vsnprintf
00179fe8 00000048 T strrchr
0017a030 00000974 T qsort
0017a9a4 00000014 T abort
0017a9b8 00000038 t lflush
0017a9f0 0000019c T __srefill_r
0017ab8c 00000148 T _fclose_r
0017acd4 00000018 T fclose
0017acec 000000c0 T _calloc_r
0017adac 0000012c T __smakebuf_r
0017aed8 0000008c T __swhatbuf_r
0017af64 00000020 T realloc
0017af84 00000044 T strlcpy
0017afc8 00000020 T memalign
0017afe8 0000001c t stdio_exit_handler
0017b004 0000005c t cleanup_stdio
0017b060 00000154 t global_stdio_init.part.0
0017b1b4 00000134 T __sfp
0017b2e8 0000005c T __sinit
0017b344 0000000c T __sfp_lock_acquire
0017b350 0000000c T __sfp_lock_release
0017b35c 0000079c T _malloc_r
0017baf8 00000064 T strcasecmp
0017bb5c 000000f8 T _malloc_trim_r
0017bc54 000002e8 T _free_r
0017bf3c 0000002c T strtok
0017bf68 0000064c t get_arg
0017c5b8 00003324 T _svfprintf_r
0017f8dc 0000000c T atoi
0017f8e8 000001b0 t _strtol_l.part.0
0017fa98 00000064 T strtol
0017fafc 0000025c T setvbuf
0017fd58 00000048 T strnlen
0017fda0 0000000c T __errno
0017fdac 00000018 T malloc
0017fdc4 00000018 T free
0017fddc 0000011c T memcpy
0017fef8 00000034 T printf
0017ff2c 0000012c T _fopen_r
00180058 00000020 T fopen
00180078 0000004c T time
001800c4 000000e0 T _puts_r
001801a4 00000018 T puts
001801bc 000000c8 T _findenv_r
00180284 000000f4 T memset
00180378 000004a0 T _realloc_r
00180818 00000070 T _fwalk_sglue
00180888 0000000c T __malloc_lock
00180894 0000000c T __malloc_unlock
001808a0 0000002c T ftell
001808cc 000000f0 T strcpy
001809bc 00000004 W __call_exitprocs
001809c0 00000030 T exit
001809f0 000000bc T __strtok_r
00180aac 0000001c T _fseek_r
00180ac8 00000034 T fseek
00180afc 000000d4 T snprintf
00180bd0 000000c4 T strncpy
00180c94 00000028 T _wcsrtombs_r
00180cbc 000000b4 T __sflags
00180d70 00000084 T __libc_init_array
00180df4 00000138 T __swsetup_r
00180f2c 0000022c T __sflush_r
00181158 00000094 T _fflush_r
001811f0 00000088 T frexp
00181278 0000000c T __env_lock
00181284 0000000c T __env_unlock
00181290 00000024 T __locale_mb_cur_max
001812b4 000000a4 T __ssprint_r
00181358 0000064c t get_arg
001819a4 00002300 T _vfiprintf_r
00183ca4 000000b8 t __sbprintf
00183d5c 0000014c T _memalign_r
00183ea8 00000188 T _wcsnrtombs_l
00184030 00000064 T _wcsnrtombs_r
00184094 000002f8 T __utf8_mbtowc
0018438c 0000003c T __libc_fini_array
001843c8 00000590 T _fseeko_r
00184958 00000030 T __sprint_r
00184988 00000044 T __sread
001849cc 00000068 T __swrite
00184a34 00000044 T __sseek
00184a78 00000008 T __sclose
00184a80 00000024 T _localeconv_r
00184aa4 0000064c t get_arg
001850f0 00003378 T _vfprintf_r
00188468 000000b8 t __sbprintf
00188520 000001b4 t quorem
001886d8 00001218 T _dtoa_r
001898f0 000000a0 T _wcrtomb_r
00189990 00000128 T __ssputs_r
00189ab8 000001b4 T _ftello_r
00189c6c 000000f0 T __utf8_wctomb
00189d5c 00000088 T _Balloc
00189de4 0000001c T _Bfree
00189e00 000000f4 T __multadd
00189ef4 00000060 T __hi0bits
00189f54 0000009c T __lo0bits
00189ff0 000000a4 T __i2b
0018a094 00000204 T __multiply
0018a298 00000128 T __pow5mult
0018a3c0 00000140 T __lshift
0018a500 00000058 T __mcmp
0018a558 000001fc T __mdiff
0018a754 00000124 T __d2b
0018a878 00000020 T _exit
0018a898 0000013c T chdir
0018a9d4 000001cc T _concatenate_path
0018aba0 00000078 T _fstat_r
0018ac18 00000014 T _getpid_r
0018ac2c 0000002c T __getreent
0018ac58 00000030 T _gettimeofday_r
0018ac88 0000008c T __release_handle
0018ad14 000000b0 T __alloc_handle
0018adc4 0000003c T __get_handle
0018ae00 000000f4 T _close_r
0018aef4 00000008 t null_write
0018aefc 00000018 T setDefaultDevice
0018af14 000000c8 T FindDevice
0018afdc 00000028 T RemoveDevice
0018b004 0000009c T AddDevice
0018b0a0 00000020 T GetDeviceOpTab
0018b0c0 00000008 T _isatty_r
0018b0c8 00000014 T _kill_r
0018b0dc 00000084 T _lseek_r
0018b160 000000bc T _open_r
0018b21c 00000080 T _read_r
0018b29c 00000078 W _sbrk_r
0018b314 0000001c T __libc_lock_acquire
0018b330 0000001c T __libc_lock_release
0018b34c 0000001c T __libc_lock_acquire_recursive
0018b368 0000001c T __libc_lock_release_recursive
0018b384 00000080 T _write_r
0018b404 T _fini
0018c044 00000010 r __func__.0
0018c054 0000000f r __func__.1
0018c064 00000008 R mad_timer_zero
0018c06c 0000012c r bitrate_table
0018c198 0000000c r samplerate_table
0018c1a4 0000000c r decoder_table
0018c1b0 00000880 r D
0018ca30 00000038 r linear_table
0018ca68 00000100 r sf_table
0018cb68 000000b4 r sbquant_table
0018cc1c 00000020 r bitalloc_table
0018cc3c 000000cc r qc_table
0018cd08 0000005a r offset_table
0018cd64 0000001c r root_table
0018cd80 00000020 r cs
0018cda0 00000020 r ca
0018cdc0 00000030 r window_s
0018cdf0 00000090 r imdct_s
0018ce80 0000006c r sfbwidth_table
0018ceec 00000048 r nsfb_table
0018cf34 00000020 r sflen_table
0018cf54 00000016 r pretab
0018cf6c 0000000f r __func__.0
0018cf7c 00000078 r is_lsf_table
0018cff4 0000001c r is_table
0018d010 0000000e r __func__.1
0018d020 0000803c r rq_table
0019505c 00000027 r sfb_8000_mixed
00195084 00000027 r sfb_8000_short
001950ac 00000016 r sfb_8000_long
001950c4 00000024 r sfb_16000_mixed
001950e8 00000024 r sfb_22050_mixed
0019510c 00000024 r sfb_24000_mixed
00195130 00000027 r sfb_16000_short
00195158 00000027 r sfb_22050_short
00195180 00000027 r sfb_24000_short
001951a8 00000016 r sfb_22050_long
001951c0 00000016 r sfb_24000_long
001951d8 00000026 r sfb_32000_mixed
00195200 00000026 r sfb_44100_mixed
00195228 00000026 r sfb_48000_mixed
00195250 00000027 r sfb_32000_short
00195278 00000027 r sfb_44100_short
001952a0 00000027 r sfb_48000_short
001952c8 00000016 r sfb_32000_long
001952e0 00000016 r sfb_44100_long
001952f8 00000016 r sfb_48000_long
00195310 00000100 R mad_huff_pair_table
00195410 00000008 R mad_huff_quad_table
00195418 00000304 r hufftab24
0019571c 00000324 r hufftab16
00195a40 000002f8 r hufftab15
00195d38 0000031c r hufftab13
00196054 000000c0 r hufftab12
00196114 000000d0 r hufftab11
001961e4 000000cc r hufftab10
001962b0 0000006c r hufftab9
0019631c 00000084 r hufftab8
001963a0 00000080 r hufftab7
00196420 00000038 r hufftab6
00196458 00000034 r hufftab5
0019648c 00000020 r hufftab3
001964ac 00000020 r hufftab2
001964cc 00000010 r hufftab1
001964dc 00000002 r hufftab0
001964e0 00000020 r hufftabB
00196500 00000038 r hufftabA
00196538 00000200 r crc_table
00198eac r .LC2
0019a240 00000200 r expr_curve
0019a440 00000200 r vcurve
0019a640 00000020 r label.5
0019a660 00000024 r note_name.0
0019a684 0000018c r _mm_errmsg
0019a810 00000020 R finetune
0019a830 00000014 r unpackers
0019a844 00000100 r PanbrelloTable
0019a944 00000020 r VibratoTable
0019a964 00000080 r avibtab
0019a9e4 000000f8 r effects
0019aadc 00000c00 r lintab
0019b6dc 000000d0 r logtab
0019b7ac 00000030 r oldperiods
0019b7dc 0000007c R unioperands
0019b858 00000008 r S69_Version
0019b860 000000c0 r periodtable
0019b920 00000008 r DSMSIG
0019b928 00000007 r FARSIG
0019b930 00000018 r IT_Version
0019b948 0000000a r portatable
0019b954 00000018 r S3M_Version
0019b96c 00000010 r numeric
0019b97c 0000000c r STM_Version
0019b988 00000014 r mustype
0019b99c 00000014 r CSWTCH.302
0019b9b0 00000040 r MMCMP16BitCommands
0019b9f0 00000040 r MMCMP16BitFetch
0019ba30 00000020 r MMCMP8BitCommands
0019ba50 00000020 r MMCMP8BitFetch
0019ba70 00000038 r ctable
0019baa8 000000a8 R npertab
0019bb50 00000800 r vwin1024
0019c350 00000100 r vwin128
0019c450 00001000 r vwin2048
0019d450 00000200 r vwin256
0019d650 00002000 r vwin4096
0019f650 00000400 r vwin512
0019fa50 00000080 r vwin64
0019fad0 00004000 r vwin8192
001a3ad0 00000400 r FLOOR_fromdB_LOOKUP
001a3ed0 00000008 r ADJUST_SQRT2
001a3ed8 00000204 r COS_LOOKUP_I
001a40dc 00000080 r FROMdB2_LOOKUP
001a415c 0000008c r FROMdB_LOOKUP
001a41e8 00000104 r INVSQ_LOOKUP_I
001a42ec 00000100 r INVSQ_LOOKUP_IDel
001a43ec 00000070 r barklook
001a445c 00000010 r bitrev
001a446c 00001008 r sincos_lookup0
001a5474 00001000 r sincos_lookup1
001a6474 00002000 r crc_lookup
001a8474 00000084 r mask
001a84f8 00000014 r SDL_fatal_signals
001a850c 00000048 r format_list
001a8554 00000200 r mix8
001a8754 00000010 r clearcolors
001a8764 00000010 r displayTranferFlags
001a8774 00000010 r textureTranferFlags
001a8784 00000010 r getpixes
001a8794 00000014 r colorkey_blit
001a87a8 00000014 r bitmap_blit
001a87bc 00000014 r one_blitkey
001a87d0 00000014 r one_blit
001a87e4 00000010 r normal_blit
001a87f4 00000084 r normal_blit_4
001a8878 0000002c r normal_blit_3
001a88a4 000000dc r normal_blit_2
001a8980 0000002c r normal_blit_1
001a89ac 00000800 r RGB565_BGRA8888_LUT
001a91ac 00000800 r RGB565_RGBA8888_LUT
001a99ac 00000800 r RGB565_ABGR8888_LUT
001aa1ac 00000800 r RGB565_ARGB8888_LUT
001aa9ac R vshader_shbin
001aaad0 R vshader_shbin_end
001aaad0 R vshader_shbin_size
001aaad4 00000004 r depthFmtSizes
001aaad8 00000005 r colorFmtSizes
001aaae0 00000038 r CSWTCH.19
001aab18 00000080 r dotab_stdout
001aab98 00000018 r grayScale
001aabb0 00000006 r colorCube
001aabb8 00000030 r colorTable
001aabe8 00000080 r romFS_devoptab
001aac68 00000011 r dsp_filename.0
001aac7c 00000008 r morton_y.2
001aac84 00000008 r morton_x.3
001aac8c 00000008 r s_sleepWakeEvents.4
001aac94 R default_font_bin
001ab494 R default_font_bin_end
001ab494 00000030 r error_table
001ab4c4 00000080 r archive_devoptab
001ab544 00000080 r npio2_hw
001ab5c4 00000108 r two_over_pi
001ab6d0 00000040 r PIo2
001ab710 00000010 r init_jk
001ab720 00000870 R __exp_data
001abf90 00001048 R __pow_log_data
001ad014 00000010 r zeroes.0
001ad024 00000010 r blanks.1
001ad034 00000101 R _ctype_
001ad138 0000006c R __action_table
001ad1a4 0000006c R __state_table
001ad210 00000100 R __chclass
001ad310 00000010 r zeroes.0
001ad320 00000010 r blanks.1
001ad330 00000010 r zeroes.0
001ad340 00000010 r blanks.1
001ad350 0000000c r p05.0
001ad360 00000028 R __mprec_bigtens
001ad388 000000c8 R __mprec_tens
001ad450 00000080 R dotab_stdnull
001ad4d0 R __tdata_align
001ad4d4 r __EH_FRAME_BEGIN__
001ad4d4 R __exidx_end
001ad4d4 R __exidx_start
001ae000 00000004 d mix_music
001ae004 00000004 D music_active
001ae008 00000004 d music_volume
001ae00c 00000004 d wavestream_volume
001ae010 00000004 D amplification
001ae014 00000004 D drumchannels
001ae018 00000004 D voices
001ae020 00000400 D bend_coarse
001ae420 00000800 D bend_fine
001aec20 00000200 D freq_table
001aee20 00000400 D vol_table
001af220 00003e80 D xmap
001b30a0 00000004 D ctl
001b30a4 00000208 D drumset
001b32ac 00000004 D max_patch_memory
001b32b0 00000208 D tonebank
001b34b8 00000004 D play_mode
001b34bc 0000000c D sdl_play_mode
001b34c8 0000005c D sdl_control_mode
001b3524 0000007c D drv_nos
001b35a0 00000002 D md_bpm
001b35a2 00000002 D md_mixfreq
001b35a4 00000002 D md_mode
001b35a6 00000001 D md_musicvolume
001b35a7 00000001 D md_pansep
001b35a8 00000004 D md_player
001b35ac 00000001 D md_sndfxvolume
001b35ad 00000001 D md_volume
001b35ae 00000002 d olddevice
001b35b0 00000004 d VC_Exit_ptr
001b35b4 00000004 d VC_Init_ptr
001b35b8 00000020 D load_669
001b35d8 00000017 d AMF_Version
001b35f0 00000020 D load_amf
001b3610 0000000b d asylum
001b361c 00000020 D load_asy
001b363c 00000010 d DSM_Version
001b364c 00000020 D load_dsm
001b366c 0000000a d FAR_Version
001b3678 00000020 D load_far
001b3698 00000017 d GDM_Version
001b36b0 00000020 D load_gdm
001b36d0 0000000e d IMF_Version
001b36e0 00000020 D load_imf
001b3700 00000020 D load_it
001b3720 00000020 D load_m15
001b3740 0000000f d MED_Version
001b3750 00000020 D load_med
001b3770 0000000c d fasttracker
001b377c 00000020 D load_mod
001b379c 0000000a d oktalyser
001b37a8 0000000a d oktalyzer
001b37b4 0000001b d orpheus
001b37d0 0000000b d protracker
001b37dc 0000000c d startrekker
001b37e8 0000000c d taketracker
001b37f4 00000004 d MTM_Version
001b37f8 00000020 D load_mtm
001b3818 00000020 D load_okt
001b3838 00000020 D load_s3m
001b3858 00000020 D load_stm
001b3878 00000020 D load_stx
001b3898 00000013 d ULT_Version
001b38ac 00000020 D load_ult
001b38cc 00000020 D load_umx
001b38ec 00000020 D load_uni
001b390c 00000020 D load_xm
001b392c 0000000c D STM_Signatures
001b3938 00000008 D _floor_P
001b3940 00000004 D _mapping_P
001b3944 0000000c D _residue_P
001b3950 00000018 D floor1_exportbundle
001b3968 00000018 D floor0_exportbundle
001b3980 00000014 D residue0_exportbundle
001b3994 00000014 D residue1_exportbundle
001b39a8 00000014 D residue2_exportbundle
001b39bc 00000014 D mapping0_exportbundle
001b39d0 00000004 d palette_changed
001b39d4 00000004 D SDL_cursorstate
001b39d8 00000020 d default_cmask
001b39f8 00000020 d default_cdata
001b3a18 00000020 d SDL_closest_depths
001b3a38 00000010 D N3DSAUD_bootstrap
001b3a48 00000010 D N3DS_bootstrap
001b3a58 00000004 d SDL_CPUFeatures
001b3a5c 00000008 d framerateCounter
001b3a64 00000004 d framerate
001b3a68 00000001 d firstConsoleInit.0
001b3a6c 00000004 D currentConsole
001b3a70 00000048 D defaultConsole
001b3ab8 00000004 d queueLock
001b3abc 00000004 d aptChainloadDeliverArgSize
001b3ac0 00000004 d kCount
001b3ac4 00000004 d kInterval
001b3ac8 00000004 d kDelay
001b3acc W __stacksize__
001b3ad0 00000004 D _impure_ptr
001b3ad8 00000120 D _impure_data
001b3bf8 0000000c D __sglue
001b3c04 00000004 D __malloc_sbrk_base
001b3c08 00000004 D __malloc_trim_threshold
001b3c10 00000408 D __malloc_av_
001b4018 0000016c D __global_locale
001b4184 00000004 D environ
001b4188 00000400 d _current_working_directory
001b4588 00001000 d handles
001b5588 0000000c d __stderr_handle
001b5594 0000000c d __stdout_handle
001b55a0 0000000c d __stdin_handle
001b55ac 0000008c D devoptab_list
001b5638 00000004 d defaultDevice
001b5644 d _GLOBAL_OFFSET_TABLE_
001b5650 d __frame_dummy_init_array_entry
001b5650 D __init_array_start
001b5650 B __preinit_array_end
001b5650 B __preinit_array_start
001b5650 D __tdata_lma
001b5650 D __tdata_lma_end
001b5654 d __do_global_dtors_aux_fini_array_entry
001b5654 D __fini_array_start
001b5654 D __init_array_end
001b5658 D __bss_start__
001b5658 b completed.1
001b5658 D __fini_array_end
001b565c b object.0
001b5674 00000004 b audio_opened
001b5678 00000004 b channel_done_callback
001b567c 00000004 b chunk_decoders
001b5680 00000004 b initialized
001b5684 00000004 b mix_channel
001b5688 00000004 b mix_postmix
001b568c 00000004 b mix_postmix_data
001b5690 00000018 b mixer
001b56a8 00000004 b music_data
001b56ac 00000004 b num_channels
001b56b0 00000004 b num_decoders
001b56b4 00000004 b posteffects
001b56b8 00000004 b reserved_channels
001b56bc 00000004 b ms_per_step
001b56c0 00000004 b music_decoders
001b56c4 00000004 b music_finished_hook
001b56c8 00000004 b music_loops
001b56cc 00000004 b music_playing
001b56d0 00000004 b music_stopped
001b56d4 00000004 b num_decoders
001b56d8 00000004 b samplesize
001b56dc 00000004 B soundfont_paths
001b56e0 00000004 b timidity_ok
001b56e4 00000018 b used_mixer
001b56fc 00000018 b mixer
001b5714 00000004 b music
001b5718 0000006c B mikmod
001b5784 00000004 b current_output_channels
001b5788 00000002 b current_output_format
001b578c 00000004 b music_swap16
001b5790 00000004 b music_swap8
001b5794 00000004 B GM_System_On
001b5798 00000004 B GS_System_On
001b579c 00000004 B XG_System_On
001b57a0 00000004 B XG_System_chorus_type
001b57a4 00000004 B XG_System_reverb_type
001b57a8 00000004 B XG_System_variation_type
001b57ac 00000004 B adjust_panning_immediately
001b57b0 00000004 b buffer_pointer
001b57b4 00000004 b buffered_count
001b57b8 00000580 B channel
001b5d38 00000004 B control_ratio
001b5d3c 00000004 b current_event
001b5d40 00000004 b current_sample
001b5d44 00000004 b cut_notes
001b5d48 00000800 B drumchorusdepth
001b6548 00000800 B drumpanpot
001b6d48 00000800 B drumreverberation
001b7548 00000800 B drumvolume
001b7d48 00000004 b event_list
001b7d4c 00000004 b lost_notes
001b7d50 00000008 B master_volume
001b7d58 00000004 b midi_playing
001b7d5c 00000004 b sample_count
001b7d60 0001c800 B voice
001d4560 00000004 b at
001d4564 00000004 b curr_title_track
001d4568 00000004 b curr_track
001d456c 00000004 b event_count
001d4570 00000004 b evlist
001d4574 00000001 b lastchan.4
001d4575 00000001 b laststatus.3
001d4578 00000401 B midi_name
001d497c 00000004 b midi_port_number
001d4980 00000001 b nrpn.2
001d4984 00000004 B quietchannels
001d4988 00000010 b rpn_lsb.0
001d4998 00000010 b rpn_msb.1
001d49a8 00000004 b rw
001d49ac 00000004 b sample_correction
001d49b0 00000004 b sample_increment
001d49b4 00000004 b track_info
001d49b8 00000004 B AUDIO_BUFFER_SIZE
001d49bc 00000004 B common_buffer
001d49c0 00000100 b def_instr_name
001d4ac0 00000004 B free_instruments_afterwards
001d4ac4 00000004 B num_ochannels
001d4ac8 00000004 b rcf_count.0
001d4acc 00000004 B resample_buffer
001d4ad0 00000004 B s32tobuf
001d4ad4 00000400 B timidity_error
001d4ed4 00000020 B vorbis
001d4ef4 00000018 b mixer
001d4f0c 00000004 B _Mix_effects_max_speed
001d4f10 00000400 B current_filename
001d5310 00000004 b pathlist
001d5314 00000004 B antialiasing_allowed
001d5318 00000004 B current_patch_memory
001d531c 00000004 B current_tune_number
001d5320 00000004 B default_instrument
001d5324 00000004 B default_program
001d5328 00000004 B fast_decay
001d532c 00000004 B last_tune_purged
001d5330 00001804 b standard_drumset
001d6b34 00001804 b standard_tonebank
001d8338 00000004 b pos_args_array
001d833c 00000004 b pos_args_global
001d8340 00000004 b position_channels
001d8344 00000004 b zerobuf
001d8348 00000004 B MikMod_critical
001d834c 00000004 B MikMod_errno
001d8350 00000004 B _mm_errorhandler
001d8354 00000004 b firstdriver
001d8358 00000004 b initialized
001d835c 00000004 b isplaying
001d8360 00000002 B md_device
001d8364 00000004 B md_driver
001d8368 00000001 B md_hardchn
001d8369 00000001 B md_numchn
001d836a 00000001 B md_reverb
001d836c 00000004 b md_sample
001d8370 00000001 B md_sfxchn
001d8371 00000001 B md_sngchn
001d8372 00000001 B md_softchn
001d8374 00000004 b sfxinfo
001d8378 00000004 b sfxpool
001d837c 00000004 B vc_callback
001d8380 00000004 b firstloader
001d8384 00000004 B modreader
001d8388 00000140 B of
001d84c8 00000004 B pf
001d84cc 00000001 b lastbyte
001d84ce 00000002 b lastp
001d84d0 00000004 b rowend
001d84d4 00000004 b rowpc
001d84d8 00000004 b unibuf
001d84dc 00000002 b unimax
001d84de 00000002 b unipc
001d84e0 00000002 b unitt
001d84e4 00000004 b musiclist
001d84e8 00000004 b sl_buffer
001d84ec 00000002 b sl_old
001d84f0 00000004 b sl_rlength
001d84f4 00000004 b sndfxlist
001d84f8 00000004 b VC_PlayStart_ptr
001d84fc 00000004 b VC_PlayStop_ptr
001d8500 00000004 b VC_SampleLength_ptr
001d8504 00000004 b VC_SampleLoad_ptr
001d8508 00000004 b VC_SampleSpace_ptr
001d850c 00000004 b VC_SampleUnload_ptr
001d8510 00000004 b VC_SetNumVoices_ptr
001d8514 00000004 b VC_SilenceBytes_ptr
001d8518 00000004 b VC_VoiceGetFrequency_ptr
001d851c 00000004 b VC_VoiceGetPanning_ptr
001d8520 00000004 b VC_VoiceGetPosition_ptr
001d8524 00000004 b VC_VoiceGetVolume_ptr
001d8528 00000004 b VC_VoicePlay_ptr
001d852c 00000004 b VC_VoiceRealVolume_ptr
001d8530 00000004 b VC_VoiceSetFrequency_ptr
001d8534 00000004 b VC_VoiceSetPanning_ptr
001d8538 00000004 b VC_VoiceSetVolume_ptr
001d853c 00000004 b VC_VoiceStop_ptr
001d8540 00000004 b VC_VoiceStopped_ptr
001d8544 00000004 b VC_WriteBytes_ptr
001d8548 00000004 b mh
001d854c 00000004 b s69pat
001d8550 00000004 b mh
001d8554 00000004 b track
001d8558 00000004 b mh
001d855c 00000004 b modtype
001d8560 00000004 b patbuf
001d8564 00000004 b blockid
001d8568 00000004 b blockln
001d856c 00000004 b blocklp
001d8570 00000004 b dsmbuf
001d8574 00000004 b mh
001d8578 00000004 b mh1
001d857c 00000004 b mh2
001d8580 00000004 b pat
001d8584 00000004 b gdmbuf
001d8588 00000004 b mh
001d858c 00000004 b imfpat
001d8590 00000004 b mh
001d8594 00000004 b itpat
001d8598 00000004 b last
001d859c 00000004 b mask
001d85a0 00000004 b mh
001d85a4 00000004 b numtrk
001d85a8 00000004 b old_effect
001d85ac 00000004 b paraptr
001d85b0 00000004 b mh
001d85b4 00000004 b patbuf
001d85b8 00000004 b ust_loader
001d85bc 00000004 b ba
001d85c0 00000004 b bpmtempos
001d85c4 00000004 b decimalvolumes
001d85c8 00000004 b me
001d85cc 00000004 b mh
001d85d0 00000004 b mmd0pat
001d85d4 00000004 b mmd1pat
001d85d8 00000004 b ms
001d85dc 00000004 b mh
001d85e0 00000004 b modtype
001d85e4 00000004 b patbuf
001d85e8 00000004 b trekker
001d85ec 00000004 b mh
001d85f0 00000004 b mtmtrk
001d85f4 00000040 b pat
001d8634 00000004 b okttrk
001d8638 00000004 b mh
001d863c 00000004 b paraptr
001d8640 00000004 b s3mbuf
001d8644 00000004 b tracker
001d8648 00000004 b mh
001d864c 00000004 b stmbuf
001d8650 00000004 b mh
001d8654 00000004 b paraptr
001d8658 00000004 b stxbuf
001d865c 00000005 b ev
001d8664 00000004 b umx_data
001d8668 0000013c b mh
001d87a4 00000004 b s
001d87a8 00000002 b universion
001d87ac 00000004 b wh
001d87b0 00000004 b mh
001d87b4 00000004 b nextwav
001d87b8 00000004 b s
001d87bc 00000004 b wh
001d87c0 00000004 b xmpat
001d87c4 00000001 B activemacro
001d87c8 00000010 B filtermacros
001d87d8 00000004 B filters
001d87dc 00000200 B filtersettings
001d89dc 00000004 B noteindex
001d89e0 00000004 b noteindexcount
001d89e4 00000004 B origpositions
001d89e8 00000004 B poslookup
001d89ec 00000002 B poslookupcnt
001d89f0 00000040 B remap
001d8a30 00000004 b MixLowPass
001d8a34 00000004 b MixReverb
001d8a38 00000004 b RVRindex
001d8a3c 00000004 b RVbufL1
001d8a40 00000004 b RVbufL2
001d8a44 00000004 b RVbufL3
001d8a48 00000004 b RVbufL4
001d8a4c 00000004 b RVbufL5
001d8a50 00000004 b RVbufL6
001d8a54 00000004 b RVbufL7
001d8a58 00000004 b RVbufL8
001d8a5c 00000004 b RVbufR1
001d8a60 00000004 b RVbufR2
001d8a64 00000004 b RVbufR3
001d8a68 00000004 b RVbufR4
001d8a6c 00000004 b RVbufR5
001d8a70 00000004 b RVbufR6
001d8a74 00000004 b RVbufR7
001d8a78 00000004 b RVbufR8
001d8a7c 00000004 b RVc1
001d8a80 00000004 b RVc2
001d8a84 00000004 b RVc3
001d8a88 00000004 b RVc4
001d8a8c 00000004 b RVc5
001d8a90 00000004 b RVc6
001d8a94 00000004 b RVc7
001d8a98 00000004 b RVc8
001d8a9c 00000004 b Samples
001d8aa0 00000008 b idxlend
001d8aa8 00000008 b idxlpos
001d8ab0 00000008 b idxsize
001d8ab8 00000004 b nLeftNR
001d8abc 00000004 b nRightNR
001d8ac0 00000004 b samplesthatfit
001d8ac4 00000004 b tickleft
001d8ac8 00000002 b vc_mode
001d8acc 00000004 b vc_softchn
001d8ad0 00000004 b vc_tickbuf
001d8ad4 00000004 b vinf
001d8ad8 00000004 b vnf
001d8adc 00000004 b Mix32to16
001d8ae0 00000004 b Mix32to8
001d8ae4 00000004 b Mix32toFP
001d8ae8 00000004 b MixLowPass
001d8aec 00000004 b MixReverb
001d8af0 00000004 b RVRindex
001d8af4 00000004 b RVbufL1
001d8af8 00000004 b RVbufL2
001d8afc 00000004 b RVbufL3
001d8b00 00000004 b RVbufL4
001d8b04 00000004 b RVbufL5
001d8b08 00000004 b RVbufL6
001d8b0c 00000004 b RVbufL7
001d8b10 00000004 b RVbufL8
001d8b14 00000004 b RVbufR1
001d8b18 00000004 b RVbufR2
001d8b1c 00000004 b RVbufR3
001d8b20 00000004 b RVbufR4
001d8b24 00000004 b RVbufR5
001d8b28 00000004 b RVbufR6
001d8b2c 00000004 b RVbufR7
001d8b30 00000004 b RVbufR8
001d8b34 00000004 b RVc1
001d8b38 00000004 b RVc2
001d8b3c 00000004 b RVc3
001d8b40 00000004 b RVc4
001d8b44 00000004 b RVc5
001d8b48 00000004 b RVc6
001d8b4c 00000004 b RVc7
001d8b50 00000004 b RVc8
001d8b54 00000004 b Samples
001d8b58 00000008 b idxlend
001d8b60 00000008 b idxlpos
001d8b68 00000008 b idxsize
001d8b70 00000004 b nLeftNR
001d8b74 00000004 b nRightNR
001d8b78 00000004 b samplesthatfit
001d8b7c 00000004 b tickleft
001d8b80 00000002 b vc_mode
001d8b84 00000004 b vc_softchn
001d8b88 00000004 b vc_tickbuf
001d8b8c 00000004 b vinf
001d8b90 00000004 b vnf
001d8b94 00000004 b seq
001d8b98 00000004 b ticks_started
001d8b9c 00000004 b SDL_initialized
001d8ba0 00000400 b errmsg.0
001d8fa0 00000004 b format_idx_sub
001d8fa4 00000004 b format_idx
001d8fa8 00000004 B current_audio
001d8fac 00000024 b IMA_ADPCM_state
001d8fd0 00000040 b MS_ADPCM_state
001d9010 00000004 b event_thread
001d9014 00000004 b SDL_EventThread
001d9018 00000008 b SDL_EventLock
001d9020 00000c14 b SDL_EventQ
001d9c34 00000004 b SDL_eventstate
001d9c38 00000020 B SDL_ProcessEvents
001d9c58 00000004 B SDL_EventOK
001d9c5c 00000001 b SDL_NoLockKeys
001d9c60 00000020 B SDL_KeyRepeat
001d9c80 0000050c b keynames
001da18c 00000004 B SDL_TranslateUNICODE
001da190 00000002 b SDL_ModState
001da194 00000143 b SDL_KeyState
001da2d7 00000001 b SDL_ButtonState
001da2d8 00000002 b SDL_MouseMaxY
001da2da 00000002 b SDL_MouseMaxX
001da2dc 00000002 b SDL_DeltaY
001da2de 00000002 b SDL_DeltaX
001da2e0 00000002 b SDL_MouseY
001da2e2 00000002 b SDL_MouseX
001da2e8 00000308 b SDL_global_error
001da5f0 00000004 b thread_lock
001da5f4 00000004 b SDL_Threads
001da5f8 00000004 b SDL_numthreads
001da5fc 00000004 b SDL_maxthreads
001da600 00000001 b list_changed
001da604 00000004 b SDL_timer_mutex
001da608 00000004 b SDL_timers
001da60c 00000004 b SDL_timer_threaded
001da610 00000004 B SDL_alarm_callback
001da614 00000004 B SDL_alarm_interval
001da618 00000004 B SDL_timer_running
001da61c 00000004 B SDL_timer_started
001da620 00000002 b pixels8
001da624 00000004 B SDL_cursorlock
001da628 00000004 b SDL_defcursor
001da62c 00000004 B SDL_cursor
001da630 00000004 b format_version.0
001da634 00000004 B current_video
001da638 00000004 B SDL_joysticks
001da63c 00000004 B SDL_allocatedjoysticks
001da640 00000001 B SDL_numjoysticks
001da648 00000008 b g_startTicks
001da650 00000004 b g_audDev
001da654 00000008 b g_dspHook
001da65c 00000004 B old_dpad_state
001da660 00000004 B key_release
001da664 00000004 B key_press
001da668 00000004 B old_cs_y
001da66c 00000004 B old_cs_x
001da670 00000004 B old_y
001da674 00000004 B old_x
001da678 00000004 b RenderClearColor
001da67c 00000004 B setVideoModecount
001da680 00000004 B privateVideoThreadHandle
001da684 00000008 B privateVideoThreadEvent
001da68c 00000001 B runThread
001da690 00000018 b spritesheet_tex
001da6a8 00000004 B VideoSurface2
001da6ac 00000004 B VideoSurface1
001da6b0 00000040 b projection2
001da6f0 00000040 b projection
001da730 00000004 b uLoc_projection
001da734 00000014 b program
001da748 00000004 b vshader_dvlb
001da74c 00000001 b SDL_appstate
001da750 00000008 b last_resize
001da758 00000001 b pushedQuit.0
001da75c 0000000c b hookCookie
001da768 000002d0 B __C3D_Context
001daa38 00000004 b frameEndCbData
001daa3c 00000004 b frameEndCb
001daa40 00000008 b frameCounter
001daa48 00000001 b isTopStereo
001daa49 00000001 b needSwapBot
001daa4a 00000001 b needSwapTop
001daa4b 00000001 b measureGpuTime
001daa4c 00000001 b inSafeTransfer
001daa4d 00000001 b inFrame
001daa50 00000010 b cpuTime
001daa60 00000010 b gpuTime
001daa70 0000000c b linkedTarget
001daa7c 00000004 b lastTarget
001daa80 00000004 b firstTarget
001daa84 00000008 b C3Di_IVUnifEverDirty
001daa8c 000000c0 b C3Di_FVUnifEverDirty
001dab4c 00000018 b C3Di_ShaderFVecData
001dab64 00000002 B C3D_BoolUnifsDirty
001dab68 00000008 B C3D_IVUnifDirty
001dab70 000000c0 B C3D_FVUnifDirty
001dac30 00000004 B C3D_BoolUnifs
001dac34 00000020 B C3D_IVUnif
001dac54 00000c00 B C3D_FVUnif
001db858 00000008 b sLinearPool
001db860 0000000c b sAddrMap
001db870 00000008 b sVramPoolB
001db878 00000008 b sVramPoolA
001db880 0000000c b sAddrMap
001db88c 0000001c b escapeSeq
001db8a8 00000048 B currentCopy
001db8f0 00000004 b screenAlloc
001db8f4 00000004 b screenFree
001db8f8 00000002 b gfxIsDoubleBuf
001db8fc 00000002 b gfxCurBuf
001db8fe 00000001 b gfxIsVram
001db8ff 00000001 b gfxTopMode
001db900 00000002 b gfxFramebufferFormats
001db904 00000004 b gfxBottomFramebufferMaxSize
001db908 00000004 b gfxTopFramebufferMaxSize
001db910 00000008 b gfxBottomFramebuffers
001db918 00000008 b gfxTopFramebuffers
001db920 00000001 V __ctru_speedup
001db924 00000004 b romfs_mount_list
001db928 00000004 V __romfs_path
001db92c 00000004 b arbiter
001db930 00000004 B gpuCmdBufOffset
001db934 00000004 B gpuCmdBufSize
001db938 00000004 B gpuCmdBuf
001db93c 00000004 b boundQueue
001db940 00000001 b shouldStop
001db941 00000001 b isRunning
001db942 00000001 b isActive
001db944 00000004 b curQueue
001db948 00000c60 b ndspChn
001dc5a8 00000004 b ndspRefCount
001dc5ac 00000048 b ndspMaster
001dc5f4 00000004 b ndspThread
001dc5f8 00000001 b ndspThreadRun
001dc5fc 00001080 b dspVar5Backup
001dd67c 00000004 b ndspMutex
001dd680 00000008 b sleepEvent
001dd688 00000004 b dspSem
001dd68c 00000004 b irqEvent
001dd690 00000008 b ndspHookCookie
001dd698 00000001 b componentFree
001dd69a 00000002 b componentDataMask
001dd69c 00000002 b componentProgMask
001dd6a0 00000004 b componentSize
001dd6a4 00000004 b componentBin
001dd6a8 00000004 b frameCount
001dd6ac 00000004 b droppedFrames
001dd6b0 00000001 b bCancelReceived
001dd6b1 00000001 b bSleeping
001dd6b2 00000001 b bEnteringSleep
001dd6b3 00000001 b bDspReady
001dd6b4 00000080 B ndspVars
001dd734 00000002 B ndspBufferId
001dd736 00000002 B ndspBufferCurId
001dd738 00000002 B ndspFrameId
001dd73a 00000001 b flagValue.0
001dd73b 00000001 b flagInit.1
001dd73c 00000004 b serviceName.6
001dd740 00000001 b aptChainloadFlags
001dd741 00000001 b aptChainloadMediatype
001dd744 00000020 b aptChainloadHmac
001dd764 00000300 b aptChainloadDeliverArg
001dda68 00000008 b aptChainloadTid
001dda70 00001000 b aptParameters
001dea70 00000004 b aptFlags
001dea74 00000001 b aptHomeButtonState
001dea78 00000004 b aptMessageFuncData
001dea7c 00000004 b aptMessageFunc
001dea80 0000000c b aptFirstHook
001dea8c 00000001 b aptEventHandlerThreadQuit
001dea90 00000004 b aptEventHandlerThread
001dea94 00000008 b aptSleepEvent
001dea9c 00000008 b aptReceiveEvent
001deaa4 00000008 b aptEvents
001deaac 00000004 b aptLockHandle
001deab0 00000004 b aptRefCount
001deab4 00000004 b cfguRefCount
001deab8 00000004 b cfguHandle
001deabc 00000002 b dspSavedCompDataMask
001deabe 00000002 b dspSavedCompProgMask
001deac0 00000004 b dspSavedCompSize
001deac4 00000004 b dspSavedCompBin
001deac8 00000001 b dspSleeping
001deac9 00000001 b dspComponentLoaded
001deacc 00000008 b dspFirstHook
001dead4 00000004 b dspRefCount
001dead8 00000004 b dspHandle
001deae0 00000080 b fsExemptArchives
001deb60 00000004 b fsuRefCount
001deb64 00000004 b fsuHandle
001deb68 00000007 b gspEventCbOneShot
001deb70 0000001c b gspEventCbData
001deb8c 0000001c b gspEventCb
001deba8 00000038 b gspEvents
001debe0 00000004 b gspLastEvent
001debe4 00000001 b gspRunEvents
001debe8 00000004 b gspEventThread
001debec 00000004 b gspEvent
001debf0 00000001 b gspGpuRight
001debf1 00000001 b gspThreadId
001debf4 00000004 b gspSharedMem
001debf8 00000004 b gspSharedMemHandle
001debfc 00000004 b gspRefCount
001dec00 00000004 b gspGpuHandle
001dec04 00000001 b usingIrrst
001dec08 00000004 b hidRefCount
001dec0c 00000006 b gRate
001dec14 00000006 b aVec
001dec1c 00000004 b cPos
001dec20 00000004 b tPos
001dec24 00000004 b kRepeat
001dec28 00000004 b kUp
001dec2c 00000004 b kDown
001dec30 00000004 b kHeld
001dec34 00000004 b kOld
001dec38 00000004 B hidSharedMem
001dec3c 00000014 B hidEvents
001dec50 00000004 B hidMemHandle
001dec54 00000004 B hidHandle
001dec58 00000004 b irrstRefCount
001dec5c 00000004 b csPos
001dec60 00000004 b kHeld
001dec64 00000004 B irrstSharedMem
001dec68 00000004 B irrstEvent
001dec6c 00000004 B irrstMemHandle
001dec70 00000004 B irrstHandle
001dec74 00000004 b ptmSysmRefCount
001dec78 00000004 b ptmSysmHandle
001dec7c 00000004 V __ctru_linear_heap_size
001dec80 00000004 V __ctru_heap_size
001dec84 00000004 B __ctru_linear_heap
001dec88 00000004 B __ctru_heap
001dec8c 00000004 B __system_retAddr
001dec90 00000004 B __system_argv
001dec94 00000004 B __system_argc
001dec98 b saved_stack
001deca0 00000004 B __3dslink_host
001deca4 00000004 b srvRefCount
001deca8 00000004 b srvHandle
001decac 00000004 b currentAddr
001decb0 00000004 b maxAddr
001decb4 00000004 b minAddr
001decb8 00000004 b srvPmHandle
001decc0 000005c0 b archive_devices
001df280 00000004 b archive_device_cwd
001df284 00000001 b archive_initialized
001df288 0000000c b __sfp_recursive_mutex
001df298 00000168 B __sf
001df400 00000004 B __stdio_exit_handler
001df404 00000028 B __malloc_current_mallinfo
001df42c 00000004 B __malloc_max_total_mem
001df430 00000004 B __malloc_max_sbrked_mem
001df434 00000004 B __malloc_top_pad
001df438 0000000c b __malloc_recursive_mutex
001df444 0000000c b __env_recursive_mutex
001df450 00000004 b initial_env
001df454 00000400 b temp_cwd
001df854 00000004 b __hndl_lock
001df858 00000004 B fake_heap_start
001df85c 00000004 B fake_heap_end
001df860 00000004 b heap_start.0
001df864 B __tls_start
001e046c B __bss_end__
001e046c A __end__
001e046c B __tls_end
