         w __deregister_frame_info
         w __register_frame_info
         w userAppExit
         w userAppInit
00000000 00000802 B __ctru_dev_utf16_buf
00000000 a shift
00000000 a shift
00000000 b _TLS_MODULE_BASE_
00000804 00000401 B __ctru_dev_path_buf
00100000 A __start__
00100000 T _start
00100008 T __service_ptr
0010000c T __apt_appid
00100010 T __heap_size
00100014 T __linear_heap_size
00100018 T __system_arglist
0010001c T __system_runflags
00100020 t startup
00100058 t ClearMem
0010006c t ClrLoop
00100094 T _init
001000ac T __aeabi_uidiv
001000ac 000001ec T __udivsi3
001000ac t .udivsi3_skip_div0_test
00100298 00000020 T __aeabi_uidivmod
001002b8 T __aeabi_idiv
001002b8 00000220 T __divsi3
001002c0 t .divsi3_skip_div0_test
001004d8 00000020 T __aeabi_idivmod
001004f8 00000004 W __aeabi_idiv0
001004f8 00000004 W __aeabi_ldiv0
001004fc T __aeabi_ldivmod
001005d0 T __aeabi_uldivmod
00100628 00000390 T strcmp
001009b0 t __do_global_dtors_aux
001009f0 t frame_dummy
00100a1c 0000001c T audioCallback
00100a38 00000118 T main
00100b50 00000158 T SDL_InitSubSystem
00100ca8 00000040 T SDL_Init
00100ce8 0000009c T SDL_QuitSubSystem
00100d84 00000018 T SDL_Quit
00100d9c 000001d0 T SDL_SetError
00100f6c 00000014 T SDL_ClearError
00100f80 00000058 T SDL_Error
00100fd8 00000020 t SDL_Parachute
00100ff8 00000044 T SDL_InstallParachute
0010103c 00000048 T SDL_UninstallParachute
00101084 00000030 t SDL_LockAudio_Default
001010b4 00000030 t SDL_UnlockAudio_Default
001010e4 00000198 T SDL_RunAudio
0010127c 000004b8 T SDL_OpenAudio
00101734 00000018 T SDL_PauseAudio
0010174c 000000ac T SDL_AudioQuit
001017f8 000000e8 T SDL_AudioInit
001018e0 000000dc T SDL_FirstAudioFormat
001019bc 00000054 T SDL_NextAudioFormat
00101a10 00000038 T SDL_CalculateAudioSpec
00101a48 00000284 T SDL_ConvertMono
00101ccc 000001f0 T SDL_ConvertStrip
00101ebc 000001f4 T SDL_ConvertStrip_2
001020b0 00000098 T SDL_ConvertStereo
00102148 000003c0 T SDL_ConvertSurround
00102508 0000034c T SDL_ConvertSurround_4
00102854 0000006c T SDL_Convert16LSB
001028c0 0000007c T SDL_Convert16MSB
0010293c 0000008c T SDL_Convert8
001029c8 000000a4 T SDL_ConvertSign
00102a6c 00000064 T SDL_ConvertEndian
00102ad0 000000cc T SDL_RateMUL2
00102b9c 00000110 T SDL_RateMUL2_c2
00102cac 00000178 T SDL_RateMUL2_c4
00102e24 000001e0 T SDL_RateMUL2_c6
00103004 000000e8 T SDL_RateDIV2
001030ec 000000f4 T SDL_RateDIV2_c2
001031e0 0000011c T SDL_RateDIV2_c4
001032fc 00000158 T SDL_RateDIV2_c6
00103454 00000050 T SDL_ConvertAudio
001034a8 000005bc T SDL_BuildAudioCVT
00103a64 000000b4 t MS_ADPCM_nibble
00103b18 000000ec t IMA_ADPCM_nibble
00103c04 00000088 t ReadChunk
00103c8c 00000900 T SDL_LoadWAV_RW
0010458c 0000000c T SDL_FreeWAV
00104598 0000007c t mem_seek
00104614 00000018 t mem_writeconst
0010462c 0000004c t stdio_write
00104678 0000004c t stdio_read
001046c4 00000034 t stdio_seek
001046f8 00000084 t mem_read
0010477c 00000034 t stdio_close
001047b0 00000020 t mem_close
001047d0 000000b0 T SDL_RWFromFile
00104880 00000064 T SDL_RWFromConstMem
001048e4 00000028 T SDL_ReadLE32
0010490c 000000c0 t SDL_DelThread.part.0
001049cc 0000009c T SDL_GetErrBuf
00104a68 0000003c T SDL_RunThread
00104aa4 0000017c T SDL_CreateThread
00104c20 0000004c T SDL_WaitThread
00104c6c 00000004 t callback_wrapper
00104c70 0000008c t SDL_AddTimerInternal
00104cfc 00000044 T SDL_SetTimerThreaded
00104d40 0000013c T SDL_ThreadedTimerCheck
00104e7c 00000150 T SDL_SetTimer
00104fcc 00000068 T SDL_TimerQuit
00105034 00000098 T SDL_TimerInit
001050cc 00000088 t SDL_WM_GrabInputRaw
00105154 00000148 T SDL_VideoModeOK
0010529c 0000029c T SDL_UpdateRects
00105538 00000174 T SDL_Flip
001056ac 00000118 T SDL_VideoQuit
001057c4 00000208 T SDL_VideoInit
001059cc 00000068 T SDL_WM_GrabInput
00105a34 00000804 T SDL_SetVideoMode
00106238 000000c0 t SDL_JoystickClose.part.0
001062f8 00000064 T SDL_JoystickInit
0010635c 000000a0 T SDL_JoystickQuit
001063fc 0000009c T SDL_PrivateJoystickAxis
00106498 0000008c T SDL_PrivateJoystickHat
00106524 000000b0 T SDL_PrivateJoystickButton
001065d4 0000003c T SDL_JoystickUpdate
00106610 00000018 T SDL_StartTicks
00106628 00000068 T SDL_GetTicks
00106690 00000010 T SDL_Delay
001066a0 00000008 T SDL_SYS_TimerInit
001066a8 00000004 T SDL_SYS_TimerQuit
001066ac 00000018 T SDL_SYS_StartTimer
001066c4 00000004 T SDL_SYS_StopTimer
001066c8 00000008 t N3DSAUD_Available
001066d0 0000000c t N3DSAUD_GetAudioBuf
001066dc 00000128 t N3DSAUD_CreateDevice
00106804 0000005c t N3DSAUD_DeleteDevice
00106860 00000008 t N3DSAUD_UnlockAudio
00106868 00000008 t N3DSAUD_LockAudio
00106870 000000c4 t N3DSAUD_CloseAudio
00106934 00000074 t audioFrameFinished
001069a8 000000a8 t N3DSAUD_PlayAudio
00106a50 00000068 t N3DSAUD_WaitAudio
00106ab8 00000260 t N3DSAUD_OpenAudio
00106d18 0000005c t N3DSAUD_DspHook
00106d74 00000014 T SDL_SYS_JoystickInit
00106d88 00000498 T SDL_SYS_JoystickUpdate
00107220 00000004 T SDL_SYS_JoystickClose
00107224 00000004 T SDL_SYS_JoystickQuit
00107228 00000028 T SDL_CreateMutex
00107250 0000000c T SDL_DestroyMutex
0010725c 0000002c T SDL_mutexP
00107288 0000002c T SDL_mutexV
001072b4 00000034 T SDL_CreateSemaphore
001072e8 0000000c T SDL_DestroySemaphore
001072f4 00000030 T SDL_SemWait
00107324 00000014 T SDL_SemPost
00107338 00000004 T ThreadEntry
0010733c 000000a0 T SDL_SYS_CreateThread
001073dc 00000004 T SDL_SYS_SetupThread
001073e0 00000038 T SDL_ThreadID
00107418 00000010 T SDL_SYS_WaitThread
00107428 00000008 t N3DS_Available
00107430 00000008 t N3DS_ListModes
00107438 00000008 t N3DS_AllocHWSurface
00107440 00000008 t N3DS_LockHWSurface
00107448 00000004 t N3DS_UnlockHWSurface
0010744c 00000060 t N3DS_SetColors
001074ac 00000108 t N3DS_CreateDevice
001075b4 00000024 t N3DS_DeleteDevice
001075d8 00000048 t N3DS_VideoInit
00107620 00000168 t N3DS_FlipHWSurface.part.0
00107620 00000168 t N3DS_UpdateRects.part.0
00107788 00000024 t N3DS_FlipHWSurface
001077ac 00000020 t N3DS_UpdateRects
001077cc 00000004 t N3DS_FreeHWSurface
001077d0 000000ec t N3DS_VideoQuit
001078bc 000000ac T N3DS_SetScaling
00107968 00000848 t N3DS_SetVideoMode
001081b0 0000003c T N3DS_ToggleFullScreen
001081ec 00000114 T drawTexture
00108300 000002b8 t videoThread
001085b8 000000ec t SDL_GobbleEvents
001086a4 00000064 T SDL_Lock_EventThread
00108708 00000044 T SDL_Unlock_EventThread
0010874c 0000007c T SDL_StopEventLoop
001087c8 00000110 T SDL_StartEventLoop
001088d8 0000021c T SDL_PeepEvents
00108af4 00000028 T SDL_PushEvent
00108b20 00000ba4 T SDL_KeyboardInit
001096c4 00000004 T SDL_KeyboardQuit
001096c8 000003e0 T SDL_PrivateKeyboard
00109aa8 00000080 T SDL_ResetKeyboard
00109b28 0000008c T SDL_CheckKeyRepeat
00109bb4 00000078 t ClipOffset
00109c2c 00000060 T SDL_MouseInit
00109c8c 00000004 T SDL_MouseQuit
00109c90 00000038 T SDL_GetMouseState
00109cc8 00000044 T SDL_GetRelativeMouseState
00109d0c 0000001c T SDL_SetMouseRange
00109d28 000001c4 T SDL_PrivateMouseMotion
00109eec 00000208 T SDL_PrivateMouseButton
0010a0f4 0000004c T SDL_ResetMouse
0010a140 00000070 t SDL_HandleSIG
0010a1b0 00000048 T SDL_QuitInit
0010a1f8 00000050 T SDL_QuitQuit
0010a248 000000ec T SDL_PrivateResize
0010a334 000000d0 T SDL_MouseRect
0010a408 00000704 T SDL_DrawCursorNoLock
0010ab0c 000000c0 T SDL_DrawCursor
0010abcc 00000188 T SDL_EraseCursorNoLock
0010ad54 000000c0 T SDL_EraseCursor
0010ae14 000001d0 T SDL_SetCursor
0010afe4 000000a0 T SDL_FreeCursor
0010b084 00000098 T SDL_CursorQuit
0010b11c 000001d0 T SDL_CreateCursor
0010b2ec 00000090 T SDL_CursorInit
0010b37c 000000b8 T SDL_MoveCursor
0010b434 00000034 T SDL_ResetCursor
0010b468 0000005c t SDL_DitherColors.part.0
0010b4c4 00000054 T SDL_FormatChanged
0010b518 00000040 T SDL_FreeFormat
0010b558 000004d8 T SDL_AllocFormat
0010ba30 000000c8 T SDL_ReallocFormat
0010baf8 0000000c T SDL_DitherColors
0010bb04 0000005c T SDL_CalculatePitch
0010bb60 0000007c T SDL_FindColor
0010bbdc 000000a8 t Map1to1
0010bc84 00000058 t MapNto1.isra.0
0010bcdc 00000064 T SDL_MapRGB
0010bd40 0000005c T SDL_AllocBlitMap
0010bd9c 00000034 T SDL_InvalidateMap
0010bdd0 0000031c T SDL_MapSurface
0010c0ec 00000038 T SDL_FreeBlitMap
0010c124 000000a4 T SDL_SetClipRect
0010c1c8 00000120 T SDL_LowerBlit
0010c2e8 00000094 T SDL_LockSurface
0010c37c 00000064 T SDL_UnlockSurface
0010c3e0 00000454 T SDL_FillRect
0010c834 00000148 T SDL_FreeSurface
0010c97c 0000027c T SDL_CreateRGBSurface
0010cbf8 0000018c T N3DS_PumpEvents
0010cd84 00000004 T N3DS_InitOSKeymap
0010cd88 00000018 T SDL_AppActiveInit
0010cda0 00000004 T SDL_AppActiveQuit
0010cda4 0000002c T SDL_revcpy
0010cdd0 00000044 T SDL_memcmp
0010ce14 00000100 t copy_opaque_16
0010cf14 0000011c t uncopy_opaque_16
0010d030 000000fc t copy_transl_565
0010d12c 000000fc t copy_transl_555
0010d228 00000124 t uncopy_transl_16
0010d34c 000000dc t copy_32
0010d428 00000110 t uncopy_32
0010d538 00000008 t getpix_8
0010d540 00000008 t getpix_16
0010d548 00000010 t getpix_24
0010d558 00000008 t getpix_32
0010d560 00002438 T SDL_RLEBlit
0010f998 00000a74 T SDL_RLEAlphaBlit
0011040c 00000250 T SDL_UnRLESurface
0011065c 00000c80 T SDL_RLESurface
001112dc 00000230 t SDL_SoftBlit
0011150c 000000a8 t SDL_BlitCopyOverlap
001115b4 00000064 t SDL_BlitCopy
00111618 00000340 T SDL_CalculateBlit
00111958 00000104 t BlitBto1
00111a5c 000000a8 t BlitBto2
00111b04 000000b0 t BlitBto3
00111bb4 000000b4 t BlitBto4
00111c68 00000110 t BlitBto1Key
00111d78 000000b8 t BlitBto2Key
00111e30 000000bc t BlitBto4Key
00111eec 00000258 t BlitBtoNAlpha
00112144 0000026c t BlitBtoNAlphaKey
001123b0 000000bc t BlitBto3Key
0011246c 000000a4 T SDL_CalculateBlit0
00112510 00000100 t Blit1to1
00112610 00000128 t Blit1to2
00112738 000001b4 t Blit1to3
001128ec 00000114 t Blit1to4
00112a00 00000274 t Blit1to1Key
00112c74 00000188 t Blit1to2Key
00112dfc 0000021c t Blit1to3Key
00113018 00000170 t Blit1to4Key
00113188 000008bc t Blit1toNAlpha
00113a44 00000c00 t Blit1toNAlphaKey
00114644 00000090 T SDL_CalculateBlit1
001146d4 000003a4 t Blit_RGB888_index8
00114a78 000001d0 t Blit_RGB888_RGB555
00114c48 000001d0 t Blit_RGB888_RGB565
00114e18 000001ac t Blit_RGB565_32
00114fc4 0000000c t Blit_RGB565_ARGB8888
00114fd0 0000000c t Blit_RGB565_ABGR8888
00114fdc 0000000c t Blit_RGB565_RGBA8888
00114fe8 0000000c t Blit_RGB565_BGRA8888
00114ff4 00000208 t Blit_RGB888_index8_map
001151fc 00000ab8 t BlitNto1
00115cb4 000001f4 t Blit4to4MaskAlpha
00115ea8 00000da8 t BlitNtoN
00116c50 00000218 t BlitNtoNCopyAlpha
00116e68 00001034 t BlitNto1Key
00117e9c 0000017c t Blit2to2Key
00118018 00000c3c t BlitNtoNKey
00118c54 00001100 t BlitNtoNKeyCopyAlpha
00119d54 0000029c T SDL_CalculateBlitN
00119ff0 0000004c T SDL_HasMMX
0011a03c 000004c4 t BlitNto1SurfaceAlpha
0011a500 0000051c t BlitNto1PixelAlpha
0011aa1c 00000c44 t BlitNto1SurfaceAlphaKey
0011b660 000003a0 t BlitRGBtoRGBSurfaceAlpha
0011ba00 00000260 t BlitRGBtoRGBPixelAlpha
0011bc60 00000278 t Blit16to16SurfaceAlpha128
0011bed8 000001b0 t Blit565to565SurfaceAlpha
0011c088 000001b0 t Blit555to555SurfaceAlpha
0011c238 000002b8 t BlitARGBto565PixelAlpha
0011c4f0 000002a4 t BlitARGBto555PixelAlpha
0011c794 00000c68 t BlitNtoNSurfaceAlpha
0011d3fc 00000990 t BlitNtoNSurfaceAlphaKey
0011dd8c 00000bdc t BlitNtoNPixelAlpha
0011e968 00000220 T SDL_CalculateAlphaBlit
0011eb88 00000028 T AttrInfo_Init
0011ebb0 00000094 T AttrInfo_AddLoader
0011ec44 00000020 T C3D_GetAttrInfo
0011ec64 00000080 T C3Di_AttrInfoBind
0011ece4 00000004 W C3Di_LightEnvUpdate
0011ece8 00000004 W C3Di_LightEnvDirty
0011ecec 00000004 W C3Di_ProcTexUpdate
0011ecf0 00000004 W C3Di_ProcTexDirty
0011ecf4 000000b4 t C3Di_AptEventHook
0011eda8 00000004 W C3Di_GasUpdate
0011edac 000001d0 T C3D_Init
0011ef7c 00000098 T C3D_SetViewport
0011f014 000004e8 T C3Di_UpdateContext
0011f4fc 000000e0 T C3Di_SplitFrame
0011f5dc 00000044 T C3D_Fini
0011f620 00000194 T C3D_BindProgram
0011f7b4 00000024 T BufInfo_Init
0011f7d8 00000020 T C3D_GetBufInfo
0011f7f8 00000048 T C3Di_BufInfoBind
0011f840 00000040 T C3D_DepthMap
0011f880 0000001c T C3D_CullFace
0011f89c 00000040 T C3D_StencilTest
0011f8dc 00000024 T C3D_StencilOp
0011f900 0000001c T C3D_BlendingColor
0011f91c 00000024 T C3D_EarlyDepthTest
0011f940 0000002c T C3D_DepthTest
0011f96c 0000002c T C3D_AlphaTest
0011f998 00000050 T C3D_AlphaBlend
0011f9e8 00000030 T C3D_FragOpMode
0011fa18 00000044 T C3D_FragOpShadow
0011fa5c 000001ac T C3Di_EffectBind
0011fc08 0000001c T C3D_CalcColorBufSize
0011fc24 0000001c T C3D_CalcDepthBufSize
0011fc40 00000044 T C3D_SetFrameBuf
0011fc84 0000016c T C3Di_FrameBufBind
0011fdf0 000000c8 T C3D_FrameBufClear
0011feb8 00000044 T C3D_FrameBufTransfer
0011fefc 000000b8 T C3D_ImmDrawBegin
0011ffb4 000000a8 T C3D_ImmSendAttrib
0012005c 00000074 T C3D_ImmDrawEnd
001200d0 0000004c t onVBlank0
0012011c 0000004c t onVBlank1
00120168 00000080 t C3Di_RenderTargetDestroy
001201e8 000000f4 t onQueueFinish
001202dc 00000038 T C3Di_RenderQueueEnableVBlank
00120314 00000030 T C3Di_RenderQueueDisableVBlank
00120344 00000060 T C3Di_RenderQueueInit
001203a4 000000b4 T C3Di_RenderQueueExit
00120458 00000034 T C3Di_RenderQueueWaitDone
0012048c 000000e8 T C3D_FrameBegin
00120574 00000048 T C3D_FrameDrawOn
001205bc 000001d0 T C3D_FrameEnd
0012078c 00000170 T C3D_RenderTargetCreate
001208fc 000000f0 T C3D_RenderTargetDelete
001209ec 000000a8 T C3D_RenderTargetSetOutput
00120a94 000000f0 T C3D_SyncDisplayTransfer
00120b84 00000034 T C3D_GetTexEnv
00120bb8 00000024 T C3Di_TexEnvBind
00120bdc 00000290 T C3D_TexInitWithParams
00120e6c 00000044 T C3D_TexBind
00120eb0 00000074 T C3D_TexDelete
00120f24 0000014c T C3Di_SetTex
00121070 00000290 T C3D_UpdateUniforms
00121300 000000c0 T C3Di_DirtyUniforms
001213c0 000000d8 T C3Di_LoadShaderUniforms
00121498 00000028 T C3Di_ClearShaderUniforms
001214c0 000000cc T Mtx_OrthoTilt
0012158c 00000024 t addrMapNodeComparator(rbtree_node const*, rbtree_node const*)
001215b0 00000004 t addrMapNodeDestructor(rbtree_node*)
001215b4 00000120 T linearMemAlign
001216d4 00000008 T linearAlloc
001216dc 0000005c T linearFree
00121738 00000080 T MemPool::CoalesceRight(MemBlock*)
001217b8 0000016c T MemPool::Allocate(MemChunk&, unsigned long, int)
00121924 000000fc T MemPool::Deallocate(MemChunk const&)
00121a20 00000030 T MemPool::GetFreeSpace()
00121a50 00000024 t addrMapNodeComparator(rbtree_node const*, rbtree_node const*)
00121a74 00000004 t addrMapNodeDestructor(rbtree_node*)
00121a78 0000024c T vramMemAlignAt
00121cc4 0000000c T vramAlloc
00121cd0 0000000c T vramAllocAt
00121cdc 00000090 T vramFree
00121d6c 0000051c t consoleHandleColorEsc
00122288 000000b8 t consoleColorStateShift
00122340 000001ac T consoleDrawChar
001224ec 00000124 T consolePrintChar
00122610 000006f4 T con_write
00122d04 000000fc t newRow
00122e00 0000018c T consoleInit
00122f8c 000000d0 t gfxPresentFramebuffer
0012305c 00000010 T gfxSet3D
0012306c 0000001c T gfxIsWide
00123088 000000ec T gfxSetScreenFormat
00123174 00000010 T gfxSetDoubleBuffering
00123184 000000e0 T gfxInit
00123264 00000010 T gfxInitDefault
00123274 000000b4 T gfxExit
00123328 000000a0 T gfxGetFramebuffer
001233c8 00000104 T gfxFlushBuffers
001234cc 00000030 T gfxScreenSwapBuffers
001234fc 00000050 T gfxSwapBuffersGpu
0012354c 00000074 T osConvertVirtToPhys
001235c0 00000054 T osGetTimeRef
00123614 000000ec T osGetTime
00123700 00000034 T __ctru_speedup_config
00123734 00000008 t romfs_close
0012373c 000000c4 t romfs_seek
00123800 00000024 t romfs_dirreset
00123824 000000c8 t fill_dir
001238ec 000002a8 t romfs_dirnext
00123b94 00000084 t romfs_free
00123c18 000000d4 t searchForFile.constprop.0
00123cec 000000d8 t searchForDir.constprop.0
00123dc4 000001c0 t navigateToDir.constprop.0
00123f84 0000010c t romfs_open
00124090 0000004c t romfs_chdir
001240dc 00000070 t romfs_diropen
0012414c 00000174 t romfs_stat
001242c0 00000008 t romfs_dirclose
001242c8 00000084 t romfs_fstat
0012434c 000000d0 t romfs_read
0012441c 0000028c T romfsMountFromFile
001246a8 00000098 T romfsMountFromCurrentProcess
00124740 00000260 T romfsMountSelf
001249a0 0000000c T __sync_init
001249ac 00000018 T __sync_fini
001249c4 0000002c T syncArbitrateAddress
001249f0 0000001c T LightLock_Init
00124a0c 000000ac T LightLock_Lock
00124ab8 00000040 T LightLock_Unlock
00124af8 00000024 T RecursiveLock_Init
00124b1c 00000030 T RecursiveLock_Lock
00124b4c 00000054 T RecursiveLock_Unlock
00124ba0 0000000c T CondVar_Init
00124bac 00000084 T CondVar_Wait
00124c30 000000b0 T CondVar_WakeUp
00124ce0 00000040 T LightEvent_Init
00124d20 000000a4 T LightEvent_Clear
00124dc4 000000c8 T LightEvent_Signal
00124e8c 00000050 T LightEvent_TryWait
00124edc 000000a0 T LightEvent_Wait
00124f7c 00000014 T LightSemaphore_Init
00124f90 00000094 T LightSemaphore_Acquire
00125024 00000064 T LightSemaphore_Release
00125088 000001d8 T threadCreate
00125260 00000024 T threadGetHandle
00125284 0000002c T threadFree
001252b0 00000024 T threadJoin
001252d4 00000030 T threadGetCurrent
00125304 00000040 T threadExit
00125344 00000020 t _thread_begin
00125364 0000013c T GPUCMD_Add
001254a0 000000b0 T GPUCMD_Split
00125550 00000034 T f32tof16
00125584 00000034 T f32tof24
001255b8 00000038 T f32tof31
001255f0 00000010 T GX_BindQueue
00125600 00000078 T GX_ProcessCommandList
00125678 00000074 T GX_MemoryFill
001256ec 00000070 T GX_DisplayTransfer
0012575c 00000068 t gxCmdQueueDoCommands.part.0
001257c4 000000c8 T gxCmdQueueInterrupt
0012588c 0000004c T gxCmdQueueClear
001258d8 000000f8 T gxCmdQueueAdd
001259d0 00000080 T gxCmdQueueRun
00125a50 00000060 T gxCmdQueueStop
00125ab0 0000008c T gxCmdQueueWait
00125b3c 000001d0 T shaderInstanceInit
00125d0c 00000018 T shaderInstanceGetUniformLocation
00125d24 0000001c T shaderProgramInit
00125d40 00000064 T shaderProgramFree
00125da4 00000080 T shaderProgramSetVsh
00125e24 000008e0 T shaderProgramConfigure
00126704 000001cc t DVLE_GenerateOutmap.part.0
001268d0 000001b4 T DVLB_ParseFile
00126a84 00000038 T DVLB_Free
00126abc 00000074 T DVLE_GetUniformRegister
00126b30 000000e4 T ndspChnReset
00126c14 00000018 T ndspChnSetFormat
00126c2c 00000048 T ndspChnSetInterp
00126c74 0000005c T ndspChnSetRate
00126cd0 00000088 T ndspChnSetMix
00126d58 000000bc T ndspChnWaveBufAdd
00126e14 00000040 T ndspiInitChn
00126e54 0000002c T ndspiDirtyChn
00126e80 00000458 T ndspiUpdateChn
001272d8 00000180 T ndspiReadChnState
00127458 00000158 t ndspUpdateMaster
001275b0 00000110 t ndspFinalize
001276c0 00000250 t ndspInitialize.part.0
00127910 000000fc t ndspHookCallback
00127a10 00000318 t ndspThreadMain
00127d28 000003c4 T ndspInit
001280ec 000000cc T ndspExit
001281b8 00000010 T ndspSetCallback
001281c8 000001ac t aptConvertScreenForCapture
00128374 00000158 T aptSendCommand
001284d0 00000044 t aptExitProcess
00128514 00000014 T aptIsActive
00128528 0000038c T aptExit
001288b4 000000e0 T aptHandleSleep
00128994 00000030 T aptHook
001289c4 00000030 T aptUnhook
001289f4 00000084 T APT_SleepIfShellClosed
00128a78 00000084 T aptSetSleepAllowed
00128afc 00000084 T APT_UnlockTransition
00128b80 000004a4 t aptEventHandler
00129024 000000b0 T APT_ReceiveParameter
001290d4 000000ac t aptReceiveParameter.constprop.0
00129180 000002ac t aptScreenTransfer
0012942c 00000320 t aptWaitForWakeUp.isra.0
0012974c 000000f8 T aptJumpToHomeMenu
00129844 00000048 T aptMainLoop
0012988c 0000022c T aptInit
00129ab8 0000007c T APT_CheckNew3DS
00129b34 000000a4 T cfguInit
00129bd8 0000003c T cfguExit
00129c14 0000004c T CFGU_GetConfigInfoBlk2
00129c60 000000a4 t DSP_LoadComponent.part.0
00129d04 000000dc T dspInit
00129de0 00000080 T dspExit
00129e60 00000024 T dspHook
00129e84 00000030 T dspUnhook
00129eb4 000000b0 T aptDspSleep
00129f64 000000b8 T aptDspWakeup
0012a01c 00000044 T aptDspCancel
0012a060 00000050 T DSP_FlushDataCache
0012a0b0 00000034 T DSP_SetSemaphore
0012a0e4 00000034 T DSP_SetSemaphoreMask
0012a118 00000038 T DSP_GetSemaphoreHandle
0012a150 0000003c T DSP_LoadComponent
0012a18c 00000044 T DSP_RegisterInterruptEvents
0012a1d0 00000074 T DSP_ReadPipeIfPossible
0012a244 0000004c T DSP_WriteProcessPipe
0012a290 00000040 T DSP_ConvertProcessAddressFromDspDram
0012a2d0 00000040 T DSP_RecvData
0012a310 0000004c T DSP_RecvDataIsReady
0012a35c 000000cc T fsInit
0012a428 0000003c T fsExit
0012a464 00000060 T fsExemptFromSession
0012a4c4 00000050 T fsUnexemptFromSession
0012a514 000000cc T FSUSER_OpenFile
0012a5e0 000000d4 T FSUSER_OpenFileDirectly
0012a6b4 000000bc T FSUSER_DeleteFile
0012a770 000000f8 T FSUSER_RenameFile
0012a868 000000bc T FSUSER_DeleteDirectory
0012a924 000000d4 T FSUSER_CreateFile
0012a9f8 000000c4 T FSUSER_CreateDirectory
0012aabc 000000f8 T FSUSER_RenameDirectory
0012abb4 000000b4 T FSUSER_OpenDirectory
0012ac68 00000094 T FSUSER_OpenArchive
0012acfc 0000008c T FSUSER_CloseArchive
0012ad88 00000074 T FSUSER_GetSdmcArchiveResource
0012adfc 00000064 T FSUSER_IsSdmcWritable
0012ae60 00000058 T FSFILE_Read
0012aeb8 00000060 T FSFILE_Write
0012af18 00000038 T FSFILE_GetSize
0012af50 00000028 T FSFILE_SetSize
0012af78 0000003c T FSFILE_Close
0012afb4 00000024 T FSFILE_Flush
0012afd8 00000050 T FSDIR_Read
0012b028 0000003c T FSDIR_Close
0012b064 00000c64 t gspHardwareInit
0012bcc8 00000248 T gspInit
0012bf10 000000f0 T gspExit
0012c000 00000010 T gspHasGpuRight
0012c010 000000a0 T gspPresentBuffer
0012c0b0 00000030 T gspSetEventCallback
0012c0e0 00000044 T gspWaitForEvent
0012c124 0000004c T gspWaitForAnyEvent
0012c170 00000158 t gspEventThreadMain
0012c2c8 00000130 T gspSubmitGxCommand
0012c3f8 00000050 T GSPGPU_FlushDataCache
0012c448 00000034 T GSPGPU_SetLcdForceBlack
0012c47c 00000068 T GSPGPU_AcquireRight
0012c4e4 00000048 T GSPGPU_ReleaseRight
0012c52c 0000007c T GSPGPU_ImportDisplayCaptureInfo
0012c5a8 0000002c T GSPGPU_SaveVramSysArea
0012c5d4 0000002c T GSPGPU_RestoreVramSysArea
0012c600 00000024 W hidShouldUseIrrst
0012c624 0000018c T hidInit
0012c7b0 000000e8 T hidExit
0012c898 000002a4 T hidScanInput
0012cb3c 00000010 T hidKeysHeld
0012cb4c 00000010 T hidKeysDown
0012cb5c 00000010 T hidKeysUp
0012cb6c 00000018 T hidTouchRead
0012cb84 00000018 T hidCircleRead
0012cb9c 00000160 T irrstInit
0012ccfc 000000cc T irrstExit
0012cdc8 000000b4 T irrstScanInput
0012ce7c 00000024 T irrstKeysHeld
0012cea0 00000018 T irrstCstickRead
0012ceb8 00000074 T ptmSysmInit
0012cf2c 0000003c T ptmSysmExit
0012cf68 00000034 T PTMSYSM_ConfigureNew3DSCPU
0012cf9c 00000074 T rbtree_find
0012d010 00000010 T rbtree_init
0012d020 000001b0 t do_insert
0012d1d0 00000008 T rbtree_insert
0012d1d8 00000318 T rbtree_remove
0012d4f0 00000090 T rbtree_rotate
0012d580 000000e8 T utf16_to_utf8
0012d668 000000c0 T utf8_to_utf16
0012d728 000001e0 W __system_allocateHeaps
0012d908 00000038 W __libctru_init
0012d940 00000170 W __system_initArgv
0012dab0 00000030 T __syscall_getreent
0012dae0 00000064 T __syscall_gettod_r
0012db44 00000004 T __syscall_lock_acquire
0012db48 00000004 T __syscall_lock_release
0012db4c 00000004 T __syscall_lock_acquire_recursive
0012db50 00000004 T __syscall_lock_release_recursive
0012db54 00000004 T __syscall_exit
0012db58 00000050 T initThreadVars
0012dba8 00000080 T __system_initSyscalls
0012dc28 T svcControlMemory
0012dc48 T svcQueryMemory
0012dc78 T svcExitProcess
0012dc80 T svcCreateThread
0012dca0 T svcExitThread
0012dca8 T svcSleepThread
0012dcb0 T svcGetThreadPriority
0012dcc4 T svcReleaseMutex
0012dccc T svcCreateEvent
0012dce0 T svcSignalEvent
0012dce8 T svcClearEvent
0012dcf0 T svcMapMemoryBlock
0012dcf8 T svcUnmapMemoryBlock
0012dd00 T svcCreateAddressArbiter
0012dd14 T svcArbitrateAddressNoTimeout
0012dd1c T svcCloseHandle
0012dd24 T svcWaitSynchronization
0012dd2c T svcWaitSynchronizationN
0012dd54 T svcDuplicateHandle
0012dd68 T svcGetSystemTick
0012dd70 T svcConnectToPort
0012dd84 T svcSendSyncRequest
0012dd8c T svcGetThreadId
0012dda0 T svcGetResourceLimit
0012ddb4 T svcGetResourceLimitLimitValues
0012ddbc T svcGetResourceLimitCurrentValues
0012ddc4 T svcBreak
0012ddcc T __aeabi_read_tp
0012ddd8 W initSystem
0012de28 W __ctru_exit
0012de3c 00000084 W envGetHandle
0012dec0 00000050 W envDestroyHandles
0012df10 0000012c T srvInit
0012e03c 00000058 T srvExit
0012e094 00000060 T srvEnableNotification
0012e0f4 000000a0 T srvGetServiceHandleDirect
0012e194 00000038 T srvGetServiceHandle
0012e1cc 00000034 T srvSubscribe
0012e200 00000060 T srvReceiveNotification
0012e260 00000038 T srvPublishToSubscriber
0012e298 000000b4 t mappableFindAddressWithin
0012e34c 00000028 T mappableInit
0012e374 00000080 T mappableAlloc
0012e3f4 00000004 T mappableFree
0012e3f8 0000000c T srvPmGetSessionHandle
0012e404 0000005c T rbtree_node_next
0012e460 00000064 T decode_utf16
0012e4c4 0000013c T decode_utf8
0012e600 00000054 T encode_utf16
0012e654 000000e0 T encode_utf8
0012e734 00000030 W __appExit
0012e764 00000030 W __appInit
0012e794 00000090 W __libctru_exit
0012e824 00000014 t archive_link
0012e838 00000014 t archive_dirreset
0012e84c 00000014 t archive_chmod
0012e860 00000024 t error_cmp
0012e884 00000050 t archive_translate_error
0012e8d4 000000c8 t archive_seek
0012e99c 0000007c t _archiveInit.part.0
0012ea18 000000c4 t archiveFindDevice.part.0
0012eadc 00000280 t archive_utf16path
0012ed5c 0000009c t _archiveUnmountDeviceStruct.part.0
0012edf8 00000014 t archive_fchmod
0012ee0c 00000014 t archive_statvfs
0012ee20 00000164 t _archiveMountDevice
0012ef84 000000e8 t archive_diropen
0012f06c 000000a4 t archive_fstat
0012f110 0000006c t archive_fsync
0012f17c 0000006c t archive_close
0012f1e8 00000070 t archive_dirclose
0012f258 000000e8 t sdmc_statvfs
0012f340 000000ec t archive_chdir
0012f42c 0000007c t archive_ftruncate
0012f4a8 000000ac t archive_read
0012f554 000000a4 t archive_unlink
0012f5f8 000000bc t archive_rmdir
0012f6b4 000000dc t archive_mkdir
0012f790 00000194 t archive_stat
0012f924 00000160 t archive_dirnext
0012fa84 00000124 t archive_write
0012fba8 0000020c t archive_open
0012fdb4 00000278 t archive_rename
0013002c 0000019c T archiveMountSdmc
001301c8 00000054 T archiveUnmountAll
0013021c 00000120 T __udivmoddi4
0013033c 000000e4 T strncmp
00130420 00000130 T strchr
00130550 00000024 T getenv
00130574 0000005c T strlen
001305d0 00000150 T memmove
00130720 00000090 T _raise_r
001307b0 00000018 T raise
001307c8 00000078 T signal
00130840 000000f0 T _fwrite_r
00130930 00000038 T fwrite
00130968 000004b4 T __sfvwrite_r
00130e1c 000000e0 T memchr
00130efc 000000d8 T memcmp
00130fd4 000001d8 t _strtoul_l.isra.0
001311ac 00000034 T strtoul
001311e0 000000e4 T strncat
001312c4 00000078 T bsearch
0013133c 00000344 T _fread_r
00131680 00000038 T fread
001316b8 00000020 T calloc
001316d8 00000038 t lflush
00131710 0000019c T __srefill_r
001318ac 00000148 T _fclose_r
001319f4 00000018 T fclose
00131a0c 000000c0 T _calloc_r
00131acc 0000012c T __smakebuf_r
00131bf8 0000008c T __swhatbuf_r
00131c84 00000020 T realloc
00131ca4 00000044 T strlcpy
00131ce8 00000020 T memalign
00131d08 0000001c t stdio_exit_handler
00131d24 0000005c t cleanup_stdio
00131d80 00000154 t global_stdio_init.part.0
00131ed4 00000134 T __sfp
00132008 0000005c T __sinit
00132064 0000000c T __sfp_lock_acquire
00132070 0000000c T __sfp_lock_release
0013207c 0000079c T _malloc_r
00132818 00000064 T strcasecmp
0013287c 000000f8 T _malloc_trim_r
00132974 000002e8 T _free_r
00132c5c 0000000c T atoi
00132c68 000001b0 t _strtol_l.part.0
00132e18 00000064 T strtol
00132e7c 0000025c T setvbuf
001330d8 00000048 T strnlen
00133120 0000000c T __errno
0013312c 00000018 T malloc
00133144 00000018 T free
0013315c 0000011c T memcpy
00133278 00000034 T printf
001332ac 0000012c T _fopen_r
001333d8 00000020 T fopen
001333f8 0000004c T time
00133444 000000c8 T _findenv_r
0013350c 000000f4 T memset
00133600 000004a0 T _realloc_r
00133aa0 00000070 T _fwalk_sglue
00133b10 0000000c T __malloc_lock
00133b1c 0000000c T __malloc_unlock
00133b28 0000002c T ftell
00133b54 00000004 W __call_exitprocs
00133b58 00000030 T exit
00133b88 0000001c T _fseek_r
00133ba4 00000034 T fseek
00133bd8 000000c4 T strncpy
00133c9c 000000b4 T __sflags
00133d50 00000084 T __libc_init_array
00133dd4 00000138 T __swsetup_r
00133f0c 0000022c T __sflush_r
00134138 00000094 T _fflush_r
001341cc 0000000c T __env_lock
001341d8 0000000c T __env_unlock
001341e4 0000014c T _memalign_r
00134330 0000003c T __libc_fini_array
0013436c 00000590 T _fseeko_r
001348fc 00000044 T __sread
00134940 00000068 T __swrite
001349a8 00000044 T __sseek
001349ec 00000008 T __sclose
001349f4 0000064c t get_arg
00135040 00003378 T _vfprintf_r
001383b8 000000b8 t __sbprintf
00138470 000001b4 t quorem
00138628 00001218 T _dtoa_r
00139840 000000a0 T _wcrtomb_r
001398e0 000001b4 T _ftello_r
00139a94 00000028 T _wcsrtombs_r
00139ac0 00000088 T frexp
00139b48 0000005c T __assert_func
00139ba4 00000088 T _Balloc
00139c2c 0000001c T _Bfree
00139c48 000000f4 T __multadd
00139d3c 00000060 T __hi0bits
00139d9c 0000009c T __lo0bits
00139e38 000000a4 T __i2b
00139edc 00000204 T __multiply
0013a0e0 00000128 T __pow5mult
0013a208 00000140 T __lshift
0013a348 00000058 T __mcmp
0013a3a0 000001fc T __mdiff
0013a59c 00000124 T __d2b
0013a6c0 00000024 T __locale_mb_cur_max
0013a6e4 0000003c T fiprintf
0013a720 00000188 T _wcsnrtombs_l
0013a8a8 00000064 T _wcsnrtombs_r
0013a90c 000002f8 T __utf8_mbtowc
0013ac04 00000030 T __sprint_r
0013ac34 00000014 T abort
0013ac48 00000024 T _localeconv_r
0013ac6c 000000f0 T __utf8_wctomb
0013ad5c 0000064c t get_arg
0013b3a8 00002300 T _vfiprintf_r
0013d6a8 000000b8 t __sbprintf
0013d760 00000020 T _exit
0013d780 0000013c T chdir
0013d8bc 000001cc T _concatenate_path
0013da88 00000078 T _fstat_r
0013db00 00000014 T _getpid_r
0013db14 0000002c T __getreent
0013db40 00000030 T _gettimeofday_r
0013db70 0000008c T __release_handle
0013dbfc 000000b0 T __alloc_handle
0013dcac 0000003c T __get_handle
0013dce8 000000f4 T _close_r
0013dddc 00000008 t null_write
0013dde4 00000018 T setDefaultDevice
0013ddfc 000000c8 T FindDevice
0013dec4 00000028 T RemoveDevice
0013deec 0000009c T AddDevice
0013df88 00000020 T GetDeviceOpTab
0013dfa8 00000008 T _isatty_r
0013dfb0 00000014 T _kill_r
0013dfc4 00000084 T _lseek_r
0013e048 000000bc T _open_r
0013e104 00000080 T _read_r
0013e184 00000078 W _sbrk_r
0013e1fc 0000001c T __libc_lock_acquire
0013e218 0000001c T __libc_lock_release
0013e234 0000001c T __libc_lock_acquire_recursive
0013e250 0000001c T __libc_lock_release_recursive
0013e26c 00000080 T _write_r
0013e2ec 00000048 T strrchr
0013e334 T _fini
0013f9c8 r .LC2
00140358 00000014 r SDL_fatal_signals
0014036c 00000048 r format_list
001403b4 00000010 r clearcolors
001403c4 00000010 r displayTranferFlags
001403d4 00000010 r textureTranferFlags
001403e4 R vshader_shbin
00140508 R vshader_shbin_end
00140508 R vshader_shbin_size
0014050c 00000010 r getpixes
0014051c 00000014 r colorkey_blit
00140530 00000014 r bitmap_blit
00140544 00000014 r one_blitkey
00140558 00000014 r one_blit
0014056c 00000010 r normal_blit
0014057c 00000084 r normal_blit_4
00140600 0000002c r normal_blit_3
0014062c 000000dc r normal_blit_2
00140708 0000002c r normal_blit_1
00140734 00000800 r RGB565_BGRA8888_LUT
00140f34 00000800 r RGB565_RGBA8888_LUT
00141734 00000800 r RGB565_ABGR8888_LUT
00141f34 00000800 r RGB565_ARGB8888_LUT
00142734 00000004 r depthFmtSizes
00142738 00000005 r colorFmtSizes
00142740 00000038 r CSWTCH.19
00142778 00000080 r dotab_stdout
001427f8 00000018 r grayScale
00142810 00000006 r colorCube
00142818 00000030 r colorTable
00142848 00000080 r romFS_devoptab
001428c8 00000011 r dsp_filename.0
001428dc 00000008 r morton_y.2
001428e4 00000008 r morton_x.3
001428ec 00000008 r s_sleepWakeEvents.4
001428f4 R default_font_bin
001430f4 R default_font_bin_end
001430f4 00000030 r error_table
00143124 00000080 r archive_devoptab
001431a4 00000101 R _ctype_
001432e0 00000010 r zeroes.0
001432f0 00000010 r blanks.1
00143300 0000006c R __action_table
0014336c 0000006c R __state_table
001433d8 00000100 R __chclass
001434d8 0000000c r p05.0
001434e8 00000028 R __mprec_bigtens
00143510 000000c8 R __mprec_tens
001435d8 00000010 r zeroes.0
001435e8 00000010 r blanks.1
001435f8 00000080 R dotab_stdnull
00143678 R __tdata_align
0014367c r __EH_FRAME_BEGIN__
0014367c R __exidx_end
0014367c R __exidx_start
00144000 00000020 d SDL_closest_depths
00144020 00000010 D N3DSAUD_bootstrap
00144030 00000010 D N3DS_bootstrap
00144040 00000004 d palette_changed
00144044 00000004 D SDL_cursorstate
00144048 00000020 d default_cmask
00144068 00000020 d default_cdata
00144088 00000004 d SDL_CPUFeatures
0014408c 00000008 d framerateCounter
00144094 00000004 d framerate
00144098 00000001 d firstConsoleInit.0
0014409c 00000004 D currentConsole
001440a0 00000048 D defaultConsole
001440e8 00000004 d queueLock
001440ec 00000004 d aptChainloadDeliverArgSize
001440f0 00000004 d kCount
001440f4 00000004 d kInterval
001440f8 00000004 d kDelay
001440fc W __stacksize__
00144100 00000004 D _impure_ptr
00144108 00000120 D _impure_data
00144228 0000000c D __sglue
00144234 00000004 D __malloc_sbrk_base
00144238 00000004 D __malloc_trim_threshold
00144240 00000408 D __malloc_av_
00144648 00000004 D environ
0014464c 0000016c D __global_locale
001447b8 00000400 d _current_working_directory
00144bb8 00001000 d handles
00145bb8 0000000c d __stderr_handle
00145bc4 0000000c d __stdout_handle
00145bd0 0000000c d __stdin_handle
00145bdc 0000008c D devoptab_list
00145c68 00000004 d defaultDevice
00145c74 d _GLOBAL_OFFSET_TABLE_
00145c80 d __frame_dummy_init_array_entry
00145c80 D __init_array_start
00145c80 B __preinit_array_end
00145c80 B __preinit_array_start
00145c80 D __tdata_lma
00145c80 D __tdata_lma_end
00145c84 d __do_global_dtors_aux_fini_array_entry
00145c84 D __fini_array_start
00145c84 D __init_array_end
00145c88 D __bss_start__
00145c88 b completed.1
00145c88 D __fini_array_end
00145c8c b object.0
00145ca4 00000004 b ticks_started
00145ca8 00000004 b SDL_initialized
00145cac 00000004 b format_idx_sub
00145cb0 00000004 b format_idx
00145cb4 00000004 B current_audio
00145cb8 00000024 b IMA_ADPCM_state
00145cdc 00000040 b MS_ADPCM_state
00145d20 00000308 b SDL_global_error
00146028 00000004 b thread_lock
0014602c 00000004 b SDL_Threads
00146030 00000004 b SDL_numthreads
00146034 00000004 b SDL_maxthreads
00146038 00000001 b list_changed
0014603c 00000004 b SDL_timer_mutex
00146040 00000004 b SDL_timers
00146044 00000004 b SDL_timer_threaded
00146048 00000004 B SDL_alarm_callback
0014604c 00000004 B SDL_alarm_interval
00146050 00000004 B SDL_timer_running
00146054 00000004 B SDL_timer_started
00146058 00000004 B current_video
0014605c 00000004 B SDL_joysticks
00146060 00000004 B SDL_allocatedjoysticks
00146064 00000001 B SDL_numjoysticks
00146068 00000008 b g_startTicks
00146070 00000004 b g_audDev
00146074 00000008 b g_dspHook
0014607c 00000004 B old_dpad_state
00146080 00000004 B key_release
00146084 00000004 B key_press
00146088 00000004 B old_cs_y
0014608c 00000004 B old_cs_x
00146090 00000004 B old_y
00146094 00000004 B old_x
00146098 00000004 b RenderClearColor
0014609c 00000004 B setVideoModecount
001460a0 00000004 B privateVideoThreadHandle
001460a4 00000008 B privateVideoThreadEvent
001460ac 00000001 B runThread
001460b0 00000018 b spritesheet_tex
001460c8 00000004 B VideoSurface2
001460cc 00000004 B VideoSurface1
001460d0 00000040 b projection2
00146110 00000040 b projection
00146150 00000004 b uLoc_projection
00146154 00000014 b program
00146168 00000004 b vshader_dvlb
0014616c 00000004 b event_thread
00146170 00000004 b SDL_EventThread
00146174 00000008 b SDL_EventLock
00146180 00000c14 b SDL_EventQ
00146d94 00000004 b SDL_eventstate
00146d98 00000020 B SDL_ProcessEvents
00146db8 00000004 B SDL_EventOK
00146dbc 00000001 b SDL_NoLockKeys
00146dc0 00000020 B SDL_KeyRepeat
00146de0 0000050c b keynames
001472ec 00000004 B SDL_TranslateUNICODE
001472f0 00000002 b SDL_ModState
001472f4 00000143 b SDL_KeyState
00147437 00000001 b SDL_ButtonState
00147438 00000002 b SDL_MouseMaxY
0014743a 00000002 b SDL_MouseMaxX
0014743c 00000002 b SDL_DeltaY
0014743e 00000002 b SDL_DeltaX
00147440 00000002 b SDL_MouseY
00147442 00000002 b SDL_MouseX
00147444 00000008 b last_resize
0014744c 00000002 b pixels8
00147450 00000004 B SDL_cursorlock
00147454 00000004 b SDL_defcursor
00147458 00000004 B SDL_cursor
0014745c 00000004 b format_version.0
00147460 00000001 b pushedQuit.0
00147461 00000001 b SDL_appstate
00147464 0000000c b hookCookie
00147470 000002d0 B __C3D_Context
00147740 00000004 b frameEndCbData
00147744 00000004 b frameEndCb
00147748 00000008 b frameCounter
00147750 00000001 b isTopStereo
00147751 00000001 b needSwapBot
00147752 00000001 b needSwapTop
00147753 00000001 b measureGpuTime
00147754 00000001 b inSafeTransfer
00147755 00000001 b inFrame
00147758 00000010 b cpuTime
00147768 00000010 b gpuTime
00147778 0000000c b linkedTarget
00147784 00000004 b lastTarget
00147788 00000004 b firstTarget
0014778c 00000008 b C3Di_IVUnifEverDirty
00147794 000000c0 b C3Di_FVUnifEverDirty
00147854 00000018 b C3Di_ShaderFVecData
0014786c 00000002 B C3D_BoolUnifsDirty
00147870 00000008 B C3D_IVUnifDirty
00147878 000000c0 B C3D_FVUnifDirty
00147938 00000004 B C3D_BoolUnifs
0014793c 00000020 B C3D_IVUnif
0014795c 00000c00 B C3D_FVUnif
00148560 00000008 b sLinearPool
00148568 0000000c b sAddrMap
00148578 00000008 b sVramPoolB
00148580 00000008 b sVramPoolA
00148588 0000000c b sAddrMap
00148594 0000001c b escapeSeq
001485b0 00000048 B currentCopy
001485f8 00000004 b screenAlloc
001485fc 00000004 b screenFree
00148600 00000002 b gfxIsDoubleBuf
00148604 00000002 b gfxCurBuf
00148606 00000001 b gfxIsVram
00148607 00000001 b gfxTopMode
00148608 00000002 b gfxFramebufferFormats
0014860c 00000004 b gfxBottomFramebufferMaxSize
00148610 00000004 b gfxTopFramebufferMaxSize
00148618 00000008 b gfxBottomFramebuffers
00148620 00000008 b gfxTopFramebuffers
00148628 00000001 V __ctru_speedup
0014862c 00000004 b romfs_mount_list
00148630 00000004 V __romfs_path
00148634 00000004 b arbiter
00148638 00000004 B gpuCmdBufOffset
0014863c 00000004 B gpuCmdBufSize
00148640 00000004 B gpuCmdBuf
00148644 00000004 b boundQueue
00148648 00000001 b shouldStop
00148649 00000001 b isRunning
0014864a 00000001 b isActive
0014864c 00000004 b curQueue
00148650 00000c60 b ndspChn
001492b0 00000004 b ndspRefCount
001492b4 00000048 b ndspMaster
001492fc 00000004 b ndspThread
00149300 00000001 b ndspThreadRun
00149304 00001080 b dspVar5Backup
0014a384 00000004 b ndspMutex
0014a388 00000008 b sleepEvent
0014a390 00000004 b dspSem
0014a394 00000004 b irqEvent
0014a398 00000008 b ndspHookCookie
0014a3a0 00000001 b componentFree
0014a3a2 00000002 b componentDataMask
0014a3a4 00000002 b componentProgMask
0014a3a8 00000004 b componentSize
0014a3ac 00000004 b componentBin
0014a3b0 00000004 b frameCount
0014a3b4 00000004 b droppedFrames
0014a3b8 00000001 b bCancelReceived
0014a3b9 00000001 b bSleeping
0014a3ba 00000001 b bEnteringSleep
0014a3bb 00000001 b bDspReady
0014a3bc 00000080 B ndspVars
0014a43c 00000002 B ndspBufferId
0014a43e 00000002 B ndspBufferCurId
0014a440 00000002 B ndspFrameId
0014a442 00000001 b flagValue.0
0014a443 00000001 b flagInit.1
0014a444 00000004 b serviceName.6
0014a448 00000001 b aptChainloadFlags
0014a449 00000001 b aptChainloadMediatype
0014a44c 00000020 b aptChainloadHmac
0014a46c 00000300 b aptChainloadDeliverArg
0014a770 00000008 b aptChainloadTid
0014a778 00001000 b aptParameters
0014b778 00000004 b aptFlags
0014b77c 00000001 b aptHomeButtonState
0014b780 00000004 b aptMessageFuncData
0014b784 00000004 b aptMessageFunc
0014b788 0000000c b aptFirstHook
0014b794 00000001 b aptEventHandlerThreadQuit
0014b798 00000004 b aptEventHandlerThread
0014b79c 00000008 b aptSleepEvent
0014b7a4 00000008 b aptReceiveEvent
0014b7ac 00000008 b aptEvents
0014b7b4 00000004 b aptLockHandle
0014b7b8 00000004 b aptRefCount
0014b7bc 00000004 b cfguRefCount
0014b7c0 00000004 b cfguHandle
0014b7c4 00000002 b dspSavedCompDataMask
0014b7c6 00000002 b dspSavedCompProgMask
0014b7c8 00000004 b dspSavedCompSize
0014b7cc 00000004 b dspSavedCompBin
0014b7d0 00000001 b dspSleeping
0014b7d1 00000001 b dspComponentLoaded
0014b7d4 00000008 b dspFirstHook
0014b7dc 00000004 b dspRefCount
0014b7e0 00000004 b dspHandle
0014b7e8 00000080 b fsExemptArchives
0014b868 00000004 b fsuRefCount
0014b86c 00000004 b fsuHandle
0014b870 00000007 b gspEventCbOneShot
0014b878 0000001c b gspEventCbData
0014b894 0000001c b gspEventCb
0014b8b0 00000038 b gspEvents
0014b8e8 00000004 b gspLastEvent
0014b8ec 00000001 b gspRunEvents
0014b8f0 00000004 b gspEventThread
0014b8f4 00000004 b gspEvent
0014b8f8 00000001 b gspGpuRight
0014b8f9 00000001 b gspThreadId
0014b8fc 00000004 b gspSharedMem
0014b900 00000004 b gspSharedMemHandle
0014b904 00000004 b gspRefCount
0014b908 00000004 b gspGpuHandle
0014b90c 00000001 b usingIrrst
0014b910 00000004 b hidRefCount
0014b914 00000006 b gRate
0014b91c 00000006 b aVec
0014b924 00000004 b cPos
0014b928 00000004 b tPos
0014b92c 00000004 b kRepeat
0014b930 00000004 b kUp
0014b934 00000004 b kDown
0014b938 00000004 b kHeld
0014b93c 00000004 b kOld
0014b940 00000004 B hidSharedMem
0014b944 00000014 B hidEvents
0014b958 00000004 B hidMemHandle
0014b95c 00000004 B hidHandle
0014b960 00000004 b irrstRefCount
0014b964 00000004 b csPos
0014b968 00000004 b kHeld
0014b96c 00000004 B irrstSharedMem
0014b970 00000004 B irrstEvent
0014b974 00000004 B irrstMemHandle
0014b978 00000004 B irrstHandle
0014b97c 00000004 b ptmSysmRefCount
0014b980 00000004 b ptmSysmHandle
0014b984 00000004 V __ctru_linear_heap_size
0014b988 00000004 V __ctru_heap_size
0014b98c 00000004 B __ctru_linear_heap
0014b990 00000004 B __ctru_heap
0014b994 00000004 B __system_retAddr
0014b998 00000004 B __system_argv
0014b99c 00000004 B __system_argc
0014b9a0 b saved_stack
0014b9a8 00000004 B __3dslink_host
0014b9ac 00000004 b srvRefCount
0014b9b0 00000004 b srvHandle
0014b9b4 00000004 b currentAddr
0014b9b8 00000004 b maxAddr
0014b9bc 00000004 b minAddr
0014b9c0 00000004 b srvPmHandle
0014b9c8 000005c0 b archive_devices
0014bf88 00000004 b archive_device_cwd
0014bf8c 00000001 b archive_initialized
0014bf90 0000000c b __sfp_recursive_mutex
0014bfa0 00000168 B __sf
0014c108 00000004 B __stdio_exit_handler
0014c10c 00000028 B __malloc_current_mallinfo
0014c134 00000004 B __malloc_max_total_mem
0014c138 00000004 B __malloc_max_sbrked_mem
0014c13c 00000004 B __malloc_top_pad
0014c140 0000000c b __malloc_recursive_mutex
0014c14c 0000000c b __env_recursive_mutex
0014c158 00000004 b initial_env
0014c15c 00000400 b temp_cwd
0014c55c 00000004 b __hndl_lock
0014c560 00000004 B fake_heap_start
0014c564 00000004 B fake_heap_end
0014c568 00000004 b heap_start.0
0014c56c B __tls_start
0014d174 B __bss_end__
0014d174 A __end__
0014d174 B __tls_end
