         w __deregister_frame_info
         w __register_frame_info
         w userAppExit
         w userAppInit
00000000 00000802 B __ctru_dev_utf16_buf
00000000 a shift
00000000 a shift
00000000 b _TLS_MODULE_BASE_
00000804 00000401 B __ctru_dev_path_buf
00100000 A __start__
00100000 T _start
00100008 T __service_ptr
0010000c T __apt_appid
00100010 T __heap_size
00100014 T __linear_heap_size
00100018 T __system_arglist
0010001c T __system_runflags
00100020 t startup
00100058 t ClearMem
0010006c t ClrLoop
00100094 T _init
001000ac T __aeabi_uidiv
001000ac 000001ec T __udivsi3
001000ac t .udivsi3_skip_div0_test
00100298 00000020 T __aeabi_uidivmod
001002b8 T __aeabi_idiv
001002b8 00000220 T __divsi3
001002c0 t .divsi3_skip_div0_test
001004d8 00000020 T __aeabi_idivmod
001004f8 00000004 W __aeabi_idiv0
001004f8 00000004 W __aeabi_ldiv0
001004fc T __aeabi_ldivmod
001005d0 T __aeabi_uldivmod
00100628 00000390 T strcmp
001009b0 t __do_global_dtors_aux
001009f0 t frame_dummy
00100a1c 00000248 T main
00100c64 00000158 T SDL_InitSubSystem
00100dbc 00000040 T SDL_Init
00100dfc 0000009c T SDL_QuitSubSystem
00100e98 00000018 T SDL_Quit
00100eb0 000001d0 T SDL_SetError
00101080 00000014 T SDL_ClearError
00101094 00000058 T SDL_Error
001010ec 00000020 t SDL_Parachute
0010110c 00000044 T SDL_InstallParachute
00101150 00000048 T SDL_UninstallParachute
00101198 00000030 t SDL_LockAudio_Default
001011c8 00000030 t SDL_UnlockAudio_Default
001011f8 000000ac T SDL_AudioQuit
001012a4 000000e8 T SDL_AudioInit
0010138c 000000dc T SDL_FirstAudioFormat
00101468 00000054 T SDL_NextAudioFormat
001014bc 00000038 T SDL_CalculateAudioSpec
001014f4 000000c0 t SDL_DelThread.part.0
001015b4 0000009c T SDL_GetErrBuf
00101650 0000003c T SDL_RunThread
0010168c 0000017c T SDL_CreateThread
00101808 0000004c T SDL_WaitThread
00101854 00000004 t callback_wrapper
00101858 0000008c t SDL_AddTimerInternal
001018e4 00000044 T SDL_SetTimerThreaded
00101928 0000013c T SDL_ThreadedTimerCheck
00101a64 00000150 T SDL_SetTimer
00101bb4 00000068 T SDL_TimerQuit
00101c1c 00000098 T SDL_TimerInit
00101cb4 000000d0 T SDL_MouseRect
00101d88 00000704 T SDL_DrawCursorNoLock
0010248c 000000c0 T SDL_DrawCursor
0010254c 00000188 T SDL_EraseCursorNoLock
001026d4 000000c0 T SDL_EraseCursor
00102794 000001d0 T SDL_SetCursor
00102964 000000a0 T SDL_FreeCursor
00102a04 00000098 T SDL_CursorQuit
00102a9c 000001d0 T SDL_CreateCursor
00102c6c 00000090 T SDL_CursorInit
00102cfc 000000b8 T SDL_MoveCursor
00102db4 00000034 T SDL_ResetCursor
00102de8 0000005c t SDL_DitherColors.part.0
00102e44 00000054 T SDL_FormatChanged
00102e98 00000040 T SDL_FreeFormat
00102ed8 000004d8 T SDL_AllocFormat
001033b0 000000c8 T SDL_ReallocFormat
00103478 0000000c T SDL_DitherColors
00103484 0000005c T SDL_CalculatePitch
001034e0 0000007c T SDL_FindColor
0010355c 000000a8 t Map1to1
00103604 00000058 t MapNto1.isra.0
0010365c 00000064 T SDL_MapRGB
001036c0 0000005c T SDL_AllocBlitMap
0010371c 00000034 T SDL_InvalidateMap
00103750 0000031c T SDL_MapSurface
00103a6c 00000038 T SDL_FreeBlitMap
00103aa4 000000a4 T SDL_SetClipRect
00103b48 00000120 T SDL_LowerBlit
00103c68 00000094 T SDL_LockSurface
00103cfc 00000064 T SDL_UnlockSurface
00103d60 00000454 T SDL_FillRect
001041b4 00000148 T SDL_FreeSurface
001042fc 0000027c T SDL_CreateRGBSurface
00104578 00000088 t SDL_WM_GrabInputRaw
00104600 00000038 T SDL_VideoDriverName
00104638 00000148 T SDL_VideoModeOK
00104780 0000029c T SDL_UpdateRects
00104a1c 0000006c T SDL_UpdateRect
00104a88 00000174 T SDL_Flip
00104bfc 00000118 T SDL_VideoQuit
00104d14 00000208 T SDL_VideoInit
00104f1c 00000068 T SDL_WM_GrabInput
00104f84 00000804 T SDL_SetVideoMode
00105788 000000c0 t SDL_JoystickClose.part.0
00105848 00000064 T SDL_JoystickInit
001058ac 000000a0 T SDL_JoystickQuit
0010594c 0000009c T SDL_PrivateJoystickAxis
001059e8 0000008c T SDL_PrivateJoystickHat
00105a74 000000b0 T SDL_PrivateJoystickButton
00105b24 0000003c T SDL_JoystickUpdate
00105b60 00000018 T SDL_StartTicks
00105b78 00000068 T SDL_GetTicks
00105be0 00000010 T SDL_Delay
00105bf0 00000008 T SDL_SYS_TimerInit
00105bf8 00000004 T SDL_SYS_TimerQuit
00105bfc 00000018 T SDL_SYS_StartTimer
00105c14 00000004 T SDL_SYS_StopTimer
00105c18 00000008 t N3DSAUD_Available
00105c20 0000000c t N3DSAUD_GetAudioBuf
00105c2c 00000128 t N3DSAUD_CreateDevice
00105d54 0000005c t N3DSAUD_DeleteDevice
00105db0 00000008 t N3DSAUD_UnlockAudio
00105db8 00000008 t N3DSAUD_LockAudio
00105dc0 000000c4 t N3DSAUD_CloseAudio
00105e84 00000074 t audioFrameFinished
00105ef8 000000a8 t N3DSAUD_PlayAudio
00105fa0 00000068 t N3DSAUD_WaitAudio
00106008 00000260 t N3DSAUD_OpenAudio
00106268 0000005c t N3DSAUD_DspHook
001062c4 00000014 T SDL_SYS_JoystickInit
001062d8 00000498 T SDL_SYS_JoystickUpdate
00106770 00000004 T SDL_SYS_JoystickClose
00106774 00000004 T SDL_SYS_JoystickQuit
00106778 00000028 T SDL_CreateMutex
001067a0 0000000c T SDL_DestroyMutex
001067ac 0000002c T SDL_mutexP
001067d8 0000002c T SDL_mutexV
00106804 00000034 T SDL_CreateSemaphore
00106838 0000000c T SDL_DestroySemaphore
00106844 00000030 T SDL_SemWait
00106874 00000014 T SDL_SemPost
00106888 00000004 T ThreadEntry
0010688c 000000a0 T SDL_SYS_CreateThread
0010692c 00000004 T SDL_SYS_SetupThread
00106930 00000038 T SDL_ThreadID
00106968 00000010 T SDL_SYS_WaitThread
00106978 00000008 t N3DS_Available
00106980 00000008 t N3DS_ListModes
00106988 00000008 t N3DS_AllocHWSurface
00106990 00000008 t N3DS_LockHWSurface
00106998 00000004 t N3DS_UnlockHWSurface
0010699c 00000060 t N3DS_SetColors
001069fc 00000108 t N3DS_CreateDevice
00106b04 00000024 t N3DS_DeleteDevice
00106b28 00000048 t N3DS_VideoInit
00106b70 00000168 t N3DS_FlipHWSurface.part.0
00106b70 00000168 t N3DS_UpdateRects.part.0
00106cd8 00000024 t N3DS_FlipHWSurface
00106cfc 00000020 t N3DS_UpdateRects
00106d1c 00000004 t N3DS_FreeHWSurface
00106d20 000000ec t N3DS_VideoQuit
00106e0c 000000ac T N3DS_SetScaling
00106eb8 00000848 t N3DS_SetVideoMode
00107700 0000003c T N3DS_ToggleFullScreen
0010773c 00000114 T drawTexture
00107850 000002b8 t videoThread
00107b08 000000ec t SDL_GobbleEvents
00107bf4 00000064 T SDL_Lock_EventThread
00107c58 00000044 T SDL_Unlock_EventThread
00107c9c 0000007c T SDL_StopEventLoop
00107d18 00000110 T SDL_StartEventLoop
00107e28 0000021c T SDL_PeepEvents
00108044 00000028 T SDL_PushEvent
00108070 00000ba4 T SDL_KeyboardInit
00108c14 00000004 T SDL_KeyboardQuit
00108c18 000003e0 T SDL_PrivateKeyboard
00108ff8 00000080 T SDL_ResetKeyboard
00109078 0000008c T SDL_CheckKeyRepeat
00109104 00000078 t ClipOffset
0010917c 00000060 T SDL_MouseInit
001091dc 00000004 T SDL_MouseQuit
001091e0 00000038 T SDL_GetMouseState
00109218 00000044 T SDL_GetRelativeMouseState
0010925c 0000001c T SDL_SetMouseRange
00109278 000001c4 T SDL_PrivateMouseMotion
0010943c 00000208 T SDL_PrivateMouseButton
00109644 0000004c T SDL_ResetMouse
00109690 00000070 t SDL_HandleSIG
00109700 00000048 T SDL_QuitInit
00109748 00000050 T SDL_QuitQuit
00109798 000000ec T SDL_PrivateResize
00109884 0000002c T SDL_revcpy
001098b0 00000044 T SDL_memcmp
001098f4 00000100 t copy_opaque_16
001099f4 0000011c t uncopy_opaque_16
00109b10 000000fc t copy_transl_565
00109c0c 000000fc t copy_transl_555
00109d08 00000124 t uncopy_transl_16
00109e2c 000000dc t copy_32
00109f08 00000110 t uncopy_32
0010a018 00000008 t getpix_8
0010a020 00000008 t getpix_16
0010a028 00000010 t getpix_24
0010a038 00000008 t getpix_32
0010a040 00002438 T SDL_RLEBlit
0010c478 00000a74 T SDL_RLEAlphaBlit
0010ceec 00000250 T SDL_UnRLESurface
0010d13c 00000c80 T SDL_RLESurface
0010ddbc 00000230 t SDL_SoftBlit
0010dfec 000000a8 t SDL_BlitCopyOverlap
0010e094 00000064 t SDL_BlitCopy
0010e0f8 00000340 T SDL_CalculateBlit
0010e438 00000104 t BlitBto1
0010e53c 000000a8 t BlitBto2
0010e5e4 000000b0 t BlitBto3
0010e694 000000b4 t BlitBto4
0010e748 00000110 t BlitBto1Key
0010e858 000000b8 t BlitBto2Key
0010e910 000000bc t BlitBto4Key
0010e9cc 00000258 t BlitBtoNAlpha
0010ec24 0000026c t BlitBtoNAlphaKey
0010ee90 000000bc t BlitBto3Key
0010ef4c 000000a4 T SDL_CalculateBlit0
0010eff0 00000100 t Blit1to1
0010f0f0 00000128 t Blit1to2
0010f218 000001b4 t Blit1to3
0010f3cc 00000114 t Blit1to4
0010f4e0 00000274 t Blit1to1Key
0010f754 00000188 t Blit1to2Key
0010f8dc 0000021c t Blit1to3Key
0010faf8 00000170 t Blit1to4Key
0010fc68 000008bc t Blit1toNAlpha
00110524 00000c00 t Blit1toNAlphaKey
00111124 00000090 T SDL_CalculateBlit1
001111b4 000003a4 t Blit_RGB888_index8
00111558 000001d0 t Blit_RGB888_RGB555
00111728 000001d0 t Blit_RGB888_RGB565
001118f8 000001ac t Blit_RGB565_32
00111aa4 0000000c t Blit_RGB565_ARGB8888
00111ab0 0000000c t Blit_RGB565_ABGR8888
00111abc 0000000c t Blit_RGB565_RGBA8888
00111ac8 0000000c t Blit_RGB565_BGRA8888
00111ad4 00000208 t Blit_RGB888_index8_map
00111cdc 00000ab8 t BlitNto1
00112794 000001f4 t Blit4to4MaskAlpha
00112988 00000da8 t BlitNtoN
00113730 00000218 t BlitNtoNCopyAlpha
00113948 00001034 t BlitNto1Key
0011497c 0000017c t Blit2to2Key
00114af8 00000c3c t BlitNtoNKey
00115734 00001100 t BlitNtoNKeyCopyAlpha
00116834 0000029c T SDL_CalculateBlitN
00116ad0 0000018c T N3DS_PumpEvents
00116c5c 00000004 T N3DS_InitOSKeymap
00116c60 0000004c T SDL_HasMMX
00116cac 00000018 T SDL_AppActiveInit
00116cc4 00000004 T SDL_AppActiveQuit
00116cc8 000004c4 t BlitNto1SurfaceAlpha
0011718c 0000051c t BlitNto1PixelAlpha
001176a8 00000c44 t BlitNto1SurfaceAlphaKey
001182ec 000003a0 t BlitRGBtoRGBSurfaceAlpha
0011868c 00000260 t BlitRGBtoRGBPixelAlpha
001188ec 00000278 t Blit16to16SurfaceAlpha128
00118b64 000001b0 t Blit565to565SurfaceAlpha
00118d14 000001b0 t Blit555to555SurfaceAlpha
00118ec4 000002b8 t BlitARGBto565PixelAlpha
0011917c 000002a4 t BlitARGBto555PixelAlpha
00119420 00000c68 t BlitNtoNSurfaceAlpha
0011a088 00000990 t BlitNtoNSurfaceAlphaKey
0011aa18 00000bdc t BlitNtoNPixelAlpha
0011b5f4 00000220 T SDL_CalculateAlphaBlit
0011b814 00000028 T AttrInfo_Init
0011b83c 00000094 T AttrInfo_AddLoader
0011b8d0 00000020 T C3D_GetAttrInfo
0011b8f0 00000080 T C3Di_AttrInfoBind
0011b970 00000004 W C3Di_LightEnvUpdate
0011b974 00000004 W C3Di_LightEnvDirty
0011b978 00000004 W C3Di_ProcTexUpdate
0011b97c 00000004 W C3Di_ProcTexDirty
0011b980 000000b4 t C3Di_AptEventHook
0011ba34 00000004 W C3Di_GasUpdate
0011ba38 000001d0 T C3D_Init
0011bc08 00000098 T C3D_SetViewport
0011bca0 000004e8 T C3Di_UpdateContext
0011c188 000000e0 T C3Di_SplitFrame
0011c268 00000044 T C3D_Fini
0011c2ac 00000194 T C3D_BindProgram
0011c440 00000024 T BufInfo_Init
0011c464 00000020 T C3D_GetBufInfo
0011c484 00000048 T C3Di_BufInfoBind
0011c4cc 00000040 T C3D_DepthMap
0011c50c 0000001c T C3D_CullFace
0011c528 00000040 T C3D_StencilTest
0011c568 00000024 T C3D_StencilOp
0011c58c 0000001c T C3D_BlendingColor
0011c5a8 00000024 T C3D_EarlyDepthTest
0011c5cc 0000002c T C3D_DepthTest
0011c5f8 0000002c T C3D_AlphaTest
0011c624 00000050 T C3D_AlphaBlend
0011c674 00000030 T C3D_FragOpMode
0011c6a4 00000044 T C3D_FragOpShadow
0011c6e8 000001ac T C3Di_EffectBind
0011c894 0000001c T C3D_CalcColorBufSize
0011c8b0 0000001c T C3D_CalcDepthBufSize
0011c8cc 00000044 T C3D_SetFrameBuf
0011c910 0000016c T C3Di_FrameBufBind
0011ca7c 000000c8 T C3D_FrameBufClear
0011cb44 00000044 T C3D_FrameBufTransfer
0011cb88 000000b8 T C3D_ImmDrawBegin
0011cc40 000000a8 T C3D_ImmSendAttrib
0011cce8 00000074 T C3D_ImmDrawEnd
0011cd5c 0000004c t onVBlank0
0011cda8 0000004c t onVBlank1
0011cdf4 00000080 t C3Di_RenderTargetDestroy
0011ce74 000000f4 t onQueueFinish
0011cf68 00000038 T C3Di_RenderQueueEnableVBlank
0011cfa0 00000030 T C3Di_RenderQueueDisableVBlank
0011cfd0 00000060 T C3Di_RenderQueueInit
0011d030 000000b4 T C3Di_RenderQueueExit
0011d0e4 00000034 T C3Di_RenderQueueWaitDone
0011d118 000000e8 T C3D_FrameBegin
0011d200 00000048 T C3D_FrameDrawOn
0011d248 000001d0 T C3D_FrameEnd
0011d418 00000170 T C3D_RenderTargetCreate
0011d588 000000f0 T C3D_RenderTargetDelete
0011d678 000000a8 T C3D_RenderTargetSetOutput
0011d720 000000f0 T C3D_SyncDisplayTransfer
0011d810 00000034 T C3D_GetTexEnv
0011d844 00000024 T C3Di_TexEnvBind
0011d868 00000290 T C3D_TexInitWithParams
0011daf8 00000044 T C3D_TexBind
0011db3c 00000074 T C3D_TexDelete
0011dbb0 0000014c T C3Di_SetTex
0011dcfc 00000290 T C3D_UpdateUniforms
0011df8c 000000c0 T C3Di_DirtyUniforms
0011e04c 000000d8 T C3Di_LoadShaderUniforms
0011e124 00000028 T C3Di_ClearShaderUniforms
0011e14c 000000cc T Mtx_OrthoTilt
0011e218 00000024 t addrMapNodeComparator(rbtree_node const*, rbtree_node const*)
0011e23c 00000004 t addrMapNodeDestructor(rbtree_node*)
0011e240 00000120 T linearMemAlign
0011e360 00000008 T linearAlloc
0011e368 0000005c T linearFree
0011e3c4 00000080 T MemPool::CoalesceRight(MemBlock*)
0011e444 0000016c T MemPool::Allocate(MemChunk&, unsigned long, int)
0011e5b0 000000fc T MemPool::Deallocate(MemChunk const&)
0011e6ac 00000030 T MemPool::GetFreeSpace()
0011e6dc 00000024 t addrMapNodeComparator(rbtree_node const*, rbtree_node const*)
0011e700 00000004 t addrMapNodeDestructor(rbtree_node*)
0011e704 0000024c T vramMemAlignAt
0011e950 0000000c T vramAlloc
0011e95c 0000000c T vramAllocAt
0011e968 00000090 T vramFree
0011e9f8 0000051c t consoleHandleColorEsc
0011ef14 000000b8 t consoleColorStateShift
0011efcc 000001ac T consoleDrawChar
0011f178 00000124 T consolePrintChar
0011f29c 000006f4 T con_write
0011f990 000000fc t newRow
0011fa8c 0000018c T consoleInit
0011fc18 000000d0 t gfxPresentFramebuffer
0011fce8 00000010 T gfxSet3D
0011fcf8 0000001c T gfxIsWide
0011fd14 000000ec T gfxSetScreenFormat
0011fe00 00000010 T gfxSetDoubleBuffering
0011fe10 000000e0 T gfxInit
0011fef0 00000010 T gfxInitDefault
0011ff00 000000b4 T gfxExit
0011ffb4 000000a0 T gfxGetFramebuffer
00120054 00000104 T gfxFlushBuffers
00120158 00000030 T gfxScreenSwapBuffers
00120188 00000050 T gfxSwapBuffersGpu
001201d8 00000074 T osConvertVirtToPhys
0012024c 00000054 T osGetTimeRef
001202a0 000000ec T osGetTime
0012038c 00000034 T __ctru_speedup_config
001203c0 0000000c T __sync_init
001203cc 00000018 T __sync_fini
001203e4 0000002c T syncArbitrateAddress
00120410 0000001c T LightLock_Init
0012042c 000000ac T LightLock_Lock
001204d8 00000040 T LightLock_Unlock
00120518 00000024 T RecursiveLock_Init
0012053c 00000030 T RecursiveLock_Lock
0012056c 00000054 T RecursiveLock_Unlock
001205c0 0000000c T CondVar_Init
001205cc 00000084 T CondVar_Wait
00120650 000000b0 T CondVar_WakeUp
00120700 00000040 T LightEvent_Init
00120740 000000a4 T LightEvent_Clear
001207e4 000000c8 T LightEvent_Signal
001208ac 00000050 T LightEvent_TryWait
001208fc 000000a0 T LightEvent_Wait
0012099c 00000014 T LightSemaphore_Init
001209b0 00000094 T LightSemaphore_Acquire
00120a44 00000064 T LightSemaphore_Release
00120aa8 000001d8 T threadCreate
00120c80 00000024 T threadGetHandle
00120ca4 0000002c T threadFree
00120cd0 00000024 T threadJoin
00120cf4 00000030 T threadGetCurrent
00120d24 00000040 T threadExit
00120d64 00000020 t _thread_begin
00120d84 0000013c T GPUCMD_Add
00120ec0 000000b0 T GPUCMD_Split
00120f70 00000034 T f32tof16
00120fa4 00000034 T f32tof24
00120fd8 00000038 T f32tof31
00121010 00000010 T GX_BindQueue
00121020 00000078 T GX_ProcessCommandList
00121098 00000074 T GX_MemoryFill
0012110c 00000070 T GX_DisplayTransfer
0012117c 00000068 t gxCmdQueueDoCommands.part.0
001211e4 000000c8 T gxCmdQueueInterrupt
001212ac 0000004c T gxCmdQueueClear
001212f8 000000f8 T gxCmdQueueAdd
001213f0 00000080 T gxCmdQueueRun
00121470 00000060 T gxCmdQueueStop
001214d0 0000008c T gxCmdQueueWait
0012155c 000001d0 T shaderInstanceInit
0012172c 00000018 T shaderInstanceGetUniformLocation
00121744 0000001c T shaderProgramInit
00121760 00000064 T shaderProgramFree
001217c4 00000080 T shaderProgramSetVsh
00121844 000008e0 T shaderProgramConfigure
00122124 000001cc t DVLE_GenerateOutmap.part.0
001222f0 000001b4 T DVLB_ParseFile
001224a4 00000038 T DVLB_Free
001224dc 00000074 T DVLE_GetUniformRegister
00122550 000000e4 T ndspChnReset
00122634 00000018 T ndspChnSetFormat
0012264c 00000048 T ndspChnSetInterp
00122694 0000005c T ndspChnSetRate
001226f0 00000088 T ndspChnSetMix
00122778 000000bc T ndspChnWaveBufAdd
00122834 00000040 T ndspiInitChn
00122874 0000002c T ndspiDirtyChn
001228a0 00000458 T ndspiUpdateChn
00122cf8 00000180 T ndspiReadChnState
00122e78 00000158 t ndspUpdateMaster
00122fd0 00000110 t ndspFinalize
001230e0 00000250 t ndspInitialize.part.0
00123330 000000fc t ndspHookCallback
00123430 00000318 t ndspThreadMain
00123748 000003c4 T ndspInit
00123b0c 000000cc T ndspExit
00123bd8 00000010 T ndspSetCallback
00123be8 000001ac t aptConvertScreenForCapture
00123d94 00000158 T aptSendCommand
00123ef0 00000044 t aptExitProcess
00123f34 00000014 T aptIsActive
00123f48 0000038c T aptExit
001242d4 000000e0 T aptHandleSleep
001243b4 00000030 T aptHook
001243e4 00000030 T aptUnhook
00124414 00000084 T APT_SleepIfShellClosed
00124498 00000084 T aptSetSleepAllowed
0012451c 00000084 T APT_UnlockTransition
001245a0 000004a4 t aptEventHandler
00124a44 000000b0 T APT_ReceiveParameter
00124af4 000000ac t aptReceiveParameter.constprop.0
00124ba0 000002ac t aptScreenTransfer
00124e4c 00000320 t aptWaitForWakeUp.isra.0
0012516c 000000f8 T aptJumpToHomeMenu
00125264 00000048 T aptMainLoop
001252ac 0000022c T aptInit
001254d8 0000007c T APT_CheckNew3DS
00125554 000000a4 T cfguInit
001255f8 0000003c T cfguExit
00125634 0000004c T CFGU_GetConfigInfoBlk2
00125680 000000a4 t DSP_LoadComponent.part.0
00125724 000000dc T dspInit
00125800 00000080 T dspExit
00125880 00000024 T dspHook
001258a4 00000030 T dspUnhook
001258d4 000000b0 T aptDspSleep
00125984 000000b8 T aptDspWakeup
00125a3c 00000044 T aptDspCancel
00125a80 00000050 T DSP_FlushDataCache
00125ad0 00000034 T DSP_SetSemaphore
00125b04 00000034 T DSP_SetSemaphoreMask
00125b38 00000038 T DSP_GetSemaphoreHandle
00125b70 0000003c T DSP_LoadComponent
00125bac 00000044 T DSP_RegisterInterruptEvents
00125bf0 00000074 T DSP_ReadPipeIfPossible
00125c64 0000004c T DSP_WriteProcessPipe
00125cb0 00000040 T DSP_ConvertProcessAddressFromDspDram
00125cf0 00000040 T DSP_RecvData
00125d30 0000004c T DSP_RecvDataIsReady
00125d7c 000000cc T fsInit
00125e48 0000003c T fsExit
00125e84 00000060 T fsExemptFromSession
00125ee4 00000050 T fsUnexemptFromSession
00125f34 000000cc T FSUSER_OpenFile
00126000 000000d4 T FSUSER_OpenFileDirectly
001260d4 000000bc T FSUSER_DeleteFile
00126190 000000f8 T FSUSER_RenameFile
00126288 000000bc T FSUSER_DeleteDirectory
00126344 000000d4 T FSUSER_CreateFile
00126418 000000c4 T FSUSER_CreateDirectory
001264dc 000000f8 T FSUSER_RenameDirectory
001265d4 000000b4 T FSUSER_OpenDirectory
00126688 00000094 T FSUSER_OpenArchive
0012671c 0000008c T FSUSER_CloseArchive
001267a8 00000074 T FSUSER_GetSdmcArchiveResource
0012681c 00000064 T FSUSER_IsSdmcWritable
00126880 00000058 T FSFILE_Read
001268d8 00000060 T FSFILE_Write
00126938 00000038 T FSFILE_GetSize
00126970 00000028 T FSFILE_SetSize
00126998 0000003c T FSFILE_Close
001269d4 00000024 T FSFILE_Flush
001269f8 00000050 T FSDIR_Read
00126a48 0000003c T FSDIR_Close
00126a84 00000c64 t gspHardwareInit
001276e8 00000248 T gspInit
00127930 000000f0 T gspExit
00127a20 00000010 T gspHasGpuRight
00127a30 000000a0 T gspPresentBuffer
00127ad0 00000030 T gspSetEventCallback
00127b00 00000044 T gspWaitForEvent
00127b44 0000004c T gspWaitForAnyEvent
00127b90 00000158 t gspEventThreadMain
00127ce8 00000130 T gspSubmitGxCommand
00127e18 00000050 T GSPGPU_FlushDataCache
00127e68 00000034 T GSPGPU_SetLcdForceBlack
00127e9c 00000068 T GSPGPU_AcquireRight
00127f04 00000048 T GSPGPU_ReleaseRight
00127f4c 0000007c T GSPGPU_ImportDisplayCaptureInfo
00127fc8 0000002c T GSPGPU_SaveVramSysArea
00127ff4 0000002c T GSPGPU_RestoreVramSysArea
00128020 00000024 W hidShouldUseIrrst
00128044 0000018c T hidInit
001281d0 000000e8 T hidExit
001282b8 000002a4 T hidScanInput
0012855c 00000010 T hidKeysHeld
0012856c 00000010 T hidKeysDown
0012857c 00000010 T hidKeysUp
0012858c 00000018 T hidTouchRead
001285a4 00000018 T hidCircleRead
001285bc 00000160 T irrstInit
0012871c 000000cc T irrstExit
001287e8 000000b4 T irrstScanInput
0012889c 00000024 T irrstKeysHeld
001288c0 00000018 T irrstCstickRead
001288d8 00000074 T ptmSysmInit
0012894c 0000003c T ptmSysmExit
00128988 00000034 T PTMSYSM_ConfigureNew3DSCPU
001289bc 00000074 T rbtree_find
00128a30 00000010 T rbtree_init
00128a40 000001b0 t do_insert
00128bf0 00000008 T rbtree_insert
00128bf8 00000318 T rbtree_remove
00128f10 00000090 T rbtree_rotate
00128fa0 000001e0 W __system_allocateHeaps
00129180 00000038 W __libctru_init
001291b8 00000170 W __system_initArgv
00129328 00000030 T __syscall_getreent
00129358 00000064 T __syscall_gettod_r
001293bc 00000004 T __syscall_lock_acquire
001293c0 00000004 T __syscall_lock_release
001293c4 00000004 T __syscall_lock_acquire_recursive
001293c8 00000004 T __syscall_lock_release_recursive
001293cc 00000004 T __syscall_exit
001293d0 00000050 T initThreadVars
00129420 00000080 T __system_initSyscalls
001294a0 T svcControlMemory
001294c0 T svcQueryMemory
001294f0 T svcExitProcess
001294f8 T svcCreateThread
00129518 T svcExitThread
00129520 T svcSleepThread
00129528 T svcGetThreadPriority
0012953c T svcReleaseMutex
00129544 T svcCreateEvent
00129558 T svcSignalEvent
00129560 T svcClearEvent
00129568 T svcMapMemoryBlock
00129570 T svcUnmapMemoryBlock
00129578 T svcCreateAddressArbiter
0012958c T svcArbitrateAddressNoTimeout
00129594 T svcCloseHandle
0012959c T svcWaitSynchronization
001295a4 T svcWaitSynchronizationN
001295cc T svcDuplicateHandle
001295e0 T svcGetSystemTick
001295e8 T svcConnectToPort
001295fc T svcSendSyncRequest
00129604 T svcGetThreadId
00129618 T svcGetResourceLimit
0012962c T svcGetResourceLimitLimitValues
00129634 T svcGetResourceLimitCurrentValues
0012963c T svcBreak
00129644 W initSystem
00129694 W __ctru_exit
001296a8 00000084 W envGetHandle
0012972c 00000050 W envDestroyHandles
0012977c 0000012c T srvInit
001298a8 00000058 T srvExit
00129900 00000060 T srvEnableNotification
00129960 000000a0 T srvGetServiceHandleDirect
00129a00 00000038 T srvGetServiceHandle
00129a38 00000034 T srvSubscribe
00129a6c 00000060 T srvReceiveNotification
00129acc 00000038 T srvPublishToSubscriber
00129b04 000000b4 t mappableFindAddressWithin
00129bb8 00000028 T mappableInit
00129be0 00000080 T mappableAlloc
00129c60 00000004 T mappableFree
00129c64 0000000c T srvPmGetSessionHandle
00129c70 0000005c T rbtree_node_next
00129ccc 00000030 W __appExit
00129cfc 00000030 W __appInit
00129d2c 00000090 W __libctru_exit
00129dbc 00000014 t archive_link
00129dd0 00000014 t archive_dirreset
00129de4 00000014 t archive_chmod
00129df8 00000024 t error_cmp
00129e1c 00000050 t archive_translate_error
00129e6c 000000c8 t archive_seek
00129f34 0000007c t _archiveInit.part.0
00129fb0 000000c4 t archiveFindDevice.part.0
0012a074 00000280 t archive_utf16path
0012a2f4 0000009c t _archiveUnmountDeviceStruct.part.0
0012a390 00000014 t archive_fchmod
0012a3a4 00000014 t archive_statvfs
0012a3b8 00000164 t _archiveMountDevice
0012a51c 000000e8 t archive_diropen
0012a604 000000a4 t archive_fstat
0012a6a8 0000006c t archive_fsync
0012a714 0000006c t archive_close
0012a780 00000070 t archive_dirclose
0012a7f0 000000e8 t sdmc_statvfs
0012a8d8 000000ec t archive_chdir
0012a9c4 0000007c t archive_ftruncate
0012aa40 000000ac t archive_read
0012aaec 000000a4 t archive_unlink
0012ab90 000000bc t archive_rmdir
0012ac4c 000000dc t archive_mkdir
0012ad28 00000194 t archive_stat
0012aebc 00000160 t archive_dirnext
0012b01c 00000124 t archive_write
0012b140 0000020c t archive_open
0012b34c 00000278 t archive_rename
0012b5c4 0000019c T archiveMountSdmc
0012b760 00000054 T archiveUnmountAll
0012b7b4 0000013c T decode_utf8
0012b8f0 000000e8 T utf16_to_utf8
0012b9d8 000000c0 T utf8_to_utf16
0012ba98 T __aeabi_read_tp
0012baa4 00000064 T decode_utf16
0012bb08 00000054 T encode_utf16
0012bb5c 000000e0 T encode_utf8
0012bc3c 00000120 T __udivmoddi4
0012bd5c 000000e4 T strncmp
0012be40 0000001c T srand
0012be5c 00000044 T rand
0012bea0 00000024 T getenv
0012bec4 0000005c T strlen
0012bf20 00000150 T memmove
0012c070 00000090 T _raise_r
0012c100 00000018 T raise
0012c118 00000078 T signal
0012c190 000001d8 t _strtoul_l.isra.0
0012c368 00000034 T strtoul
0012c39c 000000e4 T strncat
0012c480 00000078 T bsearch
0012c4f8 00000020 T calloc
0012c518 000000c0 T _calloc_r
0012c5d8 00000020 T realloc
0012c5f8 00000044 T strlcpy
0012c63c 00000020 T memalign
0012c65c 0000001c t stdio_exit_handler
0012c678 0000005c t cleanup_stdio
0012c6d4 00000154 t global_stdio_init.part.0
0012c828 0000005c T __sinit
0012c884 0000000c T __sfp_lock_acquire
0012c890 0000000c T __sfp_lock_release
0012c89c 0000079c T _malloc_r
0012d038 00000064 T strcasecmp
0012d09c 000000f8 T _malloc_trim_r
0012d194 000002e8 T _free_r
0012d47c 0000000c T atoi
0012d488 000001b0 t _strtol_l.part.0
0012d638 00000064 T strtol
0012d69c 0000025c T setvbuf
0012d8f8 00000048 T strnlen
0012d940 0000000c T __errno
0012d94c 00000018 T malloc
0012d964 00000018 T free
0012d97c 0000011c T memcpy
0012da98 00000034 T printf
0012dacc 0000004c T time
0012db18 000000c8 T _findenv_r
0012dbe0 000000f4 T memset
0012dcd4 000004a0 T _realloc_r
0012e174 00000070 T _fwalk_sglue
0012e1e4 0000000c T __malloc_lock
0012e1f0 0000000c T __malloc_unlock
0012e1fc 00000004 W __call_exitprocs
0012e200 00000030 T exit
0012e230 000000c4 T strncpy
0012e2f4 00000084 T __libc_init_array
0012e378 0000022c T __sflush_r
0012e5a4 00000094 T _fflush_r
0012e638 0000000c T __env_lock
0012e644 0000000c T __env_unlock
0012e650 0000014c T _memalign_r
0012e79c 0000003c T __libc_fini_array
0012e7d8 00000044 T __sread
0012e81c 00000068 T __swrite
0012e884 00000044 T __sseek
0012e8c8 00000008 T __sclose
0012e8d0 00000148 T _fclose_r
0012ea18 0000064c t get_arg
0012f068 00003378 T _vfprintf_r
001323e0 000000b8 t __sbprintf
00132498 0000012c T __smakebuf_r
001325c4 0000008c T __swhatbuf_r
00132650 000001b4 t quorem
00132808 00001218 T _dtoa_r
00133a20 000000a0 T _wcrtomb_r
00133ac0 00000028 T _wcsrtombs_r
00133ae8 00000138 T __swsetup_r
00133c20 00000088 T frexp
00133ca8 0000005c T __assert_func
00133d04 00000088 T _Balloc
00133d8c 0000001c T _Bfree
00133da8 000000f4 T __multadd
00133e9c 00000060 T __hi0bits
00133efc 0000009c T __lo0bits
00133f98 000000a4 T __i2b
0013403c 00000204 T __multiply
00134240 00000128 T __pow5mult
00134368 00000140 T __lshift
001344a8 00000058 T __mcmp
00134500 000001fc T __mdiff
001346fc 00000124 T __d2b
00134820 00000024 T __locale_mb_cur_max
00134844 0000003c T fiprintf
00134880 000000e0 T memchr
00134960 00000188 T _wcsnrtombs_l
00134ae8 00000064 T _wcsnrtombs_r
00134b4c 000002f8 T __utf8_mbtowc
00134e44 00000030 T __sprint_r
00134e74 00000014 T abort
00134e88 00000024 T _localeconv_r
00134eac 000000f0 T __utf8_wctomb
00134f9c 00000130 T strchr
001350cc 000004b4 T __sfvwrite_r
00135580 0000064c t get_arg
00135bcc 00002300 T _vfiprintf_r
00137ecc 000000b8 t __sbprintf
00137f84 00000020 T _exit
00137fa4 0000013c T chdir
001380e0 000001cc T _concatenate_path
001382ac 00000078 T _fstat_r
00138324 00000014 T _getpid_r
00138338 0000002c T __getreent
00138364 00000030 T _gettimeofday_r
00138394 0000003c T __get_handle
001383d0 000000f4 T _close_r
001384c4 00000008 t null_write
001384cc 00000018 T setDefaultDevice
001384e4 000000c8 T FindDevice
001385ac 00000028 T RemoveDevice
001385d4 0000009c T AddDevice
00138670 00000020 T GetDeviceOpTab
00138690 00000008 T _isatty_r
00138698 00000014 T _kill_r
001386ac 00000084 T _lseek_r
00138730 00000080 T _read_r
001387b0 00000078 W _sbrk_r
00138828 0000001c T __libc_lock_acquire
00138844 0000001c T __libc_lock_release
00138860 0000001c T __libc_lock_acquire_recursive
0013887c 0000001c T __libc_lock_release_recursive
00138898 00000080 T _write_r
00138918 00000048 T strrchr
00138960 T _fini
00139594 r .LC2
00139e48 00000014 r SDL_fatal_signals
00139e5c 00000048 r format_list
00139ea4 00000010 r clearcolors
00139eb4 00000010 r displayTranferFlags
00139ec4 00000010 r textureTranferFlags
00139ed4 00000010 r getpixes
00139ee4 00000014 r colorkey_blit
00139ef8 00000014 r bitmap_blit
00139f0c 00000014 r one_blitkey
00139f20 00000014 r one_blit
00139f34 00000010 r normal_blit
00139f44 00000084 r normal_blit_4
00139fc8 0000002c r normal_blit_3
00139ff4 000000dc r normal_blit_2
0013a0d0 0000002c r normal_blit_1
0013a0fc 00000800 r RGB565_BGRA8888_LUT
0013a8fc 00000800 r RGB565_RGBA8888_LUT
0013b0fc 00000800 r RGB565_ABGR8888_LUT
0013b8fc 00000800 r RGB565_ARGB8888_LUT
0013c0fc R vshader_shbin
0013c220 R vshader_shbin_end
0013c220 R vshader_shbin_size
0013c224 00000004 r depthFmtSizes
0013c228 00000005 r colorFmtSizes
0013c230 00000038 r CSWTCH.19
0013c268 00000080 r dotab_stdout
0013c2e8 00000018 r grayScale
0013c300 00000006 r colorCube
0013c308 00000030 r colorTable
0013c338 00000011 r dsp_filename.0
0013c34c 00000008 r morton_y.2
0013c354 00000008 r morton_x.3
0013c35c 00000008 r s_sleepWakeEvents.4
0013c364 R default_font_bin
0013cb64 R default_font_bin_end
0013cb64 00000030 r error_table
0013cb94 00000080 r archive_devoptab
0013cc14 00000101 R _ctype_
0013cd50 00000010 r zeroes.0
0013cd60 00000010 r blanks.1
0013cd70 0000006c R __action_table
0013cddc 0000006c R __state_table
0013ce48 00000100 R __chclass
0013cf48 0000000c r p05.0
0013cf58 00000028 R __mprec_bigtens
0013cf80 000000c8 R __mprec_tens
0013d048 00000010 r zeroes.0
0013d058 00000010 r blanks.1
0013d068 00000080 R dotab_stdnull
0013d0e8 R __tdata_align
0013d0ec r __EH_FRAME_BEGIN__
0013d0ec R __exidx_end
0013d0ec R __exidx_start
0013e000 00000004 d palette_changed
0013e004 00000004 D SDL_cursorstate
0013e008 00000020 d default_cmask
0013e028 00000020 d default_cdata
0013e048 00000020 d SDL_closest_depths
0013e068 00000010 D N3DSAUD_bootstrap
0013e078 00000010 D N3DS_bootstrap
0013e088 00000004 d SDL_CPUFeatures
0013e08c 00000008 d framerateCounter
0013e094 00000004 d framerate
0013e098 00000001 d firstConsoleInit.0
0013e09c 00000004 D currentConsole
0013e0a0 00000048 D defaultConsole
0013e0e8 00000004 d queueLock
0013e0ec 00000004 d aptChainloadDeliverArgSize
0013e0f0 00000004 d kCount
0013e0f4 00000004 d kInterval
0013e0f8 00000004 d kDelay
0013e0fc W __stacksize__
0013e100 00000004 D _impure_ptr
0013e108 00000120 D _impure_data
0013e228 0000000c D __sglue
0013e234 00000004 D __malloc_sbrk_base
0013e238 00000004 D __malloc_trim_threshold
0013e240 00000408 D __malloc_av_
0013e648 00000004 D environ
0013e64c 0000016c D __global_locale
0013e7b8 00000400 d _current_working_directory
0013ebb8 00001000 d handles
0013fbb8 0000000c d __stderr_handle
0013fbc4 0000000c d __stdout_handle
0013fbd0 0000000c d __stdin_handle
0013fbdc 0000008c D devoptab_list
0013fc68 00000004 d defaultDevice
0013fc74 d _GLOBAL_OFFSET_TABLE_
0013fc80 d __frame_dummy_init_array_entry
0013fc80 D __init_array_start
0013fc80 B __preinit_array_end
0013fc80 B __preinit_array_start
0013fc80 D __tdata_lma
0013fc80 D __tdata_lma_end
0013fc84 d __do_global_dtors_aux_fini_array_entry
0013fc84 D __fini_array_start
0013fc84 D __init_array_end
0013fc88 D __bss_start__
0013fc88 b completed.1
0013fc88 D __fini_array_end
0013fc8c b object.0
0013fca4 00000004 b ticks_started
0013fca8 00000004 b SDL_initialized
0013fcac 00000004 b format_idx_sub
0013fcb0 00000004 b format_idx
0013fcb4 00000004 B current_audio
0013fcb8 00000308 b SDL_global_error
0013ffc0 00000004 b thread_lock
0013ffc4 00000004 b SDL_Threads
0013ffc8 00000004 b SDL_numthreads
0013ffcc 00000004 b SDL_maxthreads
0013ffd0 00000001 b list_changed
0013ffd4 00000004 b SDL_timer_mutex
0013ffd8 00000004 b SDL_timers
0013ffdc 00000004 b SDL_timer_threaded
0013ffe0 00000004 B SDL_alarm_callback
0013ffe4 00000004 B SDL_alarm_interval
0013ffe8 00000004 B SDL_timer_running
0013ffec 00000004 B SDL_timer_started
0013fff0 00000002 b pixels8
0013fff4 00000004 B SDL_cursorlock
0013fff8 00000004 b SDL_defcursor
0013fffc 00000004 B SDL_cursor
00140000 00000004 b format_version.0
00140004 00000004 B current_video
00140008 00000004 B SDL_joysticks
0014000c 00000004 B SDL_allocatedjoysticks
00140010 00000001 B SDL_numjoysticks
00140018 00000008 b g_startTicks
00140020 00000004 b g_audDev
00140024 00000008 b g_dspHook
0014002c 00000004 B old_dpad_state
00140030 00000004 B key_release
00140034 00000004 B key_press
00140038 00000004 B old_cs_y
0014003c 00000004 B old_cs_x
00140040 00000004 B old_y
00140044 00000004 B old_x
00140048 00000004 b RenderClearColor
0014004c 00000004 B setVideoModecount
00140050 00000004 B privateVideoThreadHandle
00140054 00000008 B privateVideoThreadEvent
0014005c 00000001 B runThread
00140060 00000018 b spritesheet_tex
00140078 00000004 B VideoSurface2
0014007c 00000004 B VideoSurface1
00140080 00000040 b projection2
001400c0 00000040 b projection
00140100 00000004 b uLoc_projection
00140104 00000014 b program
00140118 00000004 b vshader_dvlb
0014011c 00000004 b event_thread
00140120 00000004 b SDL_EventThread
00140124 00000008 b SDL_EventLock
00140130 00000c14 b SDL_EventQ
00140d44 00000004 b SDL_eventstate
00140d48 00000020 B SDL_ProcessEvents
00140d68 00000004 B SDL_EventOK
00140d6c 00000001 b SDL_NoLockKeys
00140d70 00000020 B SDL_KeyRepeat
00140d90 0000050c b keynames
0014129c 00000004 B SDL_TranslateUNICODE
001412a0 00000002 b SDL_ModState
001412a4 00000143 b SDL_KeyState
001413e7 00000001 b SDL_ButtonState
001413e8 00000002 b SDL_MouseMaxY
001413ea 00000002 b SDL_MouseMaxX
001413ec 00000002 b SDL_DeltaY
001413ee 00000002 b SDL_DeltaX
001413f0 00000002 b SDL_MouseY
001413f2 00000002 b SDL_MouseX
001413f4 00000008 b last_resize
001413fc 00000001 b pushedQuit.0
001413fd 00000001 b SDL_appstate
00141400 0000000c b hookCookie
00141410 000002d0 B __C3D_Context
001416e0 00000004 b frameEndCbData
001416e4 00000004 b frameEndCb
001416e8 00000008 b frameCounter
001416f0 00000001 b isTopStereo
001416f1 00000001 b needSwapBot
001416f2 00000001 b needSwapTop
001416f3 00000001 b measureGpuTime
001416f4 00000001 b inSafeTransfer
001416f5 00000001 b inFrame
001416f8 00000010 b cpuTime
00141708 00000010 b gpuTime
00141718 0000000c b linkedTarget
00141724 00000004 b lastTarget
00141728 00000004 b firstTarget
0014172c 00000008 b C3Di_IVUnifEverDirty
00141734 000000c0 b C3Di_FVUnifEverDirty
001417f4 00000018 b C3Di_ShaderFVecData
0014180c 00000002 B C3D_BoolUnifsDirty
00141810 00000008 B C3D_IVUnifDirty
00141818 000000c0 B C3D_FVUnifDirty
001418d8 00000004 B C3D_BoolUnifs
001418dc 00000020 B C3D_IVUnif
001418fc 00000c00 B C3D_FVUnif
00142500 00000008 b sLinearPool
00142508 0000000c b sAddrMap
00142518 00000008 b sVramPoolB
00142520 00000008 b sVramPoolA
00142528 0000000c b sAddrMap
00142534 0000001c b escapeSeq
00142550 00000048 B currentCopy
00142598 00000004 b screenAlloc
0014259c 00000004 b screenFree
001425a0 00000002 b gfxIsDoubleBuf
001425a4 00000002 b gfxCurBuf
001425a6 00000001 b gfxIsVram
001425a7 00000001 b gfxTopMode
001425a8 00000002 b gfxFramebufferFormats
001425ac 00000004 b gfxBottomFramebufferMaxSize
001425b0 00000004 b gfxTopFramebufferMaxSize
001425b8 00000008 b gfxBottomFramebuffers
001425c0 00000008 b gfxTopFramebuffers
001425c8 00000001 V __ctru_speedup
001425cc 00000004 b arbiter
001425d0 00000004 B gpuCmdBufOffset
001425d4 00000004 B gpuCmdBufSize
001425d8 00000004 B gpuCmdBuf
001425dc 00000004 b boundQueue
001425e0 00000001 b shouldStop
001425e1 00000001 b isRunning
001425e2 00000001 b isActive
001425e4 00000004 b curQueue
001425e8 00000c60 b ndspChn
00143248 00000004 b ndspRefCount
0014324c 00000048 b ndspMaster
00143294 00000004 b ndspThread
00143298 00000001 b ndspThreadRun
0014329c 00001080 b dspVar5Backup
0014431c 00000004 b ndspMutex
00144320 00000008 b sleepEvent
00144328 00000004 b dspSem
0014432c 00000004 b irqEvent
00144330 00000008 b ndspHookCookie
00144338 00000001 b componentFree
0014433a 00000002 b componentDataMask
0014433c 00000002 b componentProgMask
00144340 00000004 b componentSize
00144344 00000004 b componentBin
00144348 00000004 b frameCount
0014434c 00000004 b droppedFrames
00144350 00000001 b bCancelReceived
00144351 00000001 b bSleeping
00144352 00000001 b bEnteringSleep
00144353 00000001 b bDspReady
00144354 00000080 B ndspVars
001443d4 00000002 B ndspBufferId
001443d6 00000002 B ndspBufferCurId
001443d8 00000002 B ndspFrameId
001443da 00000001 b flagValue.0
001443db 00000001 b flagInit.1
001443dc 00000004 b serviceName.6
001443e0 00000001 b aptChainloadFlags
001443e1 00000001 b aptChainloadMediatype
001443e4 00000020 b aptChainloadHmac
00144404 00000300 b aptChainloadDeliverArg
00144708 00000008 b aptChainloadTid
00144710 00001000 b aptParameters
00145710 00000004 b aptFlags
00145714 00000001 b aptHomeButtonState
00145718 00000004 b aptMessageFuncData
0014571c 00000004 b aptMessageFunc
00145720 0000000c b aptFirstHook
0014572c 00000001 b aptEventHandlerThreadQuit
00145730 00000004 b aptEventHandlerThread
00145734 00000008 b aptSleepEvent
0014573c 00000008 b aptReceiveEvent
00145744 00000008 b aptEvents
0014574c 00000004 b aptLockHandle
00145750 00000004 b aptRefCount
00145754 00000004 b cfguRefCount
00145758 00000004 b cfguHandle
0014575c 00000002 b dspSavedCompDataMask
0014575e 00000002 b dspSavedCompProgMask
00145760 00000004 b dspSavedCompSize
00145764 00000004 b dspSavedCompBin
00145768 00000001 b dspSleeping
00145769 00000001 b dspComponentLoaded
0014576c 00000008 b dspFirstHook
00145774 00000004 b dspRefCount
00145778 00000004 b dspHandle
00145780 00000080 b fsExemptArchives
00145800 00000004 b fsuRefCount
00145804 00000004 b fsuHandle
00145808 00000007 b gspEventCbOneShot
00145810 0000001c b gspEventCbData
0014582c 0000001c b gspEventCb
00145848 00000038 b gspEvents
00145880 00000004 b gspLastEvent
00145884 00000001 b gspRunEvents
00145888 00000004 b gspEventThread
0014588c 00000004 b gspEvent
00145890 00000001 b gspGpuRight
00145891 00000001 b gspThreadId
00145894 00000004 b gspSharedMem
00145898 00000004 b gspSharedMemHandle
0014589c 00000004 b gspRefCount
001458a0 00000004 b gspGpuHandle
001458a4 00000001 b usingIrrst
001458a8 00000004 b hidRefCount
001458ac 00000006 b gRate
001458b4 00000006 b aVec
001458bc 00000004 b cPos
001458c0 00000004 b tPos
001458c4 00000004 b kRepeat
001458c8 00000004 b kUp
001458cc 00000004 b kDown
001458d0 00000004 b kHeld
001458d4 00000004 b kOld
001458d8 00000004 B hidSharedMem
001458dc 00000014 B hidEvents
001458f0 00000004 B hidMemHandle
001458f4 00000004 B hidHandle
001458f8 00000004 b irrstRefCount
001458fc 00000004 b csPos
00145900 00000004 b kHeld
00145904 00000004 B irrstSharedMem
00145908 00000004 B irrstEvent
0014590c 00000004 B irrstMemHandle
00145910 00000004 B irrstHandle
00145914 00000004 b ptmSysmRefCount
00145918 00000004 b ptmSysmHandle
0014591c 00000004 V __ctru_linear_heap_size
00145920 00000004 V __ctru_heap_size
00145924 00000004 B __ctru_linear_heap
00145928 00000004 B __ctru_heap
0014592c 00000004 B __system_retAddr
00145930 00000004 B __system_argv
00145934 00000004 B __system_argc
00145938 b saved_stack
00145940 00000004 B __3dslink_host
00145944 00000004 b srvRefCount
00145948 00000004 b srvHandle
0014594c 00000004 b currentAddr
00145950 00000004 b maxAddr
00145954 00000004 b minAddr
00145958 00000004 b srvPmHandle
00145960 000005c0 b archive_devices
00145f20 00000004 b archive_device_cwd
00145f24 00000001 b archive_initialized
00145f28 0000000c b __sfp_recursive_mutex
00145f38 00000168 B __sf
001460a0 00000004 B __stdio_exit_handler
001460a4 00000028 B __malloc_current_mallinfo
001460cc 00000004 B __malloc_max_total_mem
001460d0 00000004 B __malloc_max_sbrked_mem
001460d4 00000004 B __malloc_top_pad
001460d8 0000000c b __malloc_recursive_mutex
001460e4 0000000c b __env_recursive_mutex
001460f0 00000004 b initial_env
001460f4 00000400 b temp_cwd
001464f4 00000004 b __hndl_lock
001464f8 00000004 B fake_heap_start
001464fc 00000004 B fake_heap_end
00146500 00000004 b heap_start.0
00146504 B __tls_start
0014710c B __bss_end__
0014710c A __end__
0014710c B __tls_end
