         w __cxa_begin_cleanup
         w __cxa_call_unexpected
         w __cxa_type_match
         w __deregister_frame_info
         w __gnu_Unwind_Find_exidx
         w __register_frame_info
         w userAppExit
         w userAppInit
00000000 00000802 B __ctru_dev_utf16_buf
00000000 a shift
00000000 a shift
00000000 b _TLS_MODULE_BASE_
00000804 00000401 B __ctru_dev_path_buf
00100000 A __start__
00100000 T _start
00100008 T __service_ptr
0010000c T __apt_appid
00100010 T __heap_size
00100014 T __linear_heap_size
00100018 T __system_arglist
0010001c T __system_runflags
00100020 t startup
00100058 t ClearMem
0010006c t ClrLoop
00100094 T _init
001000b0 t jsimd_idct_islow_neon_consts
001000c8 T jsimd_idct_islow_neon
001006c0 t jsimd_idct_ifast_neon_consts
001006c8 T jsimd_idct_ifast_neon
00100930 t jsimd_extrgb_ycc_neon_consts
00100950 T jsimd_extrgb_ycc_convert_neon
00100c20 t jsimd_extbgr_ycc_neon_consts
00100c40 T jsimd_extbgr_ycc_convert_neon
00100f10 t jsimd_extrgbx_ycc_neon_consts
00100f30 T jsimd_extrgbx_ycc_convert_neon
00101200 t jsimd_extbgrx_ycc_neon_consts
00101220 T jsimd_extbgrx_ycc_convert_neon
001014f0 t jsimd_extxbgr_ycc_neon_consts
00101510 T jsimd_extxbgr_ycc_convert_neon
001017e0 t jsimd_extxrgb_ycc_neon_consts
00101800 T jsimd_extxrgb_ycc_convert_neon
00101ad0 T __aeabi_uidiv
00101ad0 000001ec T __udivsi3
00101ad0 t .udivsi3_skip_div0_test
00101cbc 00000020 T __aeabi_uidivmod
00101cdc T __aeabi_idiv
00101cdc 00000220 T __divsi3
00101ce4 t .divsi3_skip_div0_test
00101efc 00000020 T __aeabi_idivmod
00101f1c 00000004 W __aeabi_idiv0
00101f1c 00000004 W __aeabi_ldiv0
00101f20 T __aeabi_ldivmod
00101ff4 T __aeabi_uldivmod
00102030 00000018 T setjmp
00102048 0000001c T longjmp
00102088 00000390 T strcmp
00102410 T __aeabi_drsub
00102418 000002b0 T __aeabi_dsub
00102418 000002b0 T __subdf3
0010241c 000002ac T __adddf3
0010241c 000002ac T __aeabi_dadd
001026c8 00000024 T __aeabi_ui2d
001026c8 00000024 T __floatunsidf
001026ec 00000028 T __aeabi_i2d
001026ec 00000028 T __floatsidf
00102714 00000048 T __aeabi_f2d
00102714 00000048 T __extendsfdf2
0010275c 00000074 T __aeabi_ul2d
0010275c 00000074 T __floatundidf
00102770 00000060 T __aeabi_l2d
00102770 00000060 T __floatdidf
001027d0 00000014 T __restore_core_regs
001027d0 00000014 T restore_core_regs
001027e4 T __gnu_Unwind_Restore_VFP
001027ec T __gnu_Unwind_Save_VFP
001027f4 T __gnu_Unwind_Restore_VFP_D
001027fc T __gnu_Unwind_Save_VFP_D
00102804 T __gnu_Unwind_Restore_VFP_D_16_to_31
0010280c T __gnu_Unwind_Save_VFP_D_16_to_31
00102814 T __gnu_Unwind_Restore_WMMXD
00102858 T __gnu_Unwind_Save_WMMXD
0010289c T __gnu_Unwind_Restore_WMMXC
001028b0 T __gnu_Unwind_Save_WMMXC
001028c4 00000024 T ___Unwind_RaiseException
001028c4 00000024 T _Unwind_RaiseException
001028e8 00000024 T ___Unwind_Resume
001028e8 00000024 T _Unwind_Resume
0010290c 00000024 T ___Unwind_Resume_or_Rethrow
0010290c 00000024 T _Unwind_Resume_or_Rethrow
00102930 00000024 T ___Unwind_ForcedUnwind
00102930 00000024 T _Unwind_ForcedUnwind
00102954 00000024 T ___Unwind_Backtrace
00102954 00000024 T _Unwind_Backtrace
00102978 t __do_global_dtors_aux
001029b8 t frame_dummy
001029e4 0000021c T main
00102c00 00000040 t png_read_data
00102c40 000000f4 T IMG_InitPNG
00102d34 0000057c T IMG_LoadPNG_RW
001032b0 000000bc T IMG_Init
0010336c 00000084 T IMG_InitJPG
001033f0 00000018 T IMG_InitTIF
00103408 00000018 T IMG_InitWEBP
00103420 00000114 t png_colorspace_endpoints_match
00103534 0000004c T png_zalloc
00103580 00000004 T png_zfree
00103584 00000100 t png_colorspace_set_xy_and_XYZ
00103684 00000198 t png_compare_ICC_profile_with_sRGB
00103820 0000018c t png_build_16bit_table
001039ac 000004e0 t png_free_data.part.0
00103e90 000000b8 t png_muldiv.part.0
00103f48 00000070 t png_gamma_8bit_correct.part.0
00103fb8 00000088 t png_build_8bit_table
00104040 00000068 t png_gamma_16bit_correct.part.0
001040a8 000001c4 t png_icc_profile_error
00104270 0000010c t png_colorspace_check_gamma
00104380 000003b8 t png_xy_from_XYZ
00104738 0000006c T png_sig_cmp
001047a4 00000020 T png_reset_crc
001047c4 00000050 T png_calculate_crc
00104814 000000f8 T png_user_version_check
0010490c 00000114 T png_create_png_struct
00104a20 00000030 T png_create_info_struct
00104a50 00000060 T png_destroy_info_struct
00104ab0 00000010 T png_free_data
00104ac0 0000000c T png_get_io_ptr
00104acc 000000ac T png_handle_as_unknown
00104b78 0000002c T png_chunk_unknown_handling
00104ba4 000000e4 T png_zstream_error
00104c88 00000090 T png_colorspace_set_gamma
00104d18 00000068 T png_colorspace_sync_info
00104d80 00000030 T png_colorspace_sync
00104db0 00000144 T png_colorspace_set_sRGB
00104ef4 0000007c T png_icc_check_length
00104f70 0000038c T png_icc_check_header
001052fc 000000d8 T png_icc_check_tag_table
001053d4 0000003c T png_icc_set_sRGB
00105410 0000022c T png_colorspace_set_rgb_coefficients
0010563c 0000032c T png_check_IHDR
00105968 00000290 T png_check_fp_number
00105bf8 0000005c T png_check_fp_string
00105c58 000000c0 T png_muldiv
00105d18 00000078 T png_reciprocal
00105d90 00000368 t png_XYZ_from_xy
001060f8 000000cc T png_colorspace_set_chromaticities
001061c4 00000020 T png_gamma_significant
001061e8 000000a8 T png_reciprocal2
00106290 00000018 T png_gamma_8bit_correct
001062a8 0000005c T png_gamma_correct
00106304 00000134 T png_destroy_gamma_table
00106438 000005b8 T png_build_gamma_table
001069f0 000000ec t png_format_buffer.isra.0
00106adc 00000088 T png_safecat
00106b64 00000288 T png_format_number
00106dec 00000094 T png_warning
00106e80 00000068 T png_chunk_warning
00106ee8 00000094 T png_free_jmpbuf
00106f7c 0000002c T png_longjmp
00106fa8 00000050 t png_default_error
00106ff8 0000002c T png_error
00107024 00000018 T png_app_warning
0010703c 00000018 T png_app_error
00107054 000000a8 T png_set_longjmp_fn
001070fc 0000002c T png_chunk_error
00107128 00000018 T png_chunk_benign_error
00107140 00000070 T png_benign_error
001071b0 00000078 T png_chunk_report
00107228 00000010 T png_set_error_fn
00107238 0000001c T png_get_valid
00107254 00000018 T png_get_channels
0010726c 000000a0 T png_get_IHDR
0010730c 0000003c T png_get_PLTE
00107348 00000098 T png_get_tRNS
001073e0 00000064 T png_destroy_png_struct
00107444 0000007c T png_calloc
001074c0 00000030 T png_malloc_base
001074f0 00000064 T png_malloc_array
00107554 000000fc T png_realloc_array
00107650 00000058 T png_malloc
001076a8 00000058 T png_malloc_warn
00107700 00000024 T png_free
00107724 00000014 T png_set_mem_fn
00107738 000003ec t png_read_info.part.0
00107b24 00000058 T png_create_read_struct
00107b7c 00000010 T png_read_info
00107b8c 00000040 T png_read_update_info
00107bcc 0000045c T png_read_row
00108028 000000d4 T png_read_image
001080fc 00000154 T png_destroy_read_struct
00108250 00000038 T png_default_read_data
00108288 00000020 T png_read_data
001082a8 00000050 T png_set_read_fn
001082f8 00000210 t png_do_gray_to_rgb
00108508 00000600 t png_do_expand
00108b08 00000038 T png_set_strip_16
00108b40 0000003c T png_set_expand
00108b7c 00000038 T png_set_gray_to_rgb
00108bb4 00000ce8 T png_init_read_transformations
0010989c 000002b8 T png_read_transform_info
00109b54 00002cd4 T png_do_read_transformations
0010c828 00000044 t png_read_filter_row_sub
0010c86c 00000030 t png_read_filter_row_up
0010c89c 0000008c t png_read_filter_row_avg
0010c928 00000088 t png_read_filter_row_paeth_1byte_pixel
0010c9b0 000000c8 t png_read_filter_row_paeth_multibyte_pixel
0010ca78 00000144 t png_inflate_claim
0010cbbc 0000009c t png_read_buffer
0010cc58 00000188 t png_inflate.constprop.0
0010cde0 000001f8 t png_decompress_chunk.constprop.0
0010cfd8 00000168 t png_inflate_read.constprop.0.isra.0
0010d140 000000ac T png_read_sig
0010d1ec 00000088 T png_crc_error
0010d274 000000c8 T png_crc_finish
0010d33c 000000e8 t png_cache_unknown_chunk
0010d424 00000158 T png_handle_IHDR
0010d57c 00000258 T png_handle_PLTE
0010d7d4 00000054 T png_handle_IEND
0010d828 000000d4 T png_handle_gAMA
0010d8fc 000001b8 T png_handle_sBIT
0010dab4 000001fc T png_handle_cHRM
0010dcb0 00000110 T png_handle_sRGB
0010ddc0 00000534 T png_handle_iCCP
0010e2f4 00000324 T png_handle_sPLT
0010e618 00000228 T png_handle_tRNS
0010e840 0000026c T png_handle_bKGD
0010eaac 00000188 T png_handle_eXIf
0010ec34 00000130 T png_handle_hIST
0010ed64 00000118 T png_handle_pHYs
0010ee7c 0000013c T png_handle_oFFs
0010efb8 000002f0 T png_handle_pCAL
0010f2a8 00000258 T png_handle_sCAL
0010f500 00000100 T png_handle_tIME
0010f600 00000184 T png_handle_tEXt
0010f784 0000024c T png_handle_zTXt
0010f9d0 00000334 T png_handle_iTXt
0010fd04 000001bc T png_handle_unknown
0010fec0 000000d4 T png_check_chunk_length
0010ff94 000000f8 T png_read_chunk_header
0011008c 000004cc T png_combine_row
00110558 000003f0 T png_do_read_interlace
00110948 0000008c T png_read_filter_row
001109d4 00000298 T png_read_IDAT_data
00110c6c 00000074 T png_read_finish_IDAT
00110ce0 00000130 T png_read_finish_row
00110e10 0000048c T png_read_start_row
0011129c 00000064 t check_location
00111300 00000048 T png_set_bKGD
00111348 0000009c T png_set_eXIf_1
001113e4 000000ac T png_set_hIST
00111490 00000104 T png_set_IHDR
00111594 0000002c T png_set_oFFs
001115c0 00000288 T png_set_pCAL
00111848 00000174 T png_set_sCAL_s
001119bc 0000002c T png_set_pHYs
001119e8 00000134 T png_set_PLTE
00111b1c 00000040 T png_set_sBIT
00111b5c 0000034c T png_set_text_2
00111ea8 000000a4 T png_set_tIME
00111f4c 000001b0 T png_set_tRNS
001120fc 00000188 T png_set_sPLT
00112284 00000134 T png_set_unknown_chunks
001123b8 00000028 T png_set_packing
001123e0 00000030 T png_set_interlace_handling
00112410 000000c8 T png_do_invert
001124d8 0000004c T png_do_swap
00112524 0000007c T png_do_packswap
001125a0 00000248 T png_do_strip_channel
001127e8 00000110 T png_do_bgr
001128f8 00000194 T png_do_check_palette_indexes
00112a8c 00000364 T adler32_z
00112df0 00000004 T adler32
00112df4 000003ac T crc32_z
001131a0 00000004 T crc32
001131a4 0000011c t updatewindow
001132c0 0000005c t inflateStateCheck
0011331c 0000009c T inflateResetKeep
001133b8 00000068 T inflateReset
00113420 000000bc T inflateReset2
001134dc 000000ec T inflateInit2_
001135c8 000018ec T inflate
00114eb4 0000005c T inflateEnd
00114f10 00000088 T inflateValidate
00114f98 00000554 T inflate_table
001154ec 00000008 T zcalloc
001154f4 00000008 T zcfree
001154fc 000005d8 T inflate_fast
00115ad4 00000118 T jpeg_CreateDecompress
00115bec 00000004 T jpeg_destroy_decompress
00115bf0 00000308 T jpeg_read_header
00115ef8 000000ec T jpeg_finish_decompress
00115fe4 00000138 t output_pass_setup
0011611c 00000114 T jpeg_start_decompress
00116230 000000cc T jpeg_read_scanlines
001162fc 00000014 t finish_input_pass
00116310 00000050 t reset_input_controller
00116360 00000474 t start_input_pass
001167d4 00000340 t consume_markers
00116b14 00000064 T jinit_input_controller
00116b78 000003d8 t get_sof
00116f50 00000258 t examine_app0
001171a8 000000d4 t skip_variable
0011727c 0000012c t next_marker
001173a8 00000028 t reset_marker_reader
001173d0 000003b4 t get_dht
00117784 00000e38 t read_markers
001185bc 000000cc t examine_app14
00118688 0000016c t get_interesting_appn
001187f4 000000a4 t read_restart_marker
00118898 00000144 T jpeg_resync_to_restart
001189dc 000000d0 T jinit_marker_reader
00118aac 000001dc t prepare_for_output_pass
00118c88 00000030 t finish_output_pass
00118cb8 000000e8 t use_merged_upsample.part.0
00118da0 00000638 T jpeg_calc_output_dimensions
001193d8 0000035c T jinit_master_decompress
00119734 00000018 t start_pass_merged_upsample
0011974c 00000044 t merged_1v_upsample
00119790 00000904 t h2v1_merged_upsample
0011a094 00000df8 t h2v2_merged_upsample
0011ae8c 000001bc t h2v1_merged_upsample_565
0011b048 0000023c t h2v1_merged_upsample_565D
0011b284 000002ac t h2v2_merged_upsample_565
0011b530 000003a8 t h2v2_merged_upsample_565D
0011b8d8 00000120 t merged_2v_upsample
0011b9f8 00000234 T jinit_merged_upsampler
0011bc2c 00000468 t start_pass_phuff_decoder
0011c094 00000564 t decode_mcu_AC_refine
0011c5f8 00000178 t decode_mcu_DC_refine
0011c770 0000032c t decode_mcu_AC_first
0011ca9c 00000368 t decode_mcu_DC_first
0011ce04 0000009c T jinit_phuff_decoder
0011cea0 0000010c t start_pass_dpost
0011cfac 00000090 t post_process_1pass
0011d03c 000000f0 t post_process_prepass
0011d12c 000000d8 t post_process_2pass
0011d204 000000d0 T jinit_d_post_controller
0011d2d4 00000018 t start_pass_upsample
0011d2ec 00000128 t sep_upsample
0011d414 00000008 t fullsize_upsample
0011d41c 0000000c t noop_upsample
0011d428 00000060 t h2v1_upsample
0011d488 000000dc t h2v1_fancy_upsample
0011d564 000000b8 t h1v2_fancy_upsample
0011d61c 00000170 t h2v2_fancy_upsample
0011d78c 000000e4 t int_upsample
0011d870 00000088 t h2v2_upsample
0011d8f8 0000034c T jinit_upsampler
0011dc44 00000060 t emit_message
0011dca4 00000014 t reset_error_mgr
0011dcb8 000000ec t format_message
0011dda4 00000038 t output_message
0011dddc 00000024 t error_exit
0011de00 00000074 T jpeg_std_error
0011de74 00000198 t create_colorindex
0011e00c 00000084 t color_quantize
0011e090 00000080 t color_quantize3
0011e110 00000130 t quantize3_ord_dither
0011e240 00000004 t finish_pass_1_quant
0011e244 00000014 t new_color_map_1_quant
0011e258 000005ac t start_pass_1_quant
0011e804 000002a8 t quantize_fs_dither
0011eaac 00000178 t quantize_ord_dither
0011ec24 00000560 T jinit_1pass_quantizer
0011f184 000000a8 t prescan_quantize
0011f22c 000009e4 t fill_inverse_cmap
0011fc10 000000f4 t pass2_no_dither
0011fd04 0000036c t pass2_fs_dither
00120070 000001c0 t init_error_limit
00120230 00000004 t finish_pass2
00120234 00000010 t new_color_map_2_quant
00120244 0000015c t start_pass_2_quant
001203a0 00000478 t update_box.isra.0
00120818 00000490 t finish_pass1
00120ca8 00000188 T jinit_2pass_quantizer
00120e30 00000014 T jdiv_round_up
00120e44 0000001c T jround_up
00120e60 00000038 T jcopy_sample_rows
00120e98 00000014 T jcopy_block_row
00120eac 0000000c T jzero_far
00120eb8 000001b4 t alloc_small
0012106c 0000007c t request_virt_barray
001210e8 0000007c t request_virt_sarray
00121164 0000017c t free_pool
001212e0 00000040 t self_destruct
00121320 00000138 t alloc_large
00121458 000000cc t alloc_barray
00121524 00000100 t alloc_sarray
00121624 000002b4 t realize_virt_arrays
001218d8 000003c4 t access_virt_sarray
00121c9c 000003d8 t access_virt_barray
00122074 00000188 T jinit_memory_mgr
001221fc 00000008 T jpeg_get_small
00122204 00000008 T jpeg_free_small
0012220c 00000008 T jpeg_get_large
00122214 00000008 T jpeg_free_large
0012221c 00000030 T jpeg_mem_available
0012224c 00000014 T jpeg_open_backing_store
00122260 00000008 T jpeg_mem_init
00122268 00000004 T jpeg_mem_term
0012226c 00000404 t start_pass
00122670 00000108 t process_restart
00122778 00000264 t arith_decode
001229dc 000003a4 t decode_mcu
00122d80 000001f4 t decode_mcu_AC_refine
00122f74 000000b0 t decode_mcu_DC_refine
00123024 00000244 t decode_mcu_AC_first
00123268 00000230 t decode_mcu_DC_first
00123498 000000ac T jinit_arith_decoder
00123544 000000b0 t init_simd.part.0
001235f4 00000030 T jsimd_can_ycc_rgb
00123624 00000030 T jsimd_can_ycc_rgb565
00123654 00000040 T jsimd_ycc_rgb_convert
00123694 00000008 T jsimd_ycc_rgb565_convert
0012369c 00000030 T jsimd_can_h2v2_upsample
001236cc 00000030 T jsimd_can_h2v1_upsample
001236fc 0000000c T jsimd_h2v2_upsample
00123708 0000000c T jsimd_h2v1_upsample
00123714 00000030 T jsimd_can_h2v2_fancy_upsample
00123744 00000030 T jsimd_can_h2v1_fancy_upsample
00123774 00000030 T jsimd_can_h1v2_fancy_upsample
001237a4 0000000c T jsimd_h2v2_fancy_upsample
001237b0 0000000c T jsimd_h2v1_fancy_upsample
001237bc 0000000c T jsimd_h1v2_fancy_upsample
001237c8 00000030 T jsimd_can_h2v2_merged_upsample
001237f8 00000030 T jsimd_can_h2v1_merged_upsample
00123828 00000038 T jsimd_h2v2_merged_upsample
00123860 00000038 T jsimd_h2v1_merged_upsample
00123898 00000030 T jsimd_can_idct_2x2
001238c8 00000030 T jsimd_can_idct_4x4
001238f8 00000018 T jsimd_idct_2x2
00123910 00000018 T jsimd_idct_4x4
00123928 00000030 T jsimd_can_idct_islow
00123958 00000030 T jsimd_can_idct_ifast
00123988 00000008 T jsimd_can_idct_float
00123990 00000018 T jsimd_idct_islow
001239a8 00000018 T jsimd_idct_ifast
001239c0 00000004 T jsimd_idct_float
001239c4 00000044 T jpeg_abort
00123a08 0000002c T jpeg_destroy
00123a34 00000024 T jpeg_alloc_quant_table
00123a58 00000024 T jpeg_alloc_huff_table
00123a7c 00000044 t start_input_pass
00123ac0 00000008 t dummy_consume_data
00123ac8 000002a8 t consume_data
00123d70 0000021c t decompress_data
00123f8c 000002ec t start_output_pass
00124278 00000328 t decompress_onepass
001245a0 00002280 t decompress_smooth_data
00126820 00000190 T jinit_d_coef_controller
001269b0 00000114 t build_ycc_rgb_table
00126ac4 00000680 t ycc_rgb_convert
00127144 000000a0 t rgb_gray_convert
001271e4 000001a4 t null_convert
00127388 000002d4 t gray_rgb_convert
0012765c 000003d0 t rgb_rgb_convert
00127a2c 00000138 t ycck_cmyk_convert
00127b64 000002ec t ycc_rgb565_convert
00127e50 00000368 t ycc_rgb565D_convert
001281b8 0000019c t rgb_rgb565_convert
00128354 00000274 t rgb_rgb565D_convert
001285c8 00000108 t gray_rgb565_convert
001286d0 0000015c t gray_rgb565D_convert
0012882c 00000004 t start_pass_dcolor
00128830 00000034 t grayscale_convert
00128864 00000528 T jinit_color_deconverter
00128d90 0000044c t start_pass
001291dc 0000008c T jinit_inverse_dct
00129268 0000011c t add_huff_table.part.0
00129384 00000798 T jpeg_make_d_derived_tbl
00129b1c 000004bc t start_pass_huff_decoder
00129fd8 00000140 T jpeg_fill_bit_buffer
0012a118 0000010c T jpeg_huff_decode
0012a224 00000cb8 t decode_mcu
0012aedc 00000140 T jinit_huff_decoder
0012b01c 00000094 t process_data_simple_main
0012b0b0 00000434 t process_data_context_main
0012b4e4 00000030 t process_data_crank_post
0012b514 00000400 t start_pass_main
0012b914 000001c0 T jinit_d_main_controller
0012bad4 0000039c T jpeg_idct_float
0012be70 000004a0 T jpeg_idct_ifast
0012c310 000004cc T jpeg_idct_islow
0012c7dc 00000394 T jpeg_idct_7x7
0012cb70 0000022c T jpeg_idct_6x6
0012cd9c 00000878 T jpeg_idct_5x5
0012d614 0000027c T jpeg_idct_3x3
0012d890 00000404 T jpeg_idct_9x9
0012dc94 00000470 T jpeg_idct_10x10
0012e104 00000644 T jpeg_idct_11x11
0012e748 0000054c T jpeg_idct_12x12
0012ec94 00000740 T jpeg_idct_13x13
0012f3d4 00000668 T jpeg_idct_14x14
0012fa3c 00000704 T jpeg_idct_15x15
00130140 00000854 T jpeg_idct_16x16
00130994 0000031c T jpeg_idct_4x4
00130cb0 0000027c T jpeg_idct_2x2
00130f2c 00000038 T jpeg_idct_1x1
00130f64 00000358 T jsimd_h2v1_merged_upsample_neon
001312bc 00000664 T jsimd_h2v2_merged_upsample_neon
00131920 00000004 T jsimd_h2v1_extrgb_merged_upsample_neon
00131924 00000004 T jsimd_h2v2_extrgb_merged_upsample_neon
00131928 000003b8 T jsimd_h2v1_extrgbx_merged_upsample_neon
00131ce0 00000754 T jsimd_h2v2_extrgbx_merged_upsample_neon
00132434 0000034c T jsimd_h2v1_extbgr_merged_upsample_neon
00132780 00000690 T jsimd_h2v2_extbgr_merged_upsample_neon
00132e10 000003b4 T jsimd_h2v1_extbgrx_merged_upsample_neon
001331c4 00000720 T jsimd_h2v2_extbgrx_merged_upsample_neon
001338e4 000003b4 T jsimd_h2v1_extxbgr_merged_upsample_neon
00133c98 00000720 T jsimd_h2v2_extxbgr_merged_upsample_neon
001343b8 000003b8 T jsimd_h2v1_extxrgb_merged_upsample_neon
00134770 00000754 T jsimd_h2v2_extxrgb_merged_upsample_neon
00134ec4 00000150 T jsimd_h2v1_fancy_upsample_neon
00135014 00000330 T jsimd_h2v2_fancy_upsample_neon
00135344 000000cc T jsimd_h1v2_fancy_upsample_neon
00135410 00000060 T jsimd_h2v1_upsample_neon
00135470 00000070 T jsimd_h2v2_upsample_neon
001354e0 00000128 T jsimd_idct_2x2_neon
00135608 00000404 T jsimd_idct_4x4_neon
00135a0c 00000354 T jsimd_ycc_rgb_convert_neon
00135d60 00000004 T jsimd_ycc_extrgb_convert_neon
00135d64 00000360 T jsimd_ycc_extrgbx_convert_neon
001360c4 0000033c T jsimd_ycc_extbgr_convert_neon
00136400 00000358 T jsimd_ycc_extbgrx_convert_neon
00136758 00000358 T jsimd_ycc_extxbgr_convert_neon
00136ab0 00000360 T jsimd_ycc_extxrgb_convert_neon
00136e10 000002cc T jsimd_ycc_rgb565_convert_neon
001370dc 00000158 T SDL_InitSubSystem
00137234 00000040 T SDL_Init
00137274 0000009c T SDL_QuitSubSystem
00137310 00000018 T SDL_Quit
00137328 000001d0 T SDL_SetError
001374f8 000001f8 T SDL_GetErrorMsg
001376f0 00000010 T SDL_GetError
00137700 00000014 T SDL_ClearError
00137714 00000058 T SDL_Error
0013776c 00000020 t SDL_Parachute
0013778c 00000044 T SDL_InstallParachute
001377d0 00000048 T SDL_UninstallParachute
00137818 00000030 t SDL_LockAudio_Default
00137848 00000030 t SDL_UnlockAudio_Default
00137878 000000ac T SDL_AudioQuit
00137924 000000e8 T SDL_AudioInit
00137a0c 000000dc T SDL_FirstAudioFormat
00137ae8 00000054 T SDL_NextAudioFormat
00137b3c 00000038 T SDL_CalculateAudioSpec
00137b74 0000004c t stdio_write
00137bc0 0000004c t stdio_read
00137c0c 00000034 t stdio_seek
00137c40 00000034 t stdio_close
00137c74 000000b0 T SDL_RWFromFile
00137d24 00000028 T SDL_ReadLE16
00137d4c 00000028 T SDL_ReadLE32
00137d74 000000c0 t SDL_DelThread.part.0
00137e34 0000009c T SDL_GetErrBuf
00137ed0 0000003c T SDL_RunThread
00137f0c 0000017c T SDL_CreateThread
00138088 0000004c T SDL_WaitThread
001380d4 00000004 t callback_wrapper
001380d8 0000008c t SDL_AddTimerInternal
00138164 00000044 T SDL_SetTimerThreaded
001381a8 0000013c T SDL_ThreadedTimerCheck
001382e4 00000150 T SDL_SetTimer
00138434 00000068 T SDL_TimerQuit
0013849c 00000098 T SDL_TimerInit
00138534 000006e8 T SDL_LoadBMP_RW
00138c1c 0000005c t SDL_DitherColors.part.0
00138c78 00000054 T SDL_FormatChanged
00138ccc 00000040 T SDL_FreeFormat
00138d0c 000004d8 T SDL_AllocFormat
001391e4 000000c8 T SDL_ReallocFormat
001392ac 0000000c T SDL_DitherColors
001392b8 0000005c T SDL_CalculatePitch
00139314 0000007c T SDL_FindColor
00139390 000000a8 t Map1to1
00139438 00000058 t MapNto1.isra.0
00139490 00000064 T SDL_MapRGB
001394f4 0000005c T SDL_AllocBlitMap
00139550 00000034 T SDL_InvalidateMap
00139584 0000031c T SDL_MapSurface
001398a0 00000038 T SDL_FreeBlitMap
001398d8 000001a4 T SDL_SetColorKey
00139a7c 000000a4 T SDL_SetClipRect
00139b20 00000120 T SDL_LowerBlit
00139c40 000001b4 T SDL_UpperBlit
00139df4 00000094 T SDL_LockSurface
00139e88 00000064 T SDL_UnlockSurface
00139eec 00000454 T SDL_FillRect
0013a340 00000148 T SDL_FreeSurface
0013a488 0000027c T SDL_CreateRGBSurface
0013a704 00000088 t SDL_WM_GrabInputRaw
0013a78c 00000148 T SDL_VideoModeOK
0013a8d4 0000029c T SDL_UpdateRects
0013ab70 0000006c T SDL_UpdateRect
0013abdc 00000174 T SDL_Flip
0013ad50 00000118 T SDL_VideoQuit
0013ae68 00000208 T SDL_VideoInit
0013b070 00000068 T SDL_WM_GrabInput
0013b0d8 00000804 T SDL_SetVideoMode
0013b8dc 000000c0 t SDL_JoystickClose.part.0
0013b99c 00000064 T SDL_JoystickInit
0013ba00 000000a0 T SDL_JoystickQuit
0013baa0 0000009c T SDL_PrivateJoystickAxis
0013bb3c 0000008c T SDL_PrivateJoystickHat
0013bbc8 000000b0 T SDL_PrivateJoystickButton
0013bc78 0000003c T SDL_JoystickUpdate
0013bcb4 00000018 T SDL_StartTicks
0013bccc 00000068 T SDL_GetTicks
0013bd34 00000010 T SDL_Delay
0013bd44 00000008 T SDL_SYS_TimerInit
0013bd4c 00000004 T SDL_SYS_TimerQuit
0013bd50 00000018 T SDL_SYS_StartTimer
0013bd68 00000004 T SDL_SYS_StopTimer
0013bd6c 00000008 t N3DSAUD_Available
0013bd74 0000000c t N3DSAUD_GetAudioBuf
0013bd80 00000128 t N3DSAUD_CreateDevice
0013bea8 0000005c t N3DSAUD_DeleteDevice
0013bf04 00000008 t N3DSAUD_UnlockAudio
0013bf0c 00000008 t N3DSAUD_LockAudio
0013bf14 000000c4 t N3DSAUD_CloseAudio
0013bfd8 00000074 t audioFrameFinished
0013c04c 000000a8 t N3DSAUD_PlayAudio
0013c0f4 00000068 t N3DSAUD_WaitAudio
0013c15c 00000260 t N3DSAUD_OpenAudio
0013c3bc 0000005c t N3DSAUD_DspHook
0013c418 00000014 T SDL_SYS_JoystickInit
0013c42c 00000498 T SDL_SYS_JoystickUpdate
0013c8c4 00000004 T SDL_SYS_JoystickClose
0013c8c8 00000004 T SDL_SYS_JoystickQuit
0013c8cc 00000028 T SDL_CreateMutex
0013c8f4 0000000c T SDL_DestroyMutex
0013c900 0000002c T SDL_mutexP
0013c92c 0000002c T SDL_mutexV
0013c958 00000034 T SDL_CreateSemaphore
0013c98c 0000000c T SDL_DestroySemaphore
0013c998 00000030 T SDL_SemWait
0013c9c8 00000014 T SDL_SemPost
0013c9dc 00000004 T ThreadEntry
0013c9e0 000000a0 T SDL_SYS_CreateThread
0013ca80 00000004 T SDL_SYS_SetupThread
0013ca84 00000038 T SDL_ThreadID
0013cabc 00000010 T SDL_SYS_WaitThread
0013cacc 00000008 t N3DS_Available
0013cad4 00000008 t N3DS_ListModes
0013cadc 00000008 t N3DS_AllocHWSurface
0013cae4 00000008 t N3DS_LockHWSurface
0013caec 00000004 t N3DS_UnlockHWSurface
0013caf0 00000060 t N3DS_SetColors
0013cb50 00000108 t N3DS_CreateDevice
0013cc58 00000024 t N3DS_DeleteDevice
0013cc7c 00000048 t N3DS_VideoInit
0013ccc4 00000168 t N3DS_FlipHWSurface.part.0
0013ccc4 00000168 t N3DS_UpdateRects.part.0
0013ce2c 00000024 t N3DS_FlipHWSurface
0013ce50 00000020 t N3DS_UpdateRects
0013ce70 00000004 t N3DS_FreeHWSurface
0013ce74 000000ec t N3DS_VideoQuit
0013cf60 000000ac T N3DS_SetScaling
0013d00c 00000848 t N3DS_SetVideoMode
0013d854 0000003c T N3DS_ToggleFullScreen
0013d890 00000114 T drawTexture
0013d9a8 000002b8 t videoThread
0013dc60 000000ec t SDL_GobbleEvents
0013dd4c 00000064 T SDL_Lock_EventThread
0013ddb0 00000044 T SDL_Unlock_EventThread
0013ddf4 0000007c T SDL_StopEventLoop
0013de70 00000110 T SDL_StartEventLoop
0013df80 0000021c T SDL_PeepEvents
0013e19c 00000028 T SDL_PushEvent
0013e1c8 00000ba4 T SDL_KeyboardInit
0013ed6c 00000004 T SDL_KeyboardQuit
0013ed70 000003e0 T SDL_PrivateKeyboard
0013f150 00000080 T SDL_ResetKeyboard
0013f1d0 0000008c T SDL_CheckKeyRepeat
0013f25c 00000078 t ClipOffset
0013f2d4 00000060 T SDL_MouseInit
0013f334 00000004 T SDL_MouseQuit
0013f338 00000038 T SDL_GetMouseState
0013f370 00000044 T SDL_GetRelativeMouseState
0013f3b4 0000001c T SDL_SetMouseRange
0013f3d0 000001c4 T SDL_PrivateMouseMotion
0013f594 00000208 T SDL_PrivateMouseButton
0013f79c 0000004c T SDL_ResetMouse
0013f7e8 00000070 t SDL_HandleSIG
0013f858 00000048 T SDL_QuitInit
0013f8a0 00000050 T SDL_QuitQuit
0013f8f0 000000ec T SDL_PrivateResize
0013f9dc 0000002c T SDL_revcpy
0013fa08 00000044 T SDL_memcmp
0013fa4c 00000100 t copy_opaque_16
0013fb4c 0000011c t uncopy_opaque_16
0013fc68 000000fc t copy_transl_565
0013fd64 000000fc t copy_transl_555
0013fe60 00000124 t uncopy_transl_16
0013ff84 000000dc t copy_32
00140060 00000110 t uncopy_32
00140170 00000008 t getpix_8
00140178 00000008 t getpix_16
00140180 00000010 t getpix_24
00140190 00000008 t getpix_32
00140198 00002438 T SDL_RLEBlit
001425d0 00000a74 T SDL_RLEAlphaBlit
00143044 00000250 T SDL_UnRLESurface
00143294 00000c80 T SDL_RLESurface
00143f14 00000230 t SDL_SoftBlit
00144144 000000a8 t SDL_BlitCopyOverlap
001441ec 00000064 t SDL_BlitCopy
00144250 00000340 T SDL_CalculateBlit
00144590 00000104 t BlitBto1
00144694 000000a8 t BlitBto2
0014473c 000000b0 t BlitBto3
001447ec 000000b4 t BlitBto4
001448a0 00000110 t BlitBto1Key
001449b0 000000b8 t BlitBto2Key
00144a68 000000bc t BlitBto4Key
00144b24 00000258 t BlitBtoNAlpha
00144d7c 0000026c t BlitBtoNAlphaKey
00144fe8 000000bc t BlitBto3Key
001450a4 000000a4 T SDL_CalculateBlit0
00145148 00000100 t Blit1to1
00145248 00000128 t Blit1to2
00145370 000001b4 t Blit1to3
00145524 00000114 t Blit1to4
00145638 00000274 t Blit1to1Key
001458ac 00000188 t Blit1to2Key
00145a34 0000021c t Blit1to3Key
00145c50 00000170 t Blit1to4Key
00145dc0 000008bc t Blit1toNAlpha
0014667c 00000c00 t Blit1toNAlphaKey
0014727c 00000090 T SDL_CalculateBlit1
0014730c 000003a4 t Blit_RGB888_index8
001476b0 000001d0 t Blit_RGB888_RGB555
00147880 000001d0 t Blit_RGB888_RGB565
00147a50 000001ac t Blit_RGB565_32
00147bfc 0000000c t Blit_RGB565_ARGB8888
00147c08 0000000c t Blit_RGB565_ABGR8888
00147c14 0000000c t Blit_RGB565_RGBA8888
00147c20 0000000c t Blit_RGB565_BGRA8888
00147c2c 00000208 t Blit_RGB888_index8_map
00147e34 00000ab8 t BlitNto1
001488ec 000001f4 t Blit4to4MaskAlpha
00148ae0 00000da8 t BlitNtoN
00149888 00000218 t BlitNtoNCopyAlpha
00149aa0 00001034 t BlitNto1Key
0014aad4 0000017c t Blit2to2Key
0014ac50 00000c3c t BlitNtoNKey
0014b88c 00001100 t BlitNtoNKeyCopyAlpha
0014c98c 0000029c T SDL_CalculateBlitN
0014cc28 000000d0 T SDL_MouseRect
0014ccf8 00000704 T SDL_DrawCursorNoLock
0014d3fc 000000c0 T SDL_DrawCursor
0014d4bc 00000188 T SDL_EraseCursorNoLock
0014d644 000000c0 T SDL_EraseCursor
0014d704 000001d0 T SDL_SetCursor
0014d8d4 000000a0 T SDL_FreeCursor
0014d974 00000098 T SDL_CursorQuit
0014da0c 000001d0 T SDL_CreateCursor
0014dbdc 00000090 T SDL_CursorInit
0014dc6c 000000b8 T SDL_MoveCursor
0014dd24 00000034 T SDL_ResetCursor
0014dd58 0000018c T N3DS_PumpEvents
0014dee4 00000004 T N3DS_InitOSKeymap
0014dee8 0000004c T SDL_HasMMX
0014df34 00000018 T SDL_AppActiveInit
0014df4c 00000004 T SDL_AppActiveQuit
0014df50 000004c4 t BlitNto1SurfaceAlpha
0014e414 0000051c t BlitNto1PixelAlpha
0014e930 00000c44 t BlitNto1SurfaceAlphaKey
0014f574 000003a0 t BlitRGBtoRGBSurfaceAlpha
0014f914 00000260 t BlitRGBtoRGBPixelAlpha
0014fb74 00000278 t Blit16to16SurfaceAlpha128
0014fdec 000001b0 t Blit565to565SurfaceAlpha
0014ff9c 000001b0 t Blit555to555SurfaceAlpha
0015014c 000002b8 t BlitARGBto565PixelAlpha
00150404 000002a4 t BlitARGBto555PixelAlpha
001506a8 00000c68 t BlitNtoNSurfaceAlpha
00151310 00000990 t BlitNtoNSurfaceAlphaKey
00151ca0 00000bdc t BlitNtoNPixelAlpha
0015287c 00000220 T SDL_CalculateAlphaBlit
00152a9c 00000028 T AttrInfo_Init
00152ac4 00000094 T AttrInfo_AddLoader
00152b58 00000020 T C3D_GetAttrInfo
00152b78 00000080 T C3Di_AttrInfoBind
00152bf8 00000004 W C3Di_LightEnvUpdate
00152bfc 00000004 W C3Di_LightEnvDirty
00152c00 00000004 W C3Di_ProcTexUpdate
00152c04 00000004 W C3Di_ProcTexDirty
00152c08 000000b4 t C3Di_AptEventHook
00152cbc 00000004 W C3Di_GasUpdate
00152cc0 000001d0 T C3D_Init
00152e90 00000098 T C3D_SetViewport
00152f28 000004e8 T C3Di_UpdateContext
00153410 000000e0 T C3Di_SplitFrame
001534f0 00000044 T C3D_Fini
00153534 00000194 T C3D_BindProgram
001536c8 00000024 T BufInfo_Init
001536ec 00000020 T C3D_GetBufInfo
0015370c 00000048 T C3Di_BufInfoBind
00153754 00000040 T C3D_DepthMap
00153794 0000001c T C3D_CullFace
001537b0 00000040 T C3D_StencilTest
001537f0 00000024 T C3D_StencilOp
00153814 0000001c T C3D_BlendingColor
00153830 00000024 T C3D_EarlyDepthTest
00153854 0000002c T C3D_DepthTest
00153880 0000002c T C3D_AlphaTest
001538ac 00000050 T C3D_AlphaBlend
001538fc 00000030 T C3D_FragOpMode
0015392c 00000044 T C3D_FragOpShadow
00153970 000001ac T C3Di_EffectBind
00153b1c 0000001c T C3D_CalcColorBufSize
00153b38 0000001c T C3D_CalcDepthBufSize
00153b54 00000044 T C3D_SetFrameBuf
00153b98 0000016c T C3Di_FrameBufBind
00153d04 000000c8 T C3D_FrameBufClear
00153dcc 00000044 T C3D_FrameBufTransfer
00153e10 000000b8 T C3D_ImmDrawBegin
00153ec8 000000a8 T C3D_ImmSendAttrib
00153f70 00000074 T C3D_ImmDrawEnd
00153fe4 0000004c t onVBlank0
00154030 0000004c t onVBlank1
0015407c 00000080 t C3Di_RenderTargetDestroy
001540fc 000000f4 t onQueueFinish
001541f0 00000038 T C3Di_RenderQueueEnableVBlank
00154228 00000030 T C3Di_RenderQueueDisableVBlank
00154258 00000060 T C3Di_RenderQueueInit
001542b8 000000b4 T C3Di_RenderQueueExit
0015436c 00000034 T C3Di_RenderQueueWaitDone
001543a0 000000e8 T C3D_FrameBegin
00154488 00000048 T C3D_FrameDrawOn
001544d0 000001d0 T C3D_FrameEnd
001546a0 00000170 T C3D_RenderTargetCreate
00154810 000000f0 T C3D_RenderTargetDelete
00154900 000000a8 T C3D_RenderTargetSetOutput
001549a8 000000f0 T C3D_SyncDisplayTransfer
00154a98 00000034 T C3D_GetTexEnv
00154acc 00000024 T C3Di_TexEnvBind
00154af0 00000290 T C3D_TexInitWithParams
00154d80 00000044 T C3D_TexBind
00154dc4 00000074 T C3D_TexDelete
00154e38 0000014c T C3Di_SetTex
00154f84 00000290 T C3D_UpdateUniforms
00155214 000000c0 T C3Di_DirtyUniforms
001552d4 000000d8 T C3Di_LoadShaderUniforms
001553ac 00000028 T C3Di_ClearShaderUniforms
001553d4 000000cc T Mtx_OrthoTilt
001554a0 00000024 t addrMapNodeComparator(rbtree_node const*, rbtree_node const*)
001554c4 00000004 t addrMapNodeDestructor(rbtree_node*)
001554c8 00000120 T linearMemAlign
001555e8 00000008 T linearAlloc
001555f0 0000005c T linearFree
0015564c 00000080 T MemPool::CoalesceRight(MemBlock*)
001556cc 0000016c T MemPool::Allocate(MemChunk&, unsigned long, int)
00155838 000000fc T MemPool::Deallocate(MemChunk const&)
00155934 00000030 T MemPool::GetFreeSpace()
00155964 00000024 t addrMapNodeComparator(rbtree_node const*, rbtree_node const*)
00155988 00000004 t addrMapNodeDestructor(rbtree_node*)
0015598c 0000024c T vramMemAlignAt
00155bd8 0000000c T vramAlloc
00155be4 0000000c T vramAllocAt
00155bf0 00000090 T vramFree
00155c80 0000051c t consoleHandleColorEsc
0015619c 000000b8 t consoleColorStateShift
00156254 000001ac T consoleDrawChar
00156400 00000124 T consolePrintChar
00156524 000006f4 T con_write
00156c18 000000fc t newRow
00156d14 0000018c T consoleInit
00156ea0 000000d0 t gfxPresentFramebuffer
00156f70 00000010 T gfxSet3D
00156f80 0000001c T gfxIsWide
00156f9c 000000ec T gfxSetScreenFormat
00157088 00000010 T gfxSetDoubleBuffering
00157098 000000e0 T gfxInit
00157178 00000010 T gfxInitDefault
00157188 000000b4 T gfxExit
0015723c 000000a0 T gfxGetFramebuffer
001572dc 00000104 T gfxFlushBuffers
001573e0 00000030 T gfxScreenSwapBuffers
00157410 00000050 T gfxSwapBuffersGpu
00157460 00000074 T osConvertVirtToPhys
001574d4 00000054 T osGetTimeRef
00157528 000000ec T osGetTime
00157614 00000034 T __ctru_speedup_config
00157648 00000008 t romfs_close
00157650 000000c4 t romfs_seek
00157714 00000024 t romfs_dirreset
00157738 000000c8 t fill_dir
00157800 000002a8 t romfs_dirnext
00157aa8 00000084 t romfs_free
00157b2c 000000d4 t searchForFile.constprop.0
00157c00 000000d8 t searchForDir.constprop.0
00157cd8 000001c0 t navigateToDir.constprop.0
00157e98 0000010c t romfs_open
00157fa4 0000004c t romfs_chdir
00157ff0 00000070 t romfs_diropen
00158060 00000174 t romfs_stat
001581d4 00000008 t romfs_dirclose
001581e0 00000084 t romfs_fstat
00158264 000000d0 t romfs_read
00158334 0000028c T romfsMountFromFile
001585c0 00000098 T romfsMountFromCurrentProcess
00158658 00000260 T romfsMountSelf
001588b8 0000000c T __sync_init
001588c4 00000018 T __sync_fini
001588dc 0000002c T syncArbitrateAddress
00158908 0000001c T LightLock_Init
00158924 000000ac T LightLock_Lock
001589d0 00000040 T LightLock_Unlock
00158a10 00000024 T RecursiveLock_Init
00158a34 00000030 T RecursiveLock_Lock
00158a64 00000054 T RecursiveLock_Unlock
00158ab8 0000000c T CondVar_Init
00158ac4 00000084 T CondVar_Wait
00158b48 000000b0 T CondVar_WakeUp
00158bf8 00000040 T LightEvent_Init
00158c38 000000a4 T LightEvent_Clear
00158cdc 000000c8 T LightEvent_Signal
00158da4 00000050 T LightEvent_TryWait
00158df4 000000a0 T LightEvent_Wait
00158e94 00000014 T LightSemaphore_Init
00158ea8 00000094 T LightSemaphore_Acquire
00158f3c 00000064 T LightSemaphore_Release
00158fa0 000001d8 T threadCreate
00159178 00000024 T threadGetHandle
0015919c 0000002c T threadFree
001591c8 00000024 T threadJoin
001591ec 00000030 T threadGetCurrent
0015921c 00000040 T threadExit
0015925c 00000020 t _thread_begin
0015927c 0000013c T GPUCMD_Add
001593b8 000000b0 T GPUCMD_Split
00159468 00000034 T f32tof16
0015949c 00000034 T f32tof24
001594d0 00000038 T f32tof31
00159508 00000010 T GX_BindQueue
00159518 00000078 T GX_ProcessCommandList
00159590 00000074 T GX_MemoryFill
00159604 00000070 T GX_DisplayTransfer
00159674 00000068 t gxCmdQueueDoCommands.part.0
001596dc 000000c8 T gxCmdQueueInterrupt
001597a4 0000004c T gxCmdQueueClear
001597f0 000000f8 T gxCmdQueueAdd
001598e8 00000080 T gxCmdQueueRun
00159968 00000060 T gxCmdQueueStop
001599c8 0000008c T gxCmdQueueWait
00159a54 000001d0 T shaderInstanceInit
00159c24 00000018 T shaderInstanceGetUniformLocation
00159c3c 0000001c T shaderProgramInit
00159c58 00000064 T shaderProgramFree
00159cbc 00000080 T shaderProgramSetVsh
00159d3c 000008e0 T shaderProgramConfigure
0015a61c 000001cc t DVLE_GenerateOutmap.part.0
0015a7e8 000001b4 T DVLB_ParseFile
0015a99c 00000038 T DVLB_Free
0015a9d4 00000074 T DVLE_GetUniformRegister
0015aa48 000000e4 T ndspChnReset
0015ab2c 00000018 T ndspChnSetFormat
0015ab44 00000048 T ndspChnSetInterp
0015ab8c 0000005c T ndspChnSetRate
0015abe8 00000088 T ndspChnSetMix
0015ac70 000000bc T ndspChnWaveBufAdd
0015ad2c 00000040 T ndspiInitChn
0015ad6c 0000002c T ndspiDirtyChn
0015ad98 00000458 T ndspiUpdateChn
0015b1f0 00000180 T ndspiReadChnState
0015b370 00000158 t ndspUpdateMaster
0015b4c8 00000110 t ndspFinalize
0015b5d8 00000250 t ndspInitialize.part.0
0015b828 000000fc t ndspHookCallback
0015b928 00000318 t ndspThreadMain
0015bc40 000003c4 T ndspInit
0015c004 000000cc T ndspExit
0015c0d0 00000010 T ndspSetCallback
0015c0e0 000001ac t aptConvertScreenForCapture
0015c28c 00000158 T aptSendCommand
0015c3e8 00000044 t aptExitProcess
0015c42c 00000014 T aptIsActive
0015c440 0000038c T aptExit
0015c7cc 000000e0 T aptHandleSleep
0015c8ac 00000030 T aptHook
0015c8dc 00000030 T aptUnhook
0015c90c 00000084 T APT_SleepIfShellClosed
0015c990 00000084 T aptSetSleepAllowed
0015ca14 00000084 T APT_UnlockTransition
0015ca98 000004a4 t aptEventHandler
0015cf3c 000000b0 T APT_ReceiveParameter
0015cfec 000000ac t aptReceiveParameter.constprop.0
0015d098 000002ac t aptScreenTransfer
0015d344 00000320 t aptWaitForWakeUp.isra.0
0015d664 000000f8 T aptJumpToHomeMenu
0015d75c 00000048 T aptMainLoop
0015d7a4 0000022c T aptInit
0015d9d0 0000007c T APT_CheckNew3DS
0015da4c 000000a4 T cfguInit
0015daf0 0000003c T cfguExit
0015db2c 0000004c T CFGU_GetConfigInfoBlk2
0015db78 000000a4 t DSP_LoadComponent.part.0
0015dc1c 000000dc T dspInit
0015dcf8 00000080 T dspExit
0015dd78 00000024 T dspHook
0015dd9c 00000030 T dspUnhook
0015ddcc 000000b0 T aptDspSleep
0015de7c 000000b8 T aptDspWakeup
0015df34 00000044 T aptDspCancel
0015df78 00000050 T DSP_FlushDataCache
0015dfc8 00000034 T DSP_SetSemaphore
0015dffc 00000034 T DSP_SetSemaphoreMask
0015e030 00000038 T DSP_GetSemaphoreHandle
0015e068 0000003c T DSP_LoadComponent
0015e0a4 00000044 T DSP_RegisterInterruptEvents
0015e0e8 00000074 T DSP_ReadPipeIfPossible
0015e15c 0000004c T DSP_WriteProcessPipe
0015e1a8 00000040 T DSP_ConvertProcessAddressFromDspDram
0015e1e8 00000040 T DSP_RecvData
0015e228 0000004c T DSP_RecvDataIsReady
0015e274 000000cc T fsInit
0015e340 0000003c T fsExit
0015e37c 00000060 T fsExemptFromSession
0015e3dc 00000050 T fsUnexemptFromSession
0015e42c 000000cc T FSUSER_OpenFile
0015e4f8 000000d4 T FSUSER_OpenFileDirectly
0015e5cc 000000bc T FSUSER_DeleteFile
0015e688 000000f8 T FSUSER_RenameFile
0015e780 000000bc T FSUSER_DeleteDirectory
0015e83c 000000d4 T FSUSER_CreateFile
0015e910 000000c4 T FSUSER_CreateDirectory
0015e9d4 000000f8 T FSUSER_RenameDirectory
0015eacc 000000b4 T FSUSER_OpenDirectory
0015eb80 00000094 T FSUSER_OpenArchive
0015ec14 0000008c T FSUSER_CloseArchive
0015eca0 00000074 T FSUSER_GetSdmcArchiveResource
0015ed14 00000064 T FSUSER_IsSdmcWritable
0015ed78 00000058 T FSFILE_Read
0015edd0 00000060 T FSFILE_Write
0015ee30 00000038 T FSFILE_GetSize
0015ee68 00000028 T FSFILE_SetSize
0015ee90 0000003c T FSFILE_Close
0015eecc 00000024 T FSFILE_Flush
0015eef0 00000050 T FSDIR_Read
0015ef40 0000003c T FSDIR_Close
0015ef7c 00000c64 t gspHardwareInit
0015fbe0 00000248 T gspInit
0015fe28 000000f0 T gspExit
0015ff18 00000010 T gspHasGpuRight
0015ff28 000000a0 T gspPresentBuffer
0015ffc8 00000030 T gspSetEventCallback
0015fff8 00000044 T gspWaitForEvent
0016003c 0000004c T gspWaitForAnyEvent
00160088 00000158 t gspEventThreadMain
001601e0 00000130 T gspSubmitGxCommand
00160310 00000050 T GSPGPU_FlushDataCache
00160360 00000034 T GSPGPU_SetLcdForceBlack
00160394 00000068 T GSPGPU_AcquireRight
001603fc 00000048 T GSPGPU_ReleaseRight
00160444 0000007c T GSPGPU_ImportDisplayCaptureInfo
001604c0 0000002c T GSPGPU_SaveVramSysArea
001604ec 0000002c T GSPGPU_RestoreVramSysArea
00160518 00000024 W hidShouldUseIrrst
0016053c 0000018c T hidInit
001606c8 000000e8 T hidExit
001607b0 000002a4 T hidScanInput
00160a54 00000010 T hidKeysHeld
00160a64 00000010 T hidKeysDown
00160a74 00000010 T hidKeysUp
00160a84 00000018 T hidTouchRead
00160a9c 00000018 T hidCircleRead
00160ab4 00000160 T irrstInit
00160c14 000000cc T irrstExit
00160ce0 000000b4 T irrstScanInput
00160d94 00000024 T irrstKeysHeld
00160db8 00000018 T irrstCstickRead
00160dd0 00000074 T ptmSysmInit
00160e44 0000003c T ptmSysmExit
00160e80 00000034 T PTMSYSM_ConfigureNew3DSCPU
00160eb4 00000074 T rbtree_find
00160f28 00000010 T rbtree_init
00160f38 000001b0 t do_insert
001610e8 00000008 T rbtree_insert
001610f0 00000318 T rbtree_remove
00161408 00000090 T rbtree_rotate
00161498 000000e8 T utf16_to_utf8
00161580 000000c0 T utf8_to_utf16
00161640 000001e0 W __system_allocateHeaps
00161820 00000038 W __libctru_init
00161858 00000170 W __system_initArgv
001619c8 00000030 T __syscall_getreent
001619f8 00000064 T __syscall_gettod_r
00161a5c 00000004 T __syscall_lock_acquire
00161a60 00000004 T __syscall_lock_release
00161a64 00000004 T __syscall_lock_acquire_recursive
00161a68 00000004 T __syscall_lock_release_recursive
00161a6c 00000004 T __syscall_exit
00161a70 00000050 T initThreadVars
00161ac0 00000080 T __system_initSyscalls
00161b40 T svcControlMemory
00161b60 T svcQueryMemory
00161b90 T svcExitProcess
00161b98 T svcCreateThread
00161bb8 T svcExitThread
00161bc0 T svcSleepThread
00161bc8 T svcGetThreadPriority
00161bdc T svcReleaseMutex
00161be4 T svcCreateEvent
00161bf8 T svcSignalEvent
00161c00 T svcClearEvent
00161c08 T svcMapMemoryBlock
00161c10 T svcUnmapMemoryBlock
00161c18 T svcCreateAddressArbiter
00161c2c T svcArbitrateAddressNoTimeout
00161c34 T svcCloseHandle
00161c3c T svcWaitSynchronization
00161c44 T svcWaitSynchronizationN
00161c6c T svcDuplicateHandle
00161c80 T svcGetSystemTick
00161c88 T svcConnectToPort
00161c9c T svcSendSyncRequest
00161ca4 T svcGetThreadId
00161cb8 T svcGetResourceLimit
00161ccc T svcGetResourceLimitLimitValues
00161cd4 T svcGetResourceLimitCurrentValues
00161cdc T svcBreak
00161ce4 T __aeabi_read_tp
00161cf0 W initSystem
00161d40 W __ctru_exit
00161d54 00000084 W envGetHandle
00161dd8 00000050 W envDestroyHandles
00161e28 0000012c T srvInit
00161f54 00000058 T srvExit
00161fac 00000060 T srvEnableNotification
0016200c 000000a0 T srvGetServiceHandleDirect
001620ac 00000038 T srvGetServiceHandle
001620e4 00000034 T srvSubscribe
00162118 00000060 T srvReceiveNotification
00162178 00000038 T srvPublishToSubscriber
001621b0 000000b4 t mappableFindAddressWithin
00162264 00000028 T mappableInit
0016228c 00000080 T mappableAlloc
0016230c 00000004 T mappableFree
00162310 0000000c T srvPmGetSessionHandle
0016231c 0000005c T rbtree_node_next
00162378 00000064 T decode_utf16
001623dc 0000013c T decode_utf8
00162518 00000054 T encode_utf16
0016256c 000000e0 T encode_utf8
0016264c 00000030 W __appExit
0016267c 00000030 W __appInit
001626ac 00000090 W __libctru_exit
0016273c 00000014 t archive_link
00162750 00000014 t archive_dirreset
00162764 00000014 t archive_chmod
00162778 00000024 t error_cmp
0016279c 00000050 t archive_translate_error
001627ec 000000c8 t archive_seek
001628b4 0000007c t _archiveInit.part.0
00162930 000000c4 t archiveFindDevice.part.0
001629f4 00000280 t archive_utf16path
00162c74 0000009c t _archiveUnmountDeviceStruct.part.0
00162d10 00000014 t archive_fchmod
00162d24 00000014 t archive_statvfs
00162d38 00000164 t _archiveMountDevice
00162e9c 000000e8 t archive_diropen
00162f84 000000a4 t archive_fstat
00163028 0000006c t archive_fsync
00163094 0000006c t archive_close
00163100 00000070 t archive_dirclose
00163170 000000e8 t sdmc_statvfs
00163258 000000ec t archive_chdir
00163344 0000007c t archive_ftruncate
001633c0 000000ac t archive_read
0016346c 000000a4 t archive_unlink
00163510 000000bc t archive_rmdir
001635cc 000000dc t archive_mkdir
001636a8 00000194 t archive_stat
0016383c 00000160 t archive_dirnext
0016399c 00000124 t archive_write
00163ac0 0000020c t archive_open
00163ccc 00000278 t archive_rename
00163f44 0000019c T archiveMountSdmc
001640e0 00000054 T archiveUnmountAll
00164138 00000738 T pow
00164870 00000088 T frexp
001648f8 00000144 T floor
00164a3c 00000024 t with_errno
00164a60 00000028 t xflow
00164a88 00000010 T __math_uflow
00164a98 00000010 T __math_oflow
00164aa8 00000050 T __math_divzero
00164af8 0000001c T __math_invalid
00164b14 00000014 T __math_check_uflow
00164b28 00000028 T __math_check_oflow
00164b50 00000120 T __udivmoddi4
00164c70 000000e4 T strncmp
00164d54 00000130 T strchr
00164e84 00000024 T getenv
00164ea8 0000005c T strlen
00164f04 00000150 T memmove
00165054 00000090 T _raise_r
001650e4 00000018 T raise
001650fc 00000078 T signal
00165174 000000f0 T _fwrite_r
00165264 00000038 T fwrite
0016529c 000004b4 T __sfvwrite_r
00165750 00000064 t sulp
001657b8 000013a4 T _strtod_l
00166b5c 0000003c T _strtod_r
00166b98 00000068 T sprintf
00166c00 000000e0 T memchr
00166ce0 000000f0 t rshift
00166dd0 0000089c T __gethex
0016766c 000000d8 T memcmp
00167744 000001d8 t _strtoul_l.isra.0
0016791c 00000030 T _strtoul_r
0016794c 00000034 T strtoul
00167980 000000e4 T strncat
00167a64 00000078 T bsearch
00167adc 00000344 T _fread_r
00167e20 00000038 T fread
00167e58 00000020 T calloc
00167e78 00000048 T strrchr
00167ec0 00000014 T abort
00167ed4 00000038 t lflush
00167f0c 0000019c T __srefill_r
001680a8 00000148 T _fclose_r
001681f0 00000018 T fclose
00168208 000000c0 T _calloc_r
001682c8 0000003c T fprintf
00168304 0000012c T __smakebuf_r
00168430 0000008c T __swhatbuf_r
001684bc 00000020 T realloc
001684dc 00000044 T strlcpy
00168520 00000020 T memalign
00168540 0000001c t stdio_exit_handler
0016855c 0000005c t cleanup_stdio
001685b8 00000154 t global_stdio_init.part.0
0016870c 00000134 T __sfp
00168840 0000005c T __sinit
0016889c 0000000c T __sfp_lock_acquire
001688a8 0000000c T __sfp_lock_release
001688b4 0000079c T _malloc_r
00169050 00000064 T strcasecmp
001690b4 000000f8 T _malloc_trim_r
001691ac 000002e8 T _free_r
00169494 0000064c t get_arg
00169ae0 00003324 T _svfprintf_r
0016ce04 0000000c T atoi
0016ce10 000001b0 t _strtol_l.part.0
0016cfc0 00000060 T _strtol_r
0016d020 00000064 T strtol
0016d084 0000025c T setvbuf
0016d2e0 00000048 T strnlen
0016d328 0000000c T __errno
0016d334 00000018 T malloc
0016d34c 00000018 T free
0016d364 0000011c T memcpy
0016d480 00000034 T printf
0016d4b4 00000078 T sscanf
0016d52c 0000012c T _fopen_r
0016d658 00000020 T fopen
0016d678 0000004c T time
0016d6c4 000000e0 T _puts_r
0016d7a4 00000018 T puts
0016d7bc 000000c8 T _findenv_r
0016d884 000000f4 T memset
0016d978 00000094 T fputc
0016da0c 000004a0 T _realloc_r
0016deac 00000070 T _fwalk_sglue
0016df1c 0000000c T __malloc_lock
0016df28 0000000c T __malloc_unlock
0016df34 0000002c T ftell
0016df60 00000004 W __call_exitprocs
0016df64 00000030 T exit
0016df94 00000050 t get_arg
0016dfe4 00002bf8 T __ssvfscanf_r
00170bdc 0000001c T _fseek_r
00170bf8 00000034 T fseek
00170c2c 000000d4 T snprintf
00170d00 000000c4 T strncpy
00170dc4 0000025c t _strtoull_l.isra.0
00171020 00000030 T _strtoull_r
00171050 00000028 T _wcsrtombs_r
00171078 0000004c T __match
001710c4 0000029c T __hexnan
00171360 000000b4 T __sflags
00171414 000000b4 T _mbrtowc_r
001714c8 00000084 T __libc_init_array
0017154c 00000138 T __swsetup_r
00171684 0000022c T __sflush_r
001718b0 00000094 T _fflush_r
00171948 00000010 T nan
00171958 0000000c T nanf
00171964 0000000c T __env_lock
00171970 0000000c T __env_unlock
0017197c 0000005c T __assert_func
001719d8 00000088 T _Balloc
00171a60 0000001c T _Bfree
00171a7c 000000f4 T __multadd
00171b70 00000110 T __s2b
00171c80 00000060 T __hi0bits
00171ce0 0000009c T __lo0bits
00171d7c 000000a4 T __i2b
00171e20 00000204 T __multiply
00172024 00000128 T __pow5mult
0017214c 00000140 T __lshift
0017228c 00000058 T __mcmp
001722e4 000001fc T __mdiff
001724e0 00000068 T __ulp
00172548 000000d0 T __b2d
00172618 00000124 T __d2b
0017273c 00000078 T __ratio
001727b4 00000088 T __copybits
0017283c 0000005c T __any_on
00172898 00000234 t _strtoll_l.isra.0
00172acc 00000030 T _strtoll_r
00172afc 00000024 T __locale_mb_cur_max
00172b20 000000a4 T __ssprint_r
00172bc4 0000003c T fiprintf
00172c00 0000014c T _memalign_r
00172d4c 00000188 T _wcsnrtombs_l
00172ed4 00000064 T _wcsnrtombs_r
00172f38 000000e0 T _sungetc_r
00173018 0000006c T __ssrefill_r
00173084 000000c4 T _sfread_r
00173148 000002f8 T __utf8_mbtowc
00173440 0000003c T __libc_fini_array
0017347c 00000590 T _fseeko_r
00173a0c 00000044 T __sread
00173a50 00000008 T __seofread
00173a58 00000068 T __swrite
00173ac0 00000044 T __sseek
00173b04 00000008 T __sclose
00173b0c 00000008 T iswspace
00173b14 000000f0 T __sccl
00173c04 00000024 T _localeconv_r
00173c28 0000064c t get_arg
00174278 00003378 T _vfprintf_r
001775f0 000000b8 t __sbprintf
001776a8 000000dc T _putc_r
00177784 000001b4 t quorem
00177938 00001218 T _dtoa_r
00178b50 000000a0 T _wcrtomb_r
00178bf0 000000dc T stpncpy
00178ccc 00000128 T __ssputs_r
00178df4 000001b4 T _ftello_r
00178fa8 000000f0 T __utf8_wctomb
00179098 000000a8 T __submore
00179140 00000038 T iswspace_l
00179178 0000064c t get_arg
001797c4 00002300 T _vfiprintf_r
0017bac4 000000b8 t __sbprintf
0017bb7c 00000108 T __swbuf_r
0017bc84 00000030 T __sprint_r
0017bcb4 00000090 T category
0017bd44 00000020 T _exit
0017bd64 0000013c T chdir
0017bea0 000001cc T _concatenate_path
0017c06c 00000078 T _fstat_r
0017c0e4 00000014 T _getpid_r
0017c0f8 0000002c T __getreent
0017c124 00000030 T _gettimeofday_r
0017c154 0000008c T __release_handle
0017c1e0 000000b0 T __alloc_handle
0017c290 0000003c T __get_handle
0017c2cc 000000f4 T _close_r
0017c3c0 00000008 t null_write
0017c3c8 00000018 T setDefaultDevice
0017c3e0 000000c8 T FindDevice
0017c4a8 00000028 T RemoveDevice
0017c4d0 0000009c T AddDevice
0017c56c 00000020 T GetDeviceOpTab
0017c58c 00000008 T _isatty_r
0017c594 00000014 T _kill_r
0017c5a8 00000084 T _lseek_r
0017c62c 000000bc T _open_r
0017c6e8 00000080 T _read_r
0017c768 00000078 W _sbrk_r
0017c7e0 0000001c T __libc_lock_acquire
0017c7fc 0000001c T __libc_lock_release
0017c818 0000001c T __libc_lock_acquire_recursive
0017c834 0000001c T __libc_lock_release_recursive
0017c850 00000080 T _write_r
0017c8d0 00000038 T __aeabi_d2lz
0017c8d0 00000038 T __fixdfdi
0017c908 00000040 T __aeabi_d2ulz
0017c908 00000040 T __fixunsdfdi
0017c948 00000018 t selfrel_offset31
0017c960 00000090 t search_EIT_table
0017c9f0 00000040 t __gnu_unwind_get_pr_addr
0017ca30 0000010c t get_eit_entry
0017cb3c 00000088 t restore_non_core_regs
0017cbc4 00000014 t _Unwind_decode_typeinfo_ptr.constprop.0
0017cbd8 00000004 t _Unwind_DebugHook
0017cbdc 00000064 t unwind_phase2
0017cc40 00000140 t unwind_phase2_forced
0017cd80 000000a4 T __gnu_Unwind_RaiseException
0017ce24 00000028 T __gnu_Unwind_ForcedUnwind
0017ce4c 00000074 T __gnu_Unwind_Resume
0017cec0 00000020 T __gnu_Unwind_Resume_or_Rethrow
0017cee0 0000006c T _Unwind_VRS_Get
0017cf4c 0000002c t _Unwind_GetGR
0017cf78 0000006c T _Unwind_VRS_Set
0017cfe4 0000002c t _Unwind_SetGR
0017d010 000000c0 T __gnu_Unwind_Backtrace
0017d0d0 00000410 t __gnu_unwind_pr_common
0017d4e0 00000008 T __aeabi_unwind_cpp_pr0
0017d4e8 00000008 W __aeabi_unwind_cpp_pr1
0017d4f0 00000008 W __aeabi_unwind_cpp_pr2
0017d4f8 00000424 T _Unwind_VRS_Pop
0017d91c 00000064 t next_unwind_byte
0017d980 00000464 T __gnu_unwind_execute
0017dde4 T _fini
0017e5d4 r .LC2
00181c9c 00000024 r sRGB_XYZ.0
00181cc0 000000e0 r png_sRGB_checks
00181da0 0000000c r D50_nCIEXYZ
00181dac 00000020 r sRGB_xy
00181dcc 00000011 r digits.1
00181de0 00000010 r png_digit
00181df0 00000007 r png_pass_ystart.4
00181df8 00000007 r png_pass_yinc.5
00181e00 00000007 r png_pass_start.0
00181e00 00000007 r png_pass_start.6
00181e08 00000007 r png_pass_inc.1
00181e08 00000007 r png_pass_inc.7
00181e10 0000001c r png_pass_inc.8
00181e2c 00000090 r row_mask.9
00181ebc 00000048 r display_mask.10
00181f04 00000100 r fourbppswaptable
00182004 00000100 r twobppswaptable
00182104 00000100 r onebppswaptable
00182204 00001000 r crc_braid_table
00183204 00000400 r crc_table
00183604 00000080 r distfix.0
00183684 00000800 r lenfix.1
00183e84 00000026 r order.2
00183eac 00000040 r dext.0
00183eec 00000040 r dbase.1
00183f2c 0000003e r lext.2
00183f6c 0000003e r lbase.3
00183fac 00000044 r rgb_pixelsize
00183ff0 00000010 r dither_matrix
00184000 00000208 R jpeg_std_message_table
00184208 00000100 r base_dither_matrix
00184308 00000044 r rgb_blue
0018434c 00000044 r rgb_green
00184390 00000044 r rgb_red
001843d4 0000000c r c_scales
001843e0 00000044 r rgb_blue
00184424 00000044 r rgb_green
00184468 00000044 r rgb_red
001844ac 00000140 R jpeg_natural_order
001845ec 00000008 r extra_pool_slop
001845f4 00000008 r first_pool_slop
001845fc 00000024 r CSWTCH.36
00184620 00000024 r CSWTCH.55
00184644 00000024 r CSWTCH.57
00184668 00000010 r dither_matrix
00184678 00000044 r rgb_blue
001846bc 00000044 r rgb_green
00184700 00000044 r rgb_pixelsize
00184744 00000044 r rgb_red
00184788 00000040 r aanscalefactor.0
001847c8 00000080 r aanscales.1
00184848 00000011 r bits_ac_chrominance.1
0018485c 00000011 r bits_ac_luminance.5
00184870 00000011 r bits_dc_chrominance.3
00184884 00000011 r bits_dc_luminance.7
00184898 000000a2 r val_ac_chrominance.0
0018493c 000000a2 r val_ac_luminance.4
001849e0 0000000c r val_dc_chrominance.2
001849ec 0000000c r val_dc_luminance.6
001849f8 000001c8 R jpeg_aritab
00184bc0 00000008 r jsimd_ycc_rgb_convert_neon_consts
00184bd0 00000008 r jsimd_idct_2x2_neon_consts
00184be0 00000018 r jsimd_idct_4x4_neon_consts
00184c00 00000008 r jsimd_ycc_rgb_convert_neon_consts
00184c08 00000014 r SDL_fatal_signals
00184c1c 00000048 r format_list
00184c64 00000010 r clearcolors
00184c74 00000010 r displayTranferFlags
00184c84 00000010 r textureTranferFlags
00184c94 00000010 r getpixes
00184ca4 00000014 r colorkey_blit
00184cb8 00000014 r bitmap_blit
00184ccc 00000014 r one_blitkey
00184ce0 00000014 r one_blit
00184cf4 00000010 r normal_blit
00184d04 00000084 r normal_blit_4
00184d88 0000002c r normal_blit_3
00184db4 000000dc r normal_blit_2
00184e90 0000002c r normal_blit_1
00184ebc 00000800 r RGB565_BGRA8888_LUT
001856bc 00000800 r RGB565_RGBA8888_LUT
00185ebc 00000800 r RGB565_ABGR8888_LUT
001866bc 00000800 r RGB565_ARGB8888_LUT
00186ebc R vshader_shbin
00186fe0 R vshader_shbin_end
00186fe0 R vshader_shbin_size
00186fe4 00000004 r depthFmtSizes
00186fe8 00000005 r colorFmtSizes
00186ff0 00000038 r CSWTCH.19
00187028 00000080 r dotab_stdout
001870a8 00000018 r grayScale
001870c0 00000006 r colorCube
001870c8 00000030 r colorTable
001870f8 00000080 r romFS_devoptab
00187178 00000011 r dsp_filename.0
0018718c 00000008 r morton_y.2
00187194 00000008 r morton_x.3
0018719c 00000008 r s_sleepWakeEvents.4
001871a4 R default_font_bin
001879a4 R default_font_bin_end
001879a4 00000030 r error_table
001879d4 00000080 r archive_devoptab
00187a58 00000870 R __exp_data
001882c8 00001048 R __pow_log_data
00189310 00000014 r fpinan.0
00189324 00000014 r fpi.1
00189338 00000028 r tinytens
00189360 00000100 R __hexdig
001894a0 00000010 r zeroes.0
001894b0 00000010 r blanks.1
001894c0 00000101 R _ctype_
001895c4 00000022 r basefix.0
001895e8 0000006c R __action_table
00189654 0000006c R __state_table
001896c0 00000100 R __chclass
001897c0 0000000c r p05.0
001897d0 00000028 R __mprec_bigtens
001897f8 000000c8 R __mprec_tens
001898c0 00000010 r zeroes.0
001898d0 00000010 r blanks.1
001898e0 00000010 r zeroes.0
001898f0 00000010 r blanks.1
00189900 000035dc r categories
0018cedc 00000080 R dotab_stdnull
0018cf5c R __tdata_align
0018cf60 r __EH_FRAME_BEGIN__
0018cf60 R __exidx_start
0018cff0 R __exidx_end
0018d000 00000004 d simd_huffman
0018d004 00000004 d simd_support
0018d008 00000020 d SDL_closest_depths
0018d028 00000010 D N3DSAUD_bootstrap
0018d038 00000010 D N3DS_bootstrap
0018d048 00000004 d palette_changed
0018d04c 00000004 D SDL_cursorstate
0018d050 00000020 d default_cmask
0018d070 00000020 d default_cdata
0018d090 00000004 d SDL_CPUFeatures
0018d094 00000008 d framerateCounter
0018d09c 00000004 d framerate
0018d0a0 00000001 d firstConsoleInit.0
0018d0a4 00000004 D currentConsole
0018d0a8 00000048 D defaultConsole
0018d0f0 00000004 d queueLock
0018d0f4 00000004 d aptChainloadDeliverArgSize
0018d0f8 00000004 d kCount
0018d0fc 00000004 d kInterval
0018d100 00000004 d kDelay
0018d104 W __stacksize__
0018d108 00000004 D _impure_ptr
0018d110 00000120 D _impure_data
0018d230 0000000c D __sglue
0018d23c 00000004 D __malloc_sbrk_base
0018d240 00000004 D __malloc_trim_threshold
0018d248 00000408 D __malloc_av_
0018d650 0000016c D __global_locale
0018d7bc 00000004 D environ
0018d7c0 00000400 d _current_working_directory
0018dbc0 00001000 d handles
0018ebc0 0000000c d __stderr_handle
0018ebcc 0000000c d __stdout_handle
0018ebd8 0000000c d __stdin_handle
0018ebe4 0000008c D devoptab_list
0018ec70 00000004 d defaultDevice
0018ec7c d _GLOBAL_OFFSET_TABLE_
0018ec88 d __frame_dummy_init_array_entry
0018ec88 D __init_array_start
0018ec88 B __preinit_array_end
0018ec88 B __preinit_array_start
0018ec88 D __tdata_lma
0018ec88 D __tdata_lma_end
0018ec8c d __do_global_dtors_aux_fini_array_entry
0018ec8c D __fini_array_start
0018ec8c D __init_array_end
0018ec90 D __bss_start__
0018ec90 b completed.1
0018ec90 D __fini_array_end
0018ec94 b object.0
0018ecac 00000054 b lib
0018ed00 00000004 b initialized
0018ed04 0000002c b lib
0018ed30 00000004 b ticks_started
0018ed34 00000004 b SDL_initialized
0018ed38 00000400 b errmsg.0
0018f138 00000004 b format_idx_sub
0018f13c 00000004 b format_idx
0018f140 00000004 B current_audio
0018f148 00000308 b SDL_global_error
0018f450 00000004 b thread_lock
0018f454 00000004 b SDL_Threads
0018f458 00000004 b SDL_numthreads
0018f45c 00000004 b SDL_maxthreads
0018f460 00000001 b list_changed
0018f464 00000004 b SDL_timer_mutex
0018f468 00000004 b SDL_timers
0018f46c 00000004 b SDL_timer_threaded
0018f470 00000004 B SDL_alarm_callback
0018f474 00000004 B SDL_alarm_interval
0018f478 00000004 B SDL_timer_running
0018f47c 00000004 B SDL_timer_started
0018f480 00000004 b format_version.0
0018f484 00000004 B current_video
0018f488 00000004 B SDL_joysticks
0018f48c 00000004 B SDL_allocatedjoysticks
0018f490 00000001 B SDL_numjoysticks
0018f498 00000008 b g_startTicks
0018f4a0 00000004 b g_audDev
0018f4a4 00000008 b g_dspHook
0018f4ac 00000004 B old_dpad_state
0018f4b0 00000004 B key_release
0018f4b4 00000004 B key_press
0018f4b8 00000004 B old_cs_y
0018f4bc 00000004 B old_cs_x
0018f4c0 00000004 B old_y
0018f4c4 00000004 B old_x
0018f4c8 00000004 b RenderClearColor
0018f4cc 00000004 B setVideoModecount
0018f4d0 00000004 B privateVideoThreadHandle
0018f4d4 00000008 B privateVideoThreadEvent
0018f4dc 00000001 B runThread
0018f4e0 00000018 b spritesheet_tex
0018f4f8 00000004 B VideoSurface2
0018f4fc 00000004 B VideoSurface1
0018f500 00000040 b projection2
0018f540 00000040 b projection
0018f580 00000004 b uLoc_projection
0018f584 00000014 b program
0018f598 00000004 b vshader_dvlb
0018f59c 00000004 b event_thread
0018f5a0 00000004 b SDL_EventThread
0018f5a4 00000008 b SDL_EventLock
0018f5b0 00000c14 b SDL_EventQ
001901c4 00000004 b SDL_eventstate
001901c8 00000020 B SDL_ProcessEvents
001901e8 00000004 B SDL_EventOK
001901ec 00000001 b SDL_NoLockKeys
001901f0 00000020 B SDL_KeyRepeat
00190210 0000050c b keynames
0019071c 00000004 B SDL_TranslateUNICODE
00190720 00000002 b SDL_ModState
00190724 00000143 b SDL_KeyState
00190867 00000001 b SDL_ButtonState
00190868 00000002 b SDL_MouseMaxY
0019086a 00000002 b SDL_MouseMaxX
0019086c 00000002 b SDL_DeltaY
0019086e 00000002 b SDL_DeltaX
00190870 00000002 b SDL_MouseY
00190872 00000002 b SDL_MouseX
00190874 00000008 b last_resize
0019087c 00000002 b pixels8
00190880 00000004 B SDL_cursorlock
00190884 00000004 b SDL_defcursor
00190888 00000004 B SDL_cursor
0019088c 00000001 b pushedQuit.0
0019088d 00000001 b SDL_appstate
00190890 0000000c b hookCookie
001908a0 000002d0 B __C3D_Context
00190b70 00000004 b frameEndCbData
00190b74 00000004 b frameEndCb
00190b78 00000008 b frameCounter
00190b80 00000001 b isTopStereo
00190b81 00000001 b needSwapBot
00190b82 00000001 b needSwapTop
00190b83 00000001 b measureGpuTime
00190b84 00000001 b inSafeTransfer
00190b85 00000001 b inFrame
00190b88 00000010 b cpuTime
00190b98 00000010 b gpuTime
00190ba8 0000000c b linkedTarget
00190bb4 00000004 b lastTarget
00190bb8 00000004 b firstTarget
00190bbc 00000008 b C3Di_IVUnifEverDirty
00190bc4 000000c0 b C3Di_FVUnifEverDirty
00190c84 00000018 b C3Di_ShaderFVecData
00190c9c 00000002 B C3D_BoolUnifsDirty
00190ca0 00000008 B C3D_IVUnifDirty
00190ca8 000000c0 B C3D_FVUnifDirty
00190d68 00000004 B C3D_BoolUnifs
00190d6c 00000020 B C3D_IVUnif
00190d8c 00000c00 B C3D_FVUnif
00191990 00000008 b sLinearPool
00191998 0000000c b sAddrMap
001919a8 00000008 b sVramPoolB
001919b0 00000008 b sVramPoolA
001919b8 0000000c b sAddrMap
001919c4 0000001c b escapeSeq
001919e0 00000048 B currentCopy
00191a28 00000004 b screenAlloc
00191a2c 00000004 b screenFree
00191a30 00000002 b gfxIsDoubleBuf
00191a34 00000002 b gfxCurBuf
00191a36 00000001 b gfxIsVram
00191a37 00000001 b gfxTopMode
00191a38 00000002 b gfxFramebufferFormats
00191a3c 00000004 b gfxBottomFramebufferMaxSize
00191a40 00000004 b gfxTopFramebufferMaxSize
00191a48 00000008 b gfxBottomFramebuffers
00191a50 00000008 b gfxTopFramebuffers
00191a58 00000001 V __ctru_speedup
00191a5c 00000004 b romfs_mount_list
00191a60 00000004 V __romfs_path
00191a64 00000004 b arbiter
00191a68 00000004 B gpuCmdBufOffset
00191a6c 00000004 B gpuCmdBufSize
00191a70 00000004 B gpuCmdBuf
00191a74 00000004 b boundQueue
00191a78 00000001 b shouldStop
00191a79 00000001 b isRunning
00191a7a 00000001 b isActive
00191a7c 00000004 b curQueue
00191a80 00000c60 b ndspChn
001926e0 00000004 b ndspRefCount
001926e4 00000048 b ndspMaster
0019272c 00000004 b ndspThread
00192730 00000001 b ndspThreadRun
00192734 00001080 b dspVar5Backup
001937b4 00000004 b ndspMutex
001937b8 00000008 b sleepEvent
001937c0 00000004 b dspSem
001937c4 00000004 b irqEvent
001937c8 00000008 b ndspHookCookie
001937d0 00000001 b componentFree
001937d2 00000002 b componentDataMask
001937d4 00000002 b componentProgMask
001937d8 00000004 b componentSize
001937dc 00000004 b componentBin
001937e0 00000004 b frameCount
001937e4 00000004 b droppedFrames
001937e8 00000001 b bCancelReceived
001937e9 00000001 b bSleeping
001937ea 00000001 b bEnteringSleep
001937eb 00000001 b bDspReady
001937ec 00000080 B ndspVars
0019386c 00000002 B ndspBufferId
0019386e 00000002 B ndspBufferCurId
00193870 00000002 B ndspFrameId
00193872 00000001 b flagValue.0
00193873 00000001 b flagInit.1
00193874 00000004 b serviceName.6
00193878 00000001 b aptChainloadFlags
00193879 00000001 b aptChainloadMediatype
0019387c 00000020 b aptChainloadHmac
0019389c 00000300 b aptChainloadDeliverArg
00193ba0 00000008 b aptChainloadTid
00193ba8 00001000 b aptParameters
00194ba8 00000004 b aptFlags
00194bac 00000001 b aptHomeButtonState
00194bb0 00000004 b aptMessageFuncData
00194bb4 00000004 b aptMessageFunc
00194bb8 0000000c b aptFirstHook
00194bc4 00000001 b aptEventHandlerThreadQuit
00194bc8 00000004 b aptEventHandlerThread
00194bcc 00000008 b aptSleepEvent
00194bd4 00000008 b aptReceiveEvent
00194bdc 00000008 b aptEvents
00194be4 00000004 b aptLockHandle
00194be8 00000004 b aptRefCount
00194bec 00000004 b cfguRefCount
00194bf0 00000004 b cfguHandle
00194bf4 00000002 b dspSavedCompDataMask
00194bf6 00000002 b dspSavedCompProgMask
00194bf8 00000004 b dspSavedCompSize
00194bfc 00000004 b dspSavedCompBin
00194c00 00000001 b dspSleeping
00194c01 00000001 b dspComponentLoaded
00194c04 00000008 b dspFirstHook
00194c0c 00000004 b dspRefCount
00194c10 00000004 b dspHandle
00194c18 00000080 b fsExemptArchives
00194c98 00000004 b fsuRefCount
00194c9c 00000004 b fsuHandle
00194ca0 00000007 b gspEventCbOneShot
00194ca8 0000001c b gspEventCbData
00194cc4 0000001c b gspEventCb
00194ce0 00000038 b gspEvents
00194d18 00000004 b gspLastEvent
00194d1c 00000001 b gspRunEvents
00194d20 00000004 b gspEventThread
00194d24 00000004 b gspEvent
00194d28 00000001 b gspGpuRight
00194d29 00000001 b gspThreadId
00194d2c 00000004 b gspSharedMem
00194d30 00000004 b gspSharedMemHandle
00194d34 00000004 b gspRefCount
00194d38 00000004 b gspGpuHandle
00194d3c 00000001 b usingIrrst
00194d40 00000004 b hidRefCount
00194d44 00000006 b gRate
00194d4c 00000006 b aVec
00194d54 00000004 b cPos
00194d58 00000004 b tPos
00194d5c 00000004 b kRepeat
00194d60 00000004 b kUp
00194d64 00000004 b kDown
00194d68 00000004 b kHeld
00194d6c 00000004 b kOld
00194d70 00000004 B hidSharedMem
00194d74 00000014 B hidEvents
00194d88 00000004 B hidMemHandle
00194d8c 00000004 B hidHandle
00194d90 00000004 b irrstRefCount
00194d94 00000004 b csPos
00194d98 00000004 b kHeld
00194d9c 00000004 B irrstSharedMem
00194da0 00000004 B irrstEvent
00194da4 00000004 B irrstMemHandle
00194da8 00000004 B irrstHandle
00194dac 00000004 b ptmSysmRefCount
00194db0 00000004 b ptmSysmHandle
00194db4 00000004 V __ctru_linear_heap_size
00194db8 00000004 V __ctru_heap_size
00194dbc 00000004 B __ctru_linear_heap
00194dc0 00000004 B __ctru_heap
00194dc4 00000004 B __system_retAddr
00194dc8 00000004 B __system_argv
00194dcc 00000004 B __system_argc
00194dd0 b saved_stack
00194dd8 00000004 B __3dslink_host
00194ddc 00000004 b srvRefCount
00194de0 00000004 b srvHandle
00194de4 00000004 b currentAddr
00194de8 00000004 b maxAddr
00194dec 00000004 b minAddr
00194df0 00000004 b srvPmHandle
00194df8 000005c0 b archive_devices
001953b8 00000004 b archive_device_cwd
001953bc 00000001 b archive_initialized
001953c0 0000000c b __sfp_recursive_mutex
001953d0 00000168 B __sf
00195538 00000004 B __stdio_exit_handler
0019553c 00000028 B __malloc_current_mallinfo
00195564 00000004 B __malloc_max_total_mem
00195568 00000004 B __malloc_max_sbrked_mem
0019556c 00000004 B __malloc_top_pad
00195570 0000000c b __malloc_recursive_mutex
0019557c 0000000c b __env_recursive_mutex
00195588 00000004 b initial_env
0019558c 00000400 b temp_cwd
0019598c 00000004 b __hndl_lock
00195990 00000004 B fake_heap_start
00195994 00000004 B fake_heap_end
00195998 00000004 b heap_start.0
0019599c B __tls_start
001965a4 B __bss_end__
001965a4 A __end__
001965a4 B __tls_end
