         w __deregister_frame_info
         w __register_frame_info
         w userAppExit
         w userAppInit
00000000 00000802 B __ctru_dev_utf16_buf
00000000 a shift
00000000 a shift
00000000 b _TLS_MODULE_BASE_
00000804 00000401 B __ctru_dev_path_buf
00100000 A __start__
00100000 T _start
00100008 T __service_ptr
0010000c T __apt_appid
00100010 T __heap_size
00100014 T __linear_heap_size
00100018 T __system_arglist
0010001c T __system_runflags
00100020 t startup
00100058 t ClearMem
0010006c t ClrLoop
00100094 T _init
001000ac 0000008c t reduce_rational
00100138 000000d4 t scale_rational
0010020c 00000054 T mad_timer_compare
00100260 00000030 T mad_timer_negate
00100290 0000003c T mad_timer_abs
001002cc 00000214 T mad_timer_set
001004e0 00000070 T mad_timer_add
00100550 00000090 T mad_timer_multiply
001005e0 0000039c T mad_timer_count
0010097c 00000070 T mad_timer_fraction
001009ec 00000708 T mad_timer_string
001010f4 00000058 T mad_stream_init
0010114c 00000024 T mad_stream_finish
00101170 0000002c T mad_stream_buffer
0010119c 00000010 T mad_stream_skip
001011ac 00000084 T mad_stream_sync
00101230 0000029c T mad_stream_errorstr
001014cc 00000274 t decode_header
00101740 00000044 T mad_header_init
00101784 00000024 T mad_frame_finish
001017a8 000004c0 T mad_header_decode
00101c68 000000d4 T mad_frame_decode
00101d3c 00000094 T mad_frame_mute
00101dd0 00000028 T mad_frame_init
00101df8 00000c48 t dct32
00102a40 000004c4 t synth_full
00102f04 000004ec t synth_half
001033f0 00000080 T mad_synth_mute
00103470 00000028 T mad_synth_init
00103498 000000ac T mad_synth_frame
00103544 00000058 t I_sample
0010359c 000000d4 t II_samples
00103670 000003c8 T mad_layer_I
00103a38 00000844 T mad_layer_II
0010427c 00000090 t III_requantize
0010430c 000000a0 t III_aliasreduce
001043ac 000001a4 t III_imdct_s
00104550 0000003c t III_overlap
0010458c 0000008c t III_freqinver
00104618 00001da8 t III_decode
001063c0 00000828 T mad_layer_III
00106be8 T _III_imdct_l
00106be8 T III_imdct_l
00106e1c t loop
00106eb0 t imdct36_long_karray
00107120 t imdct_l_windowing
00107134 t normal_block_x0_to_x17
00107288 t normal_block_x18_to_x35
001073c4 t stop_block_x0_to_x17
00107470 t start_block_x18_to_x35
0010754c 00000018 T mad_bit_init
00107564 00000028 T mad_bit_length
0010758c 00000014 T mad_bit_nextbyte
001075a0 0000004c T mad_bit_skip
001075ec 000000c0 T mad_bit_read
001076ac 0000018c T mad_bit_crc
00107838 T __aeabi_uidiv
00107838 000001ec T __udivsi3
00107838 t .udivsi3_skip_div0_test
00107a24 00000020 T __aeabi_uidivmod
00107a44 T __aeabi_idiv
00107a44 00000220 T __divsi3
00107a4c t .divsi3_skip_div0_test
00107c64 00000020 T __aeabi_idivmod
00107c84 00000004 W __aeabi_idiv0
00107c84 00000004 W __aeabi_ldiv0
00107c88 T __aeabi_ldivmod
00107d5c T __aeabi_uldivmod
00107da8 00000390 T strcmp
00108130 t __do_global_dtors_aux
00108170 t frame_dummy
0010819c 0000009c T main
00108238 00000058 t _Mix_remove_all_effects
00108290 000000ac t Mix_DoEffects
0010833c 000000d4 T Mix_Init
00108410 00000318 T Mix_LoadWAV_RW
00108728 00000090 T Mix_FreeChunk
001087b8 00000098 T Mix_Volume
00108850 00000470 t mix_channels
00108cc0 000000f4 T Mix_HaltChannel
00108db4 000000ac T Mix_Playing
00108e60 000001e4 T Mix_PlayChannelTimed
00109044 0000012c T Mix_CloseAudio
00109170 00000258 T Mix_OpenAudio
001093c8 00000088 t music_internal_volume
00109450 000000a0 t music_internal_halt
001094f0 00000070 t music_internal_position
00109560 000000d4 t music_internal_playing
00109638 00000164 t music_internal_play
001097a0 0000007c t music_halt_or_loop.isra.0
0010981c 000001f0 T music_mixer
00109a10 00000280 T open_music
00109c90 00000050 T Mix_VolumeMusic
00109ce0 00000060 T close_music
00109d40 00000028 T WAVStream_Init
00109d68 00000010 T WAVStream_SetVolume
00109d78 0000002c T WAVStream_Start
00109da4 000001b4 T WAVStream_PlaySome
00109f58 00000014 T WAVStream_Stop
00109f6c 00000044 T WAVStream_Active
00109fb0 00000134 T Mix_InitMOD
0010a0e4 000001f4 T MOD_init
0010a2d8 00000018 T MOD_exit
0010a2f0 00000014 T MOD_setvolume
0010a304 00000010 T MOD_play
0010a314 00000010 T MOD_playing
0010a324 000001fc T MOD_playAudio
0010a520 00000010 T MOD_stop
0010a530 0000001c T MOD_jump_to_time
0010a550 000001cc t recompute_freq
0010a720 000004f4 t recompute_amp
0010ac14 00000090 t finish_note
0010aca4 000000f0 t note_off
0010ad94 00000078 t adjust_volume
0010ae0c 000000e4 t do_compute_data.part.0
0010aef0 00000090 t select_sample.isra.0
0010af80 0000085c t start_note
0010b7e0 000005c4 t skip_to
0010bda8 000003c8 t compute_data
0010c170 00000ca4 T Timidity_PlaySome
0010ce18 00000114 T Timidity_SetVolume
0010cf30 0000009c T Timidity_Start
0010cfcc 00000010 T Timidity_Active
0010cfdc 00000014 T Timidity_Stop
0010cff0 00000050 T Timidity_Close
0010d040 00000004 T init_tables
0010d044 00000a0c t read_config_file
0010da50 000002d4 T Timidity_Init
0010dd24 00000064 T Mix_InitOgg
0010dd88 0000002c t sdl_read_func
0010ddb4 00000010 t sdl_seek_func
0010ddc4 00000008 t sdl_close_func_freesrc
0010ddcc 00000010 t sdl_close_func_nofreesrc
0010dddc 00000010 t sdl_tell_func
0010ddec 00000228 T Mix_LoadOGG_RW
0010e014 00000148 t OGG_getsome
0010e15c 00000028 T OGG_init
0010e184 00000008 T OGG_setvolume
0010e18c 0000000c T OGG_play
0010e198 00000008 T OGG_playing
0010e1a0 0000009c T OGG_playAudio
0010e23c 0000000c T OGG_stop
0010e248 00000030 T OGG_jump_to_time
0010e278 0000013c t read_next_frame
0010e3b4 00000014 T mad_start
0010e3c8 00000014 T mad_stop
0010e3dc 00000014 T mad_isPlaying
0010e3f0 00000284 T mad_getSamples
0010e678 000000f0 T mad_seek
0010e768 0000000c T mad_setVolume
0010e774 00000028 T _Mix_InitEffects
0010e79c 00000004 T _Mix_DeinitEffects
0010e7a0 000004e8 T Mix_LoadAIFF_RW
0010ec88 00000524 t voc_get_block
0010f1ac 00000320 T Mix_LoadVOC_RW
0010f4cc 00000028 T close_file
0010f4f4 000000a0 T skip
0010f594 0000007c T safe_malloc
0010f610 00000048 T add_to_pathlist
0010f658 000002cc T open_file
0010f924 00000050 T free_pathlist
0010f974 00000100 t free_layer
0010fa74 000000c8 t free_old_bank
0010fb3c 00000068 t free_bank
0010fba8 00001310 t load_instrument.constprop.0
00110eb8 000004d8 t fill_bank
00111390 00000080 T load_missing_instruments
00111410 0000005c T free_instruments
0011146c 0000007c T set_default_instrument
001114e8 000000f8 T recompute_envelope
001115e0 000001f4 T apply_envelope_to_amp
001117d8 0000015c t update_signal
00111934 00000e20 T mix_voice
00112754 00000038 T s32tos8
0011278c 00000040 T s32tou8
001127cc 00000048 T s32tos16
00112814 0000004c T s32tou16
00112860 0000004c T s32tos16x
001128ac 0000005c T s32tou16x
00112908 000001d4 t update_vibrato
00112adc 00000a88 T resample_voice
00113568 000002d4 T pre_resample
0011383c 00000018 t ctl_open
00113854 00000014 t ctl_close
00113868 00000008 t ctl_read
00113870 00000004 t ctl_refresh
00113874 00000004 t ctl_total_time
00113878 00000004 t ctl_file_name
0011387c 00000004 t ctl_program
00113880 0000005c t cmsg
001138dc 00000004 t ctl_sustain
001138e0 00000004 t ctl_note
001138e4 00000004 t ctl_pitch_bend
001138e8 00000004 t ctl_volume
001138ec 00000004 t ctl_expression
001138f0 00000004 t ctl_panning
001138f4 00000004 t ctl_master_volume
001138f8 00000004 t ctl_current_time
001138fc 00000004 t ctl_reset
00113900 00000068 T _Eff_PositionDeinit
00113968 00000568 T antialiasing
00113ed0 00000008 t NS_IsThere
00113ed8 0000001c t NS_Update
00113ef4 00000024 t NS_Exit
00113f18 00000020 t NS_Init
00113f38 00000014 T MikMod_realloc
00113f4c 00000058 T MikMod_malloc
00113fa4 00000050 T MikMod_calloc
00113ff4 0000000c T MikMod_free
00114000 00000088 T MikMod_strdup
00114088 0000001c T MikMod_strerror
001140a4 00000074 t Voice_SetPanning_internal.part.0
00114118 00000064 t Voice_Play_internal.part.0
0011417c 00000054 T MD_SampleSpace
001141d0 00000054 T MD_SampleLength
00114224 000000e0 T MikMod_InfoDriver
00114304 0000004c T _mm_registerdriver
00114350 00000024 T MikMod_RegisterDriver
00114374 00000074 T MD_SampleLoad
001143e8 00000014 T MD_SampleUnload
001143fc 000000b0 T Voice_SetVolume_internal
001144ac 00000070 T Voice_SetFrequency_internal
0011451c 00000020 T Voice_SetPanning_internal
0011453c 00000020 T Voice_Play_internal
0011455c 0000005c T Voice_Stop_internal
001145b8 0000003c T Voice_Stopped_internal
001145f4 000000b4 T MikMod_Exit_internal
001146a8 000001a4 t _mm_init
0011484c 00000004 T MikMod_Init
00114850 0000053c t MikMod_SetNumVoices_internal.part.0
00114d8c 00000004 T MikMod_Exit
00114d90 00000014 T MikMod_SetNumVoices_internal
00114da4 00000060 T MikMod_EnableOutput
00114e04 00000038 T MikMod_DisableOutput_internal
00114e3c 00000010 T MikMod_Active
00114e4c 00000070 t ML_TryUnpack
00114ebc 00000170 t ML_FreeEx
0011502c 0000040c t Player_LoadGeneric_internal
00115438 000000c4 T MikMod_InfoLoader
001154fc 0000002c T _mm_registerloader
00115528 000000b0 T ReadComment
001155d8 00000160 T ReadLinedComment
00115738 00000048 T AllocPositions
00115780 000000dc T AllocPatterns
0011585c 0000004c T AllocTracks
001158a8 00000098 T AllocInstruments
00115940 00000084 T AllocSamples
001159c4 00000104 T DupStr
00115ac8 0000001c T Player_Free
00115ae4 00000004 T Player_LoadGeneric
00115ae8 000000f8 T MikMod_RegisterAllLoaders
00115be0 000000c0 t StartEnvelope
00115ca0 000000c0 t DoToneSlide
00115d60 000000b4 t DoS3MVolSlide
00115e14 00000060 t DoS3MSlideDn
00115e74 00000060 t DoS3MSlideUp
00115ed4 00000028 t DoKeyOff
00115efc 000000f8 t DoITToneSlide
00115ff4 00000214 t DoNNAEffects
00116208 000000cc t Player_Init_internal
001162d4 000000ac t DoITEffectW
00116380 0000004c t DoITEffectT
001163cc 000000a0 t DoITEffectP
0011646c 00000098 t DoITEffectN
00116504 00000038 t DoITEffectM
0011653c 00000068 t DoITEffectI
001165a4 00000030 t DoITEffectG
001165d4 00000068 t DoXMEffectX2
0011663c 00000068 t DoXMEffectX1
001166a4 0000006c t DoXMEffectP
00116710 000000a0 t DoXMEffectL
001167b0 0000006c t DoXMEffectH
0011681c 00000028 t DoXMEffectG
00116844 00000054 t DoXMEffectEB
00116898 00000054 t DoXMEffectEA
001168ec 00000074 t DoXMEffectA
00116960 0000003c t DoS3MEffectT
0011699c 0000007c t DoS3MEffectI
00116a18 0000003c t DoS3MEffectF
00116a54 0000003c t DoS3MEffectE
00116a90 00000038 t DoS3MEffectD
00116ac8 0000005c t DoS3MEffectA
00116b24 00000090 t DoPTEffectF
00116bb4 000000f0 t DoPTEffectD
00116ca4 00000040 t DoPTEffectC
00116ce4 000000f8 t DoPTEffectB
00116ddc 00000030 t DoPTEffect8
00116e0c 00000058 t DoPTEffect3
00116e64 00000010 t DoNothing
00116e74 00000100 t DoS3MEffectR
00116f74 0000001c t DoMEDSpeed
00116f90 00000050 t DoULTEffect9
00116fe0 00000040 t DoXMEffectE2
00117020 00000040 t DoXMEffectE1
00117060 00000054 t DoKeyFade
001170b4 00000168 t DoS3MEffectQ
0011721c 00000068 t DoPTEffect9
00117284 0000005c t DoPTEffect2
001172e0 0000005c t DoPTEffect1
0011733c 000000e0 t DoITEffectY
0011741c 000000dc t DoITEffectU
001174f8 000000d0 t DoITVibrato
001175c8 00000030 t DoITEffectH
001175f8 00000134 t DoVolEffects
0011772c 000000ac t DoVibrato.part.0
001177d8 0000009c t DoPTEffect6
00117874 00000054 t DoPTEffect4
001178c8 000000e8 t DoS3MEffectU
001179b0 0000010c t DoPTEffect7
00117abc 0000011c t GetPeriod
00117bd8 00000114 t DoArpeggio
00117cec 00000078 t DoOktArp
00117d64 0000006c t DoPTEffect0
00117dd0 000002dc t DoEEffects
001180ac 00000040 t DoMEDEffectF3
001180ec 00000034 t DoMEDEffectF2
00118120 00000034 t DoMEDEffectF1
00118154 000001b4 t DoITEffectS0
00118308 00000048 t DoPTEffectE
00118350 000001c0 t ProcessEnvelope
00118510 00000070 t DoPTEffectA
00118580 00000090 t DoXMEffect6
00118610 00000094 t DoPTEffect5
001186a4 00000018 T getlinearperiod
001186bc 00000070 T getfrequency
0011872c 000015c4 T Player_HandleTick
00119cf0 00000084 T Player_Init
00119d74 00000080 T Player_Exit_internal
00119df4 0000002c T Player_SetVolume
00119e20 00000080 T Player_Start
00119ea0 00000060 T Player_Stop
00119f00 00000030 T Player_Active
00119f30 00000108 T Player_SetPosition
0011a038 00000038 T UniSetRow
0011a070 0000003c T UniGetByte
0011a0ac 0000007c T UniGetWord
0011a128 0000008c T UniSkipOpcode
0011a1b4 00000044 T UniFindRow
0011a1f8 00000044 T UniReset
0011a23c 00000074 T UniWriteByte
0011a2b0 00000084 T UniWriteWord
0011a334 00000124 T UniNewline
0011a458 00000098 T UniDup
0011a4f0 00000030 T UniInit
0011a520 00000020 T UniCleanup
0011a540 0000020c t DitherSamples.part.0
0011a74c 0000006c T SL_Init
0011a7b8 00000044 T SL_Exit
0011a7fc 000008d0 T SL_Load
0011b0cc 0000009c T SL_RegisterSample
0011b168 00000090 T SL_LoadSamples
0011b1f8 00000024 T SL_Sample8to16
0011b21c 00000024 T SL_SampleSigned
0011b240 00000010 T VC_Init
0011b250 00000010 T VC_Exit
0011b260 00000010 T VC_SetNumVoices
0011b270 00000010 T VC_SampleSpace
0011b280 00000010 T VC_SampleLength
0011b290 00000010 T VC_PlayStart
0011b2a0 00000010 T VC_PlayStop
0011b2b0 00000010 T VC_SampleLoad
0011b2c0 00000010 T VC_SampleUnload
0011b2d0 00000010 T VC_WriteBytes
0011b2e0 00000010 T VC_VoiceSetVolume
0011b2f0 00000010 T VC_VoiceGetVolume
0011b300 00000010 T VC_VoiceSetFrequency
0011b310 00000010 T VC_VoiceGetFrequency
0011b320 00000010 T VC_VoiceSetPanning
0011b330 00000010 T VC_VoiceGetPanning
0011b340 00000024 T VC_VoicePlay
0011b364 00000010 T VC_VoiceStop
0011b374 00000010 T VC_VoiceStopped
0011b384 00000010 T VC_VoiceGetPosition
0011b394 00000010 T VC_VoiceRealVolume
0011b3a4 00000330 T VC_SetupPointers
0011b6d4 00000058 t S69_LoadTitle
0011b72c 00000034 t S69_Cleanup
0011b760 0000017c t S69_Test
0011b8dc 000007bc t S69_Load
0011c098 00000048 t S69_Init
0011c0e0 00000058 t AMF_LoadTitle
0011c138 00000034 t AMF_Cleanup
0011c16c 00000ebc t AMF_Load
0011d028 0000007c t AMF_Test
0011d0a4 00000048 t AMF_Init
0011d0ec 0000000c t ASY_LoadTitle
0011d0f8 00000034 t ASY_Cleanup
0011d12c 00000078 t ASY_Test
0011d1a4 00000028 t ASY_Init
0011d1cc 00000690 t ASY_Load
0011d85c 00000058 t DSM_LoadTitle
0011d8b4 00000034 t DSM_Cleanup
0011d8e8 00000060 t DSM_Test
0011d948 000000f4 t GetBlockHeader
0011da3c 00000048 t DSM_Init
0011da84 00000778 t DSM_Load
0011e1fc 00000058 t FAR_LoadTitle
0011e254 00000048 t FAR_Cleanup
0011e29c 00000878 t FAR_Load
0011eb14 0000008c t FAR_Test
0011eba0 00000068 t FAR_Init
0011ec08 00000058 t GDM_LoadTitle
0011ec60 00000034 t GDM_Cleanup
0011ec94 00000ca0 t GDM_Load
0011f934 000000b0 t GDM_Test
0011f9e4 00000044 t GDM_Init
0011fa28 00000058 t IMF_LoadTitle
0011fa80 00000038 t IMF_Cleanup
0011fab8 00000120 t IMF_Test
0011fbd8 00000360 t IMF_ProcessCmd.part.0
0011ff38 00001194 t IMF_Load
001210cc 00000044 t IMF_Init
00121110 00000080 t LoadMidiString
00121190 00000058 t IT_LoadTitle
001211e8 0000009c t IT_Cleanup
00121284 000001dc t IT_LoadMidiConfiguration
00121460 00001ca4 t IT_Load
00123104 00000048 t IT_Test
0012314c 000000a0 t IT_Init
001231ec 00000060 t M15_LoadTitle
0012324c 00000034 t M15_Cleanup
00123280 00000024 t M15_Init
001232a4 00000244 t LoadModuleHeader.part.0
001234e8 00000304 t M15_Test
001237ec 00000848 t M15_Load
00124034 000000c4 t MED_LoadTitle
001240f8 00000084 t MED_Cleanup
0012417c 000001dc t EffectCvt
00124358 000010b8 t MED_Load
00125410 0000005c t MED_Test
0012546c 00000068 t MED_Init
001254d4 00000060 t MOD_LoadTitle
00125534 00000034 t MOD_Cleanup
00125568 00000028 t MOD_Init
00125590 000002d8 t MOD_CheckType
00125868 00000064 t MOD_Test
001258cc 00000288 t ConvertNote.isra.0
00125b54 0000089c t MOD_Load
001263f0 00000058 t MTM_LoadTitle
00126448 00000034 t MTM_Cleanup
0012647c 000000c0 t MTM_Convert
0012653c 00000584 t MTM_Load
00126ac0 00000064 t MTM_Test
00126b24 00000048 t MTM_Init
00126b6c 0000000c t OKT_LoadTitle
00126b78 0000006c t OKT_Test
00126be4 00000978 t OKT_Load
0012755c 00000058 t S3M_LoadTitle
001275b4 00000070 t S3M_Cleanup
00127624 0000005c t S3M_Test
00127680 00000c10 t S3M_Load
00128290 00000074 t S3M_Init
00128304 00000058 t STM_LoadTitle
0012835c 00000034 t STM_Cleanup
00128390 00000098 t STM_Test
00128428 00000838 t STM_Load
00128c60 0000004c t STM_Init
00128cac 00000058 t STX_LoadTitle
00128d04 0000005c t STX_Cleanup
00128d60 00000b18 t STX_Load
00129878 000000c8 t STX_Test
00129940 00000074 t STX_Init
001299b4 00000008 t ULT_Init
001299bc 00000004 t ULT_Cleanup
001299c0 00000058 t ULT_LoadTitle
00129a18 000000a4 t ULT_Test
00129abc 000007c0 t ULT_Load
0012a27c 00000094 t get_fci
0012a310 00000038 t UMX_Init
0012a348 00000074 t UMX_Load
0012a3bc 00000088 t UMX_LoadTitle
0012a444 00000048 t UMX_Cleanup
0012a48c 000006d4 t UMX_Test
0012ab60 00000008 t UNI_Init
0012ab68 00000050 t readstring
0012abb8 00000080 t UNI_LoadTitle
0012ac38 0000002c t UNI_Cleanup
0012ac64 000014dc t UNI_Load
0012c140 000000a8 t UNI_Test
0012c1e8 00000068 t FixEnvelope
0012c250 00000058 t XM_LoadTitle
0012c2a8 00000020 t XM_Cleanup
0012c2c8 000004f0 t XM_Convert
0012c7b8 00000930 t LoadInstruments
0012d0e8 00000060 t XM_Test
0012d148 00000024 t XM_Init
0012d16c 00000578 t LoadPatterns
0012d6e4 0000067c t XM_Load
0012dd60 00000028 t _mm_MemReader_Eof
0012dd88 00000078 t _mm_MemReader_Read
0012de00 00000028 t _mm_MemReader_Get
0012de28 00000084 t _mm_MemReader_Seek
0012deac 00000014 t _mm_MemReader_Tell
0012dec0 00000020 T _mm_iobase_setcur
0012dee0 0000000c T _mm_iobase_revert
0012deec 00000004 T _mm_delete_mem_reader
0012def0 0000006c T _mm_new_mem_reader
0012df5c 00000018 T _mm_read_string
0012df74 00000034 T _mm_read_M_UWORD
0012dfa8 00000030 T _mm_read_I_UWORD
0012dfd8 0000006c T _mm_read_M_ULONG
0012e044 0000005c T _mm_read_I_ULONG
0012e0a0 00000038 T _mm_read_M_SWORD
0012e0d8 00000030 T _mm_read_I_SWORD
0012e108 0000006c T _mm_read_M_SLONG
0012e174 0000005c T _mm_read_I_SLONG
0012e1d0 00000068 T _mm_read_M_SWORDS
0012e238 00000068 T _mm_read_M_UWORDS
0012e2a0 00000060 T _mm_read_I_SWORDS
0012e300 00000060 T _mm_read_I_UWORDS
0012e360 000000a4 T _mm_read_M_ULONGS
0012e404 00000094 T _mm_read_I_ULONGS
0012e498 00000070 t MMCMP_GetBits.part.0
0012e508 00000874 T MMCMP_Unpack
0012ed7c 0000053c T PP20_Unpack
0012f2b8 00000068 t getb
0012f320 00000508 T S404_Unpack
0012f828 0000038c t copy_data
0012fbb4 00000588 T XPK_Unpack
0013013c 00000064 T _mm_strcasecmp
001301a0 00000044 T AllocLinear
001301e4 0000002c T FreeLinear
00130210 00000104 T speed_to_finetune
00130314 00000108 T S3MIT_CreateOrders
0013041c 00000680 T S3MIT_ProcessCmd
00130a9c 00000050 T UniEffect
00130aec 00000084 T UniPTEffect
00130b70 00000034 T UniVolEffect
00130ba4 000003ac t MixReverb_Normal
00130f50 00000600 t MixReverb_Stereo
00131550 00000060 t MixLowPass_Stereo
001315b0 0000003c t MixLowPass_Normal
001315ec 00000090 T VC1_SilenceBytes
0013167c 0000004c T VC1_Exit
001316c8 0000001c T VC1_VoiceGetVolume
001316e4 0000001c T VC1_VoiceGetPanning
00131700 0000001c T VC1_VoiceSetFrequency
0013171c 0000001c T VC1_VoiceGetFrequency
00131738 00000044 T VC1_VoicePlay
0013177c 00000020 T VC1_VoiceStop
0013179c 00000024 T VC1_VoiceStopped
001317c0 00000028 T VC1_VoiceGetPosition
001317e8 00000038 T VC1_VoiceSetVolume
00131820 00000038 T VC1_VoiceSetPanning
00131858 00000038 T VC1_SampleUnload
00131890 00000200 T VC1_SampleLoad
00131a90 00000008 T VC1_SampleSpace
00131a98 00000024 T VC1_SampleLength
00131abc 000000b8 T VC1_VoiceRealVolume
00131b78 00001984 T VC1_WriteSamples
001334fc 00000080 T VC1_WriteBytes
0013357c 000000e4 T VC1_Init
00133660 000003c0 T VC1_PlayStart
00133a20 00000158 T VC1_PlayStop
00133b78 000000b0 T VC1_SetNumVoices
00133c28 000003ac t MixReverb_Normal
00133fd4 00000600 t MixReverb_Stereo
001345d4 00000060 t MixLowPass_Stereo
00134634 0000003c t MixLowPass_Normal
00134670 000000cc t Mix32ToFP_Normal
0013473c 0000014c t Mix32ToFP_Stereo
00134888 000000ac t Mix32To16_Normal
00134934 00000120 t Mix32To16_Stereo
00134a54 000000a4 t Mix32To8_Normal
00134af8 00000118 t Mix32To8_Stereo
00134c10 00000090 T VC2_SilenceBytes
00134ca0 0000004c T VC2_Exit
00134cec 00000020 T VC2_VoiceGetVolume
00134d0c 00000020 T VC2_VoiceGetPanning
00134d2c 00000020 T VC2_VoiceSetFrequency
00134d4c 00000020 T VC2_VoiceGetFrequency
00134d6c 00000048 T VC2_VoicePlay
00134db4 00000024 T VC2_VoiceStop
00134dd8 00000028 T VC2_VoiceStopped
00134e00 0000002c T VC2_VoiceGetPosition
00134e2c 0000003c T VC2_VoiceSetVolume
00134e68 0000003c T VC2_VoiceSetPanning
00134ea4 00000038 T VC2_SampleUnload
00134edc 00000200 T VC2_SampleLoad
001350dc 00000008 T VC2_SampleSpace
001350e4 00000024 T VC2_SampleLength
00135108 000000bc T VC2_VoiceRealVolume
001351c8 000012a4 T VC2_WriteSamples
0013646c 00000080 T VC2_WriteBytes
001364ec 00000160 T VC2_Init
0013664c 000003d4 T VC2_PlayStart
00136a20 0000016c T VC2_PlayStop
00136b8c 000000c4 T VC2_SetNumVoices
00136c50 00000124 t _get_next_page
00136d74 00000104 t _initial_pcmoffset
00136e78 00000080 t _seek_helper
00136ef8 00000098 t _make_decode_ready
00136f90 00000208 t _get_prev_page_serial
00137198 00000354 t _fetch_headers
001374ec 00000538 t _bisect_forward_serialno
00137a24 0000036c t _fetch_and_process_packet.constprop.10
00137d90 000000f4 T ov_clear
00137e84 00000214 t _ov_open1
00138098 0000004c T ov_pcm_total
001380e4 00000058 t ov_pcm_total.part.3
0013813c 000000a0 T ov_time_total
001381dc 00000058 t ov_time_total.part.4
00138234 0000049c T ov_raw_seek
001386d0 000001ac t _open_seekable2
0013887c 000000a0 T ov_open_callbacks
0013891c 00000b08 T ov_pcm_seek_page
00139424 00000390 T ov_pcm_seek
001397b4 0000014c T ov_time_seek
00139900 00000058 T ov_info
00139958 0000017c T ov_read
00139ad4 00000024 T vorbis_block_init
00139af8 00000074 T _vorbis_block_alloc
00139b6c 00000078 T _vorbis_block_ripcord
00139be4 00000034 T vorbis_block_clear
00139c18 00000078 T vorbis_synthesis_restart
00139c90 00000124 T vorbis_dsp_clear
00139db4 000002cc T vorbis_synthesis_init
0013a080 00000650 T vorbis_synthesis_blockin
0013a6d0 00000074 T vorbis_synthesis_pcmout
0013a744 00000030 T vorbis_synthesis_read
0013a774 000000b8 T _vorbis_window
0013a82c 00000164 T _vorbis_apply_window
0013a990 000001c4 t _vorbis_synthesis1
0013ab54 00000008 T vorbis_synthesis
0013ab5c 00000008 T vorbis_synthesis_trackonly
0013ab64 00000088 T vorbis_packet_blocksize
0013abec 00000018 T vorbis_comment_init
0013ac04 0000008c T vorbis_comment_clear
0013ac90 00000014 T vorbis_info_blocksize
0013aca4 00000040 T vorbis_info_init
0013ace4 000001a8 T vorbis_info_clear
0013ae8c 000000b0 T vorbis_synthesis_idheader
0013af3c 000006b0 T vorbis_synthesis_headerin
0013b5ec 000003d0 T vorbis_staticbook_unpack
0013b9bc 000001b0 T vorbis_book_decode
0013bb6c 00000550 T vorbis_book_decodevs_add
0013c0bc 00000448 T vorbis_book_decodev_add
0013c504 00000460 T vorbis_book_decodev_set
0013c964 00000424 T vorbis_book_decodevv_add
0013cd88 0000005c t bitreverse
0013cde4 0000002c t sort32a
0013ce10 00000024 T _ilog
0013ce34 00000284 T _make_words
0013d0b8 000000ac T _book_maptype1_quantvals
0013d164 00000728 t _book_unquantize.part.1
0013d88c 00000034 T vorbis_staticbook_destroy
0013d8c0 0000006c T vorbis_book_clear
0013d92c 000004d0 T vorbis_book_init_decode
0013ddfc 00000018 t icomp
0013de14 00000240 t floor1_inverse2
0013e054 00000324 t floor1_inverse1
0013e378 0000000c t floor1_free_look
0013e384 0000000c t floor1_free_info
0013e390 00000208 t floor1_look
0013e598 0000031c t floor1_unpack
0013e8b4 00000154 t floor0_inverse1
0013ea08 0000000c t floor0_free_info
0013ea14 0000011c t floor0_unpack
0013eb30 00000038 t floor0_free_look
0013eb68 00000244 t floor0_look
0013edac 000003e0 T vorbis_lsp_to_curve
0013f18c 0000006c t floor0_inverse2
0013f1f8 0000000c T res0_free_info
0013f204 00000218 T res0_unpack
0013f41c 000002a8 T res0_look
0013f6c4 000002bc t _01inverse
0013f980 00000068 T res0_inverse
0013f9e8 00000068 T res1_inverse
0013fa50 00000254 T res2_inverse
0013fca4 0000008c T res0_free_look
0013fd30 000004a8 t mapping0_inverse
001401d8 0000000c t mapping0_free_info
001401e4 00000140 t mapping0_look
00140324 00000260 t mapping0_unpack
00140584 00000090 t mapping0_free_look
00140614 00001a00 T mdct_backward
00142014 00000100 t _os_update_crc
00142114 0000012c t _packetout
00142240 00000010 T ogg_page_continued
00142250 00000010 T ogg_page_bos
00142260 00000010 T ogg_page_eos
00142270 00000044 T ogg_page_granulepos
001422b4 0000000c T ogg_page_serialno
001422c0 00000054 T ogg_stream_clear
00142314 00000098 T ogg_stream_init
001423ac 00000078 t _os_body_expand
00142424 0000008c t _os_lacing_expand
001424b0 00000078 T ogg_page_checksum_set
00142528 00000030 T ogg_sync_init
00142558 00000044 T ogg_sync_clear
0014259c 000000c8 T ogg_sync_buffer
00142664 00000034 T ogg_sync_wrote
00142698 000001d8 T ogg_sync_pageseek
00142870 00000380 T ogg_stream_pagein
00142bf0 00000030 T ogg_sync_reset
00142c20 00000068 T ogg_stream_reset
00142c88 00000068 T ogg_stream_reset_serialno
00142cf0 00000024 T ogg_stream_packetout
00142d14 00000024 T ogg_stream_packetpeek
00142d38 0000001c T oggpack_readinit
00142d54 000000c4 T oggpack_look
00142e18 00000064 T oggpack_adv
00142e7c 000000fc T oggpack_read
00142f78 00000014 T oggpack_bytes
00142f8c 00000158 T SDL_InitSubSystem
001430e4 00000040 T SDL_Init
00143124 0000009c T SDL_QuitSubSystem
001431c0 00000018 T SDL_Quit
001431d8 000001d0 T SDL_SetError
001433a8 00000014 T SDL_ClearError
001433bc 00000058 T SDL_Error
00143414 00000020 t SDL_Parachute
00143434 00000044 T SDL_InstallParachute
00143478 00000048 T SDL_UninstallParachute
001434c0 00000030 t SDL_LockAudio_Default
001434f0 00000030 t SDL_UnlockAudio_Default
00143520 00000198 T SDL_RunAudio
001436b8 000004b8 T SDL_OpenAudio
00143b70 00000018 T SDL_PauseAudio
00143b88 00000024 T SDL_LockAudio
00143bac 00000024 T SDL_UnlockAudio
00143bd0 00000008 T SDL_CloseAudio
00143bd8 000000ac T SDL_AudioQuit
00143c84 000000e8 T SDL_AudioInit
00143d6c 000000dc T SDL_FirstAudioFormat
00143e48 00000054 T SDL_NextAudioFormat
00143e9c 00000038 T SDL_CalculateAudioSpec
00143ed4 00000284 T SDL_ConvertMono
00144158 000001f0 T SDL_ConvertStrip
00144348 000001f4 T SDL_ConvertStrip_2
0014453c 00000098 T SDL_ConvertStereo
001445d4 000003c0 T SDL_ConvertSurround
00144994 0000034c T SDL_ConvertSurround_4
00144ce0 0000006c T SDL_Convert16LSB
00144d4c 0000007c T SDL_Convert16MSB
00144dc8 0000008c T SDL_Convert8
00144e54 000000a4 T SDL_ConvertSign
00144ef8 00000064 T SDL_ConvertEndian
00144f5c 000000cc T SDL_RateMUL2
00145028 00000110 T SDL_RateMUL2_c2
00145138 00000178 T SDL_RateMUL2_c4
001452b0 000001e0 T SDL_RateMUL2_c6
00145490 000000e8 T SDL_RateDIV2
00145578 000000f4 T SDL_RateDIV2_c2
0014566c 0000011c T SDL_RateDIV2_c4
00145788 00000158 T SDL_RateDIV2_c6
001458e0 00000050 T SDL_ConvertAudio
00145930 000005bc T SDL_BuildAudioCVT
00145eec 000001fc T SDL_MixAudio
001460e8 000000b4 t MS_ADPCM_nibble
0014619c 000000ec t IMA_ADPCM_nibble
00146288 00000088 t ReadChunk
00146310 00000900 T SDL_LoadWAV_RW
00146c10 0000004c t stdio_write
00146c5c 0000004c t stdio_read
00146ca8 00000034 t stdio_seek
00146cdc 00000034 t stdio_close
00146d10 000000b0 T SDL_RWFromFile
00146dc0 00000030 T SDL_ReadBE16
00146df0 00000028 T SDL_ReadLE32
00146e18 0000002c T SDL_ReadBE32
00146e44 000000c0 t SDL_DelThread.part.0
00146f04 0000009c T SDL_GetErrBuf
00146fa0 0000003c T SDL_RunThread
00146fdc 0000017c T SDL_CreateThread
00147158 0000004c T SDL_WaitThread
001471a4 00000004 t callback_wrapper
001471a8 0000008c t SDL_AddTimerInternal
00147234 00000044 T SDL_SetTimerThreaded
00147278 0000013c T SDL_ThreadedTimerCheck
001473b4 00000150 T SDL_SetTimer
00147504 00000068 T SDL_TimerQuit
0014756c 00000098 T SDL_TimerInit
00147604 00000088 t SDL_WM_GrabInputRaw
0014768c 00000118 T SDL_VideoQuit
001477a4 00000208 T SDL_VideoInit
001479ac 000000c0 t SDL_JoystickClose.part.0
00147a6c 00000064 T SDL_JoystickInit
00147ad0 000000a0 T SDL_JoystickQuit
00147b70 0000009c T SDL_PrivateJoystickAxis
00147c0c 0000008c T SDL_PrivateJoystickHat
00147c98 000000b0 T SDL_PrivateJoystickButton
00147d48 0000003c T SDL_JoystickUpdate
00147d84 00000018 T SDL_StartTicks
00147d9c 00000068 T SDL_GetTicks
00147e04 00000010 T SDL_Delay
00147e14 00000008 T SDL_SYS_TimerInit
00147e1c 00000004 T SDL_SYS_TimerQuit
00147e20 00000018 T SDL_SYS_StartTimer
00147e38 00000004 T SDL_SYS_StopTimer
00147e3c 00000008 t N3DSAUD_Available
00147e44 0000000c t N3DSAUD_GetAudioBuf
00147e50 00000128 t N3DSAUD_CreateDevice
00147f78 0000005c t N3DSAUD_DeleteDevice
00147fd4 00000008 t N3DSAUD_UnlockAudio
00147fdc 00000008 t N3DSAUD_LockAudio
00147fe4 000000c4 t N3DSAUD_CloseAudio
001480a8 00000074 t audioFrameFinished
0014811c 000000a8 t N3DSAUD_PlayAudio
001481c4 00000068 t N3DSAUD_WaitAudio
0014822c 00000260 t N3DSAUD_OpenAudio
0014848c 0000005c t N3DSAUD_DspHook
001484e8 00000014 T SDL_SYS_JoystickInit
001484fc 00000498 T SDL_SYS_JoystickUpdate
00148994 00000004 T SDL_SYS_JoystickClose
00148998 00000004 T SDL_SYS_JoystickQuit
0014899c 00000028 T SDL_CreateMutex
001489c4 0000000c T SDL_DestroyMutex
001489d0 0000002c T SDL_mutexP
001489fc 0000002c T SDL_mutexV
00148a28 00000034 T SDL_CreateSemaphore
00148a5c 0000000c T SDL_DestroySemaphore
00148a68 00000030 T SDL_SemWait
00148a98 00000014 T SDL_SemPost
00148aac 00000004 T ThreadEntry
00148ab0 000000a0 T SDL_SYS_CreateThread
00148b50 00000004 T SDL_SYS_SetupThread
00148b54 00000038 T SDL_ThreadID
00148b8c 00000010 T SDL_SYS_WaitThread
00148b9c 00000008 t N3DS_Available
00148ba4 00000008 t N3DS_ListModes
00148bac 00000008 t N3DS_AllocHWSurface
00148bb4 00000008 t N3DS_LockHWSurface
00148bbc 00000004 t N3DS_UnlockHWSurface
00148bc0 00000060 t N3DS_SetColors
00148c20 00000108 t N3DS_CreateDevice
00148d28 00000024 t N3DS_DeleteDevice
00148d4c 00000048 t N3DS_VideoInit
00148d94 00000168 t N3DS_FlipHWSurface.part.0
00148d94 00000168 t N3DS_UpdateRects.part.0
00148efc 00000024 t N3DS_FlipHWSurface
00148f20 00000020 t N3DS_UpdateRects
00148f40 00000004 t N3DS_FreeHWSurface
00148f44 000000ec t N3DS_VideoQuit
00149030 000000ac T N3DS_SetScaling
001490dc 00000848 t N3DS_SetVideoMode
00149924 0000003c T N3DS_ToggleFullScreen
00149960 00000114 T drawTexture
00149a78 000002b8 t videoThread
00149d30 000000ec t SDL_GobbleEvents
00149e1c 00000064 T SDL_Lock_EventThread
00149e80 00000044 T SDL_Unlock_EventThread
00149ec4 0000007c T SDL_StopEventLoop
00149f40 00000110 T SDL_StartEventLoop
0014a050 0000021c T SDL_PeepEvents
0014a26c 00000028 T SDL_PushEvent
0014a298 00000ba4 T SDL_KeyboardInit
0014ae3c 00000004 T SDL_KeyboardQuit
0014ae40 0000008c T SDL_CheckKeyRepeat
0014aecc 00000078 t ClipOffset
0014af44 00000060 T SDL_MouseInit
0014afa4 00000004 T SDL_MouseQuit
0014afa8 00000038 T SDL_GetMouseState
0014afe0 000001c4 T SDL_PrivateMouseMotion
0014b1a4 00000208 T SDL_PrivateMouseButton
0014b3ac 00000070 t SDL_HandleSIG
0014b41c 00000048 T SDL_QuitInit
0014b464 00000050 T SDL_QuitQuit
0014b4b4 000000d0 T SDL_MouseRect
0014b588 00000704 T SDL_DrawCursorNoLock
0014bc8c 000000c0 T SDL_DrawCursor
0014bd4c 00000188 T SDL_EraseCursorNoLock
0014bed4 000000c0 T SDL_EraseCursor
0014bf94 000001d0 T SDL_SetCursor
0014c164 000000a0 T SDL_FreeCursor
0014c204 00000098 T SDL_CursorQuit
0014c29c 000001d0 T SDL_CreateCursor
0014c46c 00000090 T SDL_CursorInit
0014c4fc 000000b8 T SDL_MoveCursor
0014c5b4 00000054 T SDL_FormatChanged
0014c608 00000040 T SDL_FreeFormat
0014c648 000004d8 T SDL_AllocFormat
0014cb20 000000c8 T SDL_ReallocFormat
0014cbe8 0000005c T SDL_CalculatePitch
0014cc44 0000007c T SDL_FindColor
0014ccc0 00000064 T SDL_MapRGB
0014cd24 0000005c T SDL_AllocBlitMap
0014cd80 00000038 T SDL_FreeBlitMap
0014cdb8 00000094 T SDL_LockSurface
0014ce4c 00000064 T SDL_UnlockSurface
0014ceb0 00000454 T SDL_FillRect
0014d304 00000148 T SDL_FreeSurface
0014d44c 0000027c T SDL_CreateRGBSurface
0014d6c8 0000018c T N3DS_PumpEvents
0014d854 00000004 T N3DS_InitOSKeymap
0014d858 00000018 T SDL_AppActiveInit
0014d870 00000004 T SDL_AppActiveQuit
0014d874 00000100 t copy_opaque_16
0014d974 0000011c t uncopy_opaque_16
0014da90 000000fc t copy_transl_565
0014db8c 000000fc t copy_transl_555
0014dc88 00000124 t uncopy_transl_16
0014ddac 000000dc t copy_32
0014de88 00000110 t uncopy_32
0014df98 00000008 t getpix_8
0014dfa0 00000008 t getpix_16
0014dfa8 00000010 t getpix_24
0014dfb8 00000008 t getpix_32
0014dfc0 00002438 T SDL_RLEBlit
001503f8 00000250 T SDL_UnRLESurface
00150648 00000c80 T SDL_RLESurface
001512c8 00000028 T AttrInfo_Init
001512f0 00000094 T AttrInfo_AddLoader
00151384 00000020 T C3D_GetAttrInfo
001513a4 00000080 T C3Di_AttrInfoBind
00151424 00000004 W C3Di_LightEnvUpdate
00151428 00000004 W C3Di_LightEnvDirty
0015142c 00000004 W C3Di_ProcTexUpdate
00151430 00000004 W C3Di_ProcTexDirty
00151434 000000b4 t C3Di_AptEventHook
001514e8 00000004 W C3Di_GasUpdate
001514ec 000001d0 T C3D_Init
001516bc 00000098 T C3D_SetViewport
00151754 000004e8 T C3Di_UpdateContext
00151c3c 000000e0 T C3Di_SplitFrame
00151d1c 00000044 T C3D_Fini
00151d60 00000194 T C3D_BindProgram
00151ef4 00000024 T BufInfo_Init
00151f18 00000020 T C3D_GetBufInfo
00151f38 00000048 T C3Di_BufInfoBind
00151f80 00000040 T C3D_DepthMap
00151fc0 0000001c T C3D_CullFace
00151fdc 00000040 T C3D_StencilTest
0015201c 00000024 T C3D_StencilOp
00152040 0000001c T C3D_BlendingColor
0015205c 00000024 T C3D_EarlyDepthTest
00152080 0000002c T C3D_DepthTest
001520ac 0000002c T C3D_AlphaTest
001520d8 00000050 T C3D_AlphaBlend
00152128 00000030 T C3D_FragOpMode
00152158 00000044 T C3D_FragOpShadow
0015219c 000001ac T C3Di_EffectBind
00152348 0000001c T C3D_CalcColorBufSize
00152364 0000001c T C3D_CalcDepthBufSize
00152380 00000044 T C3D_SetFrameBuf
001523c4 0000016c T C3Di_FrameBufBind
00152530 000000c8 T C3D_FrameBufClear
001525f8 00000044 T C3D_FrameBufTransfer
0015263c 000000b8 T C3D_ImmDrawBegin
001526f4 000000a8 T C3D_ImmSendAttrib
0015279c 00000074 T C3D_ImmDrawEnd
00152810 0000004c t onVBlank0
0015285c 0000004c t onVBlank1
001528a8 00000080 t C3Di_RenderTargetDestroy
00152928 000000f4 t onQueueFinish
00152a1c 00000038 T C3Di_RenderQueueEnableVBlank
00152a54 00000030 T C3Di_RenderQueueDisableVBlank
00152a84 00000060 T C3Di_RenderQueueInit
00152ae4 000000b4 T C3Di_RenderQueueExit
00152b98 00000034 T C3Di_RenderQueueWaitDone
00152bcc 000000e8 T C3D_FrameBegin
00152cb4 00000048 T C3D_FrameDrawOn
00152cfc 000001d0 T C3D_FrameEnd
00152ecc 00000170 T C3D_RenderTargetCreate
0015303c 000000f0 T C3D_RenderTargetDelete
0015312c 000000a8 T C3D_RenderTargetSetOutput
001531d4 000000f0 T C3D_SyncDisplayTransfer
001532c4 00000034 T C3D_GetTexEnv
001532f8 00000024 T C3Di_TexEnvBind
0015331c 00000290 T C3D_TexInitWithParams
001535ac 00000044 T C3D_TexBind
001535f0 00000074 T C3D_TexDelete
00153664 0000014c T C3Di_SetTex
001537b0 00000290 T C3D_UpdateUniforms
00153a40 000000c0 T C3Di_DirtyUniforms
00153b00 000000d8 T C3Di_LoadShaderUniforms
00153bd8 00000028 T C3Di_ClearShaderUniforms
00153c00 000000cc T Mtx_OrthoTilt
00153ccc 00000024 t addrMapNodeComparator(rbtree_node const*, rbtree_node const*)
00153cf0 00000004 t addrMapNodeDestructor(rbtree_node*)
00153cf4 00000120 T linearMemAlign
00153e14 00000008 T linearAlloc
00153e1c 0000005c T linearFree
00153e78 00000080 T MemPool::CoalesceRight(MemBlock*)
00153ef8 0000016c T MemPool::Allocate(MemChunk&, unsigned long, int)
00154064 000000fc T MemPool::Deallocate(MemChunk const&)
00154160 00000030 T MemPool::GetFreeSpace()
00154190 00000024 t addrMapNodeComparator(rbtree_node const*, rbtree_node const*)
001541b4 00000004 t addrMapNodeDestructor(rbtree_node*)
001541b8 0000024c T vramMemAlignAt
00154404 0000000c T vramAlloc
00154410 0000000c T vramAllocAt
0015441c 00000090 T vramFree
001544ac 0000051c t consoleHandleColorEsc
001549c8 000000b8 t consoleColorStateShift
00154a80 000001ac T consoleDrawChar
00154c2c 00000124 T consolePrintChar
00154d50 000006f4 T con_write
00155444 000000fc t newRow
00155540 0000018c T consoleInit
001556cc 000000d0 t gfxPresentFramebuffer
0015579c 00000010 T gfxSet3D
001557ac 0000001c T gfxIsWide
001557c8 000000ec T gfxSetScreenFormat
001558b4 00000010 T gfxSetDoubleBuffering
001558c4 000000e0 T gfxInit
001559a4 00000010 T gfxInitDefault
001559b4 000000b4 T gfxExit
00155a68 000000a0 T gfxGetFramebuffer
00155b08 00000104 T gfxFlushBuffers
00155c0c 00000030 T gfxScreenSwapBuffers
00155c3c 00000050 T gfxSwapBuffersGpu
00155c8c 00000074 T osConvertVirtToPhys
00155d00 00000054 T osGetTimeRef
00155d54 000000ec T osGetTime
00155e40 00000034 T __ctru_speedup_config
00155e74 00000008 t romfs_close
00155e7c 000000c4 t romfs_seek
00155f40 00000024 t romfs_dirreset
00155f64 000000c8 t fill_dir
0015602c 000002a8 t romfs_dirnext
001562d4 00000084 t romfs_free
00156358 000000d4 t searchForFile.constprop.0
0015642c 000000d8 t searchForDir.constprop.0
00156504 000001c0 t navigateToDir.constprop.0
001566c4 0000010c t romfs_open
001567d0 0000004c t romfs_chdir
0015681c 00000070 t romfs_diropen
0015688c 00000174 t romfs_stat
00156a00 00000008 t romfs_dirclose
00156a08 00000084 t romfs_fstat
00156a8c 000000d0 t romfs_read
00156b5c 0000028c T romfsMountFromFile
00156de8 00000098 T romfsMountFromCurrentProcess
00156e80 00000260 T romfsMountSelf
001570e0 0000000c T __sync_init
001570ec 00000018 T __sync_fini
00157104 0000002c T syncArbitrateAddress
00157130 0000001c T LightLock_Init
0015714c 000000ac T LightLock_Lock
001571f8 00000040 T LightLock_Unlock
00157238 00000024 T RecursiveLock_Init
0015725c 00000030 T RecursiveLock_Lock
0015728c 00000054 T RecursiveLock_Unlock
001572e0 0000000c T CondVar_Init
001572ec 00000084 T CondVar_Wait
00157370 000000b0 T CondVar_WakeUp
00157420 00000040 T LightEvent_Init
00157460 000000a4 T LightEvent_Clear
00157504 000000c8 T LightEvent_Signal
001575cc 00000050 T LightEvent_TryWait
0015761c 000000a0 T LightEvent_Wait
001576bc 00000014 T LightSemaphore_Init
001576d0 00000094 T LightSemaphore_Acquire
00157764 00000064 T LightSemaphore_Release
001577c8 000001d8 T threadCreate
001579a0 00000024 T threadGetHandle
001579c4 0000002c T threadFree
001579f0 00000024 T threadJoin
00157a14 00000030 T threadGetCurrent
00157a44 00000040 T threadExit
00157a84 00000020 t _thread_begin
00157aa4 0000013c T GPUCMD_Add
00157be0 000000b0 T GPUCMD_Split
00157c90 00000034 T f32tof16
00157cc4 00000034 T f32tof24
00157cf8 00000038 T f32tof31
00157d30 00000010 T GX_BindQueue
00157d40 00000078 T GX_ProcessCommandList
00157db8 00000074 T GX_MemoryFill
00157e2c 00000070 T GX_DisplayTransfer
00157e9c 00000068 t gxCmdQueueDoCommands.part.0
00157f04 000000c8 T gxCmdQueueInterrupt
00157fcc 0000004c T gxCmdQueueClear
00158018 000000f8 T gxCmdQueueAdd
00158110 00000080 T gxCmdQueueRun
00158190 00000060 T gxCmdQueueStop
001581f0 0000008c T gxCmdQueueWait
0015827c 000001d0 T shaderInstanceInit
0015844c 00000018 T shaderInstanceGetUniformLocation
00158464 0000001c T shaderProgramInit
00158480 00000064 T shaderProgramFree
001584e4 00000080 T shaderProgramSetVsh
00158564 000008e0 T shaderProgramConfigure
00158e44 000001cc t DVLE_GenerateOutmap.part.0
00159010 000001b4 T DVLB_ParseFile
001591c4 00000038 T DVLB_Free
001591fc 00000074 T DVLE_GetUniformRegister
00159270 000000e4 T ndspChnReset
00159354 00000018 T ndspChnSetFormat
0015936c 00000048 T ndspChnSetInterp
001593b4 0000005c T ndspChnSetRate
00159410 00000088 T ndspChnSetMix
00159498 000000bc T ndspChnWaveBufAdd
00159554 00000040 T ndspiInitChn
00159594 0000002c T ndspiDirtyChn
001595c0 00000458 T ndspiUpdateChn
00159a18 00000180 T ndspiReadChnState
00159b98 00000158 t ndspUpdateMaster
00159cf0 00000110 t ndspFinalize
00159e00 00000250 t ndspInitialize.part.0
0015a050 000000fc t ndspHookCallback
0015a150 00000318 t ndspThreadMain
0015a468 000003c4 T ndspInit
0015a82c 000000cc T ndspExit
0015a8f8 00000010 T ndspSetCallback
0015a908 000001ac t aptConvertScreenForCapture
0015aab4 00000158 T aptSendCommand
0015ac10 00000044 t aptExitProcess
0015ac54 00000014 T aptIsActive
0015ac68 0000038c T aptExit
0015aff4 000000e0 T aptHandleSleep
0015b0d4 00000030 T aptHook
0015b104 00000030 T aptUnhook
0015b134 00000084 T APT_SleepIfShellClosed
0015b1b8 00000084 T aptSetSleepAllowed
0015b23c 00000084 T APT_UnlockTransition
0015b2c0 000004a4 t aptEventHandler
0015b764 000000b0 T APT_ReceiveParameter
0015b814 000000ac t aptReceiveParameter.constprop.0
0015b8c0 000002ac t aptScreenTransfer
0015bb6c 00000320 t aptWaitForWakeUp.isra.0
0015be8c 000000f8 T aptJumpToHomeMenu
0015bf84 00000048 T aptMainLoop
0015bfcc 0000022c T aptInit
0015c1f8 0000007c T APT_CheckNew3DS
0015c274 000000a4 T cfguInit
0015c318 0000003c T cfguExit
0015c354 0000004c T CFGU_GetConfigInfoBlk2
0015c3a0 000000a4 t DSP_LoadComponent.part.0
0015c444 000000dc T dspInit
0015c520 00000080 T dspExit
0015c5a0 00000024 T dspHook
0015c5c4 00000030 T dspUnhook
0015c5f4 000000b0 T aptDspSleep
0015c6a4 000000b8 T aptDspWakeup
0015c75c 00000044 T aptDspCancel
0015c7a0 00000050 T DSP_FlushDataCache
0015c7f0 00000034 T DSP_SetSemaphore
0015c824 00000034 T DSP_SetSemaphoreMask
0015c858 00000038 T DSP_GetSemaphoreHandle
0015c890 0000003c T DSP_LoadComponent
0015c8cc 00000044 T DSP_RegisterInterruptEvents
0015c910 00000074 T DSP_ReadPipeIfPossible
0015c984 0000004c T DSP_WriteProcessPipe
0015c9d0 00000040 T DSP_ConvertProcessAddressFromDspDram
0015ca10 00000040 T DSP_RecvData
0015ca50 0000004c T DSP_RecvDataIsReady
0015ca9c 000000cc T fsInit
0015cb68 0000003c T fsExit
0015cba4 00000060 T fsExemptFromSession
0015cc04 00000050 T fsUnexemptFromSession
0015cc54 000000cc T FSUSER_OpenFile
0015cd20 000000d4 T FSUSER_OpenFileDirectly
0015cdf4 000000bc T FSUSER_DeleteFile
0015ceb0 000000f8 T FSUSER_RenameFile
0015cfa8 000000bc T FSUSER_DeleteDirectory
0015d064 000000d4 T FSUSER_CreateFile
0015d138 000000c4 T FSUSER_CreateDirectory
0015d1fc 000000f8 T FSUSER_RenameDirectory
0015d2f4 000000b4 T FSUSER_OpenDirectory
0015d3a8 00000094 T FSUSER_OpenArchive
0015d43c 0000008c T FSUSER_CloseArchive
0015d4c8 00000074 T FSUSER_GetSdmcArchiveResource
0015d53c 00000064 T FSUSER_IsSdmcWritable
0015d5a0 00000058 T FSFILE_Read
0015d5f8 00000060 T FSFILE_Write
0015d658 00000038 T FSFILE_GetSize
0015d690 00000028 T FSFILE_SetSize
0015d6b8 0000003c T FSFILE_Close
0015d6f4 00000024 T FSFILE_Flush
0015d718 00000050 T FSDIR_Read
0015d768 0000003c T FSDIR_Close
0015d7a4 00000c64 t gspHardwareInit
0015e408 00000248 T gspInit
0015e650 000000f0 T gspExit
0015e740 00000010 T gspHasGpuRight
0015e750 000000a0 T gspPresentBuffer
0015e7f0 00000030 T gspSetEventCallback
0015e820 00000044 T gspWaitForEvent
0015e864 0000004c T gspWaitForAnyEvent
0015e8b0 00000158 t gspEventThreadMain
0015ea08 00000130 T gspSubmitGxCommand
0015eb38 00000050 T GSPGPU_FlushDataCache
0015eb88 00000034 T GSPGPU_SetLcdForceBlack
0015ebbc 00000068 T GSPGPU_AcquireRight
0015ec24 00000048 T GSPGPU_ReleaseRight
0015ec6c 0000007c T GSPGPU_ImportDisplayCaptureInfo
0015ece8 0000002c T GSPGPU_SaveVramSysArea
0015ed14 0000002c T GSPGPU_RestoreVramSysArea
0015ed40 00000024 W hidShouldUseIrrst
0015ed64 0000018c T hidInit
0015eef0 000000e8 T hidExit
0015efd8 000002a4 T hidScanInput
0015f27c 00000010 T hidKeysHeld
0015f28c 00000010 T hidKeysDown
0015f29c 00000010 T hidKeysUp
0015f2ac 00000018 T hidTouchRead
0015f2c4 00000018 T hidCircleRead
0015f2dc 00000160 T irrstInit
0015f43c 000000cc T irrstExit
0015f508 000000b4 T irrstScanInput
0015f5bc 00000024 T irrstKeysHeld
0015f5e0 00000018 T irrstCstickRead
0015f5f8 00000074 T ptmSysmInit
0015f66c 0000003c T ptmSysmExit
0015f6a8 00000034 T PTMSYSM_ConfigureNew3DSCPU
0015f6dc 00000074 T rbtree_find
0015f750 00000010 T rbtree_init
0015f760 000001b0 t do_insert
0015f910 00000008 T rbtree_insert
0015f918 00000318 T rbtree_remove
0015fc30 00000090 T rbtree_rotate
0015fcc0 000000e8 T utf16_to_utf8
0015fda8 000000c0 T utf8_to_utf16
0015fe68 000001e0 W __system_allocateHeaps
00160048 00000038 W __libctru_init
00160080 00000170 W __system_initArgv
001601f0 00000030 T __syscall_getreent
00160220 00000064 T __syscall_gettod_r
00160284 00000004 T __syscall_lock_acquire
00160288 00000004 T __syscall_lock_release
0016028c 00000004 T __syscall_lock_acquire_recursive
00160290 00000004 T __syscall_lock_release_recursive
00160294 00000004 T __syscall_exit
00160298 00000050 T initThreadVars
001602e8 00000080 T __system_initSyscalls
00160368 T svcControlMemory
00160388 T svcQueryMemory
001603b8 T svcExitProcess
001603c0 T svcCreateThread
001603e0 T svcExitThread
001603e8 T svcSleepThread
001603f0 T svcGetThreadPriority
00160404 T svcReleaseMutex
0016040c T svcCreateEvent
00160420 T svcSignalEvent
00160428 T svcClearEvent
00160430 T svcMapMemoryBlock
00160438 T svcUnmapMemoryBlock
00160440 T svcCreateAddressArbiter
00160454 T svcArbitrateAddressNoTimeout
0016045c T svcCloseHandle
00160464 T svcWaitSynchronization
0016046c T svcWaitSynchronizationN
00160494 T svcDuplicateHandle
001604a8 T svcGetSystemTick
001604b0 T svcConnectToPort
001604c4 T svcSendSyncRequest
001604cc T svcGetThreadId
001604e0 T svcGetResourceLimit
001604f4 T svcGetResourceLimitLimitValues
001604fc T svcGetResourceLimitCurrentValues
00160504 T svcBreak
0016050c T __aeabi_read_tp
00160518 W initSystem
00160568 W __ctru_exit
0016057c 00000084 W envGetHandle
00160600 00000050 W envDestroyHandles
00160650 0000012c T srvInit
0016077c 00000058 T srvExit
001607d4 00000060 T srvEnableNotification
00160834 000000a0 T srvGetServiceHandleDirect
001608d4 00000038 T srvGetServiceHandle
0016090c 00000034 T srvSubscribe
00160940 00000060 T srvReceiveNotification
001609a0 00000038 T srvPublishToSubscriber
001609d8 000000b4 t mappableFindAddressWithin
00160a8c 00000028 T mappableInit
00160ab4 00000080 T mappableAlloc
00160b34 00000004 T mappableFree
00160b38 0000000c T srvPmGetSessionHandle
00160b44 0000005c T rbtree_node_next
00160ba0 00000064 T decode_utf16
00160c04 0000013c T decode_utf8
00160d40 00000054 T encode_utf16
00160d94 000000e0 T encode_utf8
00160e74 00000030 W __appExit
00160ea4 00000030 W __appInit
00160ed4 00000090 W __libctru_exit
00160f64 00000014 t archive_link
00160f78 00000014 t archive_dirreset
00160f8c 00000014 t archive_chmod
00160fa0 00000024 t error_cmp
00160fc4 00000050 t archive_translate_error
00161014 000000c8 t archive_seek
001610dc 0000007c t _archiveInit.part.0
00161158 000000c4 t archiveFindDevice.part.0
0016121c 00000280 t archive_utf16path
0016149c 0000009c t _archiveUnmountDeviceStruct.part.0
00161538 00000014 t archive_fchmod
0016154c 00000014 t archive_statvfs
00161560 00000164 t _archiveMountDevice
001616c4 000000e8 t archive_diropen
001617ac 000000a4 t archive_fstat
00161850 0000006c t archive_fsync
001618bc 0000006c t archive_close
00161928 00000070 t archive_dirclose
00161998 000000e8 t sdmc_statvfs
00161a80 000000ec t archive_chdir
00161b6c 0000007c t archive_ftruncate
00161be8 000000ac t archive_read
00161c94 000000a4 t archive_unlink
00161d38 000000bc t archive_rmdir
00161df4 000000dc t archive_mkdir
00161ed0 00000194 t archive_stat
00162064 00000160 t archive_dirnext
001621c4 00000124 t archive_write
001622e8 0000020c t archive_open
001624f4 00000278 t archive_rename
0016276c 0000019c T archiveMountSdmc
00162908 00000054 T archiveUnmountAll
00162960 000000c8 T sin
00162a28 00000308 T __ieee754_rem_pio2
00162d30 00000738 T pow
00163468 00000870 T __kernel_rem_pio2
00163cd8 00000140 T scalbn
00163e18 00000058 T sqrt
00163e70 000000c0 T __kernel_sin
00163f30 00000008 T __ieee754_sqrt
00163f38 00000144 T floor
00164080 00000158 T __kernel_cos
001641d8 00000014 T fabs
001641ec 00000024 t with_errno
00164210 00000028 t xflow
00164238 00000010 T __math_uflow
00164248 00000010 T __math_oflow
00164258 00000050 T __math_divzero
001642a8 0000001c T __math_invalid
001642c4 00000014 T __math_check_uflow
001642d8 00000028 T __math_check_oflow
00164300 00000038 T __aeabi_d2lz
00164300 00000038 T __fixdfdi
00164338 00000040 T __aeabi_d2ulz
00164338 00000040 T __fixunsdfdi
00164378 00000120 T __udivmoddi4
00164498 000000e4 T strncmp
0016457c 00000130 T strchr
001646ac 00000024 T getenv
001646d0 0000005c T strlen
0016472c 00000150 T memmove
0016487c 00000090 T _raise_r
0016490c 00000018 T raise
00164924 00000078 T signal
0016499c 0000005c T __assert_func
001649f8 0000063c T _strerror_r
00165034 00000020 T strerror
00165054 000000f0 T _fwrite_r
00165144 00000038 T fwrite
0016517c 00000198 T _fgets_r
00165314 00000028 T fgets
0016533c 000004b4 T __sfvwrite_r
001657f0 00000008 T _user_strerror
001657f8 00000044 T random
0016583c 00000068 T sprintf
001658a4 0000003c T fiprintf
001658e0 000000e0 T memchr
001659c0 00000070 T strcat
00165a30 000000d8 T memcmp
00165b08 000001d8 t _strtoul_l.isra.0
00165ce0 00000034 T strtoul
00165d14 000000e4 T strncat
00165df8 00000078 T bsearch
00165e70 00000344 T _fread_r
001661b4 00000038 T fread
001661ec 00000020 T calloc
0016620c 000000ac T _vsnprintf_r
001662b8 00000038 T vsnprintf
001662f0 00000048 T strrchr
00166338 00000974 T qsort
00166cac 00000014 T abort
00166cc0 00000038 t lflush
00166cf8 0000019c T __srefill_r
00166e94 00000148 T _fclose_r
00166fdc 00000018 T fclose
00166ff4 000000c0 T _calloc_r
001670b4 0000012c T __smakebuf_r
001671e0 0000008c T __swhatbuf_r
0016726c 00000020 T realloc
0016728c 00000044 T strlcpy
001672d0 00000020 T memalign
001672f0 0000001c t stdio_exit_handler
0016730c 0000005c t cleanup_stdio
00167368 00000154 t global_stdio_init.part.0
001674bc 00000134 T __sfp
001675f0 0000005c T __sinit
0016764c 0000000c T __sfp_lock_acquire
00167658 0000000c T __sfp_lock_release
00167664 0000079c T _malloc_r
00167e00 00000064 T strcasecmp
00167e64 000000f8 T _malloc_trim_r
00167f5c 000002e8 T _free_r
00168244 0000002c T strtok
00168270 0000064c t get_arg
001688c0 00003324 T _svfprintf_r
0016bbe4 0000000c T atoi
0016bbf0 000001b0 t _strtol_l.part.0
0016bda0 00000064 T strtol
0016be04 0000025c T setvbuf
0016c060 00000048 T strnlen
0016c0a8 0000000c T __errno
0016c0b4 00000018 T malloc
0016c0cc 00000018 T free
0016c0e4 0000011c T memcpy
0016c200 0000012c T _fopen_r
0016c32c 00000020 T fopen
0016c34c 0000004c T time
0016c398 000000c8 T _findenv_r
0016c460 000000f4 T memset
0016c554 000004a0 T _realloc_r
0016c9f4 00000070 T _fwalk_sglue
0016ca64 0000000c T __malloc_lock
0016ca70 0000000c T __malloc_unlock
0016ca7c 0000002c T ftell
0016caa8 000000f0 T strcpy
0016cb98 00000004 W __call_exitprocs
0016cb9c 00000030 T exit
0016cbcc 000000bc T __strtok_r
0016cc88 0000001c T _fseek_r
0016cca4 00000034 T fseek
0016ccd8 000000d4 T snprintf
0016cdac 000000c4 T strncpy
0016ce70 00000028 T _wcsrtombs_r
0016ce98 000000b4 T __sflags
0016cf4c 00000084 T __libc_init_array
0016cfd0 00000138 T __swsetup_r
0016d108 0000022c T __sflush_r
0016d334 00000094 T _fflush_r
0016d3c8 00000088 T frexp
0016d450 0000000c T __env_lock
0016d45c 0000000c T __env_unlock
0016d468 00000024 T __locale_mb_cur_max
0016d48c 000000a4 T __ssprint_r
0016d530 0000064c t get_arg
0016db7c 00002300 T _vfiprintf_r
0016fe7c 000000b8 t __sbprintf
0016ff34 0000014c T _memalign_r
00170080 00000188 T _wcsnrtombs_l
00170208 00000064 T _wcsnrtombs_r
0017026c 000002f8 T __utf8_mbtowc
00170564 0000003c T __libc_fini_array
001705a0 00000590 T _fseeko_r
00170b30 00000030 T __sprint_r
00170b60 00000044 T __sread
00170ba4 00000068 T __swrite
00170c0c 00000044 T __sseek
00170c50 00000008 T __sclose
00170c58 00000024 T _localeconv_r
00170c7c 000001b4 t quorem
00170e30 00001218 T _dtoa_r
00172048 000000a0 T _wcrtomb_r
001720e8 00000128 T __ssputs_r
00172210 000001b4 T _ftello_r
001723c4 000000f0 T __utf8_wctomb
001724b4 00000088 T _Balloc
0017253c 0000001c T _Bfree
00172558 000000f4 T __multadd
0017264c 00000060 T __hi0bits
001726ac 0000009c T __lo0bits
00172748 000000a4 T __i2b
001727ec 00000204 T __multiply
001729f0 00000128 T __pow5mult
00172b18 00000140 T __lshift
00172c58 00000058 T __mcmp
00172cb0 000001fc T __mdiff
00172eac 00000124 T __d2b
00172fd0 00000020 T _exit
00172ff0 0000013c T chdir
0017312c 000001cc T _concatenate_path
001732f8 00000078 T _fstat_r
00173370 00000014 T _getpid_r
00173384 0000002c T __getreent
001733b0 00000030 T _gettimeofday_r
001733e0 0000008c T __release_handle
0017346c 000000b0 T __alloc_handle
0017351c 0000003c T __get_handle
00173558 000000f4 T _close_r
0017364c 00000008 t null_write
00173654 00000018 T setDefaultDevice
0017366c 000000c8 T FindDevice
00173734 00000028 T RemoveDevice
0017375c 0000009c T AddDevice
001737f8 00000020 T GetDeviceOpTab
00173818 00000008 T _isatty_r
00173820 00000014 T _kill_r
00173834 00000084 T _lseek_r
001738b8 000000bc T _open_r
00173974 00000080 T _read_r
001739f4 00000078 W _sbrk_r
00173a6c 0000001c T __libc_lock_acquire
00173a88 0000001c T __libc_lock_release
00173aa4 0000001c T __libc_lock_acquire_recursive
00173ac0 0000001c T __libc_lock_release_recursive
00173adc 00000080 T _write_r
00173b5c T _fini
00174044 00000010 r __func__.0
00174054 0000000f r __func__.1
00174064 00000008 R mad_timer_zero
0017406c 0000012c r bitrate_table
00174198 0000000c r samplerate_table
001741a4 0000000c r decoder_table
001741b0 00000880 r D
00174a30 00000038 r linear_table
00174a68 00000100 r sf_table
00174b68 000000b4 r sbquant_table
00174c1c 00000020 r bitalloc_table
00174c3c 000000cc r qc_table
00174d08 0000005a r offset_table
00174d64 0000001c r root_table
00174d80 00000020 r cs
00174da0 00000020 r ca
00174dc0 00000030 r window_s
00174df0 00000090 r imdct_s
00174e80 0000006c r sfbwidth_table
00174eec 00000048 r nsfb_table
00174f34 00000020 r sflen_table
00174f54 00000016 r pretab
00174f6c 0000000f r __func__.0
00174f7c 00000078 r is_lsf_table
00174ff4 0000001c r is_table
00175010 0000000e r __func__.1
00175020 0000803c r rq_table
0017d05c 00000027 r sfb_8000_mixed
0017d084 00000027 r sfb_8000_short
0017d0ac 00000016 r sfb_8000_long
0017d0c4 00000024 r sfb_16000_mixed
0017d0e8 00000024 r sfb_22050_mixed
0017d10c 00000024 r sfb_24000_mixed
0017d130 00000027 r sfb_16000_short
0017d158 00000027 r sfb_22050_short
0017d180 00000027 r sfb_24000_short
0017d1a8 00000016 r sfb_22050_long
0017d1c0 00000016 r sfb_24000_long
0017d1d8 00000026 r sfb_32000_mixed
0017d200 00000026 r sfb_44100_mixed
0017d228 00000026 r sfb_48000_mixed
0017d250 00000027 r sfb_32000_short
0017d278 00000027 r sfb_44100_short
0017d2a0 00000027 r sfb_48000_short
0017d2c8 00000016 r sfb_32000_long
0017d2e0 00000016 r sfb_44100_long
0017d2f8 00000016 r sfb_48000_long
0017d310 00000100 R mad_huff_pair_table
0017d410 00000008 R mad_huff_quad_table
0017d418 00000304 r hufftab24
0017d71c 00000324 r hufftab16
0017da40 000002f8 r hufftab15
0017dd38 0000031c r hufftab13
0017e054 000000c0 r hufftab12
0017e114 000000d0 r hufftab11
0017e1e4 000000cc r hufftab10
0017e2b0 0000006c r hufftab9
0017e31c 00000084 r hufftab8
0017e3a0 00000080 r hufftab7
0017e420 00000038 r hufftab6
0017e458 00000034 r hufftab5
0017e48c 00000020 r hufftab3
0017e4ac 00000020 r hufftab2
0017e4cc 00000010 r hufftab1
0017e4dc 00000002 r hufftab0
0017e4e0 00000020 r hufftabB
0017e500 00000038 r hufftabA
0017e538 00000200 r crc_table
00180a00 r .LC2
00181a3c 00000200 r expr_curve
00181c3c 00000200 r vcurve
00181e3c 00000024 r note_name.0
00181e60 0000018c r _mm_errmsg
00181fec 00000020 R finetune
0018200c 00000014 r unpackers
00182020 00000100 r PanbrelloTable
00182120 00000020 r VibratoTable
00182140 00000080 r avibtab
001821c0 000000f8 r effects
001822b8 00000c00 r lintab
00182eb8 000000d0 r logtab
00182f88 00000030 r oldperiods
00182fb8 0000007c R unioperands
00183034 00000008 r S69_Version
0018303c 000000c0 r periodtable
001830fc 00000008 r DSMSIG
00183104 00000007 r FARSIG
0018310c 00000018 r IT_Version
00183124 0000000a r portatable
00183130 00000018 r S3M_Version
00183148 00000010 r numeric
00183158 0000000c r STM_Version
00183164 00000014 r mustype
00183178 00000014 r CSWTCH.302
0018318c 00000040 r MMCMP16BitCommands
001831cc 00000040 r MMCMP16BitFetch
0018320c 00000020 r MMCMP8BitCommands
0018322c 00000020 r MMCMP8BitFetch
0018324c 00000038 r ctable
00183284 000000a8 R npertab
0018332c 00000800 r vwin1024
00183b2c 00000100 r vwin128
00183c2c 00001000 r vwin2048
00184c2c 00000200 r vwin256
00184e2c 00002000 r vwin4096
00186e2c 00000400 r vwin512
0018722c 00000080 r vwin64
001872ac 00004000 r vwin8192
0018b2ac 00000400 r FLOOR_fromdB_LOOKUP
0018b6ac 00000008 r ADJUST_SQRT2
0018b6b4 00000204 r COS_LOOKUP_I
0018b8b8 00000080 r FROMdB2_LOOKUP
0018b938 0000008c r FROMdB_LOOKUP
0018b9c4 00000104 r INVSQ_LOOKUP_I
0018bac8 00000100 r INVSQ_LOOKUP_IDel
0018bbc8 00000070 r barklook
0018bc38 00000010 r bitrev
0018bc48 00001008 r sincos_lookup0
0018cc50 00001000 r sincos_lookup1
0018dc50 00002000 r crc_lookup
0018fc50 00000084 r mask
0018fcd4 00000014 r SDL_fatal_signals
0018fce8 00000048 r format_list
0018fd30 00000200 r mix8
0018ff30 00000010 r clearcolors
0018ff40 00000010 r displayTranferFlags
0018ff50 00000010 r textureTranferFlags
0018ff60 R vshader_shbin
00190084 R vshader_shbin_end
00190084 R vshader_shbin_size
00190088 00000010 r getpixes
00190098 00000004 r depthFmtSizes
0019009c 00000005 r colorFmtSizes
001900a4 00000038 r CSWTCH.19
001900dc 00000080 r dotab_stdout
0019015c 00000018 r grayScale
00190174 00000006 r colorCube
0019017c 00000030 r colorTable
001901ac 00000080 r romFS_devoptab
0019022c 00000011 r dsp_filename.0
00190240 00000008 r morton_y.2
00190248 00000008 r morton_x.3
00190250 00000008 r s_sleepWakeEvents.4
00190258 R default_font_bin
00190a58 R default_font_bin_end
00190a58 00000030 r error_table
00190a88 00000080 r archive_devoptab
00190b08 00000080 r npio2_hw
00190b88 00000108 r two_over_pi
00190c90 00000040 r PIo2
00190cd0 00000010 r init_jk
00190ce0 00000870 R __exp_data
00191550 00001048 R __pow_log_data
001925d4 00000010 r zeroes.0
001925e4 00000010 r blanks.1
001925f4 00000101 R _ctype_
001926f8 0000006c R __action_table
00192764 0000006c R __state_table
001927d0 00000100 R __chclass
001928d0 00000010 r zeroes.0
001928e0 00000010 r blanks.1
001928f0 0000000c r p05.0
00192900 00000028 R __mprec_bigtens
00192928 000000c8 R __mprec_tens
001929f0 00000080 R dotab_stdnull
00192a70 R __tdata_align
00192a74 r __EH_FRAME_BEGIN__
00192a74 R __exidx_end
00192a74 R __exidx_start
00193000 00000004 d mix_music
00193004 00000004 D music_active
00193008 00000004 d music_volume
0019300c 00000004 d wavestream_volume
00193010 00000004 D amplification
00193014 00000004 D voices
00193018 00000400 D bend_coarse
00193418 00000800 D bend_fine
00193c18 00000200 D freq_table
00193e18 00000400 D vol_table
00194218 00003e80 D xmap
00198098 00000004 D ctl
0019809c 00000208 D drumset
001982a4 00000004 D max_patch_memory
001982a8 00000208 D tonebank
001984b0 00000004 D play_mode
001984b4 0000000c D sdl_play_mode
001984c0 0000005c D sdl_control_mode
0019851c 0000007c D drv_nos
00198598 00000002 D md_bpm
0019859a 00000002 D md_mixfreq
0019859c 00000002 D md_mode
0019859e 00000001 D md_musicvolume
0019859f 00000001 D md_pansep
001985a0 00000004 D md_player
001985a4 00000001 D md_sndfxvolume
001985a5 00000001 D md_volume
001985a6 00000002 d olddevice
001985a8 00000004 d VC_Exit_ptr
001985ac 00000004 d VC_Init_ptr
001985b0 00000020 D load_669
001985d0 00000017 d AMF_Version
001985e8 00000020 D load_amf
00198608 0000000b d asylum
00198614 00000020 D load_asy
00198634 00000010 d DSM_Version
00198644 00000020 D load_dsm
00198664 0000000a d FAR_Version
00198670 00000020 D load_far
00198690 00000017 d GDM_Version
001986a8 00000020 D load_gdm
001986c8 0000000e d IMF_Version
001986d8 00000020 D load_imf
001986f8 00000020 D load_it
00198718 00000020 D load_m15
00198738 0000000f d MED_Version
00198748 00000020 D load_med
00198768 0000000c d fasttracker
00198774 00000020 D load_mod
00198794 0000000a d oktalyser
001987a0 0000000a d oktalyzer
001987ac 0000001b d orpheus
001987c8 0000000b d protracker
001987d4 0000000c d startrekker
001987e0 0000000c d taketracker
001987ec 00000004 d MTM_Version
001987f0 00000020 D load_mtm
00198810 00000020 D load_okt
00198830 00000020 D load_s3m
00198850 00000020 D load_stm
00198870 00000020 D load_stx
00198890 00000013 d ULT_Version
001988a4 00000020 D load_ult
001988c4 00000020 D load_umx
001988e4 00000020 D load_uni
00198904 00000020 D load_xm
00198924 0000000c D STM_Signatures
00198930 00000008 D _floor_P
00198938 00000004 D _mapping_P
0019893c 0000000c D _residue_P
00198948 00000018 D floor1_exportbundle
00198960 00000018 D floor0_exportbundle
00198978 00000014 D residue0_exportbundle
0019898c 00000014 D residue1_exportbundle
001989a0 00000014 D residue2_exportbundle
001989b4 00000014 D mapping0_exportbundle
001989c8 00000010 D N3DSAUD_bootstrap
001989d8 00000010 D N3DS_bootstrap
001989e8 00000004 d palette_changed
001989ec 00000004 D SDL_cursorstate
001989f0 00000020 d default_cmask
00198a10 00000020 d default_cdata
00198a30 00000008 d framerateCounter
00198a38 00000004 d framerate
00198a3c 00000001 d firstConsoleInit.0
00198a40 00000004 D currentConsole
00198a44 00000048 D defaultConsole
00198a8c 00000004 d queueLock
00198a90 00000004 d aptChainloadDeliverArgSize
00198a94 00000004 d kCount
00198a98 00000004 d kInterval
00198a9c 00000004 d kDelay
00198aa0 W __stacksize__
00198aa4 00000004 D _impure_ptr
00198aa8 00000120 D _impure_data
00198bc8 0000000c D __sglue
00198bd4 00000004 D __malloc_sbrk_base
00198bd8 00000004 D __malloc_trim_threshold
00198be0 00000408 D __malloc_av_
00198fe8 0000016c D __global_locale
00199154 00000004 D environ
00199158 00000400 d _current_working_directory
00199558 00001000 d handles
0019a558 0000000c d __stderr_handle
0019a564 0000000c d __stdout_handle
0019a570 0000000c d __stdin_handle
0019a57c 0000008c D devoptab_list
0019a608 00000004 d defaultDevice
0019a614 d _GLOBAL_OFFSET_TABLE_
0019a620 d __frame_dummy_init_array_entry
0019a620 D __init_array_start
0019a620 B __preinit_array_end
0019a620 B __preinit_array_start
0019a620 D __tdata_lma
0019a620 D __tdata_lma_end
0019a624 d __do_global_dtors_aux_fini_array_entry
0019a624 D __fini_array_start
0019a624 D __init_array_end
0019a628 D __bss_start__
0019a628 b completed.1
0019a628 D __fini_array_end
0019a62c b object.0
0019a644 00000004 b audio_opened
0019a648 00000004 b channel_done_callback
0019a64c 00000004 b chunk_decoders
0019a650 00000004 b initialized
0019a654 00000004 b mix_channel
0019a658 00000004 b mix_postmix
0019a65c 00000004 b mix_postmix_data
0019a660 00000018 b mixer
0019a678 00000004 b music_data
0019a67c 00000004 b num_channels
0019a680 00000004 b num_decoders
0019a684 00000004 b posteffects
0019a688 00000004 b reserved_channels
0019a68c 00000004 b ms_per_step
0019a690 00000004 b music_decoders
0019a694 00000004 b music_finished_hook
0019a698 00000004 b music_loops
0019a69c 00000004 b music_playing
0019a6a0 00000004 b music_stopped
0019a6a4 00000004 b num_decoders
0019a6a8 00000004 b samplesize
0019a6ac 00000004 b timidity_ok
0019a6b0 00000018 b used_mixer
0019a6c8 00000018 b mixer
0019a6e0 00000004 b music
0019a6e4 0000006c B mikmod
0019a750 00000004 b current_output_channels
0019a754 00000002 b current_output_format
0019a758 00000004 b music_swap16
0019a75c 00000004 b music_swap8
0019a760 00000004 B XG_System_On
0019a764 00000004 B adjust_panning_immediately
0019a768 00000004 b buffer_pointer
0019a76c 00000004 b buffered_count
0019a770 00000580 B channel
0019acf0 00000004 B control_ratio
0019acf4 00000004 b current_event
0019acf8 00000004 b current_sample
0019acfc 00000004 b cut_notes
0019ad00 00000800 B drumpanpot
0019b500 00000800 B drumvolume
0019bd00 00000004 b event_list
0019bd04 00000004 b lost_notes
0019bd08 00000008 B master_volume
0019bd10 00000004 b midi_playing
0019bd14 00000004 b sample_count
0019bd18 0001c800 B voice
001b8518 00000004 B AUDIO_BUFFER_SIZE
001b851c 00000004 B common_buffer
001b8520 00000100 b def_instr_name
001b8620 00000004 B num_ochannels
001b8624 00000004 b rcf_count.0
001b8628 00000004 B resample_buffer
001b862c 00000004 B s32tobuf
001b8630 00000400 B timidity_error
001b8a30 00000020 B vorbis
001b8a50 00000018 b mixer
001b8a68 00000004 B _Mix_effects_max_speed
001b8a6c 00000400 B current_filename
001b8e6c 00000004 b pathlist
001b8e70 00000004 B antialiasing_allowed
001b8e74 00000004 B current_patch_memory
001b8e78 00000004 B current_tune_number
001b8e7c 00000004 B default_instrument
001b8e80 00000004 B default_program
001b8e84 00000004 B fast_decay
001b8e88 00000004 B last_tune_purged
001b8e8c 00001804 b standard_drumset
001ba690 00001804 b standard_tonebank
001bbe94 00000004 b pos_args_array
001bbe98 00000004 b pos_args_global
001bbe9c 00000004 b position_channels
001bbea0 00000004 b zerobuf
001bbea4 00000004 B MikMod_critical
001bbea8 00000004 B MikMod_errno
001bbeac 00000004 B _mm_errorhandler
001bbeb0 00000004 b firstdriver
001bbeb4 00000004 b initialized
001bbeb8 00000004 b isplaying
001bbebc 00000002 B md_device
001bbec0 00000004 B md_driver
001bbec4 00000001 B md_hardchn
001bbec5 00000001 B md_numchn
001bbec6 00000001 B md_reverb
001bbec8 00000004 b md_sample
001bbecc 00000001 B md_sfxchn
001bbecd 00000001 B md_sngchn
001bbece 00000001 B md_softchn
001bbed0 00000004 b sfxinfo
001bbed4 00000004 b sfxpool
001bbed8 00000004 B vc_callback
001bbedc 00000004 b firstloader
001bbee0 00000004 B modreader
001bbee4 00000140 B of
001bc024 00000004 B pf
001bc028 00000001 b lastbyte
001bc02a 00000002 b lastp
001bc02c 00000004 b rowend
001bc030 00000004 b rowpc
001bc034 00000004 b unibuf
001bc038 00000002 b unimax
001bc03a 00000002 b unipc
001bc03c 00000002 b unitt
001bc040 00000004 b musiclist
001bc044 00000004 b sl_buffer
001bc048 00000002 b sl_old
001bc04c 00000004 b sl_rlength
001bc050 00000004 b sndfxlist
001bc054 00000004 b VC_PlayStart_ptr
001bc058 00000004 b VC_PlayStop_ptr
001bc05c 00000004 b VC_SampleLength_ptr
001bc060 00000004 b VC_SampleLoad_ptr
001bc064 00000004 b VC_SampleSpace_ptr
001bc068 00000004 b VC_SampleUnload_ptr
001bc06c 00000004 b VC_SetNumVoices_ptr
001bc070 00000004 b VC_SilenceBytes_ptr
001bc074 00000004 b VC_VoiceGetFrequency_ptr
001bc078 00000004 b VC_VoiceGetPanning_ptr
001bc07c 00000004 b VC_VoiceGetPosition_ptr
001bc080 00000004 b VC_VoiceGetVolume_ptr
001bc084 00000004 b VC_VoicePlay_ptr
001bc088 00000004 b VC_VoiceRealVolume_ptr
001bc08c 00000004 b VC_VoiceSetFrequency_ptr
001bc090 00000004 b VC_VoiceSetPanning_ptr
001bc094 00000004 b VC_VoiceSetVolume_ptr
001bc098 00000004 b VC_VoiceStop_ptr
001bc09c 00000004 b VC_VoiceStopped_ptr
001bc0a0 00000004 b VC_WriteBytes_ptr
001bc0a4 00000004 b mh
001bc0a8 00000004 b s69pat
001bc0ac 00000004 b mh
001bc0b0 00000004 b track
001bc0b4 00000004 b mh
001bc0b8 00000004 b modtype
001bc0bc 00000004 b patbuf
001bc0c0 00000004 b blockid
001bc0c4 00000004 b blockln
001bc0c8 00000004 b blocklp
001bc0cc 00000004 b dsmbuf
001bc0d0 00000004 b mh
001bc0d4 00000004 b mh1
001bc0d8 00000004 b mh2
001bc0dc 00000004 b pat
001bc0e0 00000004 b gdmbuf
001bc0e4 00000004 b mh
001bc0e8 00000004 b imfpat
001bc0ec 00000004 b mh
001bc0f0 00000004 b itpat
001bc0f4 00000004 b last
001bc0f8 00000004 b mask
001bc0fc 00000004 b mh
001bc100 00000004 b numtrk
001bc104 00000004 b old_effect
001bc108 00000004 b paraptr
001bc10c 00000004 b mh
001bc110 00000004 b patbuf
001bc114 00000004 b ust_loader
001bc118 00000004 b ba
001bc11c 00000004 b bpmtempos
001bc120 00000004 b decimalvolumes
001bc124 00000004 b me
001bc128 00000004 b mh
001bc12c 00000004 b mmd0pat
001bc130 00000004 b mmd1pat
001bc134 00000004 b ms
001bc138 00000004 b mh
001bc13c 00000004 b modtype
001bc140 00000004 b patbuf
001bc144 00000004 b trekker
001bc148 00000004 b mh
001bc14c 00000004 b mtmtrk
001bc150 00000040 b pat
001bc190 00000004 b okttrk
001bc194 00000004 b mh
001bc198 00000004 b paraptr
001bc19c 00000004 b s3mbuf
001bc1a0 00000004 b tracker
001bc1a4 00000004 b mh
001bc1a8 00000004 b stmbuf
001bc1ac 00000004 b mh
001bc1b0 00000004 b paraptr
001bc1b4 00000004 b stxbuf
001bc1b8 00000005 b ev
001bc1c0 00000004 b umx_data
001bc1c4 0000013c b mh
001bc300 00000004 b s
001bc304 00000002 b universion
001bc308 00000004 b wh
001bc30c 00000004 b mh
001bc310 00000004 b nextwav
001bc314 00000004 b s
001bc318 00000004 b wh
001bc31c 00000004 b xmpat
001bc320 00000001 B activemacro
001bc324 00000010 B filtermacros
001bc334 00000004 B filters
001bc338 00000200 B filtersettings
001bc538 00000004 B noteindex
001bc53c 00000004 b noteindexcount
001bc540 00000004 B origpositions
001bc544 00000004 B poslookup
001bc548 00000002 B poslookupcnt
001bc54c 00000040 B remap
001bc58c 00000004 b MixLowPass
001bc590 00000004 b MixReverb
001bc594 00000004 b RVRindex
001bc598 00000004 b RVbufL1
001bc59c 00000004 b RVbufL2
001bc5a0 00000004 b RVbufL3
001bc5a4 00000004 b RVbufL4
001bc5a8 00000004 b RVbufL5
001bc5ac 00000004 b RVbufL6
001bc5b0 00000004 b RVbufL7
001bc5b4 00000004 b RVbufL8
001bc5b8 00000004 b RVbufR1
001bc5bc 00000004 b RVbufR2
001bc5c0 00000004 b RVbufR3
001bc5c4 00000004 b RVbufR4
001bc5c8 00000004 b RVbufR5
001bc5cc 00000004 b RVbufR6
001bc5d0 00000004 b RVbufR7
001bc5d4 00000004 b RVbufR8
001bc5d8 00000004 b RVc1
001bc5dc 00000004 b RVc2
001bc5e0 00000004 b RVc3
001bc5e4 00000004 b RVc4
001bc5e8 00000004 b RVc5
001bc5ec 00000004 b RVc6
001bc5f0 00000004 b RVc7
001bc5f4 00000004 b RVc8
001bc5f8 00000004 b Samples
001bc600 00000008 b idxlend
001bc608 00000008 b idxlpos
001bc610 00000008 b idxsize
001bc618 00000004 b nLeftNR
001bc61c 00000004 b nRightNR
001bc620 00000004 b samplesthatfit
001bc624 00000004 b tickleft
001bc628 00000002 b vc_mode
001bc62c 00000004 b vc_softchn
001bc630 00000004 b vc_tickbuf
001bc634 00000004 b vinf
001bc638 00000004 b vnf
001bc63c 00000004 b Mix32to16
001bc640 00000004 b Mix32to8
001bc644 00000004 b Mix32toFP
001bc648 00000004 b MixLowPass
001bc64c 00000004 b MixReverb
001bc650 00000004 b RVRindex
001bc654 00000004 b RVbufL1
001bc658 00000004 b RVbufL2
001bc65c 00000004 b RVbufL3
001bc660 00000004 b RVbufL4
001bc664 00000004 b RVbufL5
001bc668 00000004 b RVbufL6
001bc66c 00000004 b RVbufL7
001bc670 00000004 b RVbufL8
001bc674 00000004 b RVbufR1
001bc678 00000004 b RVbufR2
001bc67c 00000004 b RVbufR3
001bc680 00000004 b RVbufR4
001bc684 00000004 b RVbufR5
001bc688 00000004 b RVbufR6
001bc68c 00000004 b RVbufR7
001bc690 00000004 b RVbufR8
001bc694 00000004 b RVc1
001bc698 00000004 b RVc2
001bc69c 00000004 b RVc3
001bc6a0 00000004 b RVc4
001bc6a4 00000004 b RVc5
001bc6a8 00000004 b RVc6
001bc6ac 00000004 b RVc7
001bc6b0 00000004 b RVc8
001bc6b4 00000004 b Samples
001bc6b8 00000008 b idxlend
001bc6c0 00000008 b idxlpos
001bc6c8 00000008 b idxsize
001bc6d0 00000004 b nLeftNR
001bc6d4 00000004 b nRightNR
001bc6d8 00000004 b samplesthatfit
001bc6dc 00000004 b tickleft
001bc6e0 00000002 b vc_mode
001bc6e4 00000004 b vc_softchn
001bc6e8 00000004 b vc_tickbuf
001bc6ec 00000004 b vinf
001bc6f0 00000004 b vnf
001bc6f4 00000004 b seq
001bc6f8 00000004 b ticks_started
001bc6fc 00000004 b SDL_initialized
001bc700 00000004 b format_idx_sub
001bc704 00000004 b format_idx
001bc708 00000004 B current_audio
001bc70c 00000024 b IMA_ADPCM_state
001bc730 00000040 b MS_ADPCM_state
001bc770 00000308 b SDL_global_error
001bca78 00000004 b thread_lock
001bca7c 00000004 b SDL_Threads
001bca80 00000004 b SDL_numthreads
001bca84 00000004 b SDL_maxthreads
001bca88 00000001 b list_changed
001bca8c 00000004 b SDL_timer_mutex
001bca90 00000004 b SDL_timers
001bca94 00000004 b SDL_timer_threaded
001bca98 00000004 B SDL_alarm_callback
001bca9c 00000004 B SDL_alarm_interval
001bcaa0 00000004 B SDL_timer_running
001bcaa4 00000004 B SDL_timer_started
001bcaa8 00000004 B current_video
001bcaac 00000004 B SDL_joysticks
001bcab0 00000004 B SDL_allocatedjoysticks
001bcab4 00000001 B SDL_numjoysticks
001bcab8 00000008 b g_startTicks
001bcac0 00000004 b g_audDev
001bcac4 00000008 b g_dspHook
001bcacc 00000004 B old_dpad_state
001bcad0 00000004 B key_release
001bcad4 00000004 B key_press
001bcad8 00000004 B old_cs_y
001bcadc 00000004 B old_cs_x
001bcae0 00000004 B old_y
001bcae4 00000004 B old_x
001bcae8 00000004 b RenderClearColor
001bcaec 00000004 B setVideoModecount
001bcaf0 00000004 B privateVideoThreadHandle
001bcaf4 00000008 B privateVideoThreadEvent
001bcafc 00000001 B runThread
001bcb00 00000018 b spritesheet_tex
001bcb18 00000004 B VideoSurface2
001bcb1c 00000004 B VideoSurface1
001bcb20 00000040 b projection2
001bcb60 00000040 b projection
001bcba0 00000004 b uLoc_projection
001bcba4 00000014 b program
001bcbb8 00000004 b vshader_dvlb
001bcbbc 00000004 b event_thread
001bcbc0 00000004 b SDL_EventThread
001bcbc4 00000008 b SDL_EventLock
001bcbd0 00000c14 b SDL_EventQ
001bd7e4 00000004 b SDL_eventstate
001bd7e8 00000020 B SDL_ProcessEvents
001bd808 00000004 B SDL_EventOK
001bd80c 00000001 b SDL_NoLockKeys
001bd810 00000020 B SDL_KeyRepeat
001bd830 0000050c b keynames
001bdd3c 00000004 B SDL_TranslateUNICODE
001bdd40 00000002 b SDL_ModState
001bdd44 00000143 b SDL_KeyState
001bde87 00000001 b SDL_ButtonState
001bde88 00000002 b SDL_MouseMaxY
001bde8a 00000002 b SDL_MouseMaxX
001bde8c 00000002 b SDL_DeltaY
001bde8e 00000002 b SDL_DeltaX
001bde90 00000002 b SDL_MouseY
001bde92 00000002 b SDL_MouseX
001bde94 00000002 b pixels8
001bde98 00000004 B SDL_cursorlock
001bde9c 00000004 b SDL_defcursor
001bdea0 00000004 B SDL_cursor
001bdea4 00000004 b format_version.0
001bdea8 00000001 b pushedQuit.0
001bdea9 00000001 b SDL_appstate
001bdeac 0000000c b hookCookie
001bdeb8 000002d0 B __C3D_Context
001be188 00000004 b frameEndCbData
001be18c 00000004 b frameEndCb
001be190 00000008 b frameCounter
001be198 00000001 b isTopStereo
001be199 00000001 b needSwapBot
001be19a 00000001 b needSwapTop
001be19b 00000001 b measureGpuTime
001be19c 00000001 b inSafeTransfer
001be19d 00000001 b inFrame
001be1a0 00000010 b cpuTime
001be1b0 00000010 b gpuTime
001be1c0 0000000c b linkedTarget
001be1cc 00000004 b lastTarget
001be1d0 00000004 b firstTarget
001be1d4 00000008 b C3Di_IVUnifEverDirty
001be1dc 000000c0 b C3Di_FVUnifEverDirty
001be29c 00000018 b C3Di_ShaderFVecData
001be2b4 00000002 B C3D_BoolUnifsDirty
001be2b8 00000008 B C3D_IVUnifDirty
001be2c0 000000c0 B C3D_FVUnifDirty
001be380 00000004 B C3D_BoolUnifs
001be384 00000020 B C3D_IVUnif
001be3a4 00000c00 B C3D_FVUnif
001befa8 00000008 b sLinearPool
001befb0 0000000c b sAddrMap
001befc0 00000008 b sVramPoolB
001befc8 00000008 b sVramPoolA
001befd0 0000000c b sAddrMap
001befdc 0000001c b escapeSeq
001beff8 00000048 B currentCopy
001bf040 00000004 b screenAlloc
001bf044 00000004 b screenFree
001bf048 00000002 b gfxIsDoubleBuf
001bf04c 00000002 b gfxCurBuf
001bf04e 00000001 b gfxIsVram
001bf04f 00000001 b gfxTopMode
001bf050 00000002 b gfxFramebufferFormats
001bf054 00000004 b gfxBottomFramebufferMaxSize
001bf058 00000004 b gfxTopFramebufferMaxSize
001bf060 00000008 b gfxBottomFramebuffers
001bf068 00000008 b gfxTopFramebuffers
001bf070 00000001 V __ctru_speedup
001bf074 00000004 b romfs_mount_list
001bf078 00000004 V __romfs_path
001bf07c 00000004 b arbiter
001bf080 00000004 B gpuCmdBufOffset
001bf084 00000004 B gpuCmdBufSize
001bf088 00000004 B gpuCmdBuf
001bf08c 00000004 b boundQueue
001bf090 00000001 b shouldStop
001bf091 00000001 b isRunning
001bf092 00000001 b isActive
001bf094 00000004 b curQueue
001bf098 00000c60 b ndspChn
001bfcf8 00000004 b ndspRefCount
001bfcfc 00000048 b ndspMaster
001bfd44 00000004 b ndspThread
001bfd48 00000001 b ndspThreadRun
001bfd4c 00001080 b dspVar5Backup
001c0dcc 00000004 b ndspMutex
001c0dd0 00000008 b sleepEvent
001c0dd8 00000004 b dspSem
001c0ddc 00000004 b irqEvent
001c0de0 00000008 b ndspHookCookie
001c0de8 00000001 b componentFree
001c0dea 00000002 b componentDataMask
001c0dec 00000002 b componentProgMask
001c0df0 00000004 b componentSize
001c0df4 00000004 b componentBin
001c0df8 00000004 b frameCount
001c0dfc 00000004 b droppedFrames
001c0e00 00000001 b bCancelReceived
001c0e01 00000001 b bSleeping
001c0e02 00000001 b bEnteringSleep
001c0e03 00000001 b bDspReady
001c0e04 00000080 B ndspVars
001c0e84 00000002 B ndspBufferId
001c0e86 00000002 B ndspBufferCurId
001c0e88 00000002 B ndspFrameId
001c0e8a 00000001 b flagValue.0
001c0e8b 00000001 b flagInit.1
001c0e8c 00000004 b serviceName.6
001c0e90 00000001 b aptChainloadFlags
001c0e91 00000001 b aptChainloadMediatype
001c0e94 00000020 b aptChainloadHmac
001c0eb4 00000300 b aptChainloadDeliverArg
001c11b8 00000008 b aptChainloadTid
001c11c0 00001000 b aptParameters
001c21c0 00000004 b aptFlags
001c21c4 00000001 b aptHomeButtonState
001c21c8 00000004 b aptMessageFuncData
001c21cc 00000004 b aptMessageFunc
001c21d0 0000000c b aptFirstHook
001c21dc 00000001 b aptEventHandlerThreadQuit
001c21e0 00000004 b aptEventHandlerThread
001c21e4 00000008 b aptSleepEvent
001c21ec 00000008 b aptReceiveEvent
001c21f4 00000008 b aptEvents
001c21fc 00000004 b aptLockHandle
001c2200 00000004 b aptRefCount
001c2204 00000004 b cfguRefCount
001c2208 00000004 b cfguHandle
001c220c 00000002 b dspSavedCompDataMask
001c220e 00000002 b dspSavedCompProgMask
001c2210 00000004 b dspSavedCompSize
001c2214 00000004 b dspSavedCompBin
001c2218 00000001 b dspSleeping
001c2219 00000001 b dspComponentLoaded
001c221c 00000008 b dspFirstHook
001c2224 00000004 b dspRefCount
001c2228 00000004 b dspHandle
001c2230 00000080 b fsExemptArchives
001c22b0 00000004 b fsuRefCount
001c22b4 00000004 b fsuHandle
001c22b8 00000007 b gspEventCbOneShot
001c22c0 0000001c b gspEventCbData
001c22dc 0000001c b gspEventCb
001c22f8 00000038 b gspEvents
001c2330 00000004 b gspLastEvent
001c2334 00000001 b gspRunEvents
001c2338 00000004 b gspEventThread
001c233c 00000004 b gspEvent
001c2340 00000001 b gspGpuRight
001c2341 00000001 b gspThreadId
001c2344 00000004 b gspSharedMem
001c2348 00000004 b gspSharedMemHandle
001c234c 00000004 b gspRefCount
001c2350 00000004 b gspGpuHandle
001c2354 00000001 b usingIrrst
001c2358 00000004 b hidRefCount
001c235c 00000006 b gRate
001c2364 00000006 b aVec
001c236c 00000004 b cPos
001c2370 00000004 b tPos
001c2374 00000004 b kRepeat
001c2378 00000004 b kUp
001c237c 00000004 b kDown
001c2380 00000004 b kHeld
001c2384 00000004 b kOld
001c2388 00000004 B hidSharedMem
001c238c 00000014 B hidEvents
001c23a0 00000004 B hidMemHandle
001c23a4 00000004 B hidHandle
001c23a8 00000004 b irrstRefCount
001c23ac 00000004 b csPos
001c23b0 00000004 b kHeld
001c23b4 00000004 B irrstSharedMem
001c23b8 00000004 B irrstEvent
001c23bc 00000004 B irrstMemHandle
001c23c0 00000004 B irrstHandle
001c23c4 00000004 b ptmSysmRefCount
001c23c8 00000004 b ptmSysmHandle
001c23cc 00000004 V __ctru_linear_heap_size
001c23d0 00000004 V __ctru_heap_size
001c23d4 00000004 B __ctru_linear_heap
001c23d8 00000004 B __ctru_heap
001c23dc 00000004 B __system_retAddr
001c23e0 00000004 B __system_argv
001c23e4 00000004 B __system_argc
001c23e8 b saved_stack
001c23f0 00000004 B __3dslink_host
001c23f4 00000004 b srvRefCount
001c23f8 00000004 b srvHandle
001c23fc 00000004 b currentAddr
001c2400 00000004 b maxAddr
001c2404 00000004 b minAddr
001c2408 00000004 b srvPmHandle
001c2410 000005c0 b archive_devices
001c29d0 00000004 b archive_device_cwd
001c29d4 00000001 b archive_initialized
001c29d8 0000000c b __sfp_recursive_mutex
001c29e8 00000168 B __sf
001c2b50 00000004 B __stdio_exit_handler
001c2b54 00000028 B __malloc_current_mallinfo
001c2b7c 00000004 B __malloc_max_total_mem
001c2b80 00000004 B __malloc_max_sbrked_mem
001c2b84 00000004 B __malloc_top_pad
001c2b88 0000000c b __malloc_recursive_mutex
001c2b94 0000000c b __env_recursive_mutex
001c2ba0 00000004 b initial_env
001c2ba4 00000400 b temp_cwd
001c2fa4 00000004 b __hndl_lock
001c2fa8 00000004 B fake_heap_start
001c2fac 00000004 B fake_heap_end
001c2fb0 00000004 b heap_start.0
001c2fb4 B __tls_start
001c3bbc B __bss_end__
001c3bbc A __end__
001c3bbc B __tls_end
